 2.83219503213515774E+0000  6.52426668884744240E-0001  7.20161331483480904E+0001  2.83401353277156876E+0002  1.76634750703316560E+0002 -3.47784052739831430E+0001   1999.010  2451183.2633     1    0.0
 2.81847314371710010E+0000  6.58101095480809009E-0001  7.23827309551401827E+0001  2.83427712314170143E+0002  1.76390093522502529E+0002 -7.39438248016875907E+0001   1989.010  2447531.2632     1    0.0
 2.82392972341301440E+0000  6.57163336525218883E-0001  7.22428756757887300E+0001  2.83415022390208645E+0002  1.76361874850512861E+0002 -1.13689697288811224E+0002   1979.013  2443879.2632     1    0.0
 2.81008473514478438E+0000  6.62135649288550741E-0001  7.25310726584581168E+0001  2.83466060080523559E+0002  1.76125751383068902E+0002 -1.54166603720127128E+0002   1969.013  2440227.2631     1    0.0
 2.81395049109298083E+0000  6.61151060177534118E-0001  7.24063197499538140E+0001  2.83434173871950823E+0002  1.76037566197690266E+0002  1.61912285619293837E+0002   1959.016  2436575.2631     1    0.0
 2.80741615904896951E+0000  6.64248425994123343E-0001  7.26661967042982051E+0001  2.83445904016772143E+0002  1.75942704913245982E+0002  1.19556442012645814E+0002   1949.016  2432923.2630     1    0.0
 2.80470153811180071E+0000  6.65277437508148934E-0001  7.26224241452850186E+0001  2.83462670759957929E+0002  1.75817285989190211E+0002  7.30357806190574148E+0001   1939.019  2429271.2630     1    0.0
 2.80967035665054020E+0000  6.64204652025845544E-0001  7.24912339758164344E+0001  2.83473923779929412E+0002  1.75677580797946561E+0002  2.84928388971183569E+0001   1929.019  2425619.2629     1    0.0
 2.80075840606194009E+0000  6.67175369055394115E-0001  7.27266211708808510E+0001  2.83455783869164441E+0002  1.75592734460119663E+0002 -1.81938445598664474E+0001   1919.021  2421967.2628     1    0.0
 2.81027266624195995E+0000  6.65074315682920284E-0001  7.24554384580738294E+0001  2.83464261014648078E+0002  1.75439688439694797E+0002 -6.41896754291780403E+0001   1909.021  2418315.2628     1    0.0
 2.80347239387696277E+0000  6.67041234189771124E-0001  7.26006840731375025E+0001  2.83460227017713266E+0002  1.75332502112466350E+0002 -1.09213114169286184E+0002   1899.021  2414663.2627     1    0.0
 2.81302232924228961E+0000  6.64463715670977946E-0001  7.24445930394627296E+0001  2.83452527394651687E+0002  1.75067411385877486E+0002 -1.55366062351037546E+0002   1889.021  2411011.2627     1    0.0
 2.81227713015074028E+0000  6.64526122227762528E-0001  7.23482681437942412E+0001  2.83487943470232635E+0002  1.75062573525957718E+0002  1.61930949194756568E+0002   1879.024  2407359.2626     1    0.0
 2.81005284781891925E+0000  6.65891044120654086E-0001  7.24067062835151796E+0001  2.83457188770408447E+0002  1.74962588748688307E+0002  1.17583139799262754E+0002   1869.024  2403707.2626     1    0.0
 2.82229588172619436E+0000  6.62654492948463049E-0001  7.20991867270434340E+0001  2.83515914146249753E+0002  1.74628060775261589E+0002  7.75229619501807148E+0001   1859.027  2400055.2625     1    0.0
 2.81672919502302669E+0000  6.63798261501855190E-0001  7.21989591939528242E+0001  2.83479782623974577E+0002  1.74615466208516923E+0002  3.67627754492683770E+0001   1849.027  2396403.2624     1    0.0
 2.83232197576528872E+0000  6.59880666826841923E-0001  7.17832089546091421E+0001  2.83541112118913718E+0002  1.74227514250780280E+0002 -1.77634122332159571E+0000   1839.029  2392751.2624     1    0.0
 2.82789855592201749E+0000  6.61193627277340124E-0001  7.18752339019165409E+0001  2.83531883749469427E+0002  1.74159641129184324E+0002 -3.76145079068172451E+0001   1829.029  2389099.2623     1    0.0
 2.82962940766014460E+0000  6.60909101006916566E-0001  7.18606953663678130E+0001  2.83546651892655278E+0002  1.74097031309979607E+0002 -7.45791385998775759E+0001   1819.032  2385447.2623     1    0.0
 2.83912144436090897E+0000  6.57916566510577521E-0001  7.15472175585533007E+0001  2.83584519348691881E+0002  1.73764171788885251E+0002 -1.06281239443485463E+0002   1809.032  2381795.2622     1    0.0
 2.83590082146117018E+0000  6.59545028980609760E-0001  7.16707583335536168E+0001  2.83544558843780658E+0002  1.73719031870248347E+0002 -1.40118263607148671E+0002   1799.032  2378143.2621     1    0.0
 2.84717334638033366E+0000  6.56956122514996585E-0001  7.13774242685790929E+0001  2.83588023160363252E+0002  1.73495150511652224E+0002 -1.71150246955855113E+0002   1789.032  2374491.2621     1    0.0
 2.83949617805080331E+0000  6.59143488907941319E-0001  7.15169606808027321E+0001  2.83580171446454986E+0002  1.73419384635691500E+0002  1.57996695367938953E+0002   1779.035  2370839.2620     1    0.0
 2.84747926447294448E+0000  6.57380805691008275E-0001  7.12882644355637578E+0001  2.83570393534704294E+0002  1.73255784895825068E+0002  1.26590331249925782E+0002   1769.035  2367187.2620     1    0.0
 2.84112620501619535E+0000  6.60216329415386771E-0001  7.14634679477332576E+0001  2.83579496914668840E+0002  1.73168248078401034E+0002  9.74739362249026748E+0001   1759.038  2363535.2619     1    0.0
 2.84068640740380783E+0000  6.60767077633255377E-0001  7.14376233607376985E+0001  2.83588247175577194E+0002  1.73095972583719305E+0002  6.52135606044634217E+0001   1749.038  2359883.2619     1    0.0
 2.84571859911541220E+0000  6.59872962027699918E-0001  7.13102679674679992E+0001  2.83599261199363476E+0002  1.72971762683747659E+0002  3.50905106789360320E+0001   1739.040  2356231.2618     1    0.0
 2.83386338856599970E+0000  6.64503116984699996E-0001  7.15871078978424971E+0001  2.83608835134908251E+0002  1.72844275994638642E+0002  2.24534726642397789E+0000   1729.040  2352579.2617     1    0.0
 2.83877755583774984E+0000  6.63518261398837828E-0001  7.14285559084354422E+0001  2.83592252842470799E+0002  1.72805436119858955E+0002 -3.16021763973762160E+0001   1719.043  2348927.2617     1    0.0
 2.82632136845350844E+0000  6.69142027066908020E-0001  7.16856780493694820E+0001  2.83653056276530506E+0002  1.72598502074443919E+0002 -6.53452082529539295E+0001   1709.043  2345275.2616     1    0.0
 2.82868208339808005E+0000  6.68892629297498735E-0001  7.16496864032266753E+0001  2.83635119739502914E+0002  1.72529834528111161E+0002 -1.03005977714221845E+0002   1699.043  2341623.2616     1    0.0
 2.82868393942054336E+0000  6.68699629135910483E-0001  7.16570730590554249E+0001  2.83674810631687344E+0002  1.72501649936233357E+0002 -1.39241717506873775E+0002   1689.043  2337971.2615     1    0.0
 2.81636653332700605E+0000  6.74914876922244749E-0001  7.18770851522655252E+0001  2.83680558253104238E+0002  1.72287817513755357E+0002  1.79921099653481601E+0002   1679.046  2334319.2615     1    0.0
 2.82129409558784324E+0000  6.74415190571360976E-0001  7.17822921147093955E+0001  2.83675994227768562E+0002  1.72252334463693538E+0002  1.39390773318543044E+0002   1669.046  2330667.2614     1    0.0
 2.80802030206210603E+0000  6.79976823401168964E-0001  7.20693750499204027E+0001  2.83721495436091856E+0002  1.72089444124507703E+0002  9.70154679406399957E+0001   1659.049  2327015.2613     1    0.0
 2.81282546505234317E+0000  6.79125736772500468E-0001  7.19032454497590491E+0001  2.83699628442456054E+0002  1.72032993099666915E+0002  5.26003458920203093E+0001   1649.049  2323363.2613     1    0.0
 2.80385761834238248E+0000  6.83390848717239339E-0001  7.21079354008710980E+0001  2.83735088284443302E+0002  1.71870862290353775E+0002  9.12991285713629545E+0000   1639.051  2319711.2612     1    0.0
 2.80446602116842888E+0000  6.83522937658124072E-0001  7.20913154562704334E+0001  2.83735835093581736E+0002  1.71844682770627896E+0002 -3.77949183034088207E+0001   1629.051  2316059.2612     1    0.0
 2.80835706103820446E+0000  6.82539835175527722E-0001  7.19478205958969153E+0001  2.83748234484359630E+0002  1.71709497194076424E+0002 -8.23057568845477597E+0001   1619.054  2312407.2611     1    0.0
 2.80139682723716232E+0000  6.85635166598300136E-0001  7.21513975026436581E+0001  2.83719955848469986E+0002  1.71614315515522638E+0002 -1.29623540753793184E+0002   1609.054  2308755.2610     1    0.0
 2.81067379605060842E+0000  6.84041892716968146E-0001  7.18913636531629811E+0001  2.83745920950364151E+0002  1.71458705443361089E+0002 -1.75102813265430342E+0002   1599.057  2305103.2610     1    0.0
 2.80366272115954942E+0000  6.86230109445988218E-0001  7.20342034439996282E+0001  2.83733973940243923E+0002  1.71403336586917983E+0002  1.39372677706424035E+0002   1589.057  2301451.2609     1    0.0
 2.81513741212953465E+0000  6.83920532137057980E-0001  7.16840543333726780E+0001  2.83754344342654790E+0002  1.71129610306655321E+0002  9.41549729763861940E+0001   1579.032  2297799.2609     1    0.0
 2.81113353927338801E+0000  6.85674312865010164E-0001  7.17728409833940017E+0001  2.83752216285647170E+0002  1.71053435651514297E+0002  5.19350344055912459E+0001   1569.032  2294147.2608     1    0.0
 2.81226207504817722E+0000  6.85811027986692039E-0001  7.17522173083231684E+0001  2.83758123113301688E+0002  1.71027072703193854E+0002  8.05240486848488020E+0000   1559.035  2290495.2608     1    0.0
 2.82416032123443081E+0000  6.83304302027347179E-0001  7.14116944855987799E+0001  2.83816276611121657E+0002  1.70647340201653505E+0002 -3.02355536967776837E+0001   1549.035  2286843.2607     1    0.0
 2.82011090873183360E+0000  6.84738833338523222E-0001  7.15203990634279224E+0001  2.83773154097752357E+0002  1.70633627402769346E+0002 -7.00235358243393396E+0001   1539.038  2283191.2606     1    0.0
 2.83539961186497490E+0000  6.81781914075145477E-0001  7.10905262416562535E+0001  2.83844619443487094E+0002  1.70272251245568913E+0002 -1.06492211899985775E+0002   1529.038  2279539.2606     1    0.0
 2.83014013746968970E+0000  6.83342385415207876E-0001  7.11784333434458902E+0001  2.83831020925117213E+0002  1.70227003655510360E+0002 -1.41503951612589235E+0002   1519.040  2275887.2605     1    0.0
 2.84216836408785538E+0000  6.80975952397274304E-0001  7.08820759870925053E+0001  2.83838462761195512E+0002  1.69900703022639672E+0002 -1.76412673196936707E+0002   1509.040  2272235.2605     1    0.0
 2.84052684520074319E+0000  6.81677749680461031E-0001  7.08962498738345124E+0001  2.83869897687074800E+0002  1.69905627322728514E+0002  1.52428913718602762E+0002   1499.043  2268583.2604     1    0.0
 2.83783121605698659E+0000  6.83299485950224709E-0001  7.09275893882279319E+0001  2.83850720497174298E+0002  1.69805950334095159E+0002  1.19302946274575590E+0002   1489.043  2264931.2604     1    0.0
 2.84739665981008967E+0000  6.81788137648638853E-0001  7.06776237431329180E+0001  2.83883122954467010E+0002  1.69600576453372737E+0002  8.93145511412188865E+0001   1479.046  2261279.2603     1    0.0
 2.83888066220889706E+0000  6.84649937899672601E-0001  7.08592247834730230E+0001  2.83868870064333816E+0002  1.69548354456442309E+0002  5.81014270678234907E+0001   1469.046  2257627.2602     1    0.0
 2.84704554266501683E+0000  6.83435302695059147E-0001  7.06242179334171376E+0001  2.83869375130030599E+0002  1.69441793306211709E+0002  2.68672505517257527E+0001   1459.049  2253975.2602     1    0.0
 2.83877155953262285E+0000  6.87402913834941918E-0001  7.07857017779965349E+0001  2.83903644390573160E+0002  1.69316291828037402E+0002 -3.09457822854019271E+0000   1449.049  2250323.2601     1    0.0
 2.83900505121974606E+0000  6.87540008017468436E-0001  7.07751140669985225E+0001  2.83901786223783719E+0002  1.69295966587151968E+0002 -3.61274944364751873E+0001   1439.051  2246671.2601     1    0.0
 2.84214990352724022E+0000  6.86884246793527063E-0001  7.06585488312984167E+0001  2.83918959232814328E+0002  1.69193519024516475E+0002 -6.71448849481902253E+0001   1429.051  2243019.2600     1    0.0
 2.83111663625954821E+0000  6.92269648745802387E-0001  7.09079226189997776E+0001  2.83928600485745134E+0002  1.69080750073518237E+0002 -1.01901619179893578E+0002   1419.054  2239367.2599     1    0.0
 2.83640261370624598E+0000  6.91692541198237163E-0001  7.07799975607682519E+0001  2.83921142418107219E+0002  1.69051479670761645E+0002 -1.36611354528192771E+0002   1409.054  2235715.2599     1    0.0
 2.82343016033290834E+0000  6.97891189927177345E-0001  7.10242351162589772E+0001  2.83994149230392927E+0002  1.68938276253002219E+0002 -1.72461712982794879E+0002   1399.057  2232063.2598     1    0.0
 2.82593185458718185E+0000  6.97461033149276591E-0001  7.08954112157359178E+0001  2.83970765380283058E+0002  1.68884895975431561E+0002  1.48791084361945902E+0002   1389.057  2228411.2598     1    0.0
 2.81572622503289966E+0000  7.03266650823410033E-0001  7.11504202273456772E+0001  2.84009342824076753E+0002  1.68787736386747392E+0002  1.11152321445318819E+0002   1379.060  2224759.2597     1    0.0
 2.81494320088678359E+0000  7.04000981991822463E-0001  7.11145381208573994E+0001  2.84034389151562724E+0002  1.68723297026528634E+0002  6.87449269351904563E+0001   1369.060  2221107.2597     1    0.0
 2.81875263206758728E+0000  7.03681253026193386E-0001  7.10055432767741928E+0001  2.84042807046747428E+0002  1.68646271691857464E+0002  2.77941109477599190E+0001   1359.062  2217455.2596     1    0.0
 2.80598370123921031E+0000  7.09188193970895165E-0001  7.12865822300332229E+0001  2.84067441311010589E+0002  1.68557819349178872E+0002 -1.62299230861407458E+0001   1349.062  2213803.2595     1    0.0
 2.81240824147935072E+0000  7.08494647334696235E-0001  7.11083515819201454E+0001  2.84057587185519699E+0002  1.68505392067803220E+0002 -6.08227051842671743E+0001   1339.065  2210151.2595     1    0.0
 2.80304063726158909E+0000  7.12605438950864615E-0001  7.12812170466431707E+0001  2.84096817171319304E+0002  1.68407259492210058E+0002 -1.05322101740172329E+0002   1329.065  2206499.2594     1    0.0
 2.80862912785976530E+0000  7.11773885845924066E-0001  7.11136950735681957E+0001  2.84076816855767695E+0002  1.68266111731834856E+0002 -1.52037207599791223E+0002   1319.068  2202847.2594     1    0.0
 2.80653174681274059E+0000  7.12670255626189182E-0001  7.11994741834467748E+0001  2.84096401626127721E+0002  1.68282209969343367E+0002  1.63315318757305755E+0002   1309.068  2199195.2593     1    0.0
 2.80228336679189256E+0000  7.15026522432344950E-0001  7.12155662771159294E+0001  2.84092768372471960E+0002  1.68165769797573221E+0002  1.15933789366361375E+0002   1299.071  2195543.2593     1    0.0
 2.81131887564495486E+0000  7.13927367295869389E-0001  7.09531914794192535E+0001  2.84124849420620774E+0002  1.67975968259341560E+0002  7.16200247887755668E+0001   1289.071  2191891.2592     1    0.0
 2.80438185896250649E+0000  7.16279335581484118E-0001  7.11148636201382509E+0001  2.84095099419736054E+0002  1.67938457362903099E+0002  2.61824905584421476E+0001   1279.073  2188239.2591     1    0.0
 2.81818997861014785E+0000  7.14357555467338680E-0001  7.06873441515124117E+0001  2.84144847677217802E+0002  1.67682393708763721E+0002 -1.75771051326903813E+0001   1269.073  2184587.2591     1    0.0
 2.81333232306599091E+0000  7.16140130313103914E-0001  7.07748505219712316E+0001  2.84142497822551959E+0002  1.67614276861442384E+0002 -5.91088397036650461E+0001   1259.076  2180935.2590     1    0.0
 2.82192474537057365E+0000  7.15470359029086962E-0001  7.07737064422904876E+0001  2.84160021626334222E+0002  1.67389561717812796E+0002 -1.01523722008697624E+0002   1249.076  2177283.2590     1    0.0
 2.82630726384477487E+0000  7.14540325954190856E-0001  7.03546569142915568E+0001  2.84212760218860375E+0002  1.67234524252512348E+0002 -1.38374486300857590E+0002   1239.079  2173631.2589     1    0.0
 2.82395190305204310E+0000  7.16276914067597020E-0001  7.04428280467413311E+0001  2.84170345078457311E+0002  1.67184382951294363E+0002 -1.77133930545324119E+0002   1229.079  2169979.2588     1    0.0
 2.83884581629760891E+0000  7.14523850600544038E-0001  7.00225116893899306E+0001  2.84247914283212809E+0002  1.66858905328841124E+0002  1.48613189963084520E+0002   1219.082  2166327.2588     1    0.0
 2.83275339641981971E+0000  7.16441060898954425E-0001  7.01377132131346034E+0001  2.84229559622004431E+0002  1.66837082351801774E+0002  1.14494853744499274E+0002   1209.082  2162675.2587     1    0.0
 2.84514084683207377E+0000  7.14714066920960444E-0001  6.97310578253888068E+0001  2.84267551761623273E+0002  1.66579751847410232E+0002  8.12642767754743797E+0001   1199.084  2159023.2587     1    0.0
 2.83977436143218181E+0000  7.17293554799721379E-0001  6.98406774525789318E+0001  2.84277053858268656E+0002  1.66503983296084065E+0002  5.09245403596416732E+0001   1189.084  2155371.2586     1    0.0
 2.84046941444163792E+0000  7.17510111612945760E-0001  6.98252600452637706E+0001  2.84278900607215048E+0002  1.66487688610126220E+0002  1.83657576302084415E+0001   1179.087  2151719.2586     1    0.0
 2.84797174634631061E+0000  7.16585678358230896E-0001  6.95826008514738134E+0001  2.84312758829276726E+0002  1.66295412693532250E+0002 -1.07726738493852598E+0001   1169.087  2148067.2585     1    0.0
 2.83893107021483191E+0000  7.20110435512088186E-0001  6.97822326642605974E+0001  2.84296570974274789E+0002  1.66250758244925144E+0002 -4.23569106443440289E+0001   1159.090  2144415.2584     1    0.0
 2.84670621721972369E+0000  7.19228872761578556E-0001  6.95620103007072886E+0001  2.84301916564533629E+0002  1.66180872588625901E+0002 -7.33720176448490240E+0001   1149.090  2140763.2584     1    0.0
 2.83686918602036123E+0000  7.23700124039640358E-0001  6.97132739054293556E+0001  2.84358393923916090E+0002  1.66108729495987608E+0002 -1.04264806351212453E+0002   1139.092  2137111.2583     1    0.0
 2.84032867777433923E+0000  7.23432868467374000E-0001  6.95941961409710404E+0001  2.84336075742183729E+0002  1.66018631917716158E+0002 -1.37558446204596223E+0002   1129.092  2133459.2583     1    0.0
 2.83779525679000588E+0000  7.24817763987755660E-0001  6.97956010651457728E+0001  2.84359076828132109E+0002  1.66057193921497884E+0002 -1.69314616041989855E+0002   1119.095  2129807.2582     1    0.0
 2.82963976366597569E+0000  7.29385606656105110E-0001  6.97555044495051363E+0001  2.84403129641094239E+0002  1.65933514592291958E+0002  1.54725577105406960E+0002   1109.095  2126155.2582     1    0.0
 2.83405519040081437E+0000  7.29293575178388766E-0001  6.96500347753773863E+0001  2.84397701703291163E+0002  1.65884949517320719E+0002  1.19592369341412580E+0002   1099.098  2122503.2581     1    0.0
 2.82086040019426746E+0000  7.35878444750563019E-0001  6.99000141075885762E+0001  2.84472837278452599E+0002  1.65845047575650579E+0002  8.20332095339586454E+0001   1089.098  2118851.2580     1    0.0
 2.82433123621973003E+0000  7.35508522157976415E-0001  6.97602301891499919E+0001  2.84450529507635553E+0002  1.65826539930338605E+0002  4.25846213352322623E+0001   1079.101  2115199.2580     1    0.0
 2.81428405811292178E+0000  7.41772223492480129E-0001  6.99141614803834009E+0001  2.84547848223002595E+0002  1.65742554857414534E+0002  3.50077734196820833E+0000   1069.101  2111547.2579     1    0.0
 2.81420037577089309E+0000  7.42054699027255100E-0001  6.99158838289163374E+0001  2.84540398510194387E+0002  1.65715682410897265E+0002 -3.94861165379709747E+0001   1059.103  2107895.2579     1    0.0
 2.81619460945768965E+0000  7.41722516580541061E-0001  6.98117002484941455E+0001  2.84563935278894991E+0002  1.65655734761095274E+0002 -8.10132349184563344E+0001   1049.103  2104243.2578     1    0.0
 2.80554032237163485E+0000  7.47229134229412532E-0001  7.00121758410549807E+0001  2.84581450666887810E+0002  1.65587053221536136E+0002 -1.26272631137636538E+0002   1039.106  2100591.2577     1    0.0
 2.81176208083912485E+0000  7.46805029608873304E-0001  6.98529444681371192E+0001  2.84581923804638104E+0002  1.65539243410977928E+0002 -1.70947067094031987E+0002   1029.106  2096939.2577     1    0.0
 2.80172836328720208E+0000  7.50953180549231468E-0001  7.00367788512097694E+0001  2.84621902787301382E+0002  1.65497428485347242E+0002  1.43352953999057259E+0002   1019.109  2093287.2576     1    0.0
 2.80851749248027672E+0000  7.50209764444003935E-0001  6.97498849319080046E+0001  2.84626913192851697E+0002  1.65375814333184726E+0002  9.65734344930205458E+0001   1009.109  2089635.2576     1    0.0
 2.86970244149219854E+0000  6.55965941626613213E-0001  7.20115238414339545E+0001  2.83400407534696143E+0002  1.76432138289964459E+0002 -2.01095751622083625E+0001   1999.010  2451183.2633     2    0.0
 2.84944938721512081E+0000  6.64700656830418333E-0001  7.24813843020990201E+0001  2.83481088386450642E+0002  1.76061207992219286E+0002 -4.55350230238667992E+0001   1989.010  2447531.2632     2    0.0
 2.85365417373931326E+0000  6.64489603259013619E-0001  7.24052173620229660E+0001  2.83448640838877943E+0002  1.76086075506918596E+0002 -7.34605401213527311E+0001   1979.013  2443879.2632     2    0.0
 2.83880171879129996E+0000  6.74563090510997308E-0001  7.27141148179668742E+0001  2.83670823229061489E+0002  1.75197877227340944E+0002 -9.93358082477575024E+0001   1969.013  2440227.2631     2    0.0
 2.83782010015269686E+0000  6.74738695664005133E-0001  7.27165657373962474E+0001  2.83637813354420036E+0002  1.75160237832047041E+0002 -1.32356232950822873E+0002   1959.016  2436575.2631     2    0.0
 2.85382560464521933E+0000  6.71580219075988587E-0001  7.32540396699328020E+0001  2.83748710852247181E+0002  1.74364635831307865E+0002 -1.62353047992903153E+0002   1949.016  2432923.2630     2    0.0
 2.84861936544054960E+0000  6.74869096105584826E-0001  7.24376666279228206E+0001  2.83864384800989161E+0002  1.74010319912994673E+0002  1.70495500346386158E+0002   1939.019  2429271.2630     2    0.0
 2.84928914689018104E+0000  6.75444165139309885E-0001  7.24668191350079105E+0001  2.83831279313861016E+0002  1.73970669854581756E+0002  1.41588800067660639E+0002   1929.019  2425619.2629     2    0.0
 2.86992214422831521E+0000  6.69897908795445473E-0001  7.19733988754768093E+0001  2.83966344151745812E+0002  1.73318581552134714E+0002  1.19685405035598688E+0002   1919.021  2421967.2628     2    0.0
 2.86482789146442133E+0000  6.71143730296639219E-0001  7.20601071155881884E+0001  2.83935717682075073E+0002  1.73295623237647633E+0002  9.80271915446936563E+0001   1909.021  2418315.2628     2    0.0
 2.87613435579454576E+0000  6.68618774304601435E-0001  7.17415663078011316E+0001  2.83949620512409855E+0002  1.73051796470578281E+0002  7.72386756115735585E+0001   1899.021  2414663.2627     2    0.0
 2.86888568211661709E+0000  6.71895372374107321E-0001  7.19151592484739325E+0001  2.83962766949625103E+0002  1.72928076488030049E+0002  5.92267324490926533E+0001   1889.021  2411011.2627     2    0.0
 2.86940873623409724E+0000  6.72073393846964601E-0001  7.18961485296667978E+0001  2.83961237971373225E+0002  1.72903582528659150E+0002  3.81377412458551800E+0001   1879.024  2407359.2626     2    0.0
 2.87348945081943503E+0000  6.71387964141843673E-0001  7.17830475034366068E+0001  2.83971473988247643E+0002  1.72790633039248353E+0002  1.88535819787682971E+0001   1869.024  2403707.2626     2    0.0
 2.85585921567146442E+0000  6.79458648852550997E-0001  7.21697432083048462E+0001  2.84033844580066304E+0002  1.72583449330559337E+0002 -4.46917219576220762E+0000   1859.027  2400055.2625     2    0.0
 2.85841520103844739E+0000  6.79131985793725074E-0001  7.20899147137230059E+0001  2.83998630359350656E+0002  1.72598387333509080E+0002 -3.00382895394437789E+0001   1849.027  2396403.2624     2    0.0
 2.84141967069067635E+0000  6.92225173533953091E-0001  7.23855963069475339E+0001  2.84212712965848802E+0002  1.71989810289517281E+0002 -5.46184276867467417E+0001   1839.029  2392751.2624     2    0.0
 2.84079087818200063E+0000  6.92664461809367091E-0001  7.24016315889860069E+0001  2.84187793629791844E+0002  1.71956644334069734E+0002 -8.65307742695850140E+0001   1829.029  2389099.2623     2    0.0
 2.84453136506346589E+0000  6.92046106920346468E-0001  7.25235195105092616E+0001  2.84251200497996549E+0002  1.71832640207164247E+0002 -1.17912728952110164E+0002   1819.032  2385447.2623     2    0.0
 2.85025684703092080E+0000  6.96421299487926763E-0001  7.20633201449829806E+0001  2.84418899693710800E+0002  1.70912779916683293E+0002 -1.42333975111653001E+0002   1809.032  2381795.2622     2    0.0
 2.85042015783484410E+0000  6.97156382761203172E-0001  7.21114884600230979E+0001  2.84378513487926034E+0002  1.70898143524128926E+0002 -1.70823921914856777E+0002   1799.032  2378143.2621     2    0.0
 2.87203557408800070E+0000  6.92877399361284471E-0001  7.15368425682930722E+0001  2.84517512867617330E+0002  1.70264476460944349E+0002  1.67471592794662950E+0002   1789.032  2374491.2621     2    0.0
 2.86625095139995435E+0000  6.94461271967063906E-0001  7.16293641645808731E+0001  2.84494270277680317E+0002  1.70225184804895327E+0002  1.46555404946962159E+0002   1779.035  2370839.2620     2    0.0
 2.87657817949427100E+0000  6.92582771793363589E-0001  7.13249623734748352E+0001  2.84498852902933997E+0002  1.70006749786360976E+0002  1.25959212276169689E+0002   1769.035  2367187.2620     2    0.0
 2.86978521834863554E+0000  6.95805377544864718E-0001  7.15108339750148893E+0001  2.84506969915386716E+0002  1.69951736867048674E+0002  1.08113954340298369E+0002   1759.038  2363535.2619     2    0.0
 2.86827292833467985E+0000  6.96575705131159321E-0001  7.14767001267664043E+0001  2.84521990170381289E+0002  1.69867250353984447E+0002  8.69156891742119078E+0001   1749.038  2359883.2619     2    0.0
 2.87239729258947534E+0000  6.96152449901209366E-0001  7.13740541845472198E+0001  2.84521655552601137E+0002  1.69791286472592370E+0002  6.71245001788363771E+0001   1739.040  2356231.2618     2    0.0
 2.85485423641687481E+0000  7.04942502104715669E-0001  7.17216319287879662E+0001  2.84608145957116481E+0002  1.69664408775985900E+0002  4.36683808483285428E+0001   1729.040  2352579.2617     2    0.0
 2.85659806648739485E+0000  7.04871664944707546E-0001  7.16549352641422408E+0001  2.84571233782743930E+0002  1.69669072399310889E+0002  1.75658504687648448E+0001   1719.043  2348927.2617     2    0.0
 2.84199806290926319E+0000  7.19083377287314659E-0001  7.18413685075065534E+0001  2.84795065345049245E+0002  1.69277103168440871E+0002 -7.40603854761174600E+0000   1709.043  2345275.2616     2    0.0
 2.84043278381392398E+0000  7.19710943808311498E-0001  7.18693433158801074E+0001  2.84779678455029241E+0002  1.69244020935492596E+0002 -3.92471027540938074E+0001   1699.043  2341623.2616     2    0.0
 2.84230919424978844E+0000  7.19619964176189804E-0001  7.18449757667278834E+0001  2.84802895123935476E+0002  1.69184642430183513E+0002 -7.09967423163875239E+0001   1689.043  2337971.2615     2    0.0
 2.85114171111163027E+0000  7.25495822488140188E-0001  7.14102426047252914E+0001  2.85013597846182576E+0002  1.68376488208896179E+0002 -9.53909786772231014E+0001   1679.046  2334319.2615     2    0.0
 2.85069423169655702E+0000  7.26382266643711109E-0001  7.14687606827649449E+0001  2.84968413803544999E+0002  1.68368186934599561E+0002 -1.23748950373083310E+0002   1669.046  2330667.2614     2    0.0
 2.87280108065072750E+0000  7.23443348587791274E-0001  7.08170072762980460E+0001  2.85107224367443917E+0002  1.67797663466893738E+0002 -1.45738239584927767E+0002   1659.049  2327015.2613     2    0.0
 2.86676086924916506E+0000  7.25291479161313636E-0001  7.09124933639090114E+0001  2.85091421355277782E+0002  1.67753354407824990E+0002 -1.66281055723705141E+0002   1649.049  2323363.2613     2    0.0
 2.87591347302205995E+0000  7.23927573081835024E-0001  7.06276748734414526E+0001  2.85089579274000014E+0002  1.67553104074707129E+0002  1.72983647899280532E+0002   1639.051  2319711.2612     2    0.0
 2.87188319006107840E+0000  7.25919226487765979E-0001  7.08060243899276064E+0001  2.85099708237813379E+0002  1.67575494145770611E+0002  1.55006769209740812E+0002   1629.051  2316059.2612     2    0.0
 2.86762919583604381E+0000  7.28482402486318041E-0001  7.07630926676803403E+0001  2.85125456198266132E+0002  1.67441968356726696E+0002  1.33719230668562528E+0002   1619.054  2312407.2611     2    0.0
 2.87236133318101558E+0000  7.28281685350549450E-0001  7.06654780311479786E+0001  2.85116942215190700E+0002  1.67391815947777872E+0002  1.13618350634692903E+0002   1609.054  2308755.2610     2    0.0
 2.85581630387624004E+0000  7.37449321354054587E-0001  7.09481875510914792E+0001  2.85234824934666137E+0002  1.67354336640061834E+0002  9.04326068407139858E+0001   1599.057  2305103.2610     2    0.0
 2.85614028779048291E+0000  7.37508570525512758E-0001  7.08976559434318239E+0001  2.85196087617694140E+0002  1.67351517640404620E+0002  6.43239440961609067E+0001   1589.057  2301451.2609     2    0.0
 2.84348762777163015E+0000  7.51925286220785883E-0001  7.09296838802694673E+0001  2.85434056622887865E+0002  1.67137796728614892E+0002  3.94572951476222772E+0001   1579.032  2297799.2609     2    0.0
 2.84189728385146624E+0000  7.52805685395291030E-0001  7.09570758810759245E+0001  2.85422645277225296E+0002  1.67092533587781704E+0002  8.33349712628721312E+0000   1569.032  2294147.2608     2    0.0
 2.84111767291429648E+0000  7.52637387076260894E-0001  7.09154351467214527E+0001  2.85429834741823997E+0002  1.67068836939785475E+0002 -2.30256939813236765E+0001   1559.035  2290495.2608     2    0.0
 2.85378179680213097E+0000  7.58620209356433578E-0001  7.03190646388742692E+0001  2.85665996041004302E+0002  1.66415940954261227E+0002 -4.70799525418006657E+0001   1549.035  2286843.2607     2    0.0
 2.85169419732710284E+0000  7.59771699511493219E-0001  7.03887765272757800E+0001  2.85614993109804937E+0002  1.66401457667231312E+0002 -7.46319523937258307E+0001   1539.038  2283191.2606     2    0.0
 2.87299184247590516E+0000  7.57772871224009764E-0001  6.97109195911921657E+0001  2.85737046461187753E+0002  1.65957688808187367E+0002 -9.70682583388958431E+0001   1529.038  2279539.2606     2    0.0
 2.86638773782215491E+0000  7.60008299640955137E-0001  6.98077635156745077E+0001  2.85737126424241447E+0002  1.65903236263826527E+0002 -1.17411321201390150E+0002   1519.040  2275887.2605     2    0.0
 2.87438223974372950E+0000  7.59289460192801488E-0001  6.95786221481138291E+0001  2.85726184083634834E+0002  1.65734993852936631E+0002 -1.38644130761227176E+0002   1509.040  2272235.2605     2    0.0
 2.87298174301911334E+0000  7.59877179331200431E-0001  6.96395603847256583E+0001  2.85764256077853397E+0002  1.65757913661657149E+0002 -1.57061664302821425E+0002   1499.043  2268583.2604     2    0.0
 2.86534355896511541E+0000  7.64254757317350992E-0001  6.96808638689407619E+0001  2.85785314351409863E+0002  1.65653051681497981E+0002 -1.78966860721994478E+0002   1489.043  2264931.2604     2    0.0
 2.86970098112953286E+0000  7.64179057186996730E-0001  6.95790973126106162E+0001  2.85771699565236925E+0002  1.65620859350805373E+0002  1.59729786076099347E+0002   1479.046  2261279.2603     2    0.0
 2.85470725153746937E+0000  7.73393830448923142E-0001  6.97869330699609628E+0001  2.85921812804350607E+0002  1.65674422146583136E+0002  1.35938547438296499E+0002   1469.046  2257627.2602     2    0.0
 2.85436573751909601E+0000  7.73712265411139595E-0001  6.97442184733093687E+0001  2.85888166959055072E+0002  1.65653515570620898E+0002  1.09244017983189648E+0002   1459.049  2253975.2602     2    0.0
 2.84351355149242882E+0000  7.87548060775469037E-0001  6.96278928604403781E+0001  2.86128509133466215E+0002  1.65618207734766979E+0002  8.37047401903372624E+0001   1449.049  2250323.2601     2    0.0
 2.84208571953585230E+0000  7.88484578408405019E-0001  6.96607734182708223E+0001  2.86122739966033601E+0002  1.65584933244750005E+0002  5.28351684252527483E+0001   1439.051  2246671.2601     2    0.0
 2.84345092948009911E+0000  7.88701383874613318E-0001  6.96181070334292443E+0001  2.86128336941856283E+0002  1.65550010789927356E+0002  2.15619736213151668E+0001   1429.051  2243019.2600     2    0.0
 2.85674122130495005E+0000  7.95521541084611750E-0001  6.88672920171070649E+0001  2.86383850907987059E+0002  1.65099206580738877E+0002 -2.13556727712494110E+0000   1419.054  2239367.2599     2    0.0
 2.85302885599767858E+0000  7.96831773907971514E-0001  6.89626121297019110E+0001  2.86328038063995812E+0002  1.65085104067076905E+0002 -2.88356645925974737E+0001   1409.054  2235715.2599     2    0.0
 2.87340562656554627E+0000  7.95568324447303778E-0001  6.82396837729842576E+0001  2.86445257392532533E+0002  1.64727031523398215E+0002 -5.13133860881143068E+0001   1399.057  2232063.2598     2    0.0
 2.86649660479912633E+0000  7.98109533383870788E-0001  6.83173419303506242E+0001  2.86467084751461341E+0002  1.64659706732211515E+0002 -7.13605172035759607E+0001   1389.057  2228411.2598     2    0.0
 2.87339875708279310E+0000  7.97901260890664458E-0001  6.82027347043483040E+0001  2.86453466595458844E+0002  1.64534282903854186E+0002 -9.28429325813782048E+0001   1379.060  2224759.2597     2    0.0
 2.87320722054794081E+0000  7.97924543701467647E-0001  6.80871761675299252E+0001  2.86501731084039039E+0002  1.64521228083430047E+0002 -1.11474265119407064E+0002   1369.060  2221107.2597     2    0.0
 2.86430826701908536E+0000  8.02875567031604747E-0001  6.81736758957285502E+0001  2.86542256935052000E+0002  1.64470209556505077E+0002 -1.33691481694644152E+0002   1359.062  2217455.2596     2    0.0
 2.86854385821288934E+0000  8.02842294479819702E-0001  6.80741689200489827E+0001  2.86521683261752941E+0002  1.64447462647472254E+0002 -1.55546450985798546E+0002   1349.062  2213803.2595     2    0.0
 2.85448207892066161E+0000  8.11645299619100219E-0001  6.81658665960507799E+0001  2.86710526702057531E+0002  1.64556168925836144E+0002 -1.79534882507837182E+0002   1339.065  2210151.2595     2    0.0
 2.85303658561415264E+0000  8.12019038379030583E-0001  6.81162656403477821E+0001  2.86682870154882688E+0002  1.64528535891071761E+0002  1.53429463588727508E+0002   1329.065  2206499.2594     2    0.0
 2.84417950749169259E+0000  8.24518824464386206E-0001  6.78671909855755059E+0001  2.86916237905849389E+0002  1.64623856721188565E+0002  1.27436182574188065E+0002   1319.068  2202847.2594     2    0.0
 2.84313426608501752E+0000  8.25312663854986499E-0001  6.78688280022863202E+0001  2.86934377019367163E+0002  1.64605937698395585E+0002  9.69323293430700022E+0001   1309.068  2199195.2593     2    0.0
 2.84321767468346914E+0000  8.25797973141700930E-0001  6.78265557984894559E+0001  2.86931358404776547E+0002  1.64549397114578041E+0002  6.57003692031994112E+0001   1299.071  2195543.2593     2    0.0
 2.85753695158713084E+0000  8.32519423559862800E-0001  6.69033004926487544E+0001  2.87209130747207569E+0002  1.64271786800907202E+0002  4.15610779746489128E+0001   1289.071  2191891.2592     2    0.0
 2.85229627933552871E+0000  8.34103066343991634E-0001  6.70120698894786414E+0001  2.87159697803056882E+0002  1.64239339489812747E+0002  1.49941306695750713E+0001   1279.073  2188239.2591     2    0.0
 2.87281797639109652E+0000  8.33311750305368400E-0001  6.62027117088035776E+0001  2.87285895001822673E+0002  1.63953153687353850E+0002 -8.22849706185609290E+0000   1269.073  2184587.2591     2    0.0
 2.86652850953584850E+0000  8.36034679534316027E-0001  6.62586028056789805E+0001  2.87335139188659617E+0002  1.63867500775471713E+0002 -2.82593627162499187E+0001   1259.076  2180935.2590     2    0.0
 2.86912162498091853E+0000  8.36312220863820038E-0001  6.62295343808560016E+0001  2.87332083759606012E+0002  1.63811630365462227E+0002 -5.02557568148559961E+0001   1249.076  2177283.2590     2    0.0
 2.87277204822789085E+0000  8.35941931239096975E-0001  6.59638119786292463E+0001  2.87374380168540499E+0002  1.63736351111614882E+0002 -6.93177992045303733E+0001   1239.079  2173631.2589     2    0.0
 2.86361864431679798E+0000  8.40805170508223146E-0001  6.60432650284859260E+0001  2.87449902949331044E+0002  1.63710945688707826E+0002 -9.17366392498319676E+0001   1229.079  2169979.2588     2    0.0
 2.86757052313206814E+0000  8.40894317550343302E-0001  6.59252805945380245E+0001  2.87427912760789450E+0002  1.63682169815058983E+0002 -1.13964500235403541E+0002   1219.082  2166327.2588     2    0.0
 2.85531772541845372E+0000  8.48513819370875163E-0001  6.58614006666770958E+0001  2.87655903675758805E+0002  1.63817359511451347E+0002 -1.37880073679873607E+0002   1209.082  2162675.2587     2    0.0
 2.85364101944992552E+0000  8.48970991334010695E-0001  6.58069156069662153E+0001  2.87631808843299278E+0002  1.63774153484171703E+0002 -1.64543224085703336E+0002   1199.084  2159023.2587     2    0.0
 2.84595003084049653E+0000  8.59706091402559720E-0001  6.54838259724709796E+0001  2.87846105537429863E+0002  1.63953053691496290E+0002  1.69589245085807416E+0002   1189.084  2155371.2586     2    0.0
 2.84519315000333586E+0000  8.60166434335427686E-0001  6.53645759427098235E+0001  2.87918873681156220E+0002  1.63935597998995531E+0002  1.39873935812287435E+0002   1179.087  2151719.2586     2    0.0
 2.84449825905978992E+0000  8.61051088530908152E-0001  6.53523327241864739E+0001  2.87896319249448853E+0002  1.63868148734513621E+0002  1.09271910668533228E+0002   1169.087  2148067.2585     2    0.0
 2.85925405536563686E+0000  8.67093921850230886E-0001  6.42378262552003082E+0001  2.88204748820001081E+0002  1.63719986044428444E+0002  8.49248867011055686E+0001   1159.090  2144415.2584     2    0.0
 2.85319663742060238E+0000  8.68775587919801376E-0001  6.43518080239025469E+0001  2.88171130923927114E+0002  1.63674319373634965E+0002  5.88599303034988800E+0001   1149.090  2140763.2584     2    0.0
 2.87175816610284351E+0000  8.68288334173382296E-0001  6.34592325874770402E+0001  2.88315129282760058E+0002  1.63431897084374545E+0002  3.51952751298974894E+0001   1139.092  2137111.2583     2    0.0
 2.86571033442991490E+0000  8.71225916344370971E-0001  6.34573529888360954E+0001  2.88406736185987896E+0002  1.63329060424451874E+0002  1.49478910021320784E+0001   1129.092  2133459.2583     2    0.0
 2.86622127024271619E+0000  8.71474552567263498E-0001  6.34443273667630325E+0001  2.88398858989403493E+0002  1.63312758144490884E+0002 -7.48791619577613796E+0000   1119.095  2129807.2582     2    0.0
 2.87256518584240605E+0000  8.71157379451436755E-0001  6.31204077611353316E+0001  2.88450983155458026E+0002  1.63206777307782476E+0002 -2.69503142364612519E+0001   1109.095  2126155.2582     2    0.0
 2.86245474133868639E+0000  8.75822314228000367E-0001  6.31268221064350035E+0001  2.88582840355998819E+0002  1.63185452339550822E+0002 -4.95287930600607295E+0001   1099.098  2122503.2581     2    0.0
 2.86604809585451254E+0000  8.75862686450173533E-0001  6.30049163886105648E+0001  2.88551043890189384E+0002  1.63162902400412807E+0002 -7.23597149963482697E+0001   1089.098  2118851.2580     2    0.0
 2.85647527621063043E+0000  8.82307190462597945E-0001  6.27276708237707261E+0001  2.88838064268004264E+0002  1.63283297143322550E+0002 -9.62128175945690153E+0001   1079.101  2115199.2580     2    0.0
 2.85383750561231440E+0000  8.82946683002394114E-0001  6.26787329566804471E+0001  2.88818112492314681E+0002  1.63219534145752339E+0002 -1.22470776306564764E+0002   1069.101  2111547.2579     2    0.0
 2.84859499338665237E+0000  8.91278906474238190E-0001  6.24949961331209864E+0001  2.88961017174033874E+0002  1.63459146288529516E+0002 -1.48370300950901179E+0002   1059.103  2107895.2579     2    0.0
 2.84751726615352204E+0000  8.91926412624144416E-0001  6.19740244474978136E+0001  2.89159719033490650E+0002  1.63399505804913691E+0002 -1.77257267047461341E+0002   1049.103  2104243.2578     2    0.0
 2.84562477366960437E+0000  8.93078929946616989E-0001  6.19963772162803936E+0001  2.89123072047816695E+0002  1.63326973664549656E+0002  1.52722148966890265E+0002   1039.106  2100591.2577     2    0.0
 2.86109429712686768E+0000  8.97711405082145898E-0001  6.06694605999605096E+0001  2.89475567308262960E+0002  1.63243188662501944E+0002  1.28129939065602603E+0002   1029.106  2096939.2577     2    0.0
 2.85435330109117923E+0000  8.99527679953586259E-0001  6.07402002988568860E+0001  2.89483445066139011E+0002  1.63168225183998884E+0002  1.02716029099769762E+0002   1019.109  2093287.2576     2    0.0
 2.87018646133852375E+0000  8.99194123136330610E-0001  5.97704042189835646E+0001  2.89654915108147197E+0002  1.62943378085882119E+0002  7.86369989256313248E+0001   1009.109  2089635.2576     2    0.0
 2.87318256859620309E+0000  6.55373496451217185E-0001  7.20906313842087491E+0001  2.83400121839426614E+0002  1.76559613031744469E+0002 -1.87824511397341050E+0001   1999.010  2451183.2633     3    0.0
 2.85219853754414244E+0000  6.64505036657251743E-0001  7.25749322309174277E+0001  2.83488169453519281E+0002  1.76164052479099456E+0002 -4.29614200592032814E+0001   1989.010  2447531.2632     3    0.0
 2.85507339539562785E+0000  6.64222395649504217E-0001  7.25077999848816414E+0001  2.83453717629577436E+0002  1.76179702619715794E+0002 -6.99002144912458114E+0001   1979.013  2443879.2632     3    0.0
 2.84640227873261316E+0000  6.71987199879450100E-0001  7.26810052112253706E+0001  2.83692483290656304E+0002  1.75147663964532275E+0002 -9.37634778546224391E+0001   1969.013  2440227.2631     3    0.0
 2.84485735461719891E+0000  6.72289176200181485E-0001  7.26973324274298662E+0001  2.83660925108244729E+0002  1.75109820671930864E+0002 -1.23840592986493783E+0002   1959.016  2436575.2631     3    0.0
 2.86361282978082269E+0000  6.66780984555725746E-0001  7.29846994965457412E+0001  2.83755498329166723E+0002  1.74470514431918852E+0002 -1.52094589548537563E+0002   1949.016  2432923.2630     3    0.0
 2.86582307931128854E+0000  6.66487296313536826E-0001  7.21765805631745251E+0001  2.83842998389981599E+0002  1.74118868064181270E+0002 -1.72569324407326254E+0002   1939.019  2429271.2630     3    0.0
 2.86507277491823846E+0000  6.67397021719950618E-0001  7.22391510213153653E+0001  2.83803972415760610E+0002  1.74068644158850017E+0002  1.64850969251797501E+0002   1929.019  2425619.2629     3    0.0
 2.87906696757485952E+0000  6.64004061469948633E-0001  7.19037861254491364E+0001  2.83865348795897749E+0002  1.73753519216186935E+0002  1.46305203929850692E+0002   1919.021  2421967.2628     3    0.0
 2.87064525479748706E+0000  6.66314001958988839E-0001  7.20570730319023660E+0001  2.83855061512636645E+0002  1.73685660206722903E+0002  1.27574238495233109E+0002   1909.021  2418315.2628     3    0.0
 2.87674839641531461E+0000  6.65034016048636647E-0001  7.18653013017261107E+0001  2.83836279468238793E+0002  1.73575317102641894E+0002  1.08165342066785455E+0002   1899.021  2414663.2627     3    0.0
 2.86426298918270483E+0000  6.71018128219032263E-0001  7.21549453662800668E+0001  2.83883793012956730E+0002  1.73382321308556932E+0002  9.04297500604850653E+0001   1889.021  2411011.2627     3    0.0
 2.86383752239752788E+0000  6.71474720369426496E-0001  7.21352336362074419E+0001  2.83890598898864847E+0002  1.73336793312264031E+0002  6.74106552764689009E+0001   1879.024  2407359.2626     3    0.0
 2.86661731256111988E+0000  6.71206752646376283E-0001  7.20663454401610761E+0001  2.83892407321216149E+0002  1.73271145326177772E+0002  4.53590898870012331E+0001   1869.024  2403707.2626     3    0.0
 2.84505166684934062E+0000  6.84193609719093955E-0001  7.25192866149698420E+0001  2.84061597594035338E+0002  1.72738949281017529E+0002  1.99116362588504113E+0001   1859.027  2400055.2625     3    0.0
 2.84596151799946543E+0000  6.84278244727648597E-0001  7.24901182910003262E+0001  2.84018327883787316E+0002  1.72771016754344792E+0002 -1.02400597632909557E+0001   1849.027  2396403.2624     3    0.0
 2.85811045398259657E+0000  6.86732317800263156E-0001  7.21267795420901849E+0001  2.84265474217131841E+0002  1.71685859475624908E+0002 -3.45090191519674348E+0001   1839.029  2392751.2624     3    0.0
 2.85536917299164230E+0000  6.87541968291292807E-0001  7.21794414432539425E+0001  2.84245689876865879E+0002  1.71645749062331694E+0002 -6.00983300558911254E+0001   1829.029  2389099.2623     3    0.0
 2.85875181492005159E+0000  6.87182428043842619E-0001  7.21795882142965948E+0001  2.84274527479400355E+0002  1.71552640006326821E+0002 -8.60167394904317214E+0001   1819.032  2385447.2623     3    0.0
 2.87329857277356900E+0000  6.83383880042641557E-0001  7.16775542309250305E+0001  2.84345744226236966E+0002  1.71037357847929593E+0002 -1.03818591683152882E+0002   1809.032  2381795.2622     3    0.0
 2.86960708032607170E+0000  6.85200214181356050E-0001  7.18073066095267193E+0001  2.84301850896110595E+0002  1.70993957261648413E+0002 -1.24327073755232292E+0002   1799.032  2378143.2621     3    0.0
 2.87978340686160256E+0000  6.83570005433064167E-0001  7.15485344836117316E+0001  2.84326112938636267E+0002  1.70855154596038927E+0002 -1.42725815635623710E+0002   1789.032  2374491.2621     3    0.0
 2.86836959482607444E+0000  6.87937958349379575E-0001  7.17531643465623450E+0001  2.84358151479295676E+0002  1.70738303114705996E+0002 -1.61305796886210950E+0002   1779.035  2370839.2620     3    0.0
 2.87114419949122712E+0000  6.87458654368552284E-0001  7.16430160547862536E+0001  2.84328552714156097E+0002  1.70680291280741254E+0002  1.77792632453334641E+0002   1769.035  2367187.2620     3    0.0
 2.85730798271787853E+0000  6.96097703027585181E-0001  7.21347878537913680E+0001  2.84377783262164624E+0002  1.70564120209709658E+0002  1.58524608356642764E+0002   1759.038  2363535.2619     3    0.0
 2.85310115998072008E+0000  6.98233470354689590E-0001  7.19691908553075988E+0001  2.84451804971521221E+0002  1.70440513392310470E+0002  1.31872266402341278E+0002   1749.038  2359883.2619     3    0.0
 2.85524770933360482E+0000  6.98433447016907615E-0001  7.19454160762841986E+0001  2.84431276137356932E+0002  1.70404465222003085E+0002  1.05307971248502679E+0002   1739.040  2356231.2618     3    0.0
 2.84737973215314802E+0000  7.10385042999575703E-0001  7.19982535956063741E+0001  2.84671509709739076E+0002  1.69731768182920406E+0002  8.03393993447968142E+0001   1729.040  2352579.2617     3    0.0
 2.84572904481036549E+0000  7.10937804235205986E-0001  7.20120233254592337E+0001  2.84628431538951343E+0002  1.69733474972115608E+0002  5.05501540424703367E+0001   1719.043  2348927.2617     3    0.0
 2.87090862762412903E+0000  7.08314437460032027E-0001  7.12970078234305951E+0001  2.84814495744892700E+0002  1.68896968977129767E+0002  2.61420550040495056E+0001   1709.043  2345275.2616     3    0.0
 2.86725256718166934E+0000  7.09771164053630313E-0001  7.13725653044629238E+0001  2.84803144533954742E+0002  1.68839881282525086E+0002  5.53276421326115449E+0000   1699.043  2341623.2616     3    0.0
 2.86824681099873764E+0000  7.09872856438220615E-0001  7.13407846049041453E+0001  2.84807253782377076E+0002  1.68819411319586655E+0002 -1.61223101118734486E+0001   1689.043  2337971.2615     3    0.0
 2.87882260307399343E+0000  7.08071872954219911E-0001  7.10288816991442652E+0001  2.84850195155651032E+0002  1.68516703447057313E+0002 -3.29039051499539271E+0001   1679.046  2334319.2615     3    0.0
 2.87027940724222911E+0000  7.11363387266199407E-0001  7.12283914031108328E+0001  2.84827418237114618E+0002  1.68466589283813072E+0002 -5.23422634867397254E+0001   1669.046  2330667.2614     3    0.0
 2.87657060307084849E+0000  7.10622283266140446E-0001  7.10454727504234095E+0001  2.84820824031739086E+0002  1.68413740306131255E+0002 -7.13934635111925729E+0001   1659.049  2327015.2613     3    0.0
 2.86216744756595818E+0000  7.18201605567130591E-0001  7.12805661677131463E+0001  2.84921401936733755E+0002  1.68319835288728459E+0002 -9.11245554162047821E+0001   1649.049  2323363.2613     3    0.0
 2.86249370901195177E+0000  7.18282897017780347E-0001  7.12414242269620458E+0001  2.84893649728774604E+0002  1.68276333235830578E+0002 -1.14797333096855098E+0002   1639.051  2319711.2612     3    0.0
 2.86486758072278829E+0000  7.19354846602887736E-0001  7.17277422253148674E+0001  2.84960441085631227E+0002  1.68163430679659348E+0002 -1.37376487281668262E+0002   1629.051  2316059.2612     3    0.0
 2.84574832109409725E+0000  7.33111576887285053E-0001  7.14266570519570876E+0001  2.85099737633645788E+0002  1.68001398358768953E+0002 -1.65486289316552517E+0002   1619.054  2312407.2611     3    0.0
 2.84607076809667952E+0000  7.33626526699513951E-0001  7.14493182501784252E+0001  2.85062867722256465E+0002  1.67979835975126728E+0002  1.64488622920545833E+0002   1609.054  2308755.2610     3    0.0
 2.86219963471494461E+0000  7.38213259557765602E-0001  7.08412179470010187E+0001  2.85316779581369436E+0002  1.67227401106564797E+0002  1.41685685215884846E+0002   1599.057  2305103.2610     3    0.0
 2.85818410199617922E+0000  7.39317315340268893E-0001  7.09026583135693068E+0001  2.85282504871842224E+0002  1.67209125053410085E+0002  1.17211714934710569E+0002   1589.057  2301451.2609     3    0.0
 2.87598323027084377E+0000  7.37008722330689947E-0001  7.03428269919215147E+0001  2.85353251722536479E+0002  1.66799430744426271E+0002  9.48464084017525669E+0001   1579.032  2297799.2609     3    0.0
 2.87160093963454141E+0000  7.39545959019286894E-0001  7.04479517605807471E+0001  2.85358016619812956E+0002  1.66742096061487295E+0002  7.67873108421414780E+0001   1569.032  2294147.2608     3    0.0
 2.87149541150827006E+0000  7.39878333214838372E-0001  7.04226141725371127E+0001  2.85363894304745089E+0002  1.66703190297978756E+0002  5.65753017329435305E+0001   1559.035  2290495.2608     3    0.0
 2.87824309258118400E+0000  7.39303700215200553E-0001  7.02292498627512095E+0001  2.85380888706891736E+0002  1.66570999688626475E+0002  3.90141468452841794E+0001   1549.035  2286843.2607     3    0.0
 2.86534583382459422E+0000  7.45061629837116020E-0001  7.04676331494174820E+0001  2.85422791867250698E+0002  1.66520763796362155E+0002  1.85737621869063903E+0001   1539.038  2283191.2606     3    0.0
 2.86869003830461760E+0000  7.44838557700207503E-0001  7.03626664354062600E+0001  2.85390825577428773E+0002  1.66522497053015126E+0002 -3.10085307403828732E+0000   1529.038  2279539.2606     3    0.0
 2.85235935859470735E+0000  7.56657911967817447E-0001  7.05480814791741604E+0001  2.85577183081092139E+0002  1.66521352881645689E+0002 -2.53009966458265494E+0001   1519.040  2275887.2605     3    0.0
 2.85109781189964030E+0000  7.57305921168167082E-0001  7.05593624354268230E+0001  2.85560549129586259E+0002  1.66477510451120526E+0002 -5.30103478765078950E+0001   1509.040  2272235.2605     3    0.0
 2.85374139692903222E+0000  7.57274192404180970E-0001  7.05738004100982924E+0001  2.85594453914509927E+0002  1.66416848398498175E+0002 -8.05096962210058373E+0001   1499.043  2268583.2604     3    0.0
 2.85100755956206902E+0000  7.69171381149581381E-0001  7.01893936869364054E+0001  2.85814300952844488E+0002  1.66074199637633380E+0002 -1.05211242205528530E+0002   1489.043  2264931.2604     3    0.0
 2.85011862163395500E+0000  7.70205415234991239E-0001  7.02440013844219054E+0001  2.85766494350603990E+0002  1.66052048954344995E+0002 -1.33668541326293619E+0002   1479.046  2261279.2603     3    0.0
 2.87398130982211337E+0000  7.69183992844794234E-0001  6.94462504331842491E+0001  2.85939512985544964E+0002  1.65515568659780795E+0002 -1.55110026314011606E+0002   1469.046  2257627.2602     3    0.0
 2.86766086070067895E+0000  7.71149888320311831E-0001  6.95392181368032937E+0001  2.85930449197246257E+0002  1.65471433224379960E+0002 -1.75305726397724048E+0002   1459.049  2253975.2602     3    0.0
 2.87710827172426747E+0000  7.70128530993147128E-0001  6.91808856320295800E+0001  2.85942511947594738E+0002  1.65279067265469452E+0002  1.64374405473450755E+0002   1449.049  2250323.2601     3    0.0
 2.87244214875360067E+0000  7.72663368450601338E-0001  6.93783871600670044E+0001  2.85941008743341738E+0002  1.65315347553229602E+0002  1.46835607147878116E+0002   1439.051  2246671.2601     3    0.0
 2.86917299988746894E+0000  7.74663932618827815E-0001  6.92907188056098370E+0001  2.85994399164855732E+0002  1.65196264940006496E+0002  1.26163209609829691E+0002   1429.051  2243019.2600     3    0.0
 2.87375909290888080E+0000  7.74602525064053550E-0001  6.91742712711397013E+0001  2.85986172306006987E+0002  1.65142399719484771E+0002  1.06651116609368442E+0002   1419.054  2239367.2599     3    0.0
 2.85859776210254461E+0000  7.83069180670297864E-0001  6.93821346591089839E+0001  2.86120484258019632E+0002  1.65195845535916750E+0002  8.40010313680144307E+0001   1409.054  2235715.2599     3    0.0
 2.85842672953930247E+0000  7.83355613005477501E-0001  6.93418256877438514E+0001  2.86080698412228448E+0002  1.65187399292598639E+0002  5.89337736621836194E+0001   1399.057  2232063.2598     3    0.0
 2.84887229353003954E+0000  7.96983245823480870E-0001  6.91682727170944473E+0001  2.86342175693595416E+0002  1.65208657717353851E+0002  3.47091967551087210E+0001   1389.057  2228411.2598     3    0.0
 2.84655260956419101E+0000  7.97983692860914119E-0001  6.92117241653823100E+0001  2.86329846826850556E+0002  1.65160236399040654E+0002  5.59926647091704343E+0000   1379.060  2224759.2597     3    0.0
 2.84786331286836851E+0000  7.98133880328733706E-0001  6.91703531927322078E+0001  2.86337150331770606E+0002  1.65133542215956932E+0002 -2.40360107990438160E+0001   1369.060  2221107.2597     3    0.0
 2.86487986347178038E+0000  8.02872451414227733E-0001  6.83058876773850048E+0001  2.86577675620121090E+0002  1.64666562416459219E+0002 -4.44484629788109351E+0001   1359.062  2217455.2596     3    0.0
 2.86093477849530622E+0000  8.04472769343191305E-0001  6.84179609138069597E+0001  2.86525685654879309E+0002  1.64638563141121741E+0002 -6.81197044338070538E+0001   1349.062  2213803.2595     3    0.0
 2.87764721221445644E+0000  8.03371848768216655E-0001  6.78358647966524443E+0001  2.86608989515335965E+0002  1.64389246165658249E+0002 -8.83015271517190189E+0001   1339.065  2210151.2595     3    0.0
 2.86949866226033745E+0000  8.06502572811303490E-0001  6.79152966012798756E+0001  2.86654650856365782E+0002  1.64331578409220105E+0002 -1.07067837442639559E+0002   1329.065  2206499.2594     3    0.0
 2.87439989261750791E+0000  8.06226672821576272E-0001  6.77315344868066924E+0001  2.86637618528837433E+0002  1.64228952105858870E+0002 -1.27436573242830135E+0002   1319.068  2202847.2594     3    0.0
 2.87278322857264122E+0000  8.07235317079004984E-0001  6.79022241339087353E+0001  2.86664688605884403E+0002  1.64269098740221979E+0002 -1.45824724267520806E+0002   1309.068  2199195.2593     3    0.0
 2.86403435920161284E+0000  8.12520576709063216E-0001  6.77876290685445574E+0001  2.86762266405372072E+0002  1.64214008070200949E+0002 -1.68260750262962820E+0002   1299.071  2195543.2593     3    0.0
 2.86670137603753468E+0000  8.12745362855848253E-0001  6.77353787482696640E+0001  2.86731787091562878E+0002  1.64190514270821498E+0002  1.69465194004477454E+0002   1289.071  2191891.2592     3    0.0
 2.85214420241240877E+0000  8.23632482415349932E-0001  6.77552327334058441E+0001  2.86959082948087819E+0002  1.64373904751077917E+0002  1.44571771338643660E+0002   1279.073  2188239.2591     3    0.0
 2.85000595030453565E+0000  8.24261625831347570E-0001  6.77530759542967684E+0001  2.86923628882581081E+0002  1.64349327572933108E+0002  1.16511397102845916E+0002   1269.073  2184587.2591     3    0.0
 2.85560647303530432E+0000  8.34014747069630383E-0001  6.69525355432448877E+0001  2.87215353099637573E+0002  1.64242957509094856E+0002  9.09830895034799043E+0001   1259.076  2180935.2590     3    0.0
 2.85317850743911080E+0000  8.35403655941780428E-0001  6.70110451512841391E+0001  2.87210962948893005E+0002  1.64205421847676709E+0002  6.48993962230708180E+0001   1249.076  2177283.2590     3    0.0
 2.85387679182467203E+0000  8.35665223493635866E-0001  6.69648244653273597E+0001  2.87220569498176670E+0002  1.64165449918785979E+0002  3.76981293191229176E+0001   1239.079  2173631.2589     3    0.0
 2.87347887520052620E+0000  8.35872174001225552E-0001  6.61123405723007355E+0001  2.87384523921711083E+0002  1.63805529499541233E+0002  1.86767335773384346E+0001   1229.079  2169979.2588     3    0.0
 2.86597380972353435E+0000  8.38471388376872252E-0001  6.62564641022579844E+0001  2.87364023568828704E+0002  1.63760987586588779E+0002 -2.37970395607495698E+0000   1219.082  2166327.2588     3    0.0
 2.87668896467519454E+0000  8.37764353642980382E-0001  6.58492354428741180E+0001  2.87392879814460886E+0002  1.63655301287559624E+0002 -2.22842448519181287E+0001   1209.082  2162675.2587     3    0.0
 2.86854154099439864E+0000  8.42064711155103064E-0001  6.58457876666289225E+0001  2.87526728344727360E+0002  1.63608654369282846E+0002 -4.11810553055023080E+0001   1199.084  2159023.2587     3    0.0
 2.86999793949229773E+0000  8.42453376617294038E-0001  6.58113861178504188E+0001  2.87508777112545691E+0002  1.63551176655092584E+0002 -6.24239912704518118E+0001   1189.084  2155371.2586     3    0.0
 2.87106436832937832E+0000  8.42514505869504908E-0001  6.57741655349566768E+0001  2.87546818982234303E+0002  1.63533948173899655E+0002 -8.24817640850081980E+0001   1179.087  2151719.2586     3    0.0
 2.85803462449452928E+0000  8.49882826503576901E-0001  6.56996923100563085E+0001  2.87706440918399695E+0002  1.63637567678444158E+0002 -1.07048184268412906E+0002   1169.087  2148067.2585     3    0.0
 2.85899631639891397E+0000  8.50499506435050552E-0001  6.56969609018706437E+0001  2.87659345604817430E+0002  1.63613766932419574E+0002 -1.32232683491521575E+0002   1159.090  2144415.2584     3    0.0
 2.85272521558588634E+0000  8.61175021528760269E-0001  6.51853426350591230E+0001  2.87977643881179653E+0002  1.63809443698245096E+0002 -1.57528796367205835E+0002   1149.090  2140763.2584     3    0.0
 2.84816983195690457E+0000  8.62177523249766922E-0001  6.52011725953863980E+0001  2.87958391362821935E+0002  1.63759651249734152E+0002  1.74310384636250760E+0002   1139.092  2137111.2583     3    0.0
 2.86761811757652622E+0000  8.65644120763451562E-0001  6.39996715671247870E+0001  2.88209402335718449E+0002  1.63497049039682366E+0002  1.48573613282969423E+0002   1129.092  2133459.2583     3    0.0
 2.86627922630173698E+0000  8.66608302998767663E-0001  6.40684155202237540E+0001  2.88215576870654242E+0002  1.63512321760249758E+0002  1.27465534839604775E+0002   1119.095  2129807.2582     3    0.0
 2.86350599560732380E+0000  8.67840257054861272E-0001  6.39969777418823709E+0001  2.88250055433204736E+0002  1.63397659607043702E+0002  1.04505946226685226E+0002   1109.095  2126155.2582     3    0.0
 2.87643714836856046E+0000  8.67566627417877496E-0001  6.34426665003214439E+0001  2.88331244507296019E+0002  1.63219478628945500E+0002  8.58021525001185776E+0001   1099.098  2122503.2581     3    0.0
 2.86763750124437992E+0000  8.71142380726994367E-0001  6.35208477861820191E+0001  2.88411956047782517E+0002  1.63175351438435345E+0002  6.56404183945849693E+0001   1089.098  2118851.2580     3    0.0
 2.87288857293493125E+0000  8.70854830062556879E-0001  6.32602297052354126E+0001  2.88409789079161401E+0002  1.63119777677659712E+0002  4.51155912519808747E+0001   1079.101  2115199.2580     3    0.0
 2.86530712986950081E+0000  8.76180236022984720E-0001  6.30569227841895656E+0001  2.88652342005308697E+0002  1.63137038194549431E+0002  2.50096412749608494E+0001   1069.101  2111547.2579     3    0.0
 2.86358260124600724E+0000  8.76790573791887607E-0001  6.30860241253724200E+0001  2.88634940502278889E+0002  1.63100132431526717E+0002  2.20102821241421147E+0000   1059.103  2107895.2579     3    0.0
 2.86605327114993478E+0000  8.76765979861325240E-0001  6.29709760337225743E+0001  2.88655023101483995E+0002  1.63068213396393096E+0002 -2.03570939781640112E+0001   1049.103  2104243.2578     3    0.0
 2.85344193941264143E+0000  8.85343205649694202E-0001  6.26246681842744396E+0001  2.88934218793501335E+0002  1.63266995468275567E+0002 -4.62088774765000217E+0001   1039.106  2100591.2577     3    0.0
 2.85163220596959080E+0000  8.86274483750221583E-0001  6.26928793310815782E+0001  2.88869679246385137E+0002  1.63236183865225688E+0002 -7.38194749153413244E+0001   1029.106  2096939.2577     3    0.0
 2.86344168944450943E+0000  8.92173683512963649E-0001  6.13704545355376353E+0001  2.89259446716599043E+0002  1.63213117429712239E+0002 -9.78405644948285925E+0001   1019.109  2093287.2576     3    0.0
 2.85714315039487260E+0000  8.93858192824163879E-0001  6.13638606951009984E+0001  2.89288989259875062E+0002  1.63116151033522075E+0002 -1.21831791154831760E+0002   1009.109  2089635.2576     3    0.0
