 0.0053993   2533.016   2646225.4759  3  279.1345      376
 0.0035368   2533.017   2646225.5592  3  279.2193      376
 0.0023236   2533.017   2646225.6150  3  279.2762      376
 0.0015594   2533.017   2646225.6529  3  279.3148      376
 0.0011344   2533.017   2646225.6782  3  279.3405      376
 0.0009379   2533.017   2646225.6960  3  279.3587      376
 0.0008906   2533.017   2646225.7099  3  279.3728      376
 0.0009405   2533.017   2646225.7222  3  279.3853      376
 0.0010649   2533.017   2646225.7345  3  279.3978      376
 0.0012592   2533.017   2646225.7479  3  279.4115      376
 0.0015298   2533.017   2646225.7633  3  279.4272      376
 0.0018873   2533.017   2646225.7817  3  279.4459      376
 0.0023494   2533.017   2646225.8040  3  279.4687      376
 0.0029357   2533.017   2646225.8313  3  279.4964      376
 0.0036836   2533.017   2646225.8653  3  279.5311      376
 0.0046239   2533.018   2646225.9075  3  279.5740      376
 0.0057904   2533.018   2646225.9593  3  279.6268      376
 0.0044324   2744.028   2723294.7832  3  279.3340      411
 0.0031944   2744.028   2723294.8543  3  279.4064      411
 0.0026103   2744.028   2723294.9043  3  279.4573      411
 0.0024559   2744.029   2723294.9427  3  279.4965      411
 0.0025789   2744.029   2723294.9764  3  279.5309      411
 0.0029106   2744.029   2723295.0099  3  279.5649      411
 0.0034361   2744.029   2723295.0462  3  279.6019      411
 0.0041717   2744.029   2723295.0880  3  279.6445      411
 0.0051451   2744.029   2723295.1377  3  279.6951      411
 0.0054824   2764.028   2730599.7436  3  279.1657      831
 0.0050620   2764.028   2730599.8265  3  279.2500      831
 0.0052178   2764.028   2730599.8950  3  279.3197      831
 0.0058007   2764.029   2730599.9639  3  279.3899      831
 0.0052255   2586.018   2665583.9203  3  278.9863      907
 0.0039952   2586.018   2665584.0060  3  279.0736      907
 0.0035585   2586.018   2665584.0632  3  279.1319      907
 0.0035106   2586.018   2665584.0971  3  279.1665      907
 0.0035979   2586.018   2665584.1249  3  279.1948      907
 0.0038226   2586.018   2665584.1562  3  279.2267      907
 0.0042576   2586.018   2665584.1952  3  279.2665      907
 0.0049908   2586.018   2665584.2449  3  279.3171      907
 0.0060601   2586.019   2665584.3057  3  279.3791      907
 0.0055072   2836.030   2756898.4984  3  279.4632      981
 0.0053930   2836.030   2756898.5778  3  279.5441      981
 0.0058189   2836.030   2756898.6507  3  279.6184      981
 0.0058673   2833.026   2755802.0747  3  278.7928      983
 0.0041944   2833.026   2755802.1712  3  278.8910      983
 0.0034194   2833.027   2755802.2358  3  278.9569      983
 0.0032003   2833.027   2755802.2735  3  278.9953      983
 0.0031730   2833.027   2755802.2933  3  279.0154      983
 0.0031934   2833.027   2755802.3078  3  279.0303      983
 0.0032546   2833.027   2755802.3238  3  279.0465      983
 0.0033834   2833.027   2755802.3436  3  279.0667      983
 0.0036294   2833.027   2755802.3694  3  279.0930      983
 0.0040641   2833.027   2755802.4037  3  279.1279      983
 0.0047791   2833.027   2755802.4492  3  279.1743      983
 0.0058035   2833.027   2755802.5057  3  279.2319      983
 0.0056690   2585.020   2665219.8358  3  280.1804     1036
 0.0048522   2585.020   2665219.9215  3  280.2677     1036
 0.0047453   2585.021   2665219.9903  3  280.3377     1036
 0.0051165   2585.021   2665220.0535  3  280.4021     1036
 0.0058758   2585.021   2665220.1183  3  280.4681     1036
 0.0058511   2641.021   2685673.2915  3  279.2600     1469
 0.0050499   2641.022   2685673.3818  3  279.3521     1469
 0.0049729   2641.022   2685673.4549  3  279.4265     1469
 0.0053868   2641.022   2685673.5224  3  279.4953     1469
 0.0055322   2558.020   2655357.8570  3  280.1243     1657
 0.0053213   2558.020   2655357.9336  3  280.2024     1657
 0.0056533   2558.021   2655358.0049  3  280.2750     1657
 0.0053883   2560.022   2656088.4611  3  280.2186     1911
 0.0035590   2560.022   2656088.5461  3  280.3052     1911
 0.0025041   2560.022   2656088.6025  3  280.3627     1911
 0.0019801   2560.022   2656088.6416  3  280.4025     1911
 0.0018114   2560.022   2656088.6709  3  280.4323     1911
 0.0018680   2560.022   2656088.6958  3  280.4576     1911
 0.0020847   2560.022   2656088.7198  3  280.4821     1911
 0.0024255   2560.023   2656088.7442  3  280.5070     1911
 0.0028520   2560.023   2656088.7691  3  280.5324     1911
 0.0034066   2560.023   2656088.7980  3  280.5617     1911
 0.0041401   2560.023   2656088.8334  3  280.5978     1911
 0.0051518   2560.023   2656088.8799  3  280.6452     1911
 0.0048927   2836.029   2756898.2372  3  279.1971     1950
 0.0043022   2836.030   2756898.3120  3  279.2733     1950
 0.0043029   2836.030   2756898.3734  3  279.3359     1950
 0.0047096   2836.030   2756898.4310  3  279.3946     1950
 0.0054580   2836.030   2756898.4912  3  279.4559     1950
 0.0052960   2722.026   2715258.9129  3  279.1005     2217
 0.0039268   2722.026   2715258.9981  3  279.1873     2217
 0.0033567   2722.026   2715259.0570  3  279.2473     2217
 0.0032521   2722.026   2715259.0942  3  279.2852     2217
 0.0032979   2722.026   2715259.1164  3  279.3079     2217
 0.0033967   2722.026   2715259.1350  3  279.3268     2217
 0.0035698   2722.026   2715259.1562  3  279.3484     2217
 0.0038652   2722.027   2715259.1827  3  279.3754     2217
 0.0043538   2722.027   2715259.2174  3  279.4107     2217
 0.0051238   2722.027   2715259.2632  3  279.4574     2217
 0.0058341   2836.029   2756898.0860  3  279.0431     2396
 0.0046915   2836.029   2756898.1782  3  279.1370     2396
 0.0043510   2836.029   2756898.2482  3  279.2083     2396
 0.0045249   2836.030   2756898.3085  3  279.2698     2396
 0.0050755   2836.030   2756898.3677  3  279.3301     2396
 0.0059699   2836.030   2756898.4315  3  279.3950     2396
 0.0052252   2438.017   2611527.6811  3  280.7362     2443
 0.0048950   2438.017   2611527.7561  3  280.8125     2443
 0.0051336   2438.017   2611527.8213  3  280.8790     2443
 0.0057948   2438.017   2611527.8859  3  280.9448     2443
 0.0049835   2836.030   2756898.3333  3  279.2950     2455
 0.0043847   2836.030   2756898.4095  3  279.3726     2455
 0.0043875   2836.030   2756898.4721  3  279.4364     2455
 0.0048037   2836.030   2756898.5309  3  279.4963     2455
 0.0055681   2836.030   2756898.5923  3  279.5588     2455
 0.0057871   2836.029   2756898.2336  3  279.1934     2607
 0.0045755   2836.030   2756898.3256  3  279.2872     2607
 0.0041771   2836.030   2756898.3946  3  279.3574     2607
 0.0042973   2836.030   2756898.4531  3  279.4171     2607
 0.0047882   2836.030   2756898.5097  3  279.4747     2607