 2.99578687181673279E+0000  6.75834184939626172E-0001  7.25278614948356748E+0001  2.83560867814634561E+0002  1.73943912845698649E+0002  1.05191217546932627E+0000  0.025840  0.974371   229.0   49.8  41.635   1956.012  2435477.8829   284.6248    0.000        4
 2.99645761796894994E+0000  6.75906006383269540E-0001  7.25292274395821114E+0001  2.83560892937527143E+0002  1.73946774990696384E+0002  9.74102583650223448E-0001  0.017266  0.973915   229.0   49.8  41.640   1956.011  2435477.4776   284.2116    0.000        4
 2.99718026946571826E+0000  6.75982818532705720E-0001  7.25308437381387509E+0001  2.83560910030094864E+0002  1.73952045634359057E+0002  9.21911253402205167E-0001  0.012563  0.973631   229.0   49.8  41.643   1956.010  2435477.2087   283.9376    0.000        4
 2.99765576782198649E+0000  6.76032348843502048E-0001  7.25321828371941312E+0001  2.83560917115585764E+0002  1.73959599122930976E+0002  8.84629795799073878E-0001  0.010450  0.973441   229.0   49.8  41.644   1956.010  2435477.0193   283.7445    0.000        4
 2.99768111580650552E+0000  6.76033149801098908E-0001  7.25327684205535576E+0001  2.83560918000010816E+0002  1.73967585433156926E+0002  8.55427714748542692E-0001  0.010004  0.973298   229.0   49.8  41.645   1956.009  2435476.8715   283.5939    0.000        4
 2.99734346429234204E+0000  6.75995052686913968E-0001  7.25326372184794287E+0001  2.83560918451493463E+0002  1.73974294604099802E+0002  8.29576774704746376E-0001  0.010643  0.973174   229.0   49.8  41.644   1956.009  2435476.7396   283.4595    0.000        4
 2.99683097237318130E+0000  6.75938488507465736E-0001  7.25320813982144177E+0001  2.83560921556326498E+0002  1.73979214332113621E+0002  8.03838261566378188E-0001  0.012123  0.973053   229.0   49.8  41.643   1956.008  2435476.6067   283.3240    0.000        4
 2.99628593323782827E+0000  6.75878773386997309E-0001  7.25313610401296700E+0001  2.83560927928034988E+0002  1.73982538523726857E+0002  7.75906243340166032E-0001  0.014400  0.972925   229.0   49.8  41.641   1956.008  2435476.4609   283.1754    0.000        4
 2.99578201506360931E+0000  6.75823769943043756E-0001  7.25306321044903126E+0001  2.83560937113776537E+0002  1.73984680210090709E+0002  7.43698595059396501E-0001  0.017554  0.972782   229.0   49.8  41.639   1956.008  2435476.2920   283.0033    0.000        4
 2.99534945047042875E+0000  6.75776662756898445E-0001  7.25299725692930828E+0001  2.83560948361790023E+0002  1.73986012111356783E+0002  7.05289069044476204E-0001  0.021723  0.972619   229.0   49.8  41.637   1956.007  2435476.0901   282.7975    0.000        4
 2.99499339285442329E+0000  6.75737946985939089E-0001  7.25294110146109898E+0001  2.83560960961745386E+0002  1.73986819905110639E+0002  6.58678612160980161E-0001  0.027095  0.972433   229.0   49.8  41.633   1956.006  2435475.8449   282.5476    0.000        4
 3.00692697559622561E+0000  6.73971495157029483E-0001  7.23675597836707615E+0001  2.83895695182743401E+0002  1.73574525949371556E+0002  1.12839166482249699E+0000  0.027927  0.984031   227.8   50.2  41.382   1473.963  2259423.1386   283.4876    0.000       31
 3.00764322233026878E+0000  6.74049048474625134E-0001  7.23669820884200816E+0001  2.83895683818803236E+0002  1.73575080099954623E+0002  1.04894199297985461E+0000  0.024058  0.983534   227.9   50.2  41.384   1473.962  2259422.7208   283.0614    0.000       31
 3.00818204368506596E+0000  6.74107368774710837E-0001  7.23660371269048564E+0001  2.83895673114355684E+0002  1.73575491173610881E+0002  9.85044536656646935E-0001  0.023701  0.983160   227.9   50.2  41.384   1473.961  2259422.3845   282.7182    0.000       31
 3.00848854236425852E+0000  6.74140534180758457E-0001  7.23649967530906316E+0001  2.83895669103695304E+0002  1.73575725107742762E+0002  9.26236519014047091E-0001  0.025701  0.982836   227.9   50.2  41.383   1473.960  2259422.0741   282.4017    0.000       31
 3.00861190679126178E+0000  6.74153880104827497E-0001  7.23640479885933512E+0001  2.83895672470678568E+0002  1.73575823284593621E+0002  8.65694375099884947E-0001  0.029627  0.982521   227.9   50.2  41.380   1473.960  2259421.7540   282.0751    0.000       31
 3.03831626729443153E+0000  6.79518177505448144E-0001  7.22997711220821837E+0001  2.82627882058882191E+0002  1.77377704760720356E+0002  4.11050053943928589E-0001  0.023082  0.974242   228.0   50.5  41.562   1959.009  2436572.9658   283.9284    0.000       46
 3.03808648690328373E+0000  6.79493741020870498E-0001  7.23013368628821651E+0001  2.82627884196022766E+0002  1.77379537613102756E+0002  3.46257259317833463E-0001  0.019418  0.974093   228.0   50.5  41.564   1959.009  2436572.6188   283.5746    0.000       46
 3.03757578597571726E+0000  6.79439675598080939E-0001  7.23025534137671530E+0001  2.82627877010213842E+0002  1.77381471735975363E+0002  2.95184540141209214E-0001  0.018764  0.973993   228.0   50.5  41.564   1959.008  2436572.3454   283.2959    0.000       46
 3.03694810806517333E+0000  6.79373291924746655E-0001  7.23032583265259446E+0001  2.82627868522923624E+0002  1.77383108068839511E+0002  2.49092860863420180E-0001  0.020087  0.973916   228.0   50.5  41.563   1959.007  2436572.0986   283.0444    0.000       46
 3.03634116058893903E+0000  6.79309119687899491E-0001  7.23035451907419753E+0001  2.82627863418891997E+0002  1.77384324399315888E+0002  2.02289234757402546E-0001  0.022970  0.973852   228.0   50.5  41.561   1959.006  2436571.8478   282.7888    0.000       46
 3.03582071459496354E+0000  6.79254098220104653E-0001  7.23035675072186036E+0001  2.82627862974218870E+0002  1.77385163127619624E+0002  1.50809047132125677E-0001  0.027349  0.973796   228.0   50.5  41.558   1959.006  2436571.5719   282.5075    0.000       46
 2.99587034581969398E+0000  6.62655951668224989E-0001  7.24897875337978962E+0001  2.82752520807372783E+0002  1.81689042271682528E+0002 -1.75648934420816391E-0001  0.029197  1.010721   224.0   51.2  40.994   1747.999  2359502.9998   283.0591    0.000       58
 2.99596772617776497E+0000  6.62666739157721431E-0001  7.24898589220547343E+0001  2.82752521395218781E+0002  1.81685991905931784E+0002 -2.55026480194758435E-0001  0.027712  1.010812   224.0   51.2  40.995   1747.997  2359502.5797   282.6306    0.000       58
 2.99592777268198903E+0000  6.62662033829908131E-0001  7.24896749597236281E+0001  2.82752522295683926E+0002  1.81683343693012762E+0002 -3.25236964343660544E-0001  0.029295  1.010921   224.0   51.2  40.994   1747.996  2359502.2082   282.2518    0.000       58
 2.97774507528640445E+0000  6.72815892647836552E-0001  7.29185513980098909E+0001  2.83525595528840768E+0002  1.76011538066758325E+0002  7.67506968225563953E-0001  0.025592  0.975948   226.5   50.6  41.760   1938.007  2428901.8885   283.2245    0.000       66
 2.97846780321691151E+0000  6.72894979823056548E-0001  7.29179929116222021E+0001  2.83525585244042167E+0002  1.76013227836792804E+0002  6.94091243905158060E-0001  0.022053  0.975645   226.5   50.6  41.762   1938.006  2428901.5085   282.8369    0.000       66
 2.97899648024352390E+0000  6.72952757146922198E-0001  7.29170428217897883E+0001  2.83525574985232060E+0002  1.76014834816318653E+0002  6.35010926275399923E-0001  0.021741  0.975423   226.5   50.6  41.762   1938.005  2428901.2025   282.5249    0.000       66
 2.97928280171206068E+0000  6.72983986758988489E-0001  7.29159821676210773E+0001  2.83525570805010089E+0002  1.76016086070378436E+0002  5.80591906232453068E-0001  0.023596  0.975235   226.5   50.6  41.761   1938.004  2428900.9200   282.2369    0.000       66
 2.97938320114727417E+0000  6.72994876578738341E-0001  7.29150076541486111E+0001  2.83525573592828574E+0002  1.76016949829930380E+0002  5.24530013655179026E-0001  0.027221  0.975059   226.5   50.6  41.759   1938.003  2428900.6283   281.9395    0.000       66
 3.03398895655789727E+0000  6.72915136630126477E-0001  7.20439379470172291E+0001  2.83571191821497010E+0002  1.74626920367186490E+0002  9.70420543568392448E-0001  0.025782  0.995103   227.8   50.2  41.077   1587.995  2301062.6792   283.7916    0.000       81
 3.03485862262679274E+0000  6.73009389015665372E-0001  7.20439461979154235E+0001  2.83571192414762699E+0002  1.74625150317224931E+0002  8.94832091959184176E-0001  0.019733  0.994696   227.8   50.2  41.080   1587.994  2301062.2747   283.3790    0.000       81
 3.03566354462953477E+0000  6.73096751567070087E-0001  7.20433472089183129E+0001  2.83571186076830297E+0002  1.74622633817871385E+0002  8.39883342072415627E-0001  0.017456  0.994419   227.8   50.2  41.082   1587.993  2301061.9800   283.0784    0.000       81
 3.03619684397696409E+0000  6.73154794224939628E-0001  7.20422990044990241E+0001  2.83571181064157051E+0002  1.74620029045217450E+0002  7.94730145629511034E-0001  0.017565  0.994204   227.8   50.2  41.081   1587.992  2301061.7368   282.8304    0.000       81
 3.03644534138886566E+0000  6.73182028738753950E-0001  7.20411227071743462E+0001  2.83571181765749730E+0002  1.74617828268315727E+0002  7.52222632622265310E-0001  0.019316  0.994012   227.8   50.2  41.080   1587.992  2301061.5075   282.5965    0.000       81
 3.03649374868098984E+0000  6.73187577768492590E-0001  7.20400328412448498E+0001  2.83571188344228421E+0002  1.74616166686767483E+0002  7.07600987806824442E-0001  0.022463  0.993822   227.8   50.2  41.078   1587.991  2301061.2668   282.3510    0.000       81
 3.03642949227022435E+0000  6.73180881553929193E-0001  7.20391178099893371E+0001  2.83571199315771872E+0002  1.74614991339929808E+0002  6.57373781335028391E-0001  0.027025  0.993622   227.8   50.3  41.074   1587.990  2301060.9961   282.0749    0.000       81
 3.01713903156086387E+0000  6.72149058657387642E-0001  7.21388721498721758E+0001  2.84054771323937378E+0002  1.72560016527704893E+0002  1.21155313001596105E+0000  0.025512  0.993377   228.4   49.9  41.111   1472.962  2259057.7204   283.3204    0.000       86
 3.01764999921318582E+0000  6.72204915850257614E-0001  7.21380712942658815E+0001  2.84054762055317072E+0002  1.72559163482727734E+0002  1.14349160016545554E+0000  0.024731  0.992920   228.4   49.9  41.112   1472.961  2259057.3595   282.9525    0.000       86
 3.01794497151037495E+0000  6.72237247657333720E-0001  7.21371330823398735E+0001  2.84054758509843965E+0002  1.72558321008945663E+0002  1.08195396418505744E+0000  0.026512  0.992529   228.4   49.9  41.110   1472.960  2259057.0325   282.6192    0.000       86
 2.99209016165630538E+0000  6.70981655700351862E-0001  7.24619247563407740E+0001  2.82437140971119666E+0002  1.85321390787080750E+0002 -6.18073519785054697E-0001  0.020037  0.985531   222.6   52.6  41.384   1771.999  2368269.3082   283.2128    0.000       98
 2.99314651356429769E+0000  6.71097513021410402E-0001  7.24635631973612510E+0001  2.82437167100616892E+0002  1.85319699539700767E+0002 -6.74292593039323167E-0001  0.013051  0.985738   222.6   52.6  41.388   1771.999  2368269.0097   282.9084    0.000       98
 2.99482968981584653E+0000  6.71281725646324144E-0001  7.24659130472577900E+0001  2.82437191072513513E+0002  1.85315968468982108E+0002 -7.11034299476530378E-0001  0.008526  0.985886   222.6   52.6  41.392   1771.998  2368268.8105   282.7053    0.000       98
 2.99742984541804108E+0000  6.71565366875294808E-0001  7.24689256827628223E+0001  2.82437210273139971E+0002  1.85307784688170286E+0002 -7.34391330930554630E-0001  0.005696  0.985991   222.6   52.6  41.396   1771.998  2368268.6761   282.5682    0.000       98
 3.00077773113691066E+0000  6.71928831620199698E-0001  7.24715857670051095E+0001  2.82437220544282023E+0002  1.85292499242878442E+0002 -7.47770603786404776E-0001  0.004141  0.986062   222.6   52.6  41.400   1771.997  2368268.5869   282.4773    0.000       98
 3.00400360078650898E+0000  6.72276704395792888E-0001  7.24722532269943889E+0001  2.82437222216201151E+0002  1.85270370210601654E+0002 -7.55172692584782196E-0001  0.003439  0.986113   222.6   52.6  41.403   1771.997  2368268.5241   282.4132    0.000       98
 3.00606319155427948E+0000  6.72496410782478614E-0001  7.24702757210296538E+0001  2.82437221064658064E+0002  1.85246790541855315E+0002 -7.60185776763231410E-0001  0.003287  0.986153   222.7   52.6  41.404   1771.997  2368268.4752   282.3633    0.000       98
 3.00676613824424695E+0000  6.72568809899716347E-0001  7.24665960588172265E+0001  2.82437222589165643E+0002  1.85226860914548951E+0002 -7.65261226292657537E-0001  0.003492  0.986189   222.7   52.6  41.403   1771.997  2368268.4316   282.3189    0.000       98
 3.00651727939527332E+0000  6.72538570156551660E-0001  7.24624068927157582E+0001  2.82437228550295599E+0002  1.85212165114982437E+0002 -7.71536184765794235E-0001  0.003974  0.986226   222.7   52.6  41.401   1771.997  2368268.3877   282.2741    0.000       98
 3.00577205393348555E+0000  6.72455200027443490E-0001  7.24584538588909927E+0001  2.82437238427636379E+0002  1.85202181934324855E+0002 -7.79487968651906936E-0001  0.004718  0.986266   222.7   52.6  41.398   1771.997  2368268.3396   282.2251    0.000       98
 3.00484626925782811E+0000  6.72352831582671226E-0001  7.24550407905464300E+0001  2.82437251118103390E+0002  1.85195722427538601E+0002 -7.89480114608755234E-0001  0.005750  0.986313   222.7   52.6  41.395   1771.997  2368268.2839   282.1683    0.000       98
 3.00392272907602702E+0000  6.72251161032633112E-0001  7.24522433267611500E+0001  2.82437265547851404E+0002  1.85191701577306539E+0002 -8.01892229293104844E-0001  0.007115  0.986371   222.7   52.6  41.393   1771.996  2368268.2173   282.1004    0.000       98
 3.00308928129955343E+0000  6.72159608078040345E-0001  7.24500168838793133E+0001  2.82437280901643534E+0002  1.85189271423876396E+0002 -8.17214311320309355E-0001  0.008875  0.986442   222.7   52.6  41.391   1771.996  2368268.1364   282.0180    0.000       98
 3.00237516092310383E+0000  6.72081259166484551E-0001  7.24482689483534467E+0001  2.82437296667488819E+0002  1.85187836181008380E+0002 -8.36116803986391137E-0001  0.011113  0.986530   222.7   52.6  41.389   1771.996  2368268.0372   281.9168    0.000       98
 3.00177509023922941E+0000  6.72015472841189960E-0001  7.24468915399549656E+0001  2.82437312711681405E+0002  1.85187002712762025E+0002 -8.59734359645488262E-0001  0.013969  0.986643   222.7   52.6  41.386   1771.996  2368267.9134   281.7905    0.000       98
 3.00128521392903008E+0000  6.71961793984122205E-0001  7.24458205294010419E+0001  2.82437328689418342E+0002  1.85186541669017745E+0002 -8.88983984211740522E-0001  0.017555  0.986788   222.7   52.6  41.384   1771.995  2368267.7599   281.6340    0.000       98
 3.00089151272303531E+0000  6.71918668545729304E-0001  7.24449914547340761E+0001  2.82437344407747994E+0002  1.85186301974576113E+0002 -9.24964205796079368E-0001  0.022008  0.986973   222.7   52.6  41.381   1771.995  2368267.5709   281.4414    0.000       98
 3.00057540255353244E+0000  6.71884051130369327E-0001  7.24443451135549112E+0001  2.82437359880600592E+0002  1.85186189940876651E+0002 -9.69330150839798959E-0001  0.027532  0.987211   222.7   52.6  41.377   1771.994  2368267.3377   281.2036    0.000       98
 3.03621057771611539E+0000  6.74464755456882173E-0001  7.19368474430150096E+0001  2.83559280077310424E+0002  1.72547058157827896E+0002  1.28092602507430546E+0000  0.028729  0.993205   229.5   49.5  41.070   1583.997  2299602.4955   284.6469    0.000       99
 3.03693609667799537E+0000  6.74543075678755427E-0001  7.19379934766646172E+0001  2.83559303641263974E+0002  1.72545737273230872E+0002  1.19728418325673238E+0000  0.018887  0.992601   229.5   49.5  41.076   1583.996  2299602.0480   284.1908    0.000       99
 3.03793708051569545E+0000  6.74651498377576880E-0001  7.19394193716698756E+0001  2.83559320876200909E+0002  1.72542452720442651E+0002  1.14145207112579318E+0000  0.013007  0.992220   229.5   49.5  41.079   1583.995  2299601.7489   283.8860    0.000       99
 3.03901259809100945E+0000  6.74768746157384962E-0001  7.19406582470837584E+0001  2.83559328880260741E+0002  1.72536090155025780E+0002  1.10375203181111720E+0000  0.009949  0.991969   229.5   49.5  41.082   1583.995  2299601.5449   283.6781    0.000       99
 3.03975568701156571E+0000  6.74850999331866027E-0001  7.19410629067538270E+0001  2.83559330062209956E+0002  1.72527293128556484E+0002  1.07691075964342719E+0000  0.008796  0.991792   229.5   49.5  41.083   1583.994  2299601.3961   283.5265    0.000       99
 3.03996764643976449E+0000  6.74876319951817520E-0001  7.19405289854323858E+0001  2.83559330766864883E+0002  1.72518439806313475E+0002  1.05549011178110521E+0000  0.008842  0.991651   229.5   49.5  41.082   1583.994  2299601.2748   283.4028    0.000       99
 3.03978259681660388E+0000  6.74858614407876726E-0001  7.19394639224691998E+0001  2.83559334780987933E+0002  1.72511210108332291E+0002  1.03582615483871293E+0000  0.009675  0.991523   229.6   49.5  41.082   1583.994  2299601.1629   283.2888    0.000       99
 3.03938579638161176E+0000  6.74817705741236206E-0001  7.19382015478728566E+0001  2.83559342889735901E+0002  1.72505683944598986E+0002  1.01464910757197699E+0000  0.011206  0.991389   229.6   49.5  41.080   1583.993  2299601.0437   283.1673    0.000       99
 3.03891638582465192E+0000  6.74768528072543512E-0001  7.19369760098316032E+0001  2.83559354395048089E+0002  1.72501759134582446E+0002  9.90272107923826796E-0001  0.013464  0.991240   229.6   49.5  41.079   1583.993  2299600.9083   283.0293    0.000       99
 3.03846356989855766E+0000  6.74720738907211079E-0001  7.19359108491463750E+0001  2.83559368053082974E+0002  1.72499111389822097E+0002  9.61481364835243020E-0001  0.016503  0.991072   229.6   49.5  41.077   1583.992  2299600.7503   282.8683    0.000       99
 3.03805944041388076E+0000  6.74677902930632777E-0001  7.19350208907336347E+0001  2.83559383111197725E+0002  1.72497334068973747E+0002  9.26308041287206287E-0001  0.020502  0.990874   229.6   49.5  41.074   1583.992  2299600.5589   282.6732    0.000       99
 3.03772032791791610E+0000  6.74641855142072721E-0001  7.19343077076676076E+0001  2.83559398728257833E+0002  1.72496161463754663E+0002  8.83440575407502712E-0001  0.025594  0.990644   229.6   49.5  41.071   1583.991  2299600.3268   282.4367    0.000       99
