 2.99578687181673279E+0000  6.75834184939626172E-0001  7.25278614948356748E+0001  2.83560867814634561E+0002  1.73943912845698649E+0002  1.05191217546932627E+0000  0.025840  0.974371   229.0   49.8  41.635   1956.012  2435477.8829   284.6248   0.0        4
 2.99645761796894994E+0000  6.75906006383269540E-0001  7.25292274395821114E+0001  2.83560892937527143E+0002  1.73946774990696384E+0002  9.74102583650223448E-0001  0.017266  0.973915   229.0   49.8  41.640   1956.011  2435477.4776   284.2116   0.0        4
 2.99718026946571826E+0000  6.75982818532705720E-0001  7.25308437381387509E+0001  2.83560910030094864E+0002  1.73952045634359057E+0002  9.21911253402205167E-0001  0.012563  0.973631   229.0   49.8  41.643   1956.010  2435477.2087   283.9376   0.0        4
 2.99765576782198649E+0000  6.76032348843502048E-0001  7.25321828371941312E+0001  2.83560917115585764E+0002  1.73959599122930976E+0002  8.84629795799073878E-0001  0.010450  0.973441   229.0   49.8  41.644   1956.010  2435477.0193   283.7445   0.0        4
 2.99768111580650552E+0000  6.76033149801098908E-0001  7.25327684205535576E+0001  2.83560918000010816E+0002  1.73967585433156926E+0002  8.55427714748542692E-0001  0.010004  0.973298   229.0   49.8  41.645   1956.009  2435476.8715   283.5939   0.0        4
 2.99734346429234204E+0000  6.75995052686913968E-0001  7.25326372184794287E+0001  2.83560918451493463E+0002  1.73974294604099802E+0002  8.29576774704746376E-0001  0.010643  0.973174   229.0   49.8  41.644   1956.009  2435476.7396   283.4595   0.0        4
 2.99683097237318130E+0000  6.75938488507465736E-0001  7.25320813982144177E+0001  2.83560921556326498E+0002  1.73979214332113621E+0002  8.03838261566378188E-0001  0.012123  0.973053   229.0   49.8  41.643   1956.008  2435476.6067   283.3240   0.0        4
 2.99628593323782827E+0000  6.75878773386997309E-0001  7.25313610401296700E+0001  2.83560927928034988E+0002  1.73982538523726857E+0002  7.75906243340166032E-0001  0.014400  0.972925   229.0   49.8  41.641   1956.008  2435476.4609   283.1754   0.0        4
 2.99578201506360931E+0000  6.75823769943043756E-0001  7.25306321044903126E+0001  2.83560937113776537E+0002  1.73984680210090709E+0002  7.43698595059396501E-0001  0.017554  0.972782   229.0   49.8  41.639   1956.008  2435476.2920   283.0033   0.0        4
 2.99534945047042875E+0000  6.75776662756898445E-0001  7.25299725692930828E+0001  2.83560948361790023E+0002  1.73986012111356783E+0002  7.05289069044476204E-0001  0.021723  0.972619   229.0   49.8  41.637   1956.007  2435476.0901   282.7975   0.0        4
 2.99499339285442329E+0000  6.75737946985939089E-0001  7.25294110146109898E+0001  2.83560960961745386E+0002  1.73986819905110639E+0002  6.58678612160980161E-0001  0.027095  0.972433   229.0   49.8  41.633   1956.006  2435475.8449   282.5476   0.0        4
 3.03831626729443153E+0000  6.79518177505448144E-0001  7.22997711220821837E+0001  2.82627882058882191E+0002  1.77377704760720356E+0002  4.11050053943928589E-0001  0.023082  0.974242   228.0   50.5  41.562   1959.009  2436572.9658   283.9284   0.0       46
 3.03808648690328373E+0000  6.79493741020870498E-0001  7.23013368628821651E+0001  2.82627884196022766E+0002  1.77379537613102756E+0002  3.46257259317833463E-0001  0.019418  0.974093   228.0   50.5  41.564   1959.009  2436572.6188   283.5746   0.0       46
 3.03757578597571726E+0000  6.79439675598080939E-0001  7.23025534137671530E+0001  2.82627877010213842E+0002  1.77381471735975363E+0002  2.95184540141209214E-0001  0.018764  0.973993   228.0   50.5  41.564   1959.008  2436572.3454   283.2959   0.0       46
 3.03694810806517333E+0000  6.79373291924746655E-0001  7.23032583265259446E+0001  2.82627868522923624E+0002  1.77383108068839511E+0002  2.49092860863420180E-0001  0.020087  0.973916   228.0   50.5  41.563   1959.007  2436572.0986   283.0444   0.0       46
 3.03634116058893903E+0000  6.79309119687899491E-0001  7.23035451907419753E+0001  2.82627863418891997E+0002  1.77384324399315888E+0002  2.02289234757402546E-0001  0.022970  0.973852   228.0   50.5  41.561   1959.006  2436571.8478   282.7888   0.0       46
 3.03582071459496354E+0000  6.79254098220104653E-0001  7.23035675072186036E+0001  2.82627862974218870E+0002  1.77385163127619624E+0002  1.50809047132125677E-0001  0.027349  0.973796   228.0   50.5  41.558   1959.006  2436571.5719   282.5075   0.0       46
 2.97774507528640445E+0000  6.72815892647836552E-0001  7.29185513980098909E+0001  2.83525595528840768E+0002  1.76011538066758325E+0002  7.67506968225563953E-0001  0.025592  0.975948   226.5   50.6  41.760   1938.007  2428901.8885   283.2245   0.0       66
 2.97846780321691151E+0000  6.72894979823056548E-0001  7.29179929116222021E+0001  2.83525585244042167E+0002  1.76013227836792804E+0002  6.94091243905158060E-0001  0.022053  0.975645   226.5   50.6  41.762   1938.006  2428901.5085   282.8369   0.0       66
 2.97899648024352390E+0000  6.72952757146922198E-0001  7.29170428217897883E+0001  2.83525574985232060E+0002  1.76014834816318653E+0002  6.35010926275399923E-0001  0.021741  0.975423   226.5   50.6  41.762   1938.005  2428901.2025   282.5249   0.0       66
 2.97928280171206068E+0000  6.72983986758988489E-0001  7.29159821676210773E+0001  2.83525570805010089E+0002  1.76016086070378436E+0002  5.80591906232453068E-0001  0.023596  0.975235   226.5   50.6  41.761   1938.004  2428900.9200   282.2369   0.0       66
 2.97938320114727417E+0000  6.72994876578738341E-0001  7.29150076541486111E+0001  2.83525573592828574E+0002  1.76016949829930380E+0002  5.24530013655179026E-0001  0.027221  0.975059   226.5   50.6  41.759   1938.003  2428900.6283   281.9395   0.0       66
