 0.3963104   2079.407   2480548.0153  5       1
 0.7771610      2079.4069 -5.1573327 5  0.0042693
 0.3892269   2079.410   2480549.0153  5       1
 0.7845379      2079.4096 -5.1558448 5  0.0040982
 0.3821632   2079.412   2480550.0153  5       1
 0.7919131      2079.4124 -5.1543460 5  0.0039272
 0.3751203   2079.415   2480551.0153  5       1
 0.7992868      2079.4151 -5.1528365 5  0.0037561
 0.3680997   2079.418   2480552.0153  5       1
 0.8066587      2079.4179 -5.1513162 5  0.0035850
 0.3611027   2079.421   2480553.0153  5       1
 0.8140290      2079.4206 -5.1497851 5  0.0034139
 0.3541308   2079.423   2480554.0153  5       1
 0.8213976      2079.4233 -5.1482433 5  0.0032429
 0.3471857   2079.426   2480555.0153  5       1
 0.8287644      2079.4261 -5.1466908 5  0.0030718
 0.3402691   2079.429   2480556.0153  5       1
 0.8361295      2079.4288 -5.1451274 5  0.0029007
 0.3333829   2079.432   2480557.0153  5       1
 0.8434929      2079.4315 -5.1435533 5  0.0027295
 0.3265291   2079.434   2480558.0153  5       1
 0.8508545      2079.4343 -5.1419685 5  0.0025584
 0.3197100   2079.437   2480559.0153  5       1
 0.8582144      2079.4370 -5.1403729 5  0.0023873
 0.3129279   2079.440   2480560.0153  5       1
 0.8655724      2079.4398 -5.1387665 5  0.0022162
 0.3061854   2079.443   2480561.0153  5       1
 0.8729287      2079.4425 -5.1371494 5  0.0020450
 0.2994854   2079.445   2480562.0153  5       1
 0.8802831      2079.4452 -5.1355215 5  0.0018739
 0.2928309   2079.448   2480563.0153  5       1
 0.8876357      2079.4480 -5.1338828 5  0.0017028
 0.2862251   2079.451   2480564.0153  5       1
 0.8949864      2079.4507 -5.1322334 5  0.0015316
 0.2796717   2079.453   2480565.0153  5       1
 0.9023353      2079.4535 -5.1305733 5  0.0013605
 0.2731746   2079.456   2480566.0153  5       1
 0.9096822      2079.4562 -5.1289024 5  0.0011893
 0.2667381   2079.459   2480567.0153  5       1
 0.9170273      2079.4589 -5.1272208 5  0.0010182
 0.2603669   2079.462   2480568.0153  5       1
 0.9243704      2079.4617 -5.1255284 5  0.0008470
 0.2540659   2079.464   2480569.0153  5       1
 0.9317116      2079.4644 -5.1238252 5  0.0006759
 0.2478408   2079.467   2480570.0153  5       1
 0.9390509      2079.4672 -5.1221114 5  0.0005047
 0.2416975   2079.470   2480571.0153  5       1
 0.9463882      2079.4699 -5.1203867 5  0.0003335
 0.2325316   2079.474   2480572.5353  5       1
 0.9575371      2079.4741 -5.1177447 5  0.0000734
 0.2266252   2079.477   2480573.5353  5       1
 0.9648693      2079.4768 -5.1159930 5 -0.0000978
 0.2208267   2079.480   2480574.5353  5       1
 0.9721995      2079.4795 -5.1142306 5 -0.0002689
 0.2151450   2079.482   2480575.5353  5       1
 0.9795277      2079.4823 -5.1124574 5 -0.0004401
 0.2095897   2079.485   2480576.5353  5       1
 0.9868539      2079.4850 -5.1106735 5 -0.0006113
 0.2041715   2079.488   2480577.5353  5       1
 0.9941780      2079.4878 -5.1088788 5 -0.0007824
 0.1989018   2079.491   2480578.5353  5       1
 1.0014999      2079.4905 -5.1070735 5 -0.0009536
 0.1937928   2079.493   2480579.5353  5       1
 1.0088198      2079.4932 -5.1052573 5 -0.0011247
 0.1888581   2079.496   2480580.5353  5       1
 1.0161376      2079.4960 -5.1034305 5 -0.0012959
 0.1841117   2079.499   2480581.5353  5       1
 1.0234532      2079.4987 -5.1015929 5 -0.0014670
 0.1795690   2079.501   2480582.5353  5       1
 1.0307667      2079.5015 -5.0997446 5 -0.0016382
 0.1752459   2079.504   2480583.5353  5       1
 1.0380780      2079.5042 -5.0978856 5 -0.0018093
 0.1711595   2079.507   2480584.5353  5       1
 1.0453871      2079.5069 -5.0960158 5 -0.0019805
 0.1673273   2079.510   2480585.5353  5       1
 1.0526941      2079.5097 -5.0941354 5 -0.0021516
 0.1637676   2079.512   2480586.5353  5       1
 1.0599988      2079.5124 -5.0922442 5 -0.0023227
 0.1604986   2079.515   2480587.5353  5       1
 1.0673013      2079.5152 -5.0903422 5 -0.0024938
 0.1575387   2079.518   2480588.5353  5       1
 1.0746015      2079.5179 -5.0884296 5 -0.0026650
 0.1549059   2079.521   2480589.5353  5       1
 1.0818995      2079.5206 -5.0865063 5 -0.0028361
 0.1526174   2079.523   2480590.5353  5       1
 1.0891952      2079.5234 -5.0845722 5 -0.0030072
 0.1506891   2079.526   2480591.5353  5       1
 1.0964886      2079.5261 -5.0826274 5 -0.0031783
 0.1491351   2079.529   2480592.5353  5       1
 1.1037798      2079.5289 -5.0806719 5 -0.0033494
 0.1479674   2079.532   2480593.5353  5       1
 1.1110685      2079.5316 -5.0787057 5 -0.0035205
 0.1471952   2079.534   2480594.5353  5       1
 1.1183550      2079.5343 -5.0767288 5 -0.0036916
 0.1468250   2079.537   2480595.5353  5       1
 1.1256391      2079.5371 -5.0747412 5 -0.0038626
 0.1468598   2079.540   2480596.5353  5       1
 1.1329208      2079.5398 -5.0727429 5 -0.0040337
 0.1472992   2079.543   2480597.5353  5       1
 1.1402001      2079.5426 -5.0707339 5 -0.0042047
 0.1481398   2079.545   2480598.5353  5       1
 1.1474770      2079.5453 -5.0687142 5 -0.0043758
 0.1493746   2079.548   2480599.5353  5       1
 1.1547515      2079.5480 -5.0666838 5 -0.0045468
 0.1509938   2079.551   2480600.5353  5       1
 1.1620235      2079.5508 -5.0646427 5 -0.0047179
 0.1529852   2079.554   2480601.5353  5       1
 1.1692932      2079.5535 -5.0625909 5 -0.0048889
 0.1553342   2079.556   2480602.5353  5       1
 1.1765603      2079.5563 -5.0605284 5 -0.0050599
 0.1580247   2079.559   2480603.5353  5       1
 1.1838249      2079.5590 -5.0584552 5 -0.0052309
 0.1610394   2079.562   2480604.5353  5       1
 1.1910871      2079.5617 -5.0563714 5 -0.0054019
 0.1643602   2079.564   2480605.5353  5       1
 1.1983467      2079.5645 -5.0542768 5 -0.0055728
 0.1679688   2079.567   2480606.5353  5       1
 1.2056038      2079.5672 -5.0521716 5 -0.0057438
 0.1718467   2079.570   2480607.5353  5       1
 1.2128584      2079.5700 -5.0500557 5 -0.0059148
 0.1782165   2079.574   2480609.0553  5       1
 1.2238804      2079.5741 -5.0468191 5 -0.0061746
 0.1826945   2079.577   2480610.0553  5       1
 1.2311285      2079.5769 -5.0446763 5 -0.0063455
 0.1873810   2079.580   2480611.0553  5       1
 1.2383739      2079.5796 -5.0425228 5 -0.0065164
 0.1922607   2079.582   2480612.0553  5       1
 1.2456168      2079.5823 -5.0403586 5 -0.0066873
 0.1973189   2079.585   2480613.0553  5       1
 1.2528570      2079.5851 -5.0381838 5 -0.0068582
 0.2025421   2079.588   2480614.0553  5       1
 1.2600945      2079.5878 -5.0359983 5 -0.0070290
 0.2079176   2079.591   2480615.0553  5       1
 1.2673294      2079.5906 -5.0338022 5 -0.0071999
 0.2134337   2079.593   2480616.0553  5       1
 1.2745616      2079.5933 -5.0315954 5 -0.0073707
 0.2190795   2079.596   2480617.0553  5       1
 1.2817911      2079.5960 -5.0293779 5 -0.0075415
 0.2248452   2079.599   2480618.0553  5       1
 1.2890179      2079.5988 -5.0271498 5 -0.0077123
 0.2307215   2079.602   2480619.0553  5       1
 1.2962419      2079.6015 -5.0249110 5 -0.0078831
 0.2367001   2079.604   2480620.0553  5       1
 1.3034632      2079.6043 -5.0226616 5 -0.0080539
 0.2427731   2079.607   2480621.0553  5       1
 1.3106818      2079.6070 -5.0204016 5 -0.0082246
 0.2489335   2079.610   2480622.0553  5       1
 1.3178975      2079.6097 -5.0181308 5 -0.0083953
 0.2551748   2079.612   2480623.0553  5       1
 1.3251105      2079.6125 -5.0158495 5 -0.0085661
 0.2614911   2079.615   2480624.0553  5       1
 1.3323207      2079.6152 -5.0135575 5 -0.0087368
 0.2678769   2079.618   2480625.0553  5       1
 1.3395280      2079.6180 -5.0112549 5 -0.0089074
 0.2743273   2079.621   2480626.0553  5       1
 1.3467325      2079.6207 -5.0089416 5 -0.0090781
 0.2808375   2079.623   2480627.0553  5       1
 1.3539341      2079.6234 -5.0066177 5 -0.0092487
 0.2874035   2079.626   2480628.0553  5       1
 1.3611329      2079.6262 -5.0042832 5 -0.0094193
 0.2940213   2079.629   2480629.0553  5       1
 1.3683287      2079.6289 -5.0019381 5 -0.0095899
 0.3006875   2079.632   2480630.0553  5       1
 1.3755217      2079.6317 -4.9995823 5 -0.0097605
 0.3073986   2079.634   2480631.0553  5       1
 1.3827117      2079.6344 -4.9972159 5 -0.0099311
 0.3141519   2079.637   2480632.0553  5       1
 1.3898988      2079.6371 -4.9948389 5 -0.0101016
 0.3209444   2079.640   2480633.0553  5       1
 1.3970830      2079.6399 -4.9924513 5 -0.0102721
 0.3277735   2079.643   2480634.0553  5       1
 1.4042641      2079.6426 -4.9900530 5 -0.0104426
 0.3346371   2079.645   2480635.0553  5       1
 1.4114423      2079.6454 -4.9876442 5 -0.0106131
 0.3415328   2079.648   2480636.0553  5       1
 1.4186175      2079.6481 -4.9852247 5 -0.0107836
 0.3484587   2079.651   2480637.0553  5       1
 1.4257897      2079.6508 -4.9827947 5 -0.0109540
 0.3554129   2079.654   2480638.0553  5       1
 1.4329588      2079.6536 -4.9803540 5 -0.0111244
 0.3623936   2079.656   2480639.0553  5       1
 1.4401249      2079.6563 -4.9779028 5 -0.0112948
 0.3693994   2079.659   2480640.0553  5       1
 1.4472879      2079.6591 -4.9754409 5 -0.0114651
 0.3764285   2079.662   2480641.0553  5       1
 1.4544479      2079.6618 -4.9729685 5 -0.0116354
 0.3834798   2079.665   2480642.0553  5       1
 1.4616047      2079.6645 -4.9704855 5 -0.0118058
 0.3905519   2079.667   2480643.0553  5       1
 1.4687584      2079.6673 -4.9679919 5 -0.0119760
 0.3976435   2079.670   2480644.0553  5       1
 1.4759090      2079.6700 -4.9654877 5 -0.0121463
 0.3908767   2160.975   2510340.3358  3       1
 0.3762789   2160.978   2510341.3358  3       1
 0.3623904   2160.980   2510342.3358  3       1
 0.3493075   2160.983   2510343.3358  3       1
 0.3371348   2160.986   2510344.3358  3       1
 0.3259844   2160.989   2510345.3358  3       1
 0.3159737   2160.991   2510346.3358  3       1
 0.3072224   2160.994   2510347.3358  3       1
 0.2998479   2160.997   2510348.3358  3       1
 0.2939599   2161.000   2510349.3358  3       1
 0.2896540   2161.002   2510350.3358  3       1
 0.2870047   2161.005   2510351.3358  3       1
 0.2860604   2161.008   2510352.3358  3       1
 0.2868388   2161.011   2510353.3358  3       1
 0.2893257   2161.013   2510354.3358  3       1
 0.2934760   2161.016   2510355.3358  3       1
 0.2992177   2161.019   2510356.3358  3       1
 0.3064576   2161.021   2510357.3358  3       1
 0.3150875   2161.024   2510358.3358  3       1
 0.3249910   2161.027   2510359.3358  3       1
 0.3360493   2161.030   2510360.3358  3       1
 0.3481452   2161.032   2510361.3358  3       1
 0.3611669   2161.035   2510362.3358  3       1
 0.3750101   2161.038   2510363.3358  3       1
 0.3895787   2161.041   2510364.3358  3       1
 0.3985456   2186.278   2519581.8959  5       1
 1.0531380      2186.2778 -5.0960936 5 -0.0017125
 0.3952933   2186.281   2519582.8959  5       1
 1.0604383      2186.2805 -5.0942018 5 -0.0018831
 0.3921646   2186.283   2519583.8959  5       1
 1.0677365      2186.2833 -5.0922992 5 -0.0020538
 0.3891626   2186.286   2519584.8959  5       1
 1.0750324      2186.2860 -5.0903860 5 -0.0022245
 0.3862902   2186.289   2519585.8959  5       1
 1.0823260      2186.2888 -5.0884620 5 -0.0023952
 0.3835503   2186.291   2519586.8959  5       1
 1.0896174      2186.2915 -5.0865273 5 -0.0025658
 0.3809458   2186.294   2519587.8959  5       1
 1.0969065      2186.2942 -5.0845819 5 -0.0027365
 0.3784796   2186.297   2519588.8959  5       1
 1.1041932      2186.2970 -5.0826258 5 -0.0029072
 0.3761544   2186.300   2519589.8959  5       1
 1.1114777      2186.2997 -5.0806591 5 -0.0030778
 0.3739729   2186.302   2519590.8959  5       1
 1.1187598      2186.3025 -5.0786816 5 -0.0032485
 0.3719376   2186.305   2519591.8959  5       1
 1.1260395      2186.3052 -5.0766934 5 -0.0034191
 0.3700509   2186.308   2519592.8959  5       1
 1.1333169      2186.3079 -5.0746945 5 -0.0035897
 0.3683152   2186.311   2519593.8959  5       1
 1.1405919      2186.3107 -5.0726850 5 -0.0037603
 0.3667326   2186.313   2519594.8959  5       1
 1.1478645      2186.3134 -5.0706648 5 -0.0039310
 0.3653051   2186.316   2519595.8959  5       1
 1.1551346      2186.3162 -5.0686338 5 -0.0041016
 0.3640345   2186.319   2519596.8959  5       1
 1.1624024      2186.3189 -5.0665922 5 -0.0042722
 0.3629226   2186.322   2519597.8959  5       1
 1.1696677      2186.3216 -5.0645399 5 -0.0044428
 0.3619707   2186.324   2519598.8959  5       1
 1.1769305      2186.3244 -5.0624769 5 -0.0046133
 0.3611802   2186.327   2519599.8959  5       1
 1.1841908      2186.3271 -5.0604033 5 -0.0047839
 0.3605522   2186.330   2519600.8959  5       1
 1.1914487      2186.3299 -5.0583189 5 -0.0049545
 0.3600873   2186.333   2519601.8959  5       1
 1.1987040      2186.3326 -5.0562239 5 -0.0051250
 0.3597864   2186.335   2519602.8959  5       1
 1.2059568      2186.3353 -5.0541182 5 -0.0052956
 0.3596498   2186.338   2519603.8959  5       1
 1.2132071      2186.3381 -5.0520019 5 -0.0054661
 0.3596777   2186.341   2519604.8959  5       1
 1.2204548      2186.3408 -5.0498749 5 -0.0056366
 0.3598700   2186.344   2519605.8959  5       1
 1.2276999      2186.3436 -5.0477372 5 -0.0058071
 0.3602266   2186.346   2519606.8959  5       1
 1.2349425      2186.3463 -5.0455888 5 -0.0059776
 0.3607467   2186.349   2519607.8959  5       1
 1.2421824      2186.3490 -5.0434298 5 -0.0061481
 0.3614299   2186.352   2519608.8959  5       1
 1.2494197      2186.3518 -5.0412601 5 -0.0063186
 0.3622750   2186.355   2519609.8959  5       1
 1.2566544      2186.3545 -5.0390798 5 -0.0064890
 0.3632810   2186.357   2519610.8959  5       1
 1.2638864      2186.3572 -5.0368888 5 -0.0066595
 0.3651151   2186.361   2519612.4159  5       1
 1.2748740      2186.3614 -5.0335381 5 -0.0069185
 0.3665200   2186.364   2519613.4159  5       1
 1.2820992      2186.3642 -5.0313203 5 -0.0070889
 0.3680802   2186.367   2519614.4159  5       1
 1.2893218      2186.3669 -5.0290918 5 -0.0072593
 0.3697937   2186.370   2519615.4159  5       1
 1.2965416      2186.3696 -5.0268527 5 -0.0074297
 0.3716582   2186.372   2519616.4159  5       1
 1.3037586      2186.3724 -5.0246029 5 -0.0076000
 0.3736716   2186.375   2519617.4159  5       1
 1.3109730      2186.3751 -5.0223425 5 -0.0077704
 0.3758313   2186.378   2519618.4159  5       1
 1.3181845      2186.3779 -5.0200714 5 -0.0079407
 0.3781349   2186.381   2519619.4159  5       1
 1.3253933      2186.3806 -5.0177898 5 -0.0081110
 0.3805797   2186.383   2519620.4159  5       1
 1.3325992      2186.3833 -5.0154974 5 -0.0082813
 0.3831629   2186.386   2519621.4159  5       1
 1.3398023      2186.3861 -5.0131945 5 -0.0084516
 0.3858818   2186.389   2519622.4159  5       1
 1.3470026      2186.3888 -5.0108809 5 -0.0086219
 0.3887334   2186.392   2519623.4159  5       1
 1.3542001      2186.3916 -5.0085567 5 -0.0087921
 0.3917148   2186.394   2519624.4159  5       1
 1.3613946      2186.3943 -5.0062219 5 -0.0089623
 0.3948230   2186.397   2519625.4159  5       1
 1.3685863      2186.3970 -5.0038765 5 -0.0091325
 0.3980550   2186.400   2519626.4159  5       1
 1.3757751      2186.3998 -5.0015204 5 -0.0093027
 0.3961250   2198.017   2523869.7360  5       1
 0.7279873      2198.0171 -5.1673537 5  0.0058424
 0.3890243   2198.020   2523870.7360  5       1
 0.7353733      2198.0198 -5.1659358 5  0.0056718
 0.3819435   2198.023   2523871.7360  5       1
 0.7427577      2198.0226 -5.1645070 5  0.0055013
 0.3748838   2198.025   2523872.7360  5       1
 0.7501406      2198.0253 -5.1630675 5  0.0053307
 0.3678466   2198.028   2523873.7360  5       1
 0.7575219      2198.0280 -5.1616173 5  0.0051601
 0.3608332   2198.031   2523874.7360  5       1
 0.7649016      2198.0308 -5.1601562 5  0.0049895
 0.3538451   2198.034   2523875.7360  5       1
 0.7722797      2198.0335 -5.1586845 5  0.0048188
 0.3468840   2198.036   2523876.7360  5       1
 0.7796562      2198.0363 -5.1572019 5  0.0046482
 0.3399517   2198.039   2523877.7360  5       1
 0.7870311      2198.0390 -5.1557086 5  0.0044776
 0.3330500   2198.042   2523878.7360  5       1
 0.7944044      2198.0417 -5.1542045 5  0.0043069
 0.3261811   2198.044   2523879.7360  5       1
 0.8017760      2198.0445 -5.1526897 5  0.0041363
 0.3193470   2198.047   2523880.7360  5       1
 0.8091459      2198.0472 -5.1511640 5  0.0039656
 0.3125503   2198.050   2523881.7360  5       1
 0.8165142      2198.0500 -5.1496277 5  0.0037949
 0.3057935   2198.053   2523882.7360  5       1
 0.8238807      2198.0527 -5.1480806 5  0.0036242
 0.2990794   2198.055   2523883.7360  5       1
 0.8312455      2198.0554 -5.1465227 5  0.0034536
 0.2889630   2198.060   2523885.2560  5       1
 0.8424368      2198.0596 -5.1441341 5  0.0031941
 0.2823709   2198.062   2523886.2560  5       1
 0.8497972      2198.0623 -5.1425491 5  0.0030234
 0.2758336   2198.065   2523887.2560  5       1
 0.8571558      2198.0651 -5.1409534 5  0.0028527
 0.2693553   2198.068   2523888.2560  5       1
 0.8645127      2198.0678 -5.1393469 5  0.0026819
 0.2629404   2198.071   2523889.2560  5       1
 0.8718677      2198.0706 -5.1377296 5  0.0025112
 0.2565939   2198.073   2523890.2560  5       1
 0.8792210      2198.0733 -5.1361016 5  0.0023405
 0.2503210   2198.076   2523891.2560  5       1
 0.8865723      2198.0760 -5.1344628 5  0.0021697
 0.2441277   2198.079   2523892.2560  5       1
 0.8939219      2198.0788 -5.1328133 5  0.0019990
 0.2380203   2198.082   2523893.2560  5       1
 0.9012695      2198.0815 -5.1311531 5  0.0018283
 0.2320058   2198.084   2523894.2560  5       1
 0.9086153      2198.0843 -5.1294821 5  0.0016575
 0.2260918   2198.087   2523895.2560  5       1
 0.9159592      2198.0870 -5.1278003 5  0.0014868
 0.2202865   2198.090   2523896.2560  5       1
 0.9233012      2198.0897 -5.1261079 5  0.0013160
 0.2145990   2198.092   2523897.2560  5       1
 0.9306412      2198.0925 -5.1244046 5  0.0011452
 0.2090391   2198.095   2523898.2560  5       1
 0.9379793      2198.0952 -5.1226907 5  0.0009745
 0.2036174   2198.098   2523899.2560  5       1
 0.9453154      2198.0980 -5.1209659 5  0.0008037
 0.1983456   2198.101   2523900.2560  5       1
 0.9526496      2198.1007 -5.1192305 5  0.0006329
 0.1932361   2198.103   2523901.2560  5       1
 0.9599817      2198.1034 -5.1174843 5  0.0004622
 0.1883023   2198.106   2523902.2560  5       1
 0.9673119      2198.1062 -5.1157274 5  0.0002914
 0.1835588   2198.109   2523903.2560  5       1
 0.9746400      2198.1089 -5.1139597 5  0.0001206
 0.1790207   2198.112   2523904.2560  5       1
 0.9819660      2198.1117 -5.1121813 5 -0.0000501
 0.1747045   2198.114   2523905.2560  5       1
 0.9892900      2198.1144 -5.1103922 5 -0.0002209
 0.1706272   2198.117   2523906.2560  5       1
 0.9966120      2198.1171 -5.1085923 5 -0.0003917
 0.1668066   2198.120   2523907.2560  5       1
 1.0039318      2198.1199 -5.1067817 5 -0.0005624
 0.1632609   2198.123   2523908.2560  5       1
 1.0112496      2198.1226 -5.1049604 5 -0.0007332
 0.1600088   2198.125   2523909.2560  5       1
 1.0185652      2198.1254 -5.1031283 5 -0.0009040
 0.1570686   2198.128   2523910.2560  5       1
 1.0258787      2198.1281 -5.1012856 5 -0.0010747
 0.1544584   2198.131   2523911.2560  5       1
 1.0331900      2198.1308 -5.0994321 5 -0.0012455
 0.1521953   2198.134   2523912.2560  5       1
 1.0404992      2198.1336 -5.0975678 5 -0.0014163
 0.1502954   2198.136   2523913.2560  5       1
 1.0478062      2198.1363 -5.0956929 5 -0.0015870
 0.1487726   2198.139   2523914.2560  5       1
 1.0551109      2198.1391 -5.0938072 5 -0.0017578
 0.1476387   2198.142   2523915.2560  5       1
 1.0624135      2198.1418 -5.0919109 5 -0.0019285
 0.1469029   2198.145   2523916.2560  5       1
 1.0697138      2198.1445 -5.0900038 5 -0.0020993
 0.1465712   2198.147   2523917.2560  5       1
 1.0770119      2198.1473 -5.0880860 5 -0.0022700
 0.1466463   2198.150   2523918.2560  5       1
 1.0843077      2198.1500 -5.0861574 5 -0.0024408
 0.1471276   2198.153   2523919.2560  5       1
 1.0916013      2198.1528 -5.0842182 5 -0.0026115
 0.1480111   2198.155   2523920.2560  5       1
 1.0988925      2198.1555 -5.0822683 5 -0.0027822
 0.1501072   2198.160   2523921.7760  5       1
 1.1099708      2198.1597 -5.0792838 5 -0.0030417
 0.1519656   2198.162   2523922.7760  5       1
 1.1172562      2198.1624 -5.0773069 5 -0.0032124
 0.1541887   2198.165   2523923.7760  5       1
 1.1245392      2198.1651 -5.0753193 5 -0.0033831
 0.1567606   2198.168   2523924.7760  5       1
 1.1318199      2198.1679 -5.0733210 5 -0.0035538
 0.1596643   2198.171   2523925.7760  5       1
 1.1390982      2198.1706 -5.0713119 5 -0.0037245
 0.1628818   2198.173   2523926.7760  5       1
 1.1463740      2198.1734 -5.0692922 5 -0.0038952
 0.1663947   2198.176   2523927.7760  5       1
 1.1536475      2198.1761 -5.0672618 5 -0.0040659
 0.1701843   2198.179   2523928.7760  5       1
 1.1609186      2198.1788 -5.0652207 5 -0.0042366
 0.1742325   2198.182   2523929.7760  5       1
 1.1681872      2198.1816 -5.0631689 5 -0.0044072
 0.1785213   2198.184   2523930.7760  5       1
 1.1754533      2198.1843 -5.0611064 5 -0.0045779
 0.1830336   2198.187   2523931.7760  5       1
 1.1827169      2198.1871 -5.0590332 5 -0.0047485
 0.1877530   2198.190   2523932.7760  5       1
 1.1899781      2198.1898 -5.0569493 5 -0.0049191
 0.1926639   2198.193   2523933.7760  5       1
 1.1972368      2198.1925 -5.0548548 5 -0.0050898
 0.1977520   2198.195   2523934.7760  5       1
 1.2044929      2198.1953 -5.0527495 5 -0.0052604
 0.2030037   2198.198   2523935.7760  5       1
 1.2117465      2198.1980 -5.0506336 5 -0.0054310
 0.2084063   2198.201   2523936.7760  5       1
 1.2189975      2198.2008 -5.0485070 5 -0.0056015
 0.2139481   2198.203   2523937.7760  5       1
 1.2262459      2198.2035 -5.0463698 5 -0.0057721
 0.2196186   2198.206   2523938.7760  5       1
 1.2334918      2198.2062 -5.0442218 5 -0.0059427
 0.2254076   2198.209   2523939.7760  5       1
 1.2407350      2198.2090 -5.0420632 5 -0.0061132
 0.2313061   2198.212   2523940.7760  5       1
 1.2479757      2198.2117 -5.0398940 5 -0.0062838
 0.2373058   2198.214   2523941.7760  5       1
 1.2552137      2198.2145 -5.0377140 5 -0.0064543
 0.2433990   2198.217   2523942.7760  5       1
 1.2624490      2198.2172 -5.0355234 5 -0.0066248
 0.2495787   2198.220   2523943.7760  5       1
 1.2696817      2198.2199 -5.0333221 5 -0.0067953
 0.2558383   2198.223   2523944.7760  5       1
 1.2769117      2198.2227 -5.0311102 5 -0.0069658
 0.2621721   2198.225   2523945.7760  5       1
 1.2841390      2198.2254 -5.0288876 5 -0.0071362
 0.2685746   2198.228   2523946.7760  5       1
 1.2913635      2198.2282 -5.0266544 5 -0.0073067
 0.2750409   2198.231   2523947.7760  5       1
 1.2985854      2198.2309 -5.0244105 5 -0.0074771
 0.2815664   2198.234   2523948.7760  5       1
 1.3058044      2198.2336 -5.0221560 5 -0.0076476
 0.2881469   2198.236   2523949.7760  5       1
 1.3130208      2198.2364 -5.0198908 5 -0.0078180
 0.2947787   2198.239   2523950.7760  5       1
 1.3202343      2198.2391 -5.0176149 5 -0.0079883
 0.3014582   2198.242   2523951.7760  5       1
 1.3274450      2198.2419 -5.0153285 5 -0.0081587
 0.3081822   2198.245   2523952.7760  5       1
 1.3346530      2198.2446 -5.0130314 5 -0.0083291
 0.3149476   2198.247   2523953.7760  5       1
 1.3418581      2198.2473 -5.0107236 5 -0.0084994
 0.3217518   2198.250   2523954.7760  5       1
 1.3490603      2198.2501 -5.0084052 5 -0.0086697
 0.3285923   2198.253   2523955.7760  5       1
 1.3562597      2198.2528 -5.0060762 5 -0.0088400
 0.3354666   2198.256   2523956.7760  5       1
 1.3634562      2198.2556 -5.0037366 5 -0.0090103
 0.3459757   2198.260   2523958.2960  5       1
 1.3743894      2198.2597 -5.0001600 5 -0.0092691
 0.3529262   2198.262   2523959.2960  5       1
 1.3815786      2198.2625 -4.9977935 5 -0.0094393
 0.3599037   2198.265   2523960.2960  5       1
 1.3887649      2198.2652 -4.9954165 5 -0.0096095
 0.3669066   2198.268   2523961.2960  5       1
 1.3959482      2198.2679 -4.9930289 5 -0.0097797
 0.3739333   2198.271   2523962.2960  5       1
 1.4031285      2198.2707 -4.9906306 5 -0.0099499
 0.3809823   2198.273   2523963.2960  5       1
 1.4103059      2198.2734 -4.9882217 5 -0.0101200
 0.3880525   2198.276   2523964.2960  5       1
 1.4174803      2198.2762 -4.9858022 5 -0.0102902
 0.3951424   2198.279   2523965.2960  5       1
 1.4246516      2198.2789 -4.9833721 5 -0.0104603
 0.3996220   2209.918   2528215.6161  5       1
 0.8319058      2209.9181 -5.1459541 5  0.0034748
 0.3936833   2209.921   2528216.6161  5       1
 0.8392706      2209.9209 -5.1443891 5  0.0033041
 0.3878057   2209.924   2528217.6161  5       1
 0.8466336      2209.9236 -5.1428133 5  0.0031334
 0.3819921   2209.926   2528218.6161  5       1
 0.8539949      2209.9263 -5.1412268 5  0.0029626
 0.3762454   2209.929   2528219.6161  5       1
 0.8613544      2209.9291 -5.1396295 5  0.0027918
 0.3705690   2209.932   2528220.6161  5       1
 0.8687120      2209.9318 -5.1380215 5  0.0026211
 0.3649660   2209.935   2528221.6161  5       1
 0.8760679      2209.9346 -5.1364027 5  0.0024503
 0.3594401   2209.937   2528222.6161  5       1
 0.8834219      2209.9373 -5.1347731 5  0.0022795
 0.3539949   2209.940   2528223.6161  5       1
 0.8907741      2209.9400 -5.1331328 5  0.0021088
 0.3486342   2209.943   2528224.6161  5       1
 0.8981244      2209.9428 -5.1314818 5  0.0019380
 0.3433621   2209.946   2528225.6161  5       1
 0.9054728      2209.9455 -5.1298199 5  0.0017672
 0.3381827   2209.948   2528226.6161  5       1
 0.9128193      2209.9483 -5.1281474 5  0.0015964
 0.3331006   2209.951   2528227.6161  5       1
 0.9201639      2209.9510 -5.1264641 5  0.0014256
 0.3281202   2209.954   2528228.6161  5       1
 0.9275066      2209.9537 -5.1247700 5  0.0012548
 0.3232463   2209.956   2528229.6161  5       1
 0.9348474      2209.9565 -5.1230652 5  0.0010840
 0.3160532   2209.961   2528231.1361  5       1
 0.9460015      2209.9606 -5.1204534 5  0.0008244
 0.3114702   2209.963   2528232.1361  5       1
 0.9533373      2209.9634 -5.1187215 5  0.0006536
 0.3070119   2209.966   2528233.1361  5       1
 0.9606711      2209.9661 -5.1169789 5  0.0004828
 0.3026840   2209.969   2528234.1361  5       1
 0.9680028      2209.9689 -5.1152256 5  0.0003120
 0.2984922   2209.972   2528235.1361  5       1
 0.9753325      2209.9716 -5.1134615 5  0.0001411
 0.2944424   2209.974   2528236.1361  5       1
 0.9826602      2209.9743 -5.1116866 5 -0.0000297
 0.2905405   2209.977   2528237.1361  5       1
 0.9899858      2209.9771 -5.1099011 5 -0.0002005
 0.2867927   2209.980   2528238.1361  5       1
 0.9973094      2209.9798 -5.1081048 5 -0.0003713
 0.2832052   2209.983   2528239.1361  5       1
 1.0046308      2209.9826 -5.1062978 5 -0.0005421
 0.2797841   2209.985   2528240.1361  5       1
 1.0119501      2209.9853 -5.1044800 5 -0.0007129
 0.2765358   2209.988   2528241.1361  5       1
 1.0192673      2209.9880 -5.1026515 5 -0.0008837
 0.2734663   2209.991   2528242.1361  5       1
 1.0265823      2209.9908 -5.1008123 5 -0.0010545
 0.2705819   2209.994   2528243.1361  5       1
 1.0338952      2209.9935 -5.0989624 5 -0.0012253
 0.2678886   2209.996   2528244.1361  5       1
 1.0412060      2209.9963 -5.0971017 5 -0.0013961
 0.2653922   2209.999   2528245.1361  5       1
 1.0485145      2209.9990 -5.0952303 5 -0.0015669
 0.2630984   2210.002   2528246.1361  5       1
 1.0558208      2210.0017 -5.0933482 5 -0.0017377
 0.2610126   2210.004   2528247.1361  5       1
 1.0631249      2210.0045 -5.0914554 5 -0.0019085
 0.2591398   2210.007   2528248.1361  5       1
 1.0704268      2210.0072 -5.0895519 5 -0.0020793
 0.2574847   2210.010   2528249.1361  5       1
 1.0777264      2210.0100 -5.0876376 5 -0.0022500
 0.2560515   2210.013   2528250.1361  5       1
 1.0850237      2210.0127 -5.0857127 5 -0.0024208
 0.2548440   2210.015   2528251.1361  5       1
 1.0923187      2210.0154 -5.0837770 5 -0.0025916
 0.2538655   2210.018   2528252.1361  5       1
 1.0996115      2210.0182 -5.0818306 5 -0.0027624
 0.2531186   2210.021   2528253.1361  5       1
 1.1069019      2210.0209 -5.0798735 5 -0.0029331
 0.2526053   2210.024   2528254.1361  5       1
 1.1141900      2210.0237 -5.0779057 5 -0.0031039
 0.2523271   2210.026   2528255.1361  5       1
 1.1214758      2210.0264 -5.0759272 5 -0.0032746
 0.2522847   2210.029   2528256.1361  5       1
 1.1287591      2210.0291 -5.0739380 5 -0.0034454
 0.2524783   2210.032   2528257.1361  5       1
 1.1360401      2210.0319 -5.0719380 5 -0.0036161
 0.2529072   2210.035   2528258.1361  5       1
 1.1433187      2210.0346 -5.0699274 5 -0.0037868
 0.2535703   2210.037   2528259.1361  5       1
 1.1505949      2210.0374 -5.0679061 5 -0.0039575
 0.2544657   2210.040   2528260.1361  5       1
 1.1578687      2210.0401 -5.0658741 5 -0.0041282
 0.2555909   2210.043   2528261.1361  5       1
 1.1651400      2210.0428 -5.0638314 5 -0.0042989
 0.2569429   2210.046   2528262.1361  5       1
 1.1724089      2210.0456 -5.0617780 5 -0.0044696
 0.2585180   2210.048   2528263.1361  5       1
 1.1796752      2210.0483 -5.0597140 5 -0.0046403
 0.2603121   2210.051   2528264.1361  5       1
 1.1869391      2210.0511 -5.0576392 5 -0.0048110
 0.2623207   2210.054   2528265.1361  5       1
 1.1942005      2210.0538 -5.0555538 5 -0.0049816
 0.2645388   2210.057   2528266.1361  5       1
 1.2014594      2210.0565 -5.0534576 5 -0.0051523
 0.2682996   2210.061   2528267.6561  5       1
 1.2124879      2210.0607 -5.0502511 5 -0.0054116
 0.2710217   2210.063   2528268.6561  5       1
 1.2197404      2210.0634 -5.0481280 5 -0.0055823
 0.2739334   2210.066   2528269.6561  5       1
 1.2269902      2210.0662 -5.0459943 5 -0.0057529
 0.2770289   2210.069   2528270.6561  5       1
 1.2342375      2210.0689 -5.0438500 5 -0.0059235
 0.2803019   2210.072   2528271.6561  5       1
 1.2414821      2210.0717 -5.0416949 5 -0.0060940
 0.2837462   2210.074   2528272.6561  5       1
 1.2487241      2210.0744 -5.0395292 5 -0.0062646
 0.2873555   2210.077   2528273.6561  5       1
 1.2559635      2210.0771 -5.0373528 5 -0.0064352
 0.2911236   2210.080   2528274.6561  5       1
 1.2632002      2210.0799 -5.0351658 5 -0.0066057
 0.2950444   2210.083   2528275.6561  5       1
 1.2704342      2210.0826 -5.0329681 5 -0.0067762
 0.2991118   2210.085   2528276.6561  5       1
 1.2776655      2210.0854 -5.0307597 5 -0.0069468
 0.3033197   2210.088   2528277.6561  5       1
 1.2848942      2210.0881 -5.0285407 5 -0.0071173
 0.3076623   2210.091   2528278.6561  5       1
 1.2921201      2210.0908 -5.0263110 5 -0.0072877
 0.3121340   2210.094   2528279.6561  5       1
 1.2993432      2210.0936 -5.0240707 5 -0.0074582
 0.3167291   2210.096   2528280.6561  5       1
 1.3065636      2210.0963 -5.0218198 5 -0.0076287
 0.3214422   2210.099   2528281.6561  5       1
 1.3137813      2210.0991 -5.0195581 5 -0.0077991
 0.3262682   2210.102   2528282.6561  5       1
 1.3209961      2210.1018 -5.0172859 5 -0.0079695
 0.3312020   2210.105   2528283.6561  5       1
 1.3282082      2210.1045 -5.0150030 5 -0.0081399
 0.3362388   2210.107   2528284.6561  5       1
 1.3354174      2210.1073 -5.0127095 5 -0.0083103
 0.3413740   2210.110   2528285.6561  5       1
 1.3426238      2210.1100 -5.0104053 5 -0.0084807
 0.3466030   2210.113   2528286.6561  5       1
 1.3498274      2210.1128 -5.0080905 5 -0.0086510
 0.3519216   2210.115   2528287.6561  5       1
 1.3570281      2210.1155 -5.0057651 5 -0.0088214
 0.3573258   2210.118   2528288.6561  5       1
 1.3642259      2210.1182 -5.0034291 5 -0.0089917
 0.3628115   2210.121   2528289.6561  5       1
 1.3714208      2210.1210 -5.0010824 5 -0.0091620
 0.3683751   2210.124   2528290.6561  5       1
 1.3786128      2210.1237 -4.9987251 5 -0.0093322
 0.3740131   2210.126   2528291.6561  5       1
 1.3858018      2210.1265 -4.9963572 5 -0.0095025
 0.3797219   2210.129   2528292.6561  5       1
 1.3929879      2210.1292 -4.9939787 5 -0.0096727
 0.3854984   2210.132   2528293.6561  5       1
 1.4001711      2210.1319 -4.9915895 5 -0.0098429
 0.3913395   2210.135   2528294.6561  5       1
 1.4073513      2210.1347 -4.9891898 5 -0.0100131
 0.3972423   2210.137   2528295.6561  5       1
 1.4145284      2210.1374 -4.9867794 5 -0.0101833
 0.3898388   2244.943   2541008.6163  4       1
 0.3785898   2244.946   2541009.6163  4       1
 0.3677723   2244.948   2541010.6163  4       1
 0.3574273   2244.951   2541011.6163  4       1
 0.3427074   2244.955   2541013.1363  4       1
 0.3337539   2244.958   2541014.1363  4       1
 0.3254385   2244.961   2541015.1363  4       1
 0.3178125   2244.963   2541016.1363  4       1
 0.3109276   2244.966   2541017.1363  4       1
 0.3048349   2244.969   2541018.1363  4       1
 0.2995831   2244.972   2541019.1363  4       1
 0.2952176   2244.974   2541020.1363  4       1
 0.2917782   2244.977   2541021.1363  4       1
 0.2892979   2244.980   2541022.1363  4       1
 0.2878011   2244.983   2541023.1363  4       1
 0.2873026   2244.985   2541024.1363  4       1
 0.2878068   2244.988   2541025.1363  4       1
 0.2893073   2244.991   2541026.1363  4       1
 0.2917876   2244.994   2541027.1363  4       1
 0.2952215   2244.996   2541028.1363  4       1
 0.2995744   2244.999   2541029.1363  4       1
 0.3048051   2245.002   2541030.1363  4       1
 0.3108672   2245.004   2541031.1363  4       1
 0.3177110   2245.007   2541032.1363  4       1
 0.3252846   2245.010   2541033.1363  4       1
 0.3335359   2245.013   2541034.1363  4       1
 0.3424133   2245.015   2541035.1363  4       1
 0.3518665   2245.018   2541036.1363  4       1
 0.3618475   2245.021   2541037.1363  4       1
 0.3723111   2245.024   2541038.1363  4       1
 0.3832145   2245.026   2541039.1363  4       1
 0.3945182   2245.029   2541040.1363  4       1
 0.3998460   2316.642   2567195.4567  5       1
 0.7231991      2316.6420 -5.1690338 5  0.0063376
 0.3931964   2316.645   2567196.4567  5       1
 0.7305841      2316.6447 -5.1676202 5  0.0061674
 0.3831622   2316.649   2567197.9767  5       1
 0.7418064      2316.6488 -5.1654508 5  0.0059088
 0.3766119   2316.652   2567198.9767  5       1
 0.7491876      2316.6516 -5.1640101 5  0.0057386
 0.3701049   2316.654   2567199.9767  5       1
 0.7565672      2316.6543 -5.1625586 5  0.0055684
 0.3636435   2316.657   2567200.9767  5       1
 0.7639452      2316.6570 -5.1610963 5  0.0053982
 0.3572303   2316.660   2567201.9767  5       1
 0.7713216      2316.6598 -5.1596233 5  0.0052280
 0.3508680   2316.663   2567202.9767  5       1
 0.7786964      2316.6625 -5.1581395 5  0.0050577
 0.3445595   2316.665   2567203.9767  5       1
 0.7860696      2316.6652 -5.1566449 5  0.0048875
 0.3383079   2316.668   2567204.9767  5       1
 0.7934411      2316.6680 -5.1551396 5  0.0047172
 0.3321165   2316.671   2567205.9767  5       1
 0.8008110      2316.6707 -5.1536235 5  0.0045470
 0.3259888   2316.673   2567206.9767  5       1
 0.8081792      2316.6734 -5.1520967 5  0.0043767
 0.3199285   2316.676   2567207.9767  5       1
 0.8155458      2316.6762 -5.1505591 5  0.0042064
 0.3139397   2316.679   2567208.9767  5       1
 0.8229106      2316.6789 -5.1490108 5  0.0040361
 0.3080265   2316.682   2567209.9767  5       1
 0.8302737      2316.6816 -5.1474516 5  0.0038658
 0.3021935   2316.684   2567210.9767  5       1
 0.8376351      2316.6844 -5.1458818 5  0.0036955
 0.2964456   2316.687   2567211.9767  5       1
 0.8449947      2316.6871 -5.1443012 5  0.0035252
 0.2907878   2316.690   2567212.9767  5       1
 0.8523526      2316.6898 -5.1427098 5  0.0033549
 0.2852256   2316.693   2567213.9767  5       1
 0.8597087      2316.6926 -5.1411077 5  0.0031845
 0.2797648   2316.695   2567214.9767  5       1
 0.8670629      2316.6953 -5.1394948 5  0.0030142
 0.2744116   2316.698   2567215.9767  5       1
 0.8744154      2316.6980 -5.1378712 5  0.0028439
 0.2691724   2316.701   2567216.9767  5       1
 0.8817661      2316.7008 -5.1362368 5  0.0026735
 0.2640542   2316.703   2567217.9767  5       1
 0.8891149      2316.7035 -5.1345917 5  0.0025032
 0.2590642   2316.706   2567218.9767  5       1
 0.8964618      2316.7062 -5.1329358 5  0.0023328
 0.2542101   2316.709   2567219.9767  5       1
 0.9038068      2316.7090 -5.1312692 5  0.0021624
 0.2494999   2316.712   2567220.9767  5       1
 0.9111500      2316.7117 -5.1295918 5  0.0019921
 0.2449420   2316.714   2567221.9767  5       1
 0.9184913      2316.7144 -5.1279037 5  0.0018217
 0.2405452   2316.717   2567222.9767  5       1
 0.9258306      2316.7171 -5.1262049 5  0.0016513
 0.2363185   2316.720   2567223.9767  5       1
 0.9331680      2316.7199 -5.1244953 5  0.0014809
 0.2322714   2316.723   2567224.9767  5       1
 0.9405035      2316.7226 -5.1227750 5  0.0013105
 0.2284135   2316.725   2567225.9767  5       1
 0.9478369      2316.7253 -5.1210439 5  0.0011402
 0.2247546   2316.728   2567226.9767  5       1
 0.9551684      2316.7281 -5.1193021 5  0.0009698
 0.2213047   2316.731   2567227.9767  5       1
 0.9624979      2316.7308 -5.1175495 5  0.0007994
 0.2180738   2316.734   2567228.9767  5       1
 0.9698254      2316.7335 -5.1157863 5  0.0006290
 0.2150718   2316.736   2567229.9767  5       1
 0.9771508      2316.7363 -5.1140123 5  0.0004586
 0.2123087   2316.739   2567230.9767  5       1
 0.9844742      2316.7390 -5.1122275 5  0.0002882
 0.2097938   2316.742   2567231.9767  5       1
 0.9917955      2316.7417 -5.1104321 5  0.0001178
 0.2075363   2316.744   2567232.9767  5       1
 0.9991147      2316.7445 -5.1086259 5 -0.0000526
 0.2046168   2316.749   2567234.4967  5       1
 1.0102360      2316.7486 -5.1058599 5 -0.0003116
 0.2030441   2316.751   2567235.4967  5       1
 1.0175499      2316.7514 -5.1040267 5 -0.0004820
 0.2017555   2316.754   2567236.4967  5       1
 1.0248617      2316.7541 -5.1021827 5 -0.0006524
 0.2007565   2316.757   2567237.4967  5       1
 1.0321713      2316.7568 -5.1003281 5 -0.0008228
 0.2000514   2316.760   2567238.4967  5       1
 1.0394788      2316.7596 -5.0984627 5 -0.0009932
 0.1996432   2316.762   2567239.4967  5       1
 1.0467841      2316.7623 -5.0965866 5 -0.0011636
 0.1995339   2316.765   2567240.4967  5       1
 1.0540871      2316.7650 -5.0946997 5 -0.0013340
 0.1997239   2316.768   2567241.4967  5       1
 1.0613880      2316.7678 -5.0928022 5 -0.0015043
 0.2002123   2316.770   2567242.4967  5       1
 1.0686867      2316.7705 -5.0908939 5 -0.0016747
 0.2009970   2316.773   2567243.4967  5       1
 1.0759830      2316.7732 -5.0889750 5 -0.0018451
 0.2020742   2316.776   2567244.4967  5       1
 1.0832772      2316.7759 -5.0870453 5 -0.0020155
 0.2034395   2316.779   2567245.4967  5       1
 1.0905690      2316.7787 -5.0851049 5 -0.0021859
 0.2050868   2316.781   2567246.4967  5       1
 1.0978586      2316.7814 -5.0831538 5 -0.0023562
 0.2070094   2316.784   2567247.4967  5       1
 1.1051458      2316.7841 -5.0811920 5 -0.0025266
 0.2091997   2316.787   2567248.4967  5       1
 1.1124307      2316.7869 -5.0792195 5 -0.0026969
 0.2116491   2316.790   2567249.4967  5       1
 1.1197133      2316.7896 -5.0772363 5 -0.0028673
 0.2143487   2316.792   2567250.4967  5       1
 1.1269935      2316.7923 -5.0752424 5 -0.0030376
 0.2172890   2316.795   2567251.4967  5       1
 1.1342713      2316.7951 -5.0732378 5 -0.0032080
 0.2204603   2316.798   2567252.4967  5       1
 1.1415468      2316.7978 -5.0712225 5 -0.0033783
 0.2238527   2316.801   2567253.4967  5       1
 1.1488198      2316.8005 -5.0691965 5 -0.0035486
 0.2274560   2316.803   2567254.4967  5       1
 1.1560904      2316.8033 -5.0671599 5 -0.0037189
 0.2312603   2316.806   2567255.4967  5       1
 1.1633586      2316.8060 -5.0651125 5 -0.0038893
 0.2352557   2316.809   2567256.4967  5       1
 1.1706244      2316.8087 -5.0630544 5 -0.0040596
 0.2394325   2316.811   2567257.4967  5       1
 1.1778876      2316.8115 -5.0609857 5 -0.0042298
 0.2437813   2316.814   2567258.4967  5       1
 1.1851484      2316.8142 -5.0589063 5 -0.0044001
 0.2482928   2316.817   2567259.4967  5       1
 1.1924067      2316.8169 -5.0568162 5 -0.0045704
 0.2529583   2316.820   2567260.4967  5       1
 1.1996624      2316.8197 -5.0547154 5 -0.0047407
 0.2577691   2316.822   2567261.4967  5       1
 1.2069157      2316.8224 -5.0526039 5 -0.0049109
 0.2627173   2316.825   2567262.4967  5       1
 1.2141663      2316.8251 -5.0504818 5 -0.0050812
 0.2677950   2316.828   2567263.4967  5       1
 1.2214144      2316.8279 -5.0483489 5 -0.0052514
 0.2729949   2316.831   2567264.4967  5       1
 1.2286600      2316.8306 -5.0462055 5 -0.0054216
 0.2783100   2316.833   2567265.4967  5       1
 1.2359029      2316.8333 -5.0440513 5 -0.0055918
 0.2837336   2316.836   2567266.4967  5       1
 1.2431432      2316.8361 -5.0418865 5 -0.0057620
 0.2892597   2316.839   2567267.4967  5       1
 1.2503809      2316.8388 -5.0397110 5 -0.0059322
 0.2948823   2316.842   2567268.4967  5       1
 1.2576160      2316.8415 -5.0375249 5 -0.0061024
 0.3005958   2316.844   2567269.4967  5       1
 1.2648484      2316.8443 -5.0353281 5 -0.0062726
 0.3094429   2316.848   2567271.0167  5       1
 1.2758365      2316.8484 -5.0319685 5 -0.0065312
 0.3153632   2316.851   2567272.0167  5       1
 1.2830621      2316.8511 -5.0297449 5 -0.0067013
 0.3213574   2316.854   2567273.0167  5       1
 1.2902850      2316.8539 -5.0275106 5 -0.0068714
 0.3274215   2316.857   2567274.0167  5       1
 1.2975052      2316.8566 -5.0252656 5 -0.0070415
 0.3335515   2316.859   2567275.0167  5       1
 1.3047226      2316.8593 -5.0230100 5 -0.0072116
 0.3397436   2316.862   2567276.0167  5       1
 1.3119373      2316.8621 -5.0207438 5 -0.0073817
 0.3459945   2316.865   2567277.0167  5       1
 1.3191492      2316.8648 -5.0184669 5 -0.0075518
 0.3523009   2316.868   2567278.0167  5       1
 1.3263583      2316.8675 -5.0161794 5 -0.0077218
 0.3586599   2316.870   2567279.0167  5       1
 1.3335646      2316.8703 -5.0138812 5 -0.0078918
 0.3650684   2316.873   2567280.0167  5       1
 1.3407680      2316.8730 -5.0115724 5 -0.0080618
 0.3715240   2316.876   2567281.0167  5       1
 1.3479686      2316.8757 -5.0092530 5 -0.0082318
 0.3780240   2316.878   2567282.0167  5       1
 1.3551664      2316.8785 -5.0069229 5 -0.0084018
 0.3845661   2316.881   2567283.0167  5       1
 1.3623613      2316.8812 -5.0045823 5 -0.0085717
 0.3911482   2316.884   2567284.0167  5       1
 1.3695533      2316.8839 -5.0022310 5 -0.0087417
 0.3977680   2316.887   2567285.0167  5       1
 1.3767424      2316.8867 -4.9998690 5 -0.0089116
 0.3858381   2333.357   2573300.8168  4       1
 0.3717465   2333.360   2573301.8168  4       1
 0.3578557   2333.363   2573302.8168  4       1
 0.3441920   2333.365   2573303.8168  4       1
 0.3307858   2333.368   2573304.8168  4       1
 0.3176714   2333.371   2573305.8168  4       1
 0.3048884   2333.373   2573306.8168  4       1
 0.2924820   2333.376   2573307.8168  4       1
 0.2805037   2333.379   2573308.8168  4       1
 0.2690121   2333.382   2573309.8168  4       1
 0.2580737   2333.384   2573310.8168  4       1
 0.2477628   2333.387   2573311.8168  4       1
 0.2381618   2333.390   2573312.8168  4       1
 0.2293606   2333.393   2573313.8168  4       1
 0.2214551   2333.395   2573314.8168  4       1
 0.2145445   2333.398   2573315.8168  4       1
 0.2087276   2333.401   2573316.8168  4       1
 0.2040977   2333.404   2573317.8168  4       1
 0.2007362   2333.406   2573318.8168  4       1
 0.1987065   2333.409   2573319.8168  4       1
 0.1980485   2333.412   2573320.8168  4       1
 0.1987741   2333.415   2573321.8168  4       1
 0.2008666   2333.417   2573322.8168  4       1
 0.2042819   2333.420   2573323.8168  4       1
 0.2089528   2333.423   2573324.8168  4       1
 0.2147950   2333.426   2573325.8168  4       1
 0.2217132   2333.428   2573326.8168  4       1
 0.2296072   2333.431   2573327.8168  4       1
 0.2383771   2333.434   2573328.8168  4       1
 0.2479270   2333.436   2573329.8168  4       1
 0.2581669   2333.439   2573330.8168  4       1
 0.2690148   2333.442   2573331.8168  4       1
 0.2865043   2333.446   2573333.3368  4       1
 0.2985744   2333.449   2573334.3368  4       1
 0.3110272   2333.452   2573335.3368  4       1
 0.3238150   2333.454   2573336.3368  4       1
 0.3368959   2333.457   2573337.3368  4       1
 0.3502336   2333.460   2573338.3368  4       1
 0.3637960   2333.463   2573339.3368  4       1
 0.3775555   2333.465   2573340.3368  4       1
 0.3914875   2333.468   2573341.3368  4       1
 0.3970560   2387.776   2593176.6971  5       1
 0.6300424      2387.7759 -5.1846998 5  0.0087178
 0.3898814   2387.779   2593177.6971  5       1
 0.6374477      2387.7786 -5.1834238 5  0.0085480
 0.3827246   2387.781   2593178.6971  5       1
 0.6448518      2387.7814 -5.1821370 5  0.0083781
 0.3755867   2387.784   2593179.6971  5       1
 0.6522544      2387.7841 -5.1808395 5  0.0082082
 0.3684687   2387.787   2593180.6971  5       1
 0.6596558      2387.7868 -5.1795311 5  0.0080382
 0.3613720   2387.790   2593181.6971  5       1
 0.6670557      2387.7896 -5.1782120 5  0.0078683
 0.3542979   2387.792   2593182.6971  5       1
 0.6744543      2387.7923 -5.1768821 5  0.0076983
 0.3472479   2387.795   2593183.6971  5       1
 0.6818514      2387.7951 -5.1755414 5  0.0075284
 0.3402236   2387.798   2593184.6971  5       1
 0.6892471      2387.7978 -5.1741899 5  0.0073584
 0.3332267   2387.801   2593185.6971  5       1
 0.6966414      2387.8005 -5.1728277 5  0.0071884
 0.3262590   2387.803   2593186.6971  5       1
 0.7040343      2387.8033 -5.1714547 5  0.0070184
 0.3193225   2387.806   2593187.6971  5       1
 0.7114256      2387.8060 -5.1700709 5  0.0068483
 0.3124195   2387.809   2593188.6971  5       1
 0.7188155      2387.8088 -5.1686764 5  0.0066783
 0.3055523   2387.811   2593189.6971  5       1
 0.7262039      2387.8115 -5.1672710 5  0.0065082
 0.2987234   2387.814   2593190.6971  5       1
 0.7335908      2387.8142 -5.1658549 5  0.0063381
 0.2919356   2387.817   2593191.6971  5       1
 0.7409761      2387.8170 -5.1644280 5  0.0061681
 0.2851921   2387.820   2593192.6971  5       1
 0.7483599      2387.8197 -5.1629904 5  0.0059980
 0.2784960   2387.822   2593193.6971  5       1
 0.7557422      2387.8225 -5.1615420 5  0.0058278
 0.2718512   2387.825   2593194.6971  5       1
 0.7631228      2387.8252 -5.1600828 5  0.0056577
 0.2652614   2387.828   2593195.6971  5       1
 0.7705019      2387.8279 -5.1586128 5  0.0054876
 0.2587311   2387.831   2593196.6971  5       1
 0.7778793      2387.8307 -5.1571321 5  0.0053174
 0.2522651   2387.833   2593197.6971  5       1
 0.7852551      2387.8334 -5.1556406 5  0.0051473
 0.2458684   2387.836   2593198.6971  5       1
 0.7926293      2387.8362 -5.1541384 5  0.0049771
 0.2362915   2387.840   2593200.2171  5       1
 0.8038349      2387.8403 -5.1518343 5  0.0047184
 0.2300963   2387.843   2593201.2171  5       1
 0.8112049      2387.8431 -5.1503049 5  0.0045482
 0.2239933   2387.846   2593202.2171  5       1
 0.8185731      2387.8458 -5.1487648 5  0.0043780
 0.2179903   2387.849   2593203.2171  5       1
 0.8259397      2387.8485 -5.1472139 5  0.0042078
 0.2120960   2387.851   2593204.2171  5       1
 0.8333045      2387.8513 -5.1456522 5  0.0040376
 0.2063199   2387.854   2593205.2171  5       1
 0.8406676      2387.8540 -5.1440798 5  0.0038673
 0.2006723   2387.857   2593206.2171  5       1
 0.8480290      2387.8568 -5.1424966 5  0.0036971
 0.1951648   2387.859   2593207.2171  5       1
 0.8553885      2387.8595 -5.1409026 5  0.0035269
 0.1898097   2387.862   2593208.2171  5       1
 0.8627463      2387.8622 -5.1392979 5  0.0033566
 0.1846204   2387.865   2593209.2171  5       1
 0.8701022      2387.8650 -5.1376825 5  0.0031863
 0.1796116   2387.868   2593210.2171  5       1
 0.8774564      2387.8677 -5.1360562 5  0.0030161
 0.1747992   2387.870   2593211.2171  5       1
 0.8848087      2387.8705 -5.1344193 5  0.0028458
 0.1701999   2387.873   2593212.2171  5       1
 0.8921591      2387.8732 -5.1327716 5  0.0026755
 0.1658317   2387.876   2593213.2171  5       1
 0.8995076      2387.8759 -5.1311131 5  0.0025052
 0.1617138   2387.879   2593214.2171  5       1
 0.9068543      2387.8787 -5.1294439 5  0.0023350
 0.1578659   2387.881   2593215.2171  5       1
 0.9141991      2387.8814 -5.1277639 5  0.0021647
 0.1543086   2387.884   2593216.2171  5       1
 0.9215420      2387.8842 -5.1260732 5  0.0019944
 0.1510625   2387.887   2593217.2171  5       1
 0.9288829      2387.8869 -5.1243717 5  0.0018241
 0.1481484   2387.890   2593218.2171  5       1
 0.9362219      2387.8896 -5.1226595 5  0.0016537
 0.1455866   2387.892   2593219.2171  5       1
 0.9435589      2387.8924 -5.1209366 5  0.0014834
 0.1433960   2387.895   2593220.2171  5       1
 0.9508939      2387.8951 -5.1192029 5  0.0013131
 0.1415941   2387.898   2593221.2171  5       1
 0.9582269      2387.8979 -5.1174585 5  0.0011428
 0.1401960   2387.901   2593222.2171  5       1
 0.9655579      2387.9006 -5.1157033 5  0.0009725
 0.1392141   2387.903   2593223.2171  5       1
 0.9728869      2387.9033 -5.1139374 5  0.0008022
 0.1386572   2387.906   2593224.2171  5       1
 0.9802139      2387.9061 -5.1121607 5  0.0006318
 0.1385304   2387.909   2593225.2171  5       1
 0.9875387      2387.9088 -5.1103734 5  0.0004615
 0.1388350   2387.912   2593226.2171  5       1
 0.9948615      2387.9116 -5.1085753 5  0.0002912
 0.1395680   2387.914   2593227.2171  5       1
 1.0021823      2387.9143 -5.1067664 5  0.0001209
 0.1407226   2387.917   2593228.2171  5       1
 1.0095009      2387.9170 -5.1049469 5 -0.0000495
 0.1422884   2387.920   2593229.2171  5       1
 1.0168174      2387.9198 -5.1031166 5 -0.0002198
 0.1442517   2387.923   2593230.2171  5       1
 1.0241317      2387.9225 -5.1012756 5 -0.0003901
 0.1465964   2387.925   2593231.2171  5       1
 1.0314439      2387.9253 -5.0994238 5 -0.0005604
 0.1493043   2387.928   2593232.2171  5       1
 1.0387539      2387.9280 -5.0975613 5 -0.0007308
 0.1523556   2387.931   2593233.2171  5       1
 1.0460617      2387.9307 -5.0956882 5 -0.0009011
 0.1557299   2387.933   2593234.2171  5       1
 1.0533674      2387.9335 -5.0938042 5 -0.0010714
 0.1594064   2387.936   2593235.2171  5       1
 1.0606708      2387.9362 -5.0919096 5 -0.0012417
 0.1655270   2387.940   2593236.7371  5       1
 1.0717677      2387.9404 -5.0890093 5 -0.0015006
 0.1698742   2387.943   2593237.7371  5       1
 1.0790655      2387.9431 -5.0870876 5 -0.0016709
 0.1744532   2387.946   2593238.7371  5       1
 1.0863609      2387.9459 -5.0851553 5 -0.0018412
 0.1792460   2387.949   2593239.7371  5       1
 1.0936541      2387.9486 -5.0832122 5 -0.0020115
 0.1842356   2387.951   2593240.7371  5       1
 1.1009450      2387.9513 -5.0812585 5 -0.0021818
 0.1894062   2387.954   2593241.7371  5       1
 1.1082336      2387.9541 -5.0792940 5 -0.0023521
 0.1947430   2387.957   2593242.7371  5       1
 1.1155198      2387.9568 -5.0773188 5 -0.0025224
 0.2002326   2387.960   2593243.7371  5       1
 1.1228037      2387.9596 -5.0753329 5 -0.0026927
 0.2058623   2387.962   2593244.7371  5       1
 1.1300852      2387.9623 -5.0733364 5 -0.0028629
 0.2116208   2387.965   2593245.7371  5       1
 1.1373643      2387.9650 -5.0713291 5 -0.0030332
 0.2174976   2387.968   2593246.7371  5       1
 1.1446411      2387.9678 -5.0693111 5 -0.0032035
 0.2234832   2387.971   2593247.7371  5       1
 1.1519154      2387.9705 -5.0672824 5 -0.0033737
 0.2295688   2387.973   2593248.7371  5       1
 1.1591872      2387.9733 -5.0652431 5 -0.0035440
 0.2357465   2387.976   2593249.7371  5       1
 1.1664567      2387.9760 -5.0631930 5 -0.0037142
 0.2420090   2387.979   2593250.7371  5       1
 1.1737236      2387.9787 -5.0611323 5 -0.0038845
 0.2483497   2387.981   2593251.7371  5       1
 1.1809881      2387.9815 -5.0590609 5 -0.0040547
 0.2547626   2387.984   2593252.7371  5       1
 1.1882501      2387.9842 -5.0569787 5 -0.0042249
 0.2612422   2387.987   2593253.7371  5       1
 1.1955096      2387.9870 -5.0548859 5 -0.0043951
 0.2677834   2387.990   2593254.7371  5       1
 1.2027665      2387.9897 -5.0527825 5 -0.0045653
 0.2743818   2387.992   2593255.7371  5       1
 1.2100210      2387.9924 -5.0506683 5 -0.0047355
 0.2810331   2387.995   2593256.7371  5       1
 1.2172728      2387.9952 -5.0485435 5 -0.0049057
 0.2877335   2387.998   2593257.7371  5       1
 1.2245221      2387.9979 -5.0464080 5 -0.0050759
 0.2944795   2388.001   2593258.7371  5       1
 1.2317688      2388.0006 -5.0442618 5 -0.0052460
 0.3012680   2388.003   2593259.7371  5       1
 1.2390128      2388.0034 -5.0421049 5 -0.0054162
 0.3080958   2388.006   2593260.7371  5       1
 1.2462543      2388.0061 -5.0399374 5 -0.0055863
 0.3149605   2388.009   2593261.7371  5       1
 1.2534931      2388.0088 -5.0377592 5 -0.0057564
 0.3218595   2388.012   2593262.7371  5       1
 1.2607293      2388.0116 -5.0355704 5 -0.0059266
 0.3287904   2388.014   2593263.7371  5       1
 1.2679628      2388.0143 -5.0333709 5 -0.0060967
 0.3357513   2388.017   2593264.7371  5       1
 1.2751936      2388.0170 -5.0311607 5 -0.0062667
 0.3427401   2388.020   2593265.7371  5       1
 1.2824217      2388.0198 -5.0289399 5 -0.0064368
 0.3497551   2388.023   2593266.7371  5       1
 1.2896471      2388.0225 -5.0267084 5 -0.0066069
 0.3567946   2388.025   2593267.7371  5       1
 1.2968698      2388.0252 -5.0244663 5 -0.0067769
 0.3638571   2388.028   2593268.7371  5       1
 1.3040897      2388.0280 -5.0222136 5 -0.0069470
 0.3709412   2388.031   2593269.7371  5       1
 1.3113068      2388.0307 -5.0199501 5 -0.0071170
 0.3780455   2388.033   2593270.7371  5       1
 1.3185212      2388.0334 -5.0176761 5 -0.0072870
 0.3851688   2388.036   2593271.7371  5       1
 1.3257328      2388.0362 -5.0153914 5 -0.0074570
 0.3960303   2388.040   2593273.2571  5       1
 1.3366889      2388.0403 -5.0118983 5 -0.0077153
 0.3975927   2515.797   2639935.2978  4       1
 0.3883036   2515.799   2639936.2978  4       1
 0.3795091   2515.802   2639937.2978  4       1
 0.3712445   2515.805   2639938.2978  4       1
 0.3635462   2515.808   2639939.2978  4       1
 0.3564507   2515.810   2639940.2978  4       1
 0.3499945   2515.813   2639941.2978  4       1
 0.3442131   2515.816   2639942.2978  4       1
 0.3391406   2515.819   2639943.2978  4       1
 0.3348085   2515.821   2639944.2978  4       1
 0.3297038   2515.826   2639945.8178  4       1
 0.3273528   2515.828   2639946.8178  4       1
 0.3258209   2515.831   2639947.8178  4       1
 0.3251184   2515.834   2639948.8178  4       1
 0.3252489   2515.836   2639949.8178  4       1
 0.3262096   2515.839   2639950.8178  4       1
 0.3279914   2515.842   2639951.8178  4       1
 0.3305789   2515.845   2639952.8178  4       1
 0.3339511   2515.847   2639953.8178  4       1
 0.3380823   2515.850   2639954.8178  4       1
 0.3429424   2515.853   2639955.8178  4       1
 0.3484984   2515.856   2639956.8178  4       1
 0.3547150   2515.858   2639957.8178  4       1
 0.3615552   2515.861   2639958.8178  4       1
 0.3689815   2515.864   2639959.8178  4       1
 0.3769563   2515.867   2639960.8178  4       1
 0.3854425   2515.869   2639961.8178  4       1
 0.3944041   2515.872   2639962.8178  4       1
 0.3960847   2518.235   2640826.2978  5       1
 0.5881168      2518.2351 -5.1936671 5  0.0101270
 0.3890667   2518.238   2640827.2978  5       1
 0.5955275      2518.2378 -5.1924545 5  0.0099576
 0.3820735   2518.241   2640828.2978  5       1
 0.6029369      2518.2405 -5.1912311 5  0.0097882
 0.3751065   2518.243   2640829.2978  5       1
 0.6103451      2518.2433 -5.1899969 5  0.0096188
 0.3681674   2518.246   2640830.2978  5       1
 0.6177520      2518.2460 -5.1887519 5  0.0094494
 0.3612577   2518.249   2640831.2978  5       1
 0.6251576      2518.2488 -5.1874962 5  0.0092799
 0.3543792   2518.252   2640832.2978  5       1
 0.6325620      2518.2515 -5.1862297 5  0.0091104
 0.3475339   2518.254   2640833.2978  5       1
 0.6399650      2518.2542 -5.1849524 5  0.0089409
 0.3407239   2518.257   2640834.2978  5       1
 0.6473667      2518.2570 -5.1836644 5  0.0087714
 0.3339513   2518.260   2640835.2978  5       1
 0.6547671      2518.2597 -5.1823656 5  0.0086019
 0.3272185   2518.262   2640836.2978  5       1
 0.6621660      2518.2625 -5.1810560 5  0.0084323
 0.3205282   2518.265   2640837.2978  5       1
 0.6695637      2518.2652 -5.1797356 5  0.0082628
 0.3138832   2518.268   2640838.2978  5       1
 0.6769599      2518.2679 -5.1784045 5  0.0080932
 0.3072863   2518.271   2640839.2978  5       1
 0.6843547      2518.2707 -5.1770626 5  0.0079236
 0.3007410   2518.273   2640840.2978  5       1
 0.6917481      2518.2734 -5.1757100 5  0.0077540
 0.2942507   2518.276   2640841.2978  5       1
 0.6991400      2518.2762 -5.1743466 5  0.0075843
 0.2878192   2518.279   2640842.2978  5       1
 0.7065305      2518.2789 -5.1729724 5  0.0074147
 0.2814506   2518.282   2640843.2978  5       1
 0.7139195      2518.2816 -5.1715875 5  0.0072450
 0.2751495   2518.284   2640844.2978  5       1
 0.7213070      2518.2844 -5.1701917 5  0.0070753
 0.2689207   2518.287   2640845.2978  5       1
 0.7286931      2518.2871 -5.1687853 5  0.0069056
 0.2627693   2518.290   2640846.2978  5       1
 0.7360776      2518.2899 -5.1673680 5  0.0067359
 0.2567011   2518.293   2640847.2978  5       1
 0.7434605      2518.2926 -5.1659400 5  0.0065662
 0.2507222   2518.295   2640848.2978  5       1
 0.7508420      2518.2953 -5.1645013 5  0.0063964
 0.2448393   2518.298   2640849.2978  5       1
 0.7582218      2518.2981 -5.1630518 5  0.0062267
 0.2390596   2518.301   2640850.2978  5       1
 0.7656001      2518.3008 -5.1615915 5  0.0060569
 0.2333908   2518.304   2640851.2978  5       1
 0.7729768      2518.3036 -5.1601205 5  0.0058872
 0.2278414   2518.306   2640852.2978  5       1
 0.7803518      2518.3063 -5.1586387 5  0.0057174
 0.2224205   2518.309   2640853.2978  5       1
 0.7877253      2518.3090 -5.1571461 5  0.0055476
 0.2171378   2518.312   2640854.2978  5       1
 0.7950971      2518.3118 -5.1556428 5  0.0053778
 0.2120038   2518.315   2640855.2978  5       1
 0.8024672      2518.3145 -5.1541287 5  0.0052079
 0.2070297   2518.317   2640856.2978  5       1
 0.8098356      2518.3173 -5.1526039 5  0.0050381
 0.2022275   2518.320   2640857.2978  5       1
 0.8172024      2518.3200 -5.1510683 5  0.0048683
 0.1952859   2518.324   2640858.8178  5       1
 0.8283966      2518.3242 -5.1487137 5  0.0046101
 0.1909746   2518.327   2640859.8178  5       1
 0.8357590      2518.3269 -5.1471510 5  0.0044402
 0.1868828   2518.330   2640860.8178  5       1
 0.8431197      2518.3296 -5.1455776 5  0.0042703
 0.1830254   2518.332   2640861.8178  5       1
 0.8504786      2518.3324 -5.1439934 5  0.0041004
 0.1794177   2518.335   2640862.8178  5       1
 0.8578358      2518.3351 -5.1423985 5  0.0039306
 0.1760752   2518.338   2640863.8178  5       1
 0.8651911      2518.3379 -5.1407928 5  0.0037606
 0.1730135   2518.341   2640864.8178  5       1
 0.8725447      2518.3406 -5.1391764 5  0.0035907
 0.1702477   2518.343   2640865.8178  5       1
 0.8798964      2518.3433 -5.1375493 5  0.0034208
 0.1677927   2518.346   2640866.8178  5       1
 0.8872462      2518.3461 -5.1359114 5  0.0032509
 0.1656624   2518.349   2640867.8178  5       1
 0.8945942      2518.3488 -5.1342627 5  0.0030810
 0.1638696   2518.352   2640868.8178  5       1
 0.9019404      2518.3516 -5.1326034 5  0.0029110
 0.1624255   2518.354   2640869.8178  5       1
 0.9092846      2518.3543 -5.1309332 5  0.0027411
 0.1613395   2518.357   2640870.8178  5       1
 0.9166270      2518.3570 -5.1292524 5  0.0025711
 0.1606190   2518.360   2640871.8178  5       1
 0.9239674      2518.3598 -5.1275608 5  0.0024012
 0.1602689   2518.363   2640872.8178  5       1
 0.9313059      2518.3625 -5.1258584 5  0.0022312
 0.1602916   2518.365   2640873.8178  5       1
 0.9386424      2518.3653 -5.1241454 5  0.0020613
 0.1606868   2518.368   2640874.8178  5       1
 0.9459770      2518.3680 -5.1224216 5  0.0018913
 0.1614518   2518.371   2640875.8178  5       1
 0.9533095      2518.3707 -5.1206870 5  0.0017213
 0.1625812   2518.373   2640876.8178  5       1
 0.9606401      2518.3735 -5.1189418 5  0.0015514
 0.1640675   2518.376   2640877.8178  5       1
 0.9679687      2518.3762 -5.1171858 5  0.0013814
 0.1659008   2518.379   2640878.8178  5       1
 0.9752952      2518.3790 -5.1154190 5  0.0012114
 0.1680696   2518.382   2640879.8178  5       1
 0.9826197      2518.3817 -5.1136416 5  0.0010414
 0.1705609   2518.384   2640880.8178  5       1
 0.9899421      2518.3844 -5.1118534 5  0.0008714
 0.1733607   2518.387   2640881.8178  5       1
 0.9972624      2518.3872 -5.1100545 5  0.0007014
 0.1764541   2518.390   2640882.8178  5       1
 1.0045807      2518.3899 -5.1082449 5  0.0005315
 0.1798256   2518.393   2640883.8178  5       1
 1.0118968      2518.3927 -5.1064245 5  0.0003615
 0.1834597   2518.395   2640884.8178  5       1
 1.0192108      2518.3954 -5.1045934 5  0.0001915
 0.1873410   2518.398   2640885.8178  5       1
 1.0265227      2518.3981 -5.1027517 5  0.0000215
 0.1914540   2518.401   2640886.8178  5       1
 1.0338324      2518.4009 -5.1008992 5 -0.0001485
 0.1957842   2518.404   2640887.8178  5       1
 1.0411400      2518.4036 -5.0990360 5 -0.0003185
 0.2003170   2518.406   2640888.8178  5       1
 1.0484453      2518.4064 -5.0971620 5 -0.0004885
 0.2050388   2518.409   2640889.8178  5       1
 1.0557484      2518.4091 -5.0952774 5 -0.0006585
 0.2099368   2518.412   2640890.8178  5       1
 1.0630494      2518.4118 -5.0933820 5 -0.0008284
 0.2149986   2518.415   2640891.8178  5       1
 1.0703480      2518.4146 -5.0914760 5 -0.0009984
 0.2202126   2518.417   2640892.8178  5       1
 1.0776445      2518.4173 -5.0895592 5 -0.0011684
 0.2255683   2518.420   2640893.8178  5       1
 1.0849386      2518.4200 -5.0876318 5 -0.0013384
 0.2339577   2518.424   2640895.3378  5       1
 1.0960214      2518.4242 -5.0846815 5 -0.0015967
 0.2396271   2518.427   2640896.3378  5       1
 1.1033098      2518.4270 -5.0827271 5 -0.0017667
 0.2454058   2518.430   2640897.3378  5       1
 1.1105958      2518.4297 -5.0807620 5 -0.0019367
 0.2512861   2518.432   2640898.3378  5       1
 1.1178795      2518.4324 -5.0787861 5 -0.0021066
 0.2572608   2518.435   2640899.3378  5       1
 1.1251609      2518.4352 -5.0767996 5 -0.0022766
 0.2633233   2518.438   2640900.3378  5       1
 1.1324399      2518.4379 -5.0748024 5 -0.0024466
 0.2694676   2518.441   2640901.3378  5       1
 1.1397165      2518.4407 -5.0727945 5 -0.0026165
 0.2756880   2518.443   2640902.3378  5       1
 1.1469907      2518.4434 -5.0707759 5 -0.0027864
 0.2819794   2518.446   2640903.3378  5       1
 1.1542624      2518.4461 -5.0687467 5 -0.0029564
 0.2883369   2518.449   2640904.3378  5       1
 1.1615318      2518.4489 -5.0667067 5 -0.0031263
 0.2947562   2518.452   2640905.3378  5       1
 1.1687987      2518.4516 -5.0646561 5 -0.0032962
 0.3012331   2518.454   2640906.3378  5       1
 1.1760631      2518.4544 -5.0625948 5 -0.0034662
 0.3077640   2518.457   2640907.3378  5       1
 1.1833250      2518.4571 -5.0605228 5 -0.0036361
 0.3143453   2518.460   2640908.3378  5       1
 1.1905845      2518.4598 -5.0584401 5 -0.0038060
 0.3209737   2518.463   2640909.3378  5       1
 1.1978414      2518.4626 -5.0563468 5 -0.0039759
 0.3276464   2518.465   2640910.3378  5       1
 1.2050958      2518.4653 -5.0542428 5 -0.0041457
 0.3343605   2518.468   2640911.3378  5       1
 1.2123477      2518.4680 -5.0521281 5 -0.0043156
 0.3411136   2518.471   2640912.3378  5       1
 1.2195970      2518.4708 -5.0500027 5 -0.0044855
 0.3479031   2518.474   2640913.3378  5       1
 1.2268437      2518.4735 -5.0478667 5 -0.0046553
 0.3547270   2518.476   2640914.3378  5       1
 1.2340878      2518.4763 -5.0457200 5 -0.0048252
 0.3615831   2518.479   2640915.3378  5       1
 1.2413293      2518.4790 -5.0435627 5 -0.0049950
 0.3684697   2518.482   2640916.3378  5       1
 1.2485682      2518.4817 -5.0413947 5 -0.0051649
 0.3753848   2518.484   2640917.3378  5       1
 1.2558045      2518.4845 -5.0392161 5 -0.0053347
 0.3823269   2518.487   2640918.3378  5       1
 1.2630381      2518.4872 -5.0370268 5 -0.0055045
 0.3892944   2518.490   2640919.3378  5       1
 1.2702690      2518.4900 -5.0348268 5 -0.0056743
 0.3962858   2518.493   2640920.3378  5       1
 1.2774972      2518.4927 -5.0326162 5 -0.0058440
 0.3992708   2613.213   2675516.2984  5       1
 0.8051402      2613.2131 -5.1595548 5  0.0054633
 0.3955340   2613.216   2675517.2984  5       1
 0.8124966      2613.2159 -5.1580192 5  0.0052938
 0.3919175   2613.219   2675518.2984  5       1
 0.8198513      2613.2186 -5.1564728 5  0.0051242
 0.3884248   2613.221   2675519.2984  5       1
 0.8272043      2613.2214 -5.1549157 5  0.0049547
 0.3850593   2613.224   2675520.2984  5       1
 0.8345556      2613.2241 -5.1533478 5  0.0047851
 0.3818242   2613.227   2675521.2984  5       1
 0.8419052      2613.2268 -5.1517693 5  0.0046155
 0.3787230   2613.230   2675522.2984  5       1
 0.8492530      2613.2296 -5.1501800 5  0.0044459
 0.3757590   2613.232   2675523.2984  5       1
 0.8565990      2613.2323 -5.1485800 5  0.0042763
 0.3729354   2613.235   2675524.2984  5       1
 0.8639433      2613.2351 -5.1469692 5  0.0041067
 0.3702554   2613.238   2675525.2984  5       1
 0.8712857      2613.2378 -5.1453478 5  0.0039371
 0.3677223   2613.241   2675526.2984  5       1
 0.8786263      2613.2405 -5.1437156 5  0.0037675
 0.3653389   2613.243   2675527.2984  5       1
 0.8859651      2613.2433 -5.1420726 5  0.0035979
 0.3631083   2613.246   2675528.2984  5       1
 0.8933021      2613.2460 -5.1404190 5  0.0034282
 0.3610333   2613.249   2675529.2984  5       1
 0.9006372      2613.2488 -5.1387547 5  0.0032586
 0.3591166   2613.252   2675530.2984  5       1
 0.9079704      2613.2515 -5.1370796 5  0.0030889
 0.3573606   2613.254   2675531.2984  5       1
 0.9153018      2613.2542 -5.1353938 5  0.0029193
 0.3557679   2613.257   2675532.2984  5       1
 0.9226312      2613.2570 -5.1336973 5  0.0027496
 0.3543405   2613.260   2675533.2984  5       1
 0.9299587      2613.2597 -5.1319901 5  0.0025800
 0.3530804   2613.262   2675534.2984  5       1
 0.9372842      2613.2625 -5.1302722 5  0.0024103
 0.3519895   2613.265   2675535.2984  5       1
 0.9446078      2613.2652 -5.1285435 5  0.0022406
 0.3510692   2613.268   2675536.2984  5       1
 0.9519295      2613.2679 -5.1268041 5  0.0020709
 0.3503210   2613.271   2675537.2984  5       1
 0.9592491      2613.2707 -5.1250541 5  0.0019012
 0.3497458   2613.273   2675538.2984  5       1
 0.9665667      2613.2734 -5.1232933 5  0.0017315
 0.3493445   2613.276   2675539.2984  5       1
 0.9738824      2613.2762 -5.1215218 5  0.0015618
 0.3491177   2613.279   2675540.2984  5       1
 0.9811960      2613.2789 -5.1197396 5  0.0013921
 0.3490656   2613.282   2675541.2984  5       1
 0.9885075      2613.2816 -5.1179467 5  0.0012224
 0.3491884   2613.284   2675542.2984  5       1
 0.9958170      2613.2844 -5.1161431 5  0.0010527
 0.3494858   2613.287   2675543.2984  5       1
 1.0031244      2613.2871 -5.1143288 5  0.0008830
 0.3499573   2613.290   2675544.2984  5       1
 1.0104297      2613.2899 -5.1125038 5  0.0007133
 0.3506022   2613.293   2675545.2984  5       1
 1.0177328      2613.2926 -5.1106681 5  0.0005436
 0.3514194   2613.295   2675546.2984  5       1
 1.0250339      2613.2953 -5.1088217 5  0.0003739
 0.3524078   2613.298   2675547.2984  5       1
 1.0323328      2613.2981 -5.1069647 5  0.0002042
 0.3535658   2613.301   2675548.2984  5       1
 1.0396296      2613.3008 -5.1050969 5  0.0000345
 0.3548918   2613.304   2675549.2984  5       1
 1.0469241      2613.3036 -5.1032184 5 -0.0001352
 0.3563839   2613.306   2675550.2984  5       1
 1.0542165      2613.3063 -5.1013292 5 -0.0003050
 0.3580398   2613.309   2675551.2984  5       1
 1.0615067      2613.3090 -5.0994293 5 -0.0004747
 0.3608654   2613.313   2675552.8184  5       1
 1.0725835      2613.3132 -5.0965211 5 -0.0007326
 0.3629237   2613.316   2675553.8184  5       1
 1.0798680      2613.3159 -5.0945943 5 -0.0009023
 0.3651370   2613.319   2675554.8184  5       1
 1.0871503      2613.3187 -5.0926568 5 -0.0010721
 0.3675025   2613.321   2675555.8184  5       1
 1.0944303      2613.3214 -5.0907087 5 -0.0012418
 0.3700171   2613.324   2675556.8184  5       1
 1.1017080      2613.3242 -5.0887498 5 -0.0014115
 0.3726779   2613.327   2675557.8184  5       1
 1.1089834      2613.3269 -5.0867803 5 -0.0015812
 0.3754815   2613.330   2675558.8184  5       1
 1.1162565      2613.3296 -5.0848001 5 -0.0017509
 0.3784249   2613.332   2675559.8184  5       1
 1.1235272      2613.3324 -5.0828092 5 -0.0019206
 0.3815047   2613.335   2675560.8184  5       1
 1.1307956      2613.3351 -5.0808077 5 -0.0020902
 0.3847176   2613.338   2675561.8184  5       1
 1.1380616      2613.3379 -5.0787955 5 -0.0022599
 0.3880602   2613.341   2675562.8184  5       1
 1.1453252      2613.3406 -5.0767726 5 -0.0024296
 0.3915291   2613.343   2675563.8184  5       1
 1.1525864      2613.3433 -5.0747390 5 -0.0025993
 0.3951209   2613.346   2675564.8184  5       1
 1.1598452      2613.3461 -5.0726948 5 -0.0027690
 0.3988322   2613.349   2675565.8184  5       1
 1.1671016      2613.3488 -5.0706399 5 -0.0029386
 0.3933514   2696.091   2705786.8589  5       1
 0.3940558      2696.0911 -5.2247629 5  0.0151928
 0.3858657   2696.094   2705787.8589  5       1
 0.4014881      2696.0939 -5.2238272 5  0.0150245
 0.3783820   2696.097   2705788.8589  5       1
 0.4089196      2696.0966 -5.2228809 5  0.0148561
 0.3709005   2696.099   2705789.8589  5       1
 0.4163503      2696.0993 -5.2219237 5  0.0146877
 0.3595334   2696.103   2705791.3789  5       1
 0.4276433      2696.1035 -5.2204483 5  0.0144317
 0.3520585   2696.106   2705792.3789  5       1
 0.4350718      2696.1062 -5.2194640 5  0.0142633
 0.3445866   2696.109   2705793.3789  5       1
 0.4424993      2696.1090 -5.2184690 5  0.0140948
 0.3371180   2696.112   2705794.3789  5       1
 0.4499260      2696.1117 -5.2174633 5  0.0139262
 0.3296531   2696.114   2705795.3789  5       1
 0.4573517      2696.1144 -5.2164467 5  0.0137577
 0.3221920   2696.117   2705796.3789  5       1
 0.4647765      2696.1172 -5.2154195 5  0.0135891
 0.3147354   2696.120   2705797.3789  5       1
 0.4722004      2696.1199 -5.2143814 5  0.0134205
 0.3072834   2696.123   2705798.3789  5       1
 0.4796232      2696.1226 -5.2133327 5  0.0132518
 0.2998366   2696.125   2705799.3789  5       1
 0.4870451      2696.1254 -5.2122731 5  0.0130832
 0.2923956   2696.128   2705800.3789  5       1
 0.4944660      2696.1281 -5.2112028 5  0.0129145
 0.2849607   2696.131   2705801.3789  5       1
 0.5018858      2696.1308 -5.2101217 5  0.0127458
 0.2775327   2696.134   2705802.3789  5       1
 0.5093046      2696.1335 -5.2090299 5  0.0125770
 0.2701123   2696.136   2705803.3789  5       1
 0.5167223      2696.1363 -5.2079273 5  0.0124082
 0.2627001   2696.139   2705804.3789  5       1
 0.5241390      2696.1390 -5.2068140 5  0.0122395
 0.2552972   2696.142   2705805.3789  5       1
 0.5315546      2696.1417 -5.2056899 5  0.0120706
 0.2479044   2696.144   2705806.3789  5       1
 0.5389691      2696.1445 -5.2045551 5  0.0119018
 0.2405228   2696.147   2705807.3789  5       1
 0.5463825      2696.1472 -5.2034095 5  0.0117329
 0.2331537   2696.150   2705808.3789  5       1
 0.5537948      2696.1499 -5.2022531 5  0.0115640
 0.2257986   2696.153   2705809.3789  5       1
 0.5612059      2696.1527 -5.2010860 5  0.0113951
 0.2184589   2696.155   2705810.3789  5       1
 0.5686158      2696.1554 -5.1999081 5  0.0112262
 0.2111365   2696.158   2705811.3789  5       1
 0.5760246      2696.1581 -5.1987195 5  0.0110572
 0.2038336   2696.161   2705812.3789  5       1
 0.5834322      2696.1609 -5.1975201 5  0.0108882
 0.1965526   2696.164   2705813.3789  5       1
 0.5908385      2696.1636 -5.1963099 5  0.0107192
 0.1892962   2696.166   2705814.3789  5       1
 0.5982437      2696.1663 -5.1950890 5  0.0105502
 0.1820678   2696.169   2705815.3789  5       1
 0.6056476      2696.1691 -5.1938574 5  0.0103811
 0.1748712   2696.172   2705816.3789  5       1
 0.6130502      2696.1718 -5.1926150 5  0.0102120
 0.1677108   2696.175   2705817.3789  5       1
 0.6204516      2696.1745 -5.1913618 5  0.0100429
 0.1605920   2696.177   2705818.3789  5       1
 0.6278517      2696.1773 -5.1900979 5  0.0098738
 0.1535211   2696.180   2705819.3789  5       1
 0.6352505      2696.1800 -5.1888232 5  0.0097047
 0.1465055   2696.183   2705820.3789  5       1
 0.6426480      2696.1827 -5.1875377 5  0.0095355
 0.1395541   2696.185   2705821.3789  5       1
 0.6500441      2696.1855 -5.1862416 5  0.0093663
 0.1326780   2696.188   2705822.3789  5       1
 0.6574389      2696.1882 -5.1849346 5  0.0091971
 0.1258902   2696.191   2705823.3789  5       1
 0.6648323      2696.1909 -5.1836169 5  0.0090279
 0.1192067   2696.194   2705824.3789  5       1
 0.6722244      2696.1937 -5.1822885 5  0.0088587
 0.1126473   2696.196   2705825.3789  5       1
 0.6796150      2696.1964 -5.1809493 5  0.0086894
 0.1062363   2696.199   2705826.3789  5       1
 0.6870043      2696.1991 -5.1795994 5  0.0085202
 0.0968453   2696.203   2705827.8989  5       1
 0.6982332      2696.2033 -5.1775268 5  0.0082628
 0.0909581   2696.206   2705828.8989  5       1
 0.7056188      2696.2060 -5.1761498 5  0.0080935
 0.0853608   2696.209   2705829.8989  5       1
 0.7130030      2696.2087 -5.1747620 5  0.0079242
 0.0801169   2696.211   2705830.8989  5       1
 0.7203857      2696.2115 -5.1733635 5  0.0077548
 0.0753029   2696.214   2705831.8989  5       1
 0.7277668      2696.2142 -5.1719542 5  0.0075855
 0.0710096   2696.217   2705832.8989  5       1
 0.7351465      2696.2169 -5.1705342 5  0.0074161
 0.0673400   2696.220   2705833.8989  5       1
 0.7425247      2696.2197 -5.1691034 5  0.0072467
 0.0644039   2696.222   2705834.8989  5       1
 0.7499013      2696.2224 -5.1676619 5  0.0070773
 0.0623082   2696.225   2705835.8989  5       1
 0.7572763      2696.2251 -5.1662096 5  0.0069079
 0.0611417   2696.228   2705836.8989  5       1
 0.7646497      2696.2279 -5.1647466 5  0.0067384
 0.0609591   2696.231   2705837.8989  5       1
 0.7720216      2696.2306 -5.1632728 5  0.0065690
 0.0617693   2696.233   2705838.8989  5       1
 0.7793919      2696.2333 -5.1617883 5  0.0063995
 0.0635333   2696.236   2705839.8989  5       1
 0.7867605      2696.2361 -5.1602931 5  0.0062300
 0.0661729   2696.239   2705840.8989  5       1
 0.7941275      2696.2388 -5.1587871 5  0.0060605
 0.0695859   2696.242   2705841.8989  5       1
 0.8014929      2696.2415 -5.1572704 5  0.0058910
 0.0736621   2696.244   2705842.8989  5       1
 0.8088566      2696.2443 -5.1557429 5  0.0057215
 0.0782949   2696.247   2705843.8989  5       1
 0.8162186      2696.2470 -5.1542047 5  0.0055520
 0.0833889   2696.250   2705844.8989  5       1
 0.8235789      2696.2497 -5.1526557 5  0.0053824
 0.0888622   2696.252   2705845.8989  5       1
 0.8309375      2696.2525 -5.1510960 5  0.0052129
 0.0946469   2696.255   2705846.8989  5       1
 0.8382943      2696.2552 -5.1495256 5  0.0050433
 0.1006872   2696.258   2705847.8989  5       1
 0.8456494      2696.2579 -5.1479445 5  0.0048737
 0.1069381   2696.261   2705848.8989  5       1
 0.8530028      2696.2607 -5.1463526 5  0.0047042
 0.1133634   2696.263   2705849.8989  5       1
 0.8603543      2696.2634 -5.1447499 5  0.0045346
 0.1199336   2696.266   2705850.8989  5       1
 0.8677041      2696.2661 -5.1431366 5  0.0043650
 0.1266251   2696.269   2705851.8989  5       1
 0.8750521      2696.2688 -5.1415125 5  0.0041954
 0.1334186   2696.272   2705852.8989  5       1
 0.8823982      2696.2716 -5.1398777 5  0.0040257
 0.1402984   2696.274   2705853.8989  5       1
 0.8897425      2696.2743 -5.1382321 5  0.0038561
 0.1472518   2696.277   2705854.8989  5       1
 0.8970849      2696.2770 -5.1365758 5  0.0036865
 0.1542681   2696.280   2705855.8989  5       1
 0.9044255      2696.2798 -5.1349088 5  0.0035168
 0.1613384   2696.283   2705856.8989  5       1
 0.9117642      2696.2825 -5.1332311 5  0.0033472
 0.1684556   2696.285   2705857.8989  5       1
 0.9191010      2696.2852 -5.1315426 5  0.0031775
 0.1756133   2696.288   2705858.8989  5       1
 0.9264358      2696.2880 -5.1298434 5  0.0030078
 0.1828065   2696.291   2705859.8989  5       1
 0.9337687      2696.2907 -5.1281335 5  0.0028382
 0.1900307   2696.293   2705860.8989  5       1
 0.9410997      2696.2934 -5.1264129 5  0.0026685
 0.1972821   2696.296   2705861.8989  5       1
 0.9484287      2696.2962 -5.1246815 5  0.0024988
 0.2045577   2696.299   2705862.8989  5       1
 0.9557557      2696.2989 -5.1229395 5  0.0023291
 0.2156565   2696.303   2705864.4189  5       1
 0.9668890      2696.3031 -5.1202710 5  0.0020712
 0.2229813   2696.306   2705865.4189  5       1
 0.9742109      2696.3058 -5.1185019 5  0.0019015
 0.2303219   2696.309   2705866.4189  5       1
 0.9815308      2696.3085 -5.1167221 5  0.0017318
 0.2376767   2696.311   2705867.4189  5       1
 0.9888487      2696.3113 -5.1149316 5  0.0015621
 0.2450443   2696.314   2705868.4189  5       1
 0.9961645      2696.3140 -5.1131304 5  0.0013924
 0.2524233   2696.317   2705869.4189  5       1
 1.0034782      2696.3167 -5.1113185 5  0.0012226
 0.2598126   2696.319   2705870.4189  5       1
 1.0107898      2696.3195 -5.1094958 5  0.0010529
 0.2672112   2696.322   2705871.4189  5       1
 1.0180993      2696.3222 -5.1076625 5  0.0008832
 0.2746182   2696.325   2705872.4189  5       1
 1.0254066      2696.3249 -5.1058184 5  0.0007135
 0.2820328   2696.328   2705873.4189  5       1
 1.0327118      2696.3276 -5.1039637 5  0.0005438
 0.2894542   2696.330   2705874.4189  5       1
 1.0400149      2696.3304 -5.1020982 5  0.0003740
 0.2968819   2696.333   2705875.4189  5       1
 1.0473157      2696.3331 -5.1002221 5  0.0002043
 0.3043152   2696.336   2705876.4189  5       1
 1.0546144      2696.3358 -5.0983352 5  0.0000346
 0.3117537   2696.339   2705877.4189  5       1
 1.0619108      2696.3386 -5.0964376 5 -0.0001351
 0.3191969   2696.341   2705878.4189  5       1
 1.0692050      2696.3413 -5.0945294 5 -0.0003049
 0.3266443   2696.344   2705879.4189  5       1
 1.0764970      2696.3440 -5.0926105 5 -0.0004746
 0.3340956   2696.347   2705880.4189  5       1
 1.0837867      2696.3468 -5.0906808 5 -0.0006443
 0.3415505   2696.350   2705881.4189  5       1
 1.0910742      2696.3495 -5.0887405 5 -0.0008140
 0.3490086   2696.352   2705882.4189  5       1
 1.0983594      2696.3522 -5.0867895 5 -0.0009837
 0.3564696   2696.355   2705883.4189  5       1
 1.1056422      2696.3550 -5.0848278 5 -0.0011535
 0.3639334   2696.358   2705884.4189  5       1
 1.1129227      2696.3577 -5.0828554 5 -0.0013232
 0.3713995   2696.360   2705885.4189  5       1
 1.1202009      2696.3604 -5.0808723 5 -0.0014929
 0.3788679   2696.363   2705886.4189  5       1
 1.1274768      2696.3632 -5.0788785 5 -0.0016626
 0.3863383   2696.366   2705887.4189  5       1
 1.1347502      2696.3659 -5.0768741 5 -0.0018323
 0.3938106   2696.369   2705888.4189  5       1
 1.1420213      2696.3686 -5.0748590 5 -0.0020020
