 0.3197130   2079.437   2480559.0149  5       1
 0.3129309   2079.440   2480560.0149  5       1
 0.3061884   2079.443   2480561.0149  5       1
 0.2994884   2079.445   2480562.0149  5       1
 0.2928338   2079.448   2480563.0149  5       1
 0.2862280   2079.451   2480564.0149  5       1
 0.2796746   2079.453   2480565.0149  5       1
 0.2731775   2079.456   2480566.0149  5       1
 0.2667410   2079.459   2480567.0149  5       1
 0.2603697   2079.462   2480568.0149  5       1
 0.2540687   2079.464   2480569.0149  5       1
 0.2478435   2079.467   2480570.0149  5       1
 0.2417002   2079.470   2480571.0149  5       1
 0.2325342   2079.474   2480572.5349  5       1
 0.2266278   2079.477   2480573.5349  5       1
 0.2208292   2079.480   2480574.5349  5       1
 0.2151475   2079.482   2480575.5349  5       1
 0.2095921   2079.485   2480576.5349  5       1
 0.2041739   2079.488   2480577.5349  5       1
 0.1989040   2079.491   2480578.5349  5       1
 0.1937951   2079.493   2480579.5349  5       1
 0.1888602   2079.496   2480580.5349  5       1
 0.1841138   2079.499   2480581.5349  5       1
 0.1795709   2079.501   2480582.5349  5       1
 0.1752478   2079.504   2480583.5349  5       1
 0.1711613   2079.507   2480584.5349  5       1
 0.1673290   2079.510   2480585.5349  5       1
 0.1637691   2079.512   2480586.5349  5       1
 0.1604999   2079.515   2480587.5349  5       1
 0.1575399   2079.518   2480588.5349  5       1
 0.1549070   2079.521   2480589.5349  5       1
 0.1526184   2079.523   2480590.5349  5       1
 0.1506899   2079.526   2480591.5349  5       1
 0.1491357   2079.529   2480592.5349  5       1
 0.1479678   2079.532   2480593.5349  5       1
 0.1471955   2079.534   2480594.5349  5       1
 0.1468251   2079.537   2480595.5349  5       1
 0.1468597   2079.540   2480596.5349  5       1
 0.1472990   2079.543   2480597.5349  5       1
 0.1481393   2079.545   2480598.5349  5       1
 0.1493740   2079.548   2480599.5349  5       1
 0.1509931   2079.551   2480600.5349  5       1
 0.1529843   2079.554   2480601.5349  5       1
 0.1553331   2079.556   2480602.5349  5       1
 0.1580235   2079.559   2480603.5349  5       1
 0.1610380   2079.562   2480604.5349  5       1
 0.1643587   2079.564   2480605.5349  5       1
 0.1679671   2079.567   2480606.5349  5       1
 0.1718449   2079.570   2480607.5349  5       1
 0.1782146   2079.574   2480609.0549  5       1
 0.1826924   2079.577   2480610.0549  5       1
 0.1873789   2079.580   2480611.0549  5       1
 0.1922585   2079.582   2480612.0549  5       1
 0.1973166   2079.585   2480613.0549  5       1
 0.2025397   2079.588   2480614.0549  5       1
 0.2079152   2079.591   2480615.0549  5       1
 0.2134312   2079.593   2480616.0549  5       1
 0.2190770   2079.596   2480617.0549  5       1
 0.2248426   2079.599   2480618.0549  5       1
 0.2307189   2079.602   2480619.0549  5       1
 0.2366974   2079.604   2480620.0549  5       1
 0.2427704   2079.607   2480621.0549  5       1
 0.2489307   2079.610   2480622.0549  5       1
 0.2551720   2079.612   2480623.0549  5       1
 0.2614883   2079.615   2480624.0549  5       1
 0.2678741   2079.618   2480625.0549  5       1
 0.2743244   2079.621   2480626.0549  5       1
 0.2808346   2079.623   2480627.0549  5       1
 0.2874006   2079.626   2480628.0549  5       1
 0.2940184   2079.629   2480629.0549  5       1
 0.3006845   2079.632   2480630.0549  5       1
 0.3073957   2079.634   2480631.0549  5       1
 0.3141489   2079.637   2480632.0549  5       1
 0.3209413   2079.640   2480633.0549  5       1
 0.3193547   2198.047   2523880.7349  5       1
 0.3125579   2198.050   2523881.7349  5       1
 0.3058011   2198.053   2523882.7349  5       1
 0.2990870   2198.055   2523883.7349  5       1
 0.2889704   2198.060   2523885.2549  5       1
 0.2823783   2198.062   2523886.2549  5       1
 0.2758410   2198.065   2523887.2549  5       1
 0.2693626   2198.068   2523888.2549  5       1
 0.2629476   2198.071   2523889.2549  5       1
 0.2566010   2198.073   2523890.2549  5       1
 0.2503281   2198.076   2523891.2549  5       1
 0.2441347   2198.079   2523892.2549  5       1
 0.2380272   2198.082   2523893.2549  5       1
 0.2320125   2198.084   2523894.2549  5       1
 0.2260984   2198.087   2523895.2549  5       1
 0.2202930   2198.090   2523896.2549  5       1
 0.2146053   2198.092   2523897.2549  5       1
 0.2090453   2198.095   2523898.2549  5       1
 0.2036235   2198.098   2523899.2549  5       1
 0.1983515   2198.101   2523900.2549  5       1
 0.1932418   2198.103   2523901.2549  5       1
 0.1883078   2198.106   2523902.2549  5       1
 0.1835640   2198.109   2523903.2549  5       1
 0.1790257   2198.112   2523904.2549  5       1
 0.1747093   2198.114   2523905.2549  5       1
 0.1706317   2198.117   2523906.2549  5       1
 0.1668108   2198.120   2523907.2549  5       1
 0.1632648   2198.123   2523908.2549  5       1
 0.1600123   2198.125   2523909.2549  5       1
 0.1570717   2198.128   2523910.2549  5       1
 0.1544611   2198.131   2523911.2549  5       1
 0.1521977   2198.134   2523912.2549  5       1
 0.1502973   2198.136   2523913.2549  5       1
 0.1487741   2198.139   2523914.2549  5       1
 0.1476398   2198.142   2523915.2549  5       1
 0.1469035   2198.145   2523916.2549  5       1
 0.1465713   2198.147   2523917.2549  5       1
 0.1466460   2198.150   2523918.2549  5       1
 0.1471269   2198.153   2523919.2549  5       1
 0.1480099   2198.155   2523920.2549  5       1
 0.1501053   2198.160   2523921.7749  5       1
 0.1519633   2198.162   2523922.7749  5       1
 0.1541860   2198.165   2523923.7749  5       1
 0.1567575   2198.168   2523924.7749  5       1
 0.1596608   2198.171   2523925.7749  5       1
 0.1628780   2198.173   2523926.7749  5       1
 0.1663905   2198.176   2523927.7749  5       1
 0.1701799   2198.179   2523928.7749  5       1
 0.1742278   2198.182   2523929.7749  5       1
 0.1785163   2198.184   2523930.7749  5       1
 0.1830284   2198.187   2523931.7749  5       1
 0.1877475   2198.190   2523932.7749  5       1
 0.1926583   2198.193   2523933.7749  5       1
 0.1977462   2198.195   2523934.7749  5       1
 0.2029977   2198.198   2523935.7749  5       1
 0.2084001   2198.201   2523936.7749  5       1
 0.2139418   2198.203   2523937.7749  5       1
 0.2196121   2198.206   2523938.7749  5       1
 0.2254010   2198.209   2523939.7749  5       1
 0.2312994   2198.212   2523940.7749  5       1
 0.2372990   2198.214   2523941.7749  5       1
 0.2433921   2198.217   2523942.7749  5       1
 0.2495716   2198.220   2523943.7749  5       1
 0.2558312   2198.223   2523944.7749  5       1
 0.2621649   2198.225   2523945.7749  5       1
 0.2685674   2198.228   2523946.7749  5       1
 0.2750336   2198.231   2523947.7749  5       1
 0.2815590   2198.234   2523948.7749  5       1
 0.2881395   2198.236   2523949.7749  5       1
 0.2947712   2198.239   2523950.7749  5       1
 0.3014506   2198.242   2523951.7749  5       1
 0.3081745   2198.245   2523952.7749  5       1
 0.3149400   2198.247   2523953.7749  5       1
 0.3217441   2198.250   2523954.7749  5       1
 0.3160588   2209.961   2528231.1349  5       1
 0.3114756   2209.963   2528232.1349  5       1
 0.3070172   2209.966   2528233.1349  5       1
 0.3026891   2209.969   2528234.1349  5       1
 0.2984971   2209.972   2528235.1349  5       1
 0.2944471   2209.974   2528236.1349  5       1
 0.2905451   2209.977   2528237.1349  5       1
 0.2867971   2209.980   2528238.1349  5       1
 0.2832094   2209.983   2528239.1349  5       1
 0.2797881   2209.985   2528240.1349  5       1
 0.2765395   2209.988   2528241.1349  5       1
 0.2734699   2209.991   2528242.1349  5       1
 0.2705853   2209.994   2528243.1349  5       1
 0.2678917   2209.996   2528244.1349  5       1
 0.2653951   2209.999   2528245.1349  5       1
 0.2631010   2210.002   2528246.1349  5       1
 0.2610150   2210.004   2528247.1349  5       1
 0.2591419   2210.007   2528248.1349  5       1
 0.2574865   2210.010   2528249.1349  5       1
 0.2560531   2210.013   2528250.1349  5       1
 0.2548453   2210.015   2528251.1349  5       1
 0.2538665   2210.018   2528252.1349  5       1
 0.2531193   2210.021   2528253.1349  5       1
 0.2526057   2210.024   2528254.1349  5       1
 0.2523273   2210.026   2528255.1349  5       1
 0.2522846   2210.029   2528256.1349  5       1
 0.2524779   2210.032   2528257.1349  5       1
 0.2529066   2210.035   2528258.1349  5       1
 0.2535694   2210.037   2528259.1349  5       1
 0.2544645   2210.040   2528260.1349  5       1
 0.2555895   2210.043   2528261.1349  5       1
 0.2569411   2210.046   2528262.1349  5       1
 0.2585160   2210.048   2528263.1349  5       1
 0.2603098   2210.051   2528264.1349  5       1
 0.2623181   2210.054   2528265.1349  5       1
 0.2645360   2210.057   2528266.1349  5       1
 0.2682965   2210.061   2528267.6549  5       1
 0.2710183   2210.063   2528268.6549  5       1
 0.2739298   2210.066   2528269.6549  5       1
 0.2770251   2210.069   2528270.6549  5       1
 0.2802979   2210.072   2528271.6549  5       1
 0.2837419   2210.074   2528272.6549  5       1
 0.2873511   2210.077   2528273.6549  5       1
 0.2911190   2210.080   2528274.6549  5       1
 0.2950396   2210.083   2528275.6549  5       1
 0.2991068   2210.085   2528276.6549  5       1
 0.3033146   2210.088   2528277.6549  5       1
 0.3076571   2210.091   2528278.6549  5       1
 0.3121285   2210.094   2528279.6549  5       1
 0.3167235   2210.096   2528280.6549  5       1
 0.3214365   2210.099   2528281.6549  5       1
 0.3199395   2316.676   2567207.9749  5       1
 0.3139505   2316.679   2567208.9749  5       1
 0.3080372   2316.682   2567209.9749  5       1
 0.3022040   2316.684   2567210.9749  5       1
 0.2964559   2316.687   2567211.9749  5       1
 0.2907980   2316.690   2567212.9749  5       1
 0.2852356   2316.693   2567213.9749  5       1
 0.2797746   2316.695   2567214.9749  5       1
 0.2744212   2316.698   2567215.9749  5       1
 0.2691818   2316.701   2567216.9749  5       1
 0.2640634   2316.703   2567217.9749  5       1
 0.2590732   2316.706   2567218.9749  5       1
 0.2542188   2316.709   2567219.9749  5       1
 0.2495083   2316.712   2567220.9749  5       1
 0.2449501   2316.714   2567221.9749  5       1
 0.2405530   2316.717   2567222.9749  5       1
 0.2363260   2316.720   2567223.9749  5       1
 0.2322786   2316.723   2567224.9749  5       1
 0.2284203   2316.725   2567225.9749  5       1
 0.2247610   2316.728   2567226.9749  5       1
 0.2213107   2316.731   2567227.9749  5       1
 0.2180794   2316.734   2567228.9749  5       1
 0.2150771   2316.736   2567229.9749  5       1
 0.2123135   2316.739   2567230.9749  5       1
 0.2097981   2316.742   2567231.9749  5       1
 0.2075401   2316.744   2567232.9749  5       1
 0.2046199   2316.749   2567234.4949  5       1
 0.2030467   2316.751   2567235.4949  5       1
 0.2017576   2316.754   2567236.4949  5       1
 0.2007580   2316.757   2567237.4949  5       1
 0.2000524   2316.760   2567238.4949  5       1
 0.1996437   2316.762   2567239.4949  5       1
 0.1995339   2316.765   2567240.4949  5       1
 0.1997233   2316.768   2567241.4949  5       1
 0.2002112   2316.770   2567242.4949  5       1
 0.2009953   2316.773   2567243.4949  5       1
 0.2020720   2316.776   2567244.4949  5       1
 0.2034367   2316.779   2567245.4949  5       1
 0.2050836   2316.781   2567246.4949  5       1
 0.2070057   2316.784   2567247.4949  5       1
 0.2091955   2316.787   2567248.4949  5       1
 0.2116444   2316.790   2567249.4949  5       1
 0.2143436   2316.792   2567250.4949  5       1
 0.2172835   2316.795   2567251.4949  5       1
 0.2204544   2316.798   2567252.4949  5       1
 0.2238463   2316.801   2567253.4949  5       1
 0.2274493   2316.803   2567254.4949  5       1
 0.2312532   2316.806   2567255.4949  5       1
 0.2352483   2316.809   2567256.4949  5       1
 0.2394248   2316.811   2567257.4949  5       1
 0.2437733   2316.814   2567258.4949  5       1
 0.2482845   2316.817   2567259.4949  5       1
 0.2529497   2316.820   2567260.4949  5       1
 0.2577603   2316.822   2567261.4949  5       1
 0.2627082   2316.825   2567262.4949  5       1
 0.2677856   2316.828   2567263.4949  5       1
 0.2729853   2316.831   2567264.4949  5       1
 0.2783002   2316.833   2567265.4949  5       1
 0.2837237   2316.836   2567266.4949  5       1
 0.2892496   2316.839   2567267.4949  5       1
 0.2948720   2316.842   2567268.4949  5       1
 0.3005853   2316.844   2567269.4949  5       1
 0.3094322   2316.848   2567271.0149  5       1
 0.3153524   2316.851   2567272.0149  5       1
 0.3213465   2316.854   2567273.0149  5       1
 0.3193379   2387.806   2593187.6949  5       1
 0.3124348   2387.809   2593188.6949  5       1
 0.3055675   2387.811   2593189.6949  5       1
 0.2987385   2387.814   2593190.6949  5       1
 0.2919507   2387.817   2593191.6949  5       1
 0.2852070   2387.820   2593192.6949  5       1
 0.2785109   2387.822   2593193.6949  5       1
 0.2718659   2387.825   2593194.6949  5       1
 0.2652760   2387.828   2593195.6949  5       1
 0.2587456   2387.831   2593196.6949  5       1
 0.2522794   2387.833   2593197.6949  5       1
 0.2458826   2387.836   2593198.6949  5       1
 0.2363053   2387.840   2593200.2149  5       1
 0.2301100   2387.843   2593201.2149  5       1
 0.2240068   2387.846   2593202.2149  5       1
 0.2180036   2387.849   2593203.2149  5       1
 0.2121090   2387.851   2593204.2149  5       1
 0.2063326   2387.854   2593205.2149  5       1
 0.2006848   2387.857   2593206.2149  5       1
 0.1951769   2387.859   2593207.2149  5       1
 0.1898214   2387.862   2593208.2149  5       1
 0.1846318   2387.865   2593209.2149  5       1
 0.1796226   2387.868   2593210.2149  5       1
 0.1748096   2387.870   2593211.2149  5       1
 0.1702098   2387.873   2593212.2149  5       1
 0.1658412   2387.876   2593213.2149  5       1
 0.1617227   2387.879   2593214.2149  5       1
 0.1578742   2387.881   2593215.2149  5       1
 0.1543161   2387.884   2593216.2149  5       1
 0.1510694   2387.887   2593217.2149  5       1
 0.1481545   2387.890   2593218.2149  5       1
 0.1455919   2387.892   2593219.2149  5       1
 0.1434004   2387.895   2593220.2149  5       1
 0.1415977   2387.898   2593221.2149  5       1
 0.1401987   2387.901   2593222.2149  5       1
 0.1392158   2387.903   2593223.2149  5       1
 0.1386579   2387.906   2593224.2149  5       1
 0.1385302   2387.909   2593225.2149  5       1
 0.1388339   2387.912   2593226.2149  5       1
 0.1395659   2387.914   2593227.2149  5       1
 0.1407196   2387.917   2593228.2149  5       1
 0.1422844   2387.920   2593229.2149  5       1
 0.1442469   2387.923   2593230.2149  5       1
 0.1465908   2387.925   2593231.2149  5       1
 0.1492978   2387.928   2593232.2149  5       1
 0.1523484   2387.931   2593233.2149  5       1
 0.1557221   2387.933   2593234.2149  5       1
 0.1593979   2387.936   2593235.2149  5       1
 0.1655176   2387.940   2593236.7349  5       1
 0.1698642   2387.943   2593237.7349  5       1
 0.1744428   2387.946   2593238.7349  5       1
 0.1792351   2387.949   2593239.7349  5       1
 0.1842243   2387.951   2593240.7349  5       1
 0.1893945   2387.954   2593241.7349  5       1
 0.1947310   2387.957   2593242.7349  5       1
 0.2002202   2387.960   2593243.7349  5       1
 0.2058496   2387.962   2593244.7349  5       1
 0.2116079   2387.965   2593245.7349  5       1
 0.2174844   2387.968   2593246.7349  5       1
 0.2234698   2387.971   2593247.7349  5       1
 0.2295552   2387.973   2593248.7349  5       1
 0.2357326   2387.976   2593249.7349  5       1
 0.2419950   2387.979   2593250.7349  5       1
 0.2483355   2387.981   2593251.7349  5       1
 0.2547482   2387.984   2593252.7349  5       1
 0.2612277   2387.987   2593253.7349  5       1
 0.2677688   2387.990   2593254.7349  5       1
 0.2743670   2387.992   2593255.7349  5       1
 0.2810182   2387.995   2593256.7349  5       1
 0.2877185   2387.998   2593257.7349  5       1
 0.2944645   2388.001   2593258.7349  5       1
 0.3012528   2388.003   2593259.7349  5       1
 0.3080806   2388.006   2593260.7349  5       1
 0.3149452   2388.009   2593261.7349  5       1
 0.3218441   2388.012   2593262.7349  5       1
 0.3205481   2518.265   2640837.2949  5       1
 0.3139029   2518.268   2640838.2949  5       1
 0.3073059   2518.271   2640839.2949  5       1
 0.3007604   2518.273   2640840.2949  5       1
 0.2942699   2518.276   2640841.2949  5       1
 0.2878383   2518.279   2640842.2949  5       1
 0.2814695   2518.282   2640843.2949  5       1
 0.2751682   2518.284   2640844.2949  5       1
 0.2689391   2518.287   2640845.2949  5       1
 0.2627875   2518.290   2640846.2949  5       1
 0.2567190   2518.293   2640847.2949  5       1
 0.2507399   2518.295   2640848.2949  5       1
 0.2448567   2518.298   2640849.2949  5       1
 0.2390766   2518.301   2640850.2949  5       1
 0.2334075   2518.304   2640851.2949  5       1
 0.2278578   2518.306   2640852.2949  5       1
 0.2224365   2518.309   2640853.2949  5       1
 0.2171534   2518.312   2640854.2949  5       1
 0.2120189   2518.315   2640855.2949  5       1
 0.2070443   2518.317   2640856.2949  5       1
 0.2022415   2518.320   2640857.2949  5       1
 0.1952991   2518.324   2640858.8149  5       1
 0.1909871   2518.327   2640859.8149  5       1
 0.1868947   2518.330   2640860.8149  5       1
 0.1830366   2518.332   2640861.8149  5       1
 0.1794281   2518.335   2640862.8149  5       1
 0.1760848   2518.338   2640863.8149  5       1
 0.1730222   2518.341   2640864.8149  5       1
 0.1702555   2518.343   2640865.8149  5       1
 0.1677995   2518.346   2640866.8149  5       1
 0.1656682   2518.349   2640867.8149  5       1
 0.1638744   2518.352   2640868.8149  5       1
 0.1624293   2518.354   2640869.8149  5       1
 0.1613422   2518.357   2640870.8149  5       1
 0.1606206   2518.360   2640871.8149  5       1
 0.1602694   2518.363   2640872.8149  5       1
 0.1602909   2518.365   2640873.8149  5       1
 0.1606851   2518.368   2640874.8149  5       1
 0.1614490   2518.371   2640875.8149  5       1
 0.1625773   2518.373   2640876.8149  5       1
 0.1640625   2518.376   2640877.8149  5       1
 0.1658948   2518.379   2640878.8149  5       1
 0.1680626   2518.382   2640879.8149  5       1
 0.1705530   2518.384   2640880.8149  5       1
 0.1733519   2518.387   2640881.8149  5       1
 0.1764444   2518.390   2640882.8149  5       1
 0.1798151   2518.393   2640883.8149  5       1
 0.1834485   2518.395   2640884.8149  5       1
 0.1873290   2518.398   2640885.8149  5       1
 0.1914415   2518.401   2640886.8149  5       1
 0.1957709   2518.404   2640887.8149  5       1
 0.2003032   2518.406   2640888.8149  5       1
 0.2050245   2518.409   2640889.8149  5       1
 0.2099219   2518.412   2640890.8149  5       1
 0.2149832   2518.415   2640891.8149  5       1
 0.2201969   2518.417   2640892.8149  5       1
 0.2255521   2518.420   2640893.8149  5       1
 0.2339409   2518.424   2640895.3349  5       1
 0.2396100   2518.427   2640896.3349  5       1
 0.2453884   2518.430   2640897.3349  5       1
 0.2512684   2518.432   2640898.3349  5       1
 0.2572428   2518.435   2640899.3349  5       1
 0.2633051   2518.438   2640900.3349  5       1
 0.2694491   2518.441   2640901.3349  5       1
 0.2756693   2518.443   2640902.3349  5       1
 0.2819605   2518.446   2640903.3349  5       1
 0.2883178   2518.449   2640904.3349  5       1
 0.2947370   2518.452   2640905.3349  5       1
 0.3012137   2518.454   2640906.3349  5       1
 0.3077444   2518.457   2640907.3349  5       1
 0.3143256   2518.460   2640908.3349  5       1
 0.3209539   2518.463   2640909.3349  5       1
 0.3147653   2696.120   2705797.3749  5       1
 0.3073133   2696.123   2705798.3749  5       1
 0.2998665   2696.125   2705799.3749  5       1
 0.2924254   2696.128   2705800.3749  5       1
 0.2849905   2696.131   2705801.3749  5       1
 0.2775625   2696.134   2705802.3749  5       1
 0.2701420   2696.136   2705803.3749  5       1
 0.2627299   2696.139   2705804.3749  5       1
 0.2553269   2696.142   2705805.3749  5       1
 0.2479340   2696.144   2705806.3749  5       1
 0.2405524   2696.147   2705807.3749  5       1
 0.2331833   2696.150   2705808.3749  5       1
 0.2258280   2696.153   2705809.3749  5       1
 0.2184883   2696.155   2705810.3749  5       1
 0.2111659   2696.158   2705811.3749  5       1
 0.2038629   2696.161   2705812.3749  5       1
 0.1965817   2696.164   2705813.3749  5       1
 0.1893253   2696.166   2705814.3749  5       1
 0.1820967   2696.169   2705815.3749  5       1
 0.1749000   2696.172   2705816.3749  5       1
 0.1677395   2696.175   2705817.3749  5       1
 0.1606205   2696.177   2705818.3749  5       1
 0.1535493   2696.180   2705819.3749  5       1
 0.1465335   2696.183   2705820.3749  5       1
 0.1395819   2696.185   2705821.3749  5       1
 0.1327054   2696.188   2705822.3749  5       1
 0.1259172   2696.191   2705823.3749  5       1
 0.1192333   2696.194   2705824.3749  5       1
 0.1126734   2696.196   2705825.3749  5       1
 0.1062617   2696.199   2705826.3749  5       1
 0.0968694   2696.203   2705827.8949  5       1
 0.0909811   2696.206   2705828.8949  5       1
 0.0853826   2696.209   2705829.8949  5       1
 0.0801371   2696.211   2705830.8949  5       1
 0.0753213   2696.214   2705831.8949  5       1
 0.0710257   2696.217   2705832.8949  5       1
 0.0673533   2696.220   2705833.8949  5       1
 0.0644140   2696.222   2705834.8949  5       1
 0.0623148   2696.225   2705835.8949  5       1
 0.0611444   2696.228   2705836.8949  5       1
 0.0609578   2696.231   2705837.8949  5       1
 0.0617641   2696.233   2705838.8949  5       1
 0.0635244   2696.236   2705839.8949  5       1
 0.0661607   2696.239   2705840.8949  5       1
 0.0695709   2696.242   2705841.8949  5       1
 0.0736445   2696.244   2705842.8949  5       1
 0.0782753   2696.247   2705843.8949  5       1
 0.0833676   2696.250   2705844.8949  5       1
 0.0888396   2696.252   2705845.8949  5       1
 0.0946231   2696.255   2705846.8949  5       1
 0.1006625   2696.258   2705847.8949  5       1
 0.1069127   2696.261   2705848.8949  5       1
 0.1133373   2696.263   2705849.8949  5       1
 0.1199070   2696.266   2705850.8949  5       1
 0.1265980   2696.269   2705851.8949  5       1
 0.1333911   2696.272   2705852.8949  5       1
 0.1402707   2696.274   2705853.8949  5       1
 0.1472238   2696.277   2705854.8949  5       1
 0.1542398   2696.280   2705855.8949  5       1
 0.1613100   2696.282   2705856.8949  5       1
 0.1684269   2696.285   2705857.8949  5       1
 0.1755845   2696.288   2705858.8949  5       1
 0.1827776   2696.291   2705859.8949  5       1
 0.1900016   2696.293   2705860.8949  5       1
 0.1972530   2696.296   2705861.8949  5       1
 0.2045284   2696.299   2705862.8949  5       1
 0.2156271   2696.303   2705864.4149  5       1
 0.2229518   2696.306   2705865.4149  5       1
 0.2302924   2696.309   2705866.4149  5       1
 0.2376472   2696.311   2705867.4149  5       1
 0.2450147   2696.314   2705868.4149  5       1
 0.2523937   2696.317   2705869.4149  5       1
 0.2597830   2696.319   2705870.4149  5       1
 0.2671815   2696.322   2705871.4149  5       1
 0.2745885   2696.325   2705872.4149  5       1
 0.2820030   2696.328   2705873.4149  5       1
 0.2894244   2696.330   2705874.4149  5       1
 0.2968521   2696.333   2705875.4149  5       1
 0.3042854   2696.336   2705876.4149  5       1
 0.3117238   2696.339   2705877.4149  5       1
 0.3191670   2696.341   2705878.4149  5       1
 0.3195489   2838.421   2757772.3349  5       1
 0.3129442   2838.424   2757773.3349  5       1
 0.3063759   2838.427   2757774.3349  5       1
 0.2998467   2838.430   2757775.3349  5       1
 0.2933591   2838.432   2757776.3349  5       1
 0.2869161   2838.435   2757777.3349  5       1
 0.2805209   2838.438   2757778.3349  5       1
 0.2741769   2838.441   2757779.3349  5       1
 0.2678878   2838.443   2757780.3349  5       1
 0.2616578   2838.446   2757781.3349  5       1
 0.2554912   2838.449   2757782.3349  5       1
 0.2493928   2838.452   2757783.3349  5       1
 0.2433679   2838.454   2757784.3349  5       1
 0.2374224   2838.457   2757785.3349  5       1
 0.2315622   2838.460   2757786.3349  5       1
 0.2257944   2838.463   2757787.3349  5       1
 0.2201263   2838.465   2757788.3349  5       1
 0.2145660   2838.468   2757789.3349  5       1
 0.2091222   2838.471   2757790.3349  5       1
 0.2038045   2838.474   2757791.3349  5       1
 0.1986232   2838.476   2757792.3349  5       1
 0.1935894   2838.479   2757793.3349  5       1
 0.1887151   2838.482   2757794.3349  5       1
 0.1816411   2838.486   2757795.8549  5       1
 0.1772281   2838.489   2757796.8549  5       1
 0.1730238   2838.491   2757797.8549  5       1
 0.1690442   2838.494   2757798.8549  5       1
 0.1653057   2838.497   2757799.8549  5       1
 0.1618252   2838.500   2757800.8549  5       1
 0.1586199   2838.502   2757801.8549  5       1
 0.1557072   2838.505   2757802.8549  5       1
 0.1531038   2838.508   2757803.8549  5       1
 0.1508261   2838.511   2757804.8549  5       1
 0.1488892   2838.513   2757805.8549  5       1
 0.1473067   2838.516   2757806.8549  5       1
 0.1460903   2838.519   2757807.8549  5       1
 0.1452493   2838.522   2757808.8549  5       1
 0.1447902   2838.524   2757809.8549  5       1
 0.1447169   2838.527   2757810.8549  5       1
 0.1450299   2838.530   2757811.8549  5       1
 0.1457266   2838.532   2757812.8549  5       1
 0.1468016   2838.535   2757813.8549  5       1
 0.1482465   2838.538   2757814.8549  5       1
 0.1500505   2838.541   2757815.8549  5       1
 0.1522007   2838.543   2757816.8549  5       1
 0.1546825   2838.546   2757817.8549  5       1
 0.1574800   2838.549   2757818.8549  5       1
 0.1605765   2838.552   2757819.8549  5       1
 0.1639549   2838.554   2757820.8549  5       1
 0.1675979   2838.557   2757821.8549  5       1
 0.1714884   2838.560   2757822.8549  5       1
 0.1756097   2838.563   2757823.8549  5       1
 0.1799457   2838.565   2757824.8549  5       1
 0.1844812   2838.568   2757825.8549  5       1
 0.1892015   2838.571   2757826.8549  5       1
 0.1940929   2838.574   2757827.8549  5       1
 0.1991427   2838.576   2757828.8549  5       1
 0.2043390   2838.579   2757829.8549  5       1
 0.2096705   2838.582   2757830.8549  5       1
 0.2180109   2838.586   2757832.3749  5       1
 0.2236399   2838.589   2757833.3749  5       1
 0.2293716   2838.591   2757834.3749  5       1
 0.2351984   2838.594   2757835.3749  5       1
 0.2411132   2838.597   2757836.3749  5       1
 0.2471096   2838.600   2757837.3749  5       1
 0.2531817   2838.602   2757838.3749  5       1
 0.2593240   2838.605   2757839.3749  5       1
 0.2655315   2838.608   2757840.3749  5       1
 0.2717997   2838.611   2757841.3749  5       1
 0.2781243   2838.613   2757842.3749  5       1
 0.2845015   2838.616   2757843.3749  5       1
 0.2909278   2838.619   2757844.3749  5       1
 0.2973999   2838.622   2757845.3749  5       1
 0.3039147   2838.624   2757846.3749  5       1
 0.3104695   2838.627   2757847.3749  5       1
 0.3170618   2838.630   2757848.3749  5       1
 0.3176610   2968.916   2805434.9349  5       1
 0.3104570   2968.919   2805435.9349  5       1
 0.3032761   2968.922   2805436.9349  5       1
 0.2961202   2968.925   2805437.9349  5       1
 0.2889911   2968.927   2805438.9349  5       1
 0.2818910   2968.930   2805439.9349  5       1
 0.2748222   2968.933   2805440.9349  5       1
 0.2677871   2968.936   2805441.9349  5       1
 0.2607886   2968.938   2805442.9349  5       1
 0.2538298   2968.941   2805443.9349  5       1
 0.2469141   2968.944   2805444.9349  5       1
 0.2400454   2968.947   2805445.9349  5       1
 0.2332279   2968.949   2805446.9349  5       1
 0.2264663   2968.952   2805447.9349  5       1
 0.2197659   2968.955   2805448.9349  5       1
 0.2131327   2968.957   2805449.9349  5       1
 0.2065732   2968.960   2805450.9349  5       1
 0.2000949   2968.963   2805451.9349  5       1
 0.1937061   2968.966   2805452.9349  5       1
 0.1841878   2968.970   2805454.4549  5       1
 0.1780687   2968.973   2805455.4549  5       1
 0.1720774   2968.975   2805456.4549  5       1
 0.1662282   2968.978   2805457.4549  5       1
 0.1605367   2968.981   2805458.4549  5       1
 0.1550208   2968.983   2805459.4549  5       1
 0.1497002   2968.986   2805460.4549  5       1
 0.1445969   2968.989   2805461.4549  5       1
 0.1397350   2968.992   2805462.4549  5       1
 0.1351410   2968.994   2805463.4549  5       1
 0.1308437   2968.997   2805464.4549  5       1
 0.1268736   2969.000   2805465.4549  5       1
 0.1232629   2969.003   2805466.4549  5       1
 0.1200444   2969.005   2805467.4549  5       1
 0.1172508   2969.008   2805468.4549  5       1
 0.1149137   2969.011   2805469.4549  5       1
 0.1130615   2969.014   2805470.4549  5       1
 0.1117188   2969.016   2805471.4549  5       1
 0.1109042   2969.019   2805472.4549  5       1
 0.1106294   2969.022   2805473.4549  5       1
 0.1108984   2969.025   2805474.4549  5       1
 0.1117072   2969.027   2805475.4549  5       1
 0.1130440   2969.030   2805476.4549  5       1
 0.1148898   2969.033   2805477.4549  5       1
 0.1172204   2969.035   2805478.4549  5       1
 0.1200069   2969.038   2805479.4549  5       1
 0.1232179   2969.041   2805480.4549  5       1
 0.1268205   2969.044   2805481.4549  5       1
 0.1307820   2969.046   2805482.4549  5       1
 0.1350700   2969.049   2805483.4549  5       1
 0.1396540   2969.052   2805484.4549  5       1
 0.1445053   2969.055   2805485.4549  5       1
 0.1495973   2969.057   2805486.4549  5       1
 0.1549058   2969.060   2805487.4549  5       1
 0.1604089   2969.063   2805488.4549  5       1
 0.1660868   2969.066   2805489.4549  5       1
 0.1750126   2969.070   2805490.9749  5       1
 0.1810565   2969.073   2805491.9749  5       1
 0.1872208   2969.075   2805492.9749  5       1
 0.1934937   2969.078   2805493.9749  5       1
 0.1998647   2969.081   2805494.9749  5       1
 0.2063243   2969.083   2805495.9749  5       1
 0.2128644   2969.086   2805496.9749  5       1
 0.2194773   2969.089   2805497.9749  5       1
 0.2261567   2969.092   2805498.9749  5       1
 0.2328964   2969.094   2805499.9749  5       1
 0.2396913   2969.097   2805500.9749  5       1
 0.2465366   2969.100   2805501.9749  5       1
 0.2534280   2969.103   2805502.9749  5       1
 0.2603618   2969.105   2805503.9749  5       1
 0.2673344   2969.108   2805504.9749  5       1
 0.2743429   2969.111   2805505.9749  5       1
 0.2813843   2969.114   2805506.9749  5       1
 0.2884561   2969.116   2805507.9749  5       1
 0.2955561   2969.119   2805508.9749  5       1
 0.3026822   2969.122   280550 0.3197130   2079.437   2480559.0149  5       1
 0.3129309   2079.440   2480560.0149  5       1
 0.3061884   2079.443   2480561.0149  5       1
 0.2994884   2079.445   2480562.0149  5       1
 0.2928338   2079.448   2480563.0149  5       1
 0.2862280   2079.451   2480564.0149  5       1
 0.2796746   2079.453   2480565.0149  5       1
 0.2731775   2079.456   2480566.0149  5       1
 0.2667410   2079.459   2480567.0149  5       1
 0.2603697   2079.462   2480568.0149  5       1
 0.2540687   2079.464   2480569.0149  5       1
 0.2478435   2079.467   2480570.0149  5       1
 0.2417002   2079.470   2480571.0149  5       1
 0.2325342   2079.474   2480572.5349  5       1
 0.2266278   2079.477   2480573.5349  5       1
 0.2208292   2079.480   2480574.5349  5       1
 0.2151475   2079.482   2480575.5349  5       1
 0.2095921   2079.485   2480576.5349  5       1
 0.2041739   2079.488   2480577.5349  5       1
 0.1989040   2079.491   2480578.5349  5       1
 0.1937951   2079.493   2480579.5349  5       1
 0.1888602   2079.496   2480580.5349  5       1
 0.1841138   2079.499   2480581.5349  5       1
 0.1795709   2079.501   2480582.5349  5       1
 0.1752478   2079.504   2480583.5349  5       1
 0.1711613   2079.507   2480584.5349  5       1
 0.1673290   2079.510   2480585.5349  5       1
 0.1637691   2079.512   2480586.5349  5       1
 0.1604999   2079.515   2480587.5349  5       1
 0.1575399   2079.518   2480588.5349  5       1
 0.1549070   2079.521   2480589.5349  5       1
 0.1526184   2079.523   2480590.5349  5       1
 0.1506899   2079.526   2480591.5349  5       1
 0.1491357   2079.529   2480592.5349  5       1
 0.1479678   2079.532   2480593.5349  5       1
 0.1471955   2079.534   2480594.5349  5       1
 0.1468251   2079.537   2480595.5349  5       1
 0.1468597   2079.540   2480596.5349  5       1
 0.1472990   2079.543   2480597.5349  5       1
 0.1481393   2079.545   2480598.5349  5       1
 0.1493740   2079.548   2480599.5349  5       1
 0.1509931   2079.551   2480600.5349  5       1
 0.1529843   2079.554   2480601.5349  5       1
 0.1553331   2079.556   2480602.5349  5       1
 0.1580235   2079.559   2480603.5349  5       1
 0.1610380   2079.562   2480604.5349  5       1
 0.1643587   2079.564   2480605.5349  5       1
 0.1679671   2079.567   2480606.5349  5       1
 0.1718449   2079.570   2480607.5349  5       1
 0.1782146   2079.574   2480609.0549  5       1
 0.1826924   2079.577   2480610.0549  5       1
 0.1873789   2079.580   2480611.0549  5       1
 0.1922585   2079.582   2480612.0549  5       1
 0.1973166   2079.585   2480613.0549  5       1
 0.2025397   2079.588   2480614.0549  5       1
 0.2079152   2079.591   2480615.0549  5       1
 0.2134312   2079.593   2480616.0549  5       1
 0.2190770   2079.596   2480617.0549  5       1
 0.2248426   2079.599   2480618.0549  5       1
 0.2307189   2079.602   2480619.0549  5       1
 0.2366974   2079.604   2480620.0549  5       1
 0.2427704   2079.607   2480621.0549  5       1
 0.2489307   2079.610   2480622.0549  5       1
 0.2551720   2079.612   2480623.0549  5       1
 0.2614883   2079.615   2480624.0549  5       1
 0.2678741   2079.618   2480625.0549  5       1
 0.2743244   2079.621   2480626.0549  5       1
 0.2808346   2079.623   2480627.0549  5       1
 0.2874006   2079.626   2480628.0549  5       1
 0.2940184   2079.629   2480629.0549  5       1
 0.3006845   2079.632   2480630.0549  5       1
 0.3073957   2079.634   2480631.0549  5       1
 0.3141489   2079.637   2480632.0549  5       1
 0.3209413   2079.640   2480633.0549  5       1
 0.3193547   2198.047   2523880.7349  5       1
 0.3125579   2198.050   2523881.7349  5       1
 0.3058011   2198.053   2523882.7349  5       1
 0.2990870   2198.055   2523883.7349  5       1
 0.2889704   2198.060   2523885.2549  5       1
 0.2823783   2198.062   2523886.2549  5       1
 0.2758410   2198.065   2523887.2549  5       1
 0.2693626   2198.068   2523888.2549  5       1
 0.2629476   2198.071   2523889.2549  5       1
 0.2566010   2198.073   2523890.2549  5       1
 0.2503281   2198.076   2523891.2549  5       1
 0.2441347   2198.079   2523892.2549  5       1
 0.2380272   2198.082   2523893.2549  5       1
 0.2320125   2198.084   2523894.2549  5       1
 0.2260984   2198.087   2523895.2549  5       1
 0.2202930   2198.090   2523896.2549  5       1
 0.2146053   2198.092   2523897.2549  5       1
 0.2090453   2198.095   2523898.2549  5       1
 0.2036235   2198.098   2523899.2549  5       1
 0.1983515   2198.101   2523900.2549  5       1
 0.1932418   2198.103   2523901.2549  5       1
 0.1883078   2198.106   2523902.2549  5       1
 0.1835640   2198.109   2523903.2549  5       1
 0.1790257   2198.112   2523904.2549  5       1
 0.1747093   2198.114   2523905.2549  5       1
 0.1706317   2198.117   2523906.2549  5       1
 0.1668108   2198.120   2523907.2549  5       1
 0.1632648   2198.123   2523908.2549  5       1
 0.1600123   2198.125   2523909.2549  5       1
 0.1570717   2198.128   2523910.2549  5       1
 0.1544611   2198.131   2523911.2549  5       1
 0.1521977   2198.134   2523912.2549  5       1
 0.1502973   2198.136   2523913.2549  5       1
 0.1487741   2198.139   2523914.2549  5       1
 0.1476398   2198.142   2523915.2549  5       1
 0.1469035   2198.145   2523916.2549  5       1
 0.1465713   2198.147   2523917.2549  5       1
 0.1466460   2198.150   2523918.2549  5       1
 0.1471269   2198.153   2523919.2549  5       1
 0.1480099   2198.155   2523920.2549  5       1
 0.1501053   2198.160   2523921.7749  5       1
 0.1519633   2198.162   2523922.7749  5       1
 0.1541860   2198.165   2523923.7749  5       1
 0.1567575   2198.168   2523924.7749  5       1
 0.1596608   2198.171   2523925.7749  5       1
 0.1628780   2198.173   2523926.7749  5       1
 0.1663905   2198.176   2523927.7749  5       1
 0.1701799   2198.179   2523928.7749  5       1
 0.1742278   2198.182   2523929.7749  5       1
 0.1785163   2198.184   2523930.7749  5       1
 0.1830284   2198.187   2523931.7749  5       1
 0.1877475   2198.190   2523932.7749  5       1
 0.1926583   2198.193   2523933.7749  5       1
 0.1977462   2198.195   2523934.7749  5       1
 0.2029977   2198.198   2523935.7749  5       1
 0.2084001   2198.201   2523936.7749  5       1
 0.2139418   2198.203   2523937.7749  5       1
 0.2196121   2198.206   2523938.7749  5       1
 0.2254010   2198.209   2523939.7749  5       1
 0.2312994   2198.212   2523940.7749  5       1
 0.2372990   2198.214   2523941.7749  5       1
 0.2433921   2198.217   2523942.7749  5       1
 0.2495716   2198.220   2523943.7749  5       1
 0.2558312   2198.223   2523944.7749  5       1
 0.2621649   2198.225   2523945.7749  5       1
 0.2685674   2198.228   2523946.7749  5       1
 0.2750336   2198.231   2523947.7749  5       1
 0.2815590   2198.234   2523948.7749  5       1
 0.2881395   2198.236   2523949.7749  5       1
 0.2947712   2198.239   2523950.7749  5       1
 0.3014506   2198.242   2523951.7749  5       1
 0.3081745   2198.245   2523952.7749  5       1
 0.3149400   2198.247   2523953.7749  5       1
 0.3217441   2198.250   2523954.7749  5       1
 0.3160588   2209.961   2528231.1349  5       1
 0.3114756   2209.963   2528232.1349  5       1
 0.3070172   2209.966   2528233.1349  5       1
 0.3026891   2209.969   2528234.1349  5       1
 0.2984971   2209.972   2528235.1349  5       1
 0.2944471   2209.974   2528236.1349  5       1
 0.2905451   2209.977   2528237.1349  5       1
 0.2867971   2209.980   2528238.1349  5       1
 0.2832094   2209.983   2528239.1349  5       1
 0.2797881   2209.985   2528240.1349  5       1
 0.2765395   2209.988   2528241.1349  5       1
 0.2734699   2209.991   2528242.1349  5       1
 0.2705853   2209.994   2528243.1349  5       1
 0.2678917   2209.996   2528244.1349  5       1
 0.2653951   2209.999   2528245.1349  5       1
 0.2631010   2210.002   2528246.1349  5       1
 0.2610150   2210.004   2528247.1349  5       1
 0.2591419   2210.007   2528248.1349  5       1
 0.2574865   2210.010   2528249.1349  5       1
 0.2560531   2210.013   2528250.1349  5       1
 0.2548453   2210.015   2528251.1349  5       1
 0.2538665   2210.018   2528252.1349  5       1
 0.2531193   2210.021   2528253.1349  5       1
 0.2526057   2210.024   2528254.1349  5       1
 0.2523273   2210.026   2528255.1349  5       1
 0.2522846   2210.029   2528256.1349  5       1
 0.2524779   2210.032   2528257.1349  5       1
 0.2529066   2210.035   2528258.1349  5       1
 0.2535694   2210.037   2528259.1349  5       1
 0.2544645   2210.040   2528260.1349  5       1
 0.2555895   2210.043   2528261.1349  5       1
 0.2569411   2210.046   2528262.1349  5       1
 0.2585160   2210.048   2528263.1349  5       1
 0.2603098   2210.051   2528264.1349  5       1
 0.2623181   2210.054   2528265.1349  5       1
 0.2645360   2210.057   2528266.1349  5       1
 0.2682965   2210.061   2528267.6549  5       1
 0.2710183   2210.063   2528268.6549  5       1
 0.2739298   2210.066   2528269.6549  5       1
 0.2770251   2210.069   2528270.6549  5       1
 0.2802979   2210.072   2528271.6549  5       1
 0.2837419   2210.074   2528272.6549  5       1
 0.2873511   2210.077   2528273.6549  5       1
 0.2911190   2210.080   2528274.6549  5       1
 0.2950396   2210.083   2528275.6549  5       1
 0.2991068   2210.085   2528276.6549  5       1
 0.3033146   2210.088   2528277.6549  5       1
 0.3076571   2210.091   2528278.6549  5       1
 0.3121285   2210.094   2528279.6549  5       1
 0.3167235   2210.096   2528280.6549  5       1
 0.3214365   2210.099   2528281.6549  5       1
 0.3199395   2316.676   2567207.9749  5       1
 0.3139505   2316.679   2567208.9749  5       1
 0.3080372   2316.682   2567209.9749  5       1
 0.3022040   2316.684   2567210.9749  5       1
 0.2964559   2316.687   2567211.9749  5       1
 0.2907980   2316.690   2567212.9749  5       1
 0.2852356   2316.693   2567213.9749  5       1
 0.2797746   2316.695   2567214.9749  5       1
 0.2744212   2316.698   2567215.9749  5       1
 0.2691818   2316.701   2567216.9749  5       1
 0.2640634   2316.703   2567217.9749  5       1
 0.2590732   2316.706   2567218.9749  5       1
 0.2542188   2316.709   2567219.9749  5       1
 0.2495083   2316.712   2567220.9749  5       1
 0.2449501   2316.714   2567221.9749  5       1
 0.2405530   2316.717   2567222.9749  5       1
 0.2363260   2316.720   2567223.9749  5       1
 0.2322786   2316.723   2567224.9749  5       1
 0.2284203   2316.725   2567225.9749  5       1
 0.2247610   2316.728   2567226.9749  5       1
 0.2213107   2316.731   2567227.9749  5       1
 0.2180794   2316.734   2567228.9749  5       1
 0.2150771   2316.736   2567229.9749  5       1
 0.2123135   2316.739   2567230.9749  5       1
 0.2097981   2316.742   2567231.9749  5       1
 0.2075401   2316.744   2567232.9749  5       1
 0.2046199   2316.749   2567234.4949  5       1
 0.2030467   2316.751   2567235.4949  5       1
 0.2017576   2316.754   2567236.4949  5       1
 0.2007580   2316.757   2567237.4949  5       1
 0.2000524   2316.760   2567238.4949  5       1
 0.1996437   2316.762   2567239.4949  5       1
 0.1995339   2316.765   2567240.4949  5       1
 0.1997233   2316.768   2567241.4949  5       1
 0.2002112   2316.770   2567242.4949  5       1
 0.2009953   2316.773   2567243.4949  5       1
 0.2020720   2316.776   2567244.4949  5       1
 0.2034367   2316.779   2567245.4949  5       1
 0.2050836   2316.781   2567246.4949  5       1
 0.2070057   2316.784   2567247.4949  5       1
 0.2091955   2316.787   2567248.4949  5       1
 0.2116444   2316.790   2567249.4949  5       1
 0.2143436   2316.792   2567250.4949  5       1
 0.2172835   2316.795   2567251.4949  5       1
 0.2204544   2316.798   2567252.4949  5       1
 0.2238463   2316.801   2567253.4949  5       1
 0.2274493   2316.803   2567254.4949  5       1
 0.2312532   2316.806   2567255.4949  5       1
 0.2352483   2316.809   2567256.4949  5       1
 0.2394248   2316.811   2567257.4949  5       1
 0.2437733   2316.814   2567258.4949  5       1
 0.2482845   2316.817   2567259.4949  5       1
 0.2529497   2316.820   2567260.4949  5       1
 0.2577603   2316.822   2567261.4949  5       1
 0.2627082   2316.825   2567262.4949  5       1
 0.2677856   2316.828   2567263.4949  5       1
 0.2729853   2316.831   2567264.4949  5       1
 0.2783002   2316.833   2567265.4949  5       1
 0.2837237   2316.836   2567266.4949  5       1
 0.2892496   2316.839   2567267.4949  5       1
 0.2948720   2316.842   2567268.4949  5       1
 0.3005853   2316.844   2567269.4949  5       1
 0.3094322   2316.848   2567271.0149  5       1
 0.3153524   2316.851   2567272.0149  5       1
 0.3213465   2316.854   2567273.0149  5       1
 0.3193379   2387.806   2593187.6949  5       1
 0.3124348   2387.809   2593188.6949  5       1
 0.3055675   2387.811   2593189.6949  5       1
 0.2987385   2387.814   2593190.6949  5       1
 0.2919507   2387.817   2593191.6949  5       1
 0.2852070   2387.820   2593192.6949  5       1
 0.2785109   2387.822   2593193.6949  5       1
 0.2718659   2387.825   2593194.6949  5       1
 0.2652760   2387.828   2593195.6949  5       1
 0.2587456   2387.831   2593196.6949  5       1
 0.2522794   2387.833   2593197.6949  5       1
 0.2458826   2387.836   2593198.6949  5       1
 0.2363053   2387.840   2593200.2149  5       1
 0.2301100   2387.843   2593201.2149  5       1
 0.2240068   2387.846   2593202.2149  5       1
 0.2180036   2387.849   2593203.2149  5       1
 0.2121090   2387.851   2593204.2149  5       1
 0.2063326   2387.854   2593205.2149  5       1
 0.2006848   2387.857   2593206.2149  5       1
 0.1951769   2387.859   2593207.2149  5       1
 0.1898214   2387.862   2593208.2149  5       1
 0.1846318   2387.865   2593209.2149  5       1
 0.1796226   2387.868   2593210.2149  5       1
 0.1748096   2387.870   2593211.2149  5       1
 0.1702098   2387.873   2593212.2149  5       1
 0.1658412   2387.876   2593213.2149  5       1
 0.1617227   2387.879   2593214.2149  5       1
 0.1578742   2387.881   2593215.2149  5       1
 0.1543161   2387.884   2593216.2149  5       1
 0.1510694   2387.887   2593217.2149  5       1
 0.1481545   2387.890   2593218.2149  5       1
 0.1455919   2387.892   2593219.2149  5       1
 0.1434004   2387.895   2593220.2149  5       1
 0.1415977   2387.898   2593221.2149  5       1
 0.1401987   2387.901   2593222.2149  5       1
 0.1392158   2387.903   2593223.2149  5       1
 0.1386579   2387.906   2593224.2149  5       1
 0.1385302   2387.909   2593225.2149  5       1
 0.1388339   2387.912   2593226.2149  5       1
 0.1395659   2387.914   2593227.2149  5       1
 0.1407196   2387.917   2593228.2149  5       1
 0.1422844   2387.920   2593229.2149  5       1
 0.1442469   2387.923   2593230.2149  5       1
 0.1465908   2387.925   2593231.2149  5       1
 0.1492978   2387.928   2593232.2149  5       1
 0.1523484   2387.931   2593233.2149  5       1
 0.1557221   2387.933   2593234.2149  5       1
 0.1593979   2387.936   2593235.2149  5       1
 0.1655176   2387.940   2593236.7349  5       1
 0.1698642   2387.943   2593237.7349  5       1
 0.1744428   2387.946   2593238.7349  5       1
 0.1792351   2387.949   2593239.7349  5       1
 0.1842243   2387.951   2593240.7349  5       1
 0.1893945   2387.954   2593241.7349  5       1
 0.1947310   2387.957   2593242.7349  5       1
 0.2002202   2387.960   2593243.7349  5       1
 0.2058496   2387.962   2593244.7349  5       1
 0.2116079   2387.965   2593245.7349  5       1
 0.2174844   2387.968   2593246.7349  5       1
 0.2234698   2387.971   2593247.7349  5       1
 0.2295552   2387.973   2593248.7349  5       1
 0.2357326   2387.976   2593249.7349  5       1
 0.2419950   2387.979   2593250.7349  5       1
 0.2483355   2387.981   2593251.7349  5       1
 0.2547482   2387.984   2593252.7349  5       1
 0.2612277   2387.987   2593253.7349  5       1
 0.2677688   2387.990   2593254.7349  5       1
 0.2743670   2387.992   2593255.7349  5       1
 0.2810182   2387.995   2593256.7349  5       1
 0.2877185   2387.998   2593257.7349  5       1
 0.2944645   2388.001   2593258.7349  5       1
 0.3012528   2388.003   2593259.7349  5       1
 0.3080806   2388.006   2593260.7349  5       1
 0.3149452   2388.009   2593261.7349  5       1
 0.3218441   2388.012   2593262.7349  5       1
 0.3205481   2518.265   2640837.2949  5       1
 0.3139029   2518.268   2640838.2949  5       1
 0.3073059   2518.271   2640839.2949  5       1
 0.3007604   2518.273   2640840.2949  5       1
 0.2942699   2518.276   2640841.2949  5       1
 0.2878383   2518.279   2640842.2949  5       1
 0.2814695   2518.282   2640843.2949  5       1
 0.2751682   2518.284   2640844.2949  5       1
 0.2689391   2518.287   2640845.2949  5       1
 0.2627875   2518.290   2640846.2949  5       1
 0.2567190   2518.293   2640847.2949  5       1
 0.2507399   2518.295   2640848.2949  5       1
 0.2448567   2518.298   2640849.2949  5       1
 0.2390766   2518.301   2640850.2949  5       1
 0.2334075   2518.304   2640851.2949  5       1
 0.2278578   2518.306   2640852.2949  5       1
 0.2224365   2518.309   2640853.2949  5       1
 0.2171534   2518.312   2640854.2949  5       1
 0.2120189   2518.315   2640855.2949  5       1
 0.2070443   2518.317   2640856.2949  5       1
 0.2022415   2518.320   2640857.2949  5       1
 0.1952991   2518.324   2640858.8149  5       1
 0.1909871   2518.327   2640859.8149  5       1
 0.1868947   2518.330   2640860.8149  5       1
 0.1830366   2518.332   2640861.8149  5       1
 0.1794281   2518.335   2640862.8149  5       1
 0.1760848   2518.338   2640863.8149  5       1
 0.1730222   2518.341   2640864.8149  5       1
 0.1702555   2518.343   2640865.8149  5       1
 0.1677995   2518.346   2640866.8149  5       1
 0.1656682   2518.349   2640867.8149  5       1
 0.1638744   2518.352   2640868.8149  5       1
 0.1624293   2518.354   2640869.8149  5       1
 0.1613422   2518.357   2640870.8149  5       1
 0.1606206   2518.360   2640871.8149  5       1
 0.1602694   2518.363   2640872.8149  5       1
 0.1602909   2518.365   2640873.8149  5       1
 0.1606851   2518.368   2640874.8149  5       1
 0.1614490   2518.371   2640875.8149  5       1
 0.1625773   2518.373   2640876.8149  5       1
 0.1640625   2518.376   2640877.8149  5       1
 0.1658948   2518.379   2640878.8149  5       1
 0.1680626   2518.382   2640879.8149  5       1
 0.1705530   2518.384   2640880.8149  5       1
 0.1733519   2518.387   2640881.8149  5       1
 0.1764444   2518.390   2640882.8149  5       1
 0.1798151   2518.393   2640883.8149  5       1
 0.1834485   2518.395   2640884.8149  5       1
 0.1873290   2518.398   2640885.8149  5       1
 0.1914415   2518.401   2640886.8149  5       1
 0.1957709   2518.404   2640887.8149  5       1
 0.2003032   2518.406   2640888.8149  5       1
 0.2050245   2518.409   2640889.8149  5       1
 0.2099219   2518.412   2640890.8149  5       1
 0.2149832   2518.415   2640891.8149  5       1
 0.2201969   2518.417   2640892.8149  5       1
 0.2255521   2518.420   2640893.8149  5       1
 0.2339409   2518.424   2640895.3349  5       1
 0.2396100   2518.427   2640896.3349  5       1
 0.2453884   2518.430   2640897.3349  5       1
 0.2512684   2518.432   2640898.3349  5       1
 0.2572428   2518.435   2640899.3349  5       1
 0.2633051   2518.438   2640900.3349  5       1
 0.2694491   2518.441   2640901.3349  5       1
 0.2756693   2518.443   2640902.3349  5       1
 0.2819605   2518.446   2640903.3349  5       1
 0.2883178   2518.449   2640904.3349  5       1
 0.2947370   2518.452   2640905.3349  5       1
 0.3012137   2518.454   2640906.3349  5       1
 0.3077444   2518.457   2640907.3349  5       1
 0.3143256   2518.460   2640908.3349  5       1
 0.3209539   2518.463   2640909.3349  5       1
 0.3147653   2696.120   2705797.3749  5       1
 0.3073133   2696.123   2705798.3749  5       1
 0.2998665   2696.125   2705799.3749  5       1
 0.2924254   2696.128   2705800.3749  5       1
 0.2849905   2696.131   2705801.3749  5       1
 0.2775625   2696.134   2705802.3749  5       1
 0.2701420   2696.136   2705803.3749  5       1
 0.2627299   2696.139   2705804.3749  5       1
 0.2553269   2696.142   2705805.3749  5       1
 0.2479340   2696.144   2705806.3749  5       1
 0.2405524   2696.147   2705807.3749  5       1
 0.2331833   2696.150   2705808.3749  5       1
 0.2258280   2696.153   2705809.3749  5       1
 0.2184883   2696.155   2705810.3749  5       1
 0.2111659   2696.158   2705811.3749  5       1
 0.2038629   2696.161   2705812.3749  5       1
 0.1965817   2696.164   2705813.3749  5       1
 0.1893253   2696.166   2705814.3749  5       1
 0.1820967   2696.169   2705815.3749  5       1
 0.1749000   2696.172   2705816.3749  5       1
 0.1677395   2696.175   2705817.3749  5       1
 0.1606205   2696.177   2705818.3749  5       1
 0.1535493   2696.180   2705819.3749  5       1
 0.1465335   2696.183   2705820.3749  5       1
 0.1395819   2696.185   2705821.3749  5       1
 0.1327054   2696.188   2705822.3749  5       1
 0.1259172   2696.191   2705823.3749  5       1
 0.1192333   2696.194   2705824.3749  5       1
 0.1126734   2696.196   2705825.3749  5       1
 0.1062617   2696.199   2705826.3749  5       1
 0.0968694   2696.203   2705827.8949  5       1
 0.0909811   2696.206   2705828.8949  5       1
 0.0853826   2696.209   2705829.8949  5       1
 0.0801371   2696.211   2705830.8949  5       1
 0.0753213   2696.214   2705831.8949  5       1
 0.0710257   2696.217   2705832.8949  5       1
 0.0673533   2696.220   2705833.8949  5       1
 0.0644140   2696.222   2705834.8949  5       1
 0.0623148   2696.225   2705835.8949  5       1
 0.0611444   2696.228   2705836.8949  5       1
 0.0609578   2696.231   2705837.8949  5       1
 0.0617641   2696.233   2705838.8949  5       1
 0.0635244   2696.236   2705839.8949  5       1
 0.0661607   2696.239   2705840.8949  5       1
 0.0695709   2696.242   2705841.8949  5       1
 0.0736445   2696.244   2705842.8949  5       1
 0.0782753   2696.247   2705843.8949  5       1
 0.0833676   2696.250   2705844.8949  5       1
 0.0888396   2696.252   2705845.8949  5       1
 0.0946231   2696.255   2705846.8949  5       1
 0.1006625   2696.258   2705847.8949  5       1
 0.1069127   2696.261   2705848.8949  5       1
 0.1133373   2696.263   2705849.8949  5       1
 0.1199070   2696.266   2705850.8949  5       1
 0.1265980   2696.269   2705851.8949  5       1
 0.1333911   2696.272   2705852.8949  5       1
 0.1402707   2696.274   2705853.8949  5       1
 0.1472238   2696.277   2705854.8949  5       1
 0.1542398   2696.280   2705855.8949  5       1
 0.1613100   2696.282   2705856.8949  5       1
 0.1684269   2696.285   2705857.8949  5       1
 0.1755845   2696.288   2705858.8949  5       1
 0.1827776   2696.291   2705859.8949  5       1
 0.1900016   2696.293   2705860.8949  5       1
 0.1972530   2696.296   2705861.8949  5       1
 0.2045284   2696.299   2705862.8949  5       1
 0.2156271   2696.303   2705864.4149  5       1
 0.2229518   2696.306   2705865.4149  5       1
 0.2302924   2696.309   2705866.4149  5       1
 0.2376472   2696.311   2705867.4149  5       1
 0.2450147   2696.314   2705868.4149  5       1
 0.2523937   2696.317   2705869.4149  5       1
 0.2597830   2696.319   2705870.4149  5       1
 0.2671815   2696.322   2705871.4149  5       1
 0.2745885   2696.325   2705872.4149  5       1
 0.2820030   2696.328   2705873.4149  5       1
 0.2894244   2696.330   2705874.4149  5       1
 0.2968521   2696.333   2705875.4149  5       1
 0.3042854   2696.336   2705876.4149  5       1
 0.3117238   2696.339   2705877.4149  5       1
 0.3191670   2696.341   2705878.4149  5       1
 0.3195489   2838.421   2757772.3349  5       1
 0.3129442   2838.424   2757773.3349  5       1
 0.3063759   2838.427   2757774.3349  5       1
 0.2998467   2838.430   2757775.3349  5       1
 0.2933591   2838.432   2757776.3349  5       1
 0.2869161   2838.435   2757777.3349  5       1
 0.2805209   2838.438   2757778.3349  5       1
 0.2741769   2838.441   2757779.3349  5       1
 0.2678878   2838.443   2757780.3349  5       1
 0.2616578   2838.446   2757781.3349  5       1
 0.2554912   2838.449   2757782.3349  5       1
 0.2493928   2838.452   2757783.3349  5       1
 0.2433679   2838.454   2757784.3349  5       1
 0.2374224   2838.457   2757785.3349  5       1
 0.2315622   2838.460   2757786.3349  5       1
 0.2257944   2838.463   2757787.3349  5       1
 0.2201263   2838.465   2757788.3349  5       1
 0.2145660   2838.468   2757789.3349  5       1
 0.2091222   2838.471   2757790.3349  5       1
 0.2038045   2838.474   2757791.3349  5       1
 0.1986232   2838.476   2757792.3349  5       1
 0.1935894   2838.479   2757793.3349  5       1
 0.1887151   2838.482   2757794.3349  5       1
 0.1816411   2838.486   2757795.8549  5       1
 0.1772281   2838.489   2757796.8549  5       1
 0.1730238   2838.491   2757797.8549  5       1
 0.1690442   2838.494   2757798.8549  5       1
 0.1653057   2838.497   2757799.8549  5       1
 0.1618252   2838.500   2757800.8549  5       1
 0.1586199   2838.502   2757801.8549  5       1
 0.1557072   2838.505   2757802.8549  5       1
 0.1531038   2838.508   2757803.8549  5       1
 0.1508261   2838.511   2757804.8549  5       1
 0.1488892   2838.513   2757805.8549  5       1
 0.1473067   2838.516   2757806.8549  5       1
 0.1460903   2838.519   2757807.8549  5       1
 0.1452493   2838.522   2757808.8549  5       1
 0.1447902   2838.524   2757809.8549  5       1
 0.1447169   2838.527   2757810.8549  5       1
 0.1450299   2838.530   2757811.8549  5       1
 0.1457266   2838.532   2757812.8549  5       1
 0.1468016   2838.535   2757813.8549  5       1
 0.1482465   2838.538   2757814.8549  5       1
 0.1500505   2838.541   2757815.8549  5       1
 0.1522007   2838.543   2757816.8549  5       1
 0.1546825   2838.546   2757817.8549  5       1
 0.1574800   2838.549   2757818.8549  5       1
 0.1605765   2838.552   2757819.8549  5       1
 0.1639549   2838.554   2757820.8549  5       1
 0.1675979   2838.557   2757821.8549  5       1
 0.1714884   2838.560   2757822.8549  5       1
 0.1756097   2838.563   2757823.8549  5       1
 0.1799457   2838.565   2757824.8549  5       1
 0.1844812   2838.568   2757825.8549  5       1
 0.1892015   2838.571   2757826.8549  5       1
 0.1940929   2838.574   2757827.8549  5       1
 0.1991427   2838.576   2757828.8549  5       1
 0.2043390   2838.579   2757829.8549  5       1
 0.2096705   2838.582   2757830.8549  5       1
 0.2180109   2838.586   2757832.3749  5       1
 0.2236399   2838.589   2757833.3749  5       1
 0.2293716   2838.591   2757834.3749  5       1
 0.2351984   2838.594   2757835.3749  5       1
 0.2411132   2838.597   2757836.3749  5       1
 0.2471096   2838.600   2757837.3749  5       1
 0.2531817   2838.602   2757838.3749  5       1
 0.2593240   2838.605   2757839.3749  5       1
 0.2655315   2838.608   2757840.3749  5       1
 0.2717997   2838.611   2757841.3749  5       1
 0.2781243   2838.613   2757842.3749  5       1
 0.2845015   2838.616   2757843.3749  5       1
 0.2909278   2838.619   2757844.3749  5       1
 0.2973999   2838.622   2757845.3749  5       1
 0.3039147   2838.624   2757846.3749  5       1
 0.3104695   2838.627   2757847.3749  5       1
 0.3170618   2838.630   2757848.3749  5       1
 0.3176610   2968.916   2805434.9349  5       1
 0.3104570   2968.919   2805435.9349  5       1
 0.3032761   2968.922   2805436.9349  5       1
 0.2961202   2968.925   2805437.9349  5       1
 0.2889911   2968.927   2805438.9349  5       1
 0.2818910   2968.930   2805439.9349  5       1
 0.2748222   2968.933   2805440.9349  5       1
 0.2677871   2968.936   2805441.9349  5       1
 0.2607886   2968.938   2805442.9349  5       1
 0.2538298   2968.941   2805443.9349  5       1
 0.2469141   2968.944   2805444.9349  5       1
 0.2400454   2968.947   2805445.9349  5       1
 0.2332279   2968.949   2805446.9349  5       1
 0.2264663   2968.952   2805447.9349  5       1
 0.2197659   2968.955   2805448.9349  5       1
 0.2131327   2968.957   2805449.9349  5       1
 0.2065732   2968.960   2805450.9349  5       1
 0.2000949   2968.963   2805451.9349  5       1
 0.1937061   2968.966   2805452.9349  5       1
 0.1841878   2968.970   2805454.4549  5       1
 0.1780687   2968.973   2805455.4549  5       1
 0.1720774   2968.975   2805456.4549  5       1
 0.1662282   2968.978   2805457.4549  5       1
 0.1605367   2968.981   2805458.4549  5       1
 0.1550208   2968.983   2805459.4549  5       1
 0.1497002   2968.986   2805460.4549  5       1
 0.1445969   2968.989   2805461.4549  5       1
 0.1397350   2968.992   2805462.4549  5       1
 0.1351410   2968.994   2805463.4549  5       1
 0.1308437   2968.997   2805464.4549  5       1
 0.1268736   2969.000   2805465.4549  5       1
 0.1232629   2969.003   2805466.4549  5       1
 0.1200444   2969.005   2805467.4549  5       1
 0.1172508   2969.008   2805468.4549  5       1
 0.1149137   2969.011   2805469.4549  5       1
 0.1130615   2969.014   2805470.4549  5       1
 0.1117188   2969.016   2805471.4549  5       1
 0.1109042   2969.019   2805472.4549  5       1
 0.1106294   2969.022   2805473.4549  5       1
 0.1108984   2969.025   2805474.4549  5       1
 0.1117072   2969.027   2805475.4549  5       1
 0.1130440   2969.030   2805476.4549  5       1
 0.1148898   2969.033   2805477.4549  5       1
 0.1172204   2969.035   2805478.4549  5       1
 0.1200069   2969.038   2805479.4549  5       1
 0.1232179   2969.041   2805480.4549  5       1
 0.1268205   2969.044   2805481.4549  5       1
 0.1307820   2969.046   2805482.4549  5       1
 0.1350700   2969.049   2805483.4549  5       1
 0.1396540   2969.052   2805484.4549  5       1
 0.1445053   2969.055   2805485.4549  5       1
 0.1495973   2969.057   2805486.4549  5       1
 0.1549058   2969.060   2805487.4549  5       1
 0.1604089   2969.063   2805488.4549  5       1
 0.1660868   2969.066   2805489.4549  5       1
 0.1750126   2969.070   2805490.9749  5       1
 0.1810565   2969.073   2805491.9749  5       1
 0.1872208   2969.075   2805492.9749  5       1
 0.1934937   2969.078   2805493.9749  5       1
 0.1998647   2969.081   2805494.9749  5       1
 0.2063243   2969.083   2805495.9749  5       1
 0.2128644   2969.086   2805496.9749  5       1
 0.2194773   2969.089   2805497.9749  5       1
 0.2261567   2969.092   2805498.9749  5       1
 0.2328964   2969.094   2805499.9749  5       1
 0.2396913   2969.097   2805500.9749  5       1
 0.2465366   2969.100   2805501.9749  5       1
 0.2534280   2969.103   2805502.9749  5       1
 0.2603618   2969.105   2805503.9749  5       1
 0.2673344   2969.108   2805504.9749  5       1
 0.2743429   2969.111   2805505.9749  5       1
 0.2813843   2969.114   2805506.9749  5       1
 0.2884561   2969.116   2805507.9749  5       1
 0.2955561   2969.119   2805508.9749  5       1
 0.3026822   2969.122   2805509.9749  5       1
 0.3098324   2969.125   2805510.9749  5       1
 0.3170050   2969.127   2805511.9749  5       1
