 0.0045169   2009.007   2454835.0883  3  283.2142        1
 0.0029970   2009.007   2454835.1596  3  283.2869        1
 0.0021409   2009.007   2454835.2068  3  283.3350        1
 0.0017329   2009.008   2454835.2398  3  283.3686        1
 0.0016581   2009.008   2454835.2806  3  283.4103        1
 0.0018359   2009.008   2454835.3021  3  283.4321        1
 0.0021442   2009.008   2454835.3248  3  283.4553        1
 0.0025870   2009.008   2454835.3506  3  283.4816        1
 0.0031787   2009.008   2454835.3808  3  283.5124        1
 0.0039545   2009.008   2454835.4175  3  283.5498        1
 0.0049406   2009.008   2454835.4621  3  283.5952        1
 0.0060216   2009.007   2454834.9603  3  283.0837        2
 0.0039628   2009.007   2454835.0546  3  283.1798        2
 0.0027550   2009.007   2454835.1172  3  283.2437        2
 0.0021408   2009.007   2454835.1603  3  283.2876        2
 0.0019256   2009.007   2454835.1921  3  283.3200        2
 0.0019626   2009.007   2454835.2187  3  283.3471        2
 0.0021760   2009.008   2454835.2441  3  283.3730        2
 0.0028058   2009.008   2454835.2869  3  283.4166        2
 0.0034337   2009.008   2454835.3205  3  283.4509        2
 0.0042525   2009.008   2454835.3604  3  283.4915        2
 0.0053048   2009.008   2454835.4088  3  283.5409        2
 0.0056072   2009.007   2454835.0319  3  283.1567        3
 0.0050498   2009.007   2454835.1151  3  283.2415        3
 0.0051513   2009.007   2454835.1848  3  283.3125        3
 0.0057145   2009.008   2454835.2514  3  283.3805        3
 0.0061603   2009.008   2454835.2869  3  283.4166        3
