 2.83083529030572517E+0000  6.53450454977587546E-0001  7.21115239939156542E+0001  2.83393162212849494E+0002  1.76738838482031981E+0002  3.00593806915314244E-0001  0.025025  0.981237   227.5   50.4  41.133   2009.005  2454834.2148     0.0000   0.0        1
 2.83153489935910356E+0000  6.53536109712164855E-0001  7.21129760764657967E+0001  2.83393133113650331E+0002  1.76738604202468849E+0002  3.76741886634423693E-0001  0.016298  0.981358   227.5   50.4  41.138   2009.006  2454834.5833     0.0000   0.0        1
 2.83260857013489733E+0000  6.53667525784834607E-0001  7.21152045174224608E+0001  2.83393104209886203E+0002  1.76737904114712222E+0002  4.26452159170853533E-0001  0.010615  0.981452   227.5   50.4  41.141   2009.006  2454834.8243     0.0000   0.0        1
 2.83425501002299833E+0000  6.53868969891223057E-0001  7.21186155428949890E+0001  2.83393075770391084E+0002  1.76735985782639303E+0002  4.59098689293301563E-0001  0.006917  0.981520   227.5   50.4  41.145   2009.007  2454834.9828     0.0000   0.0        1
 2.83676763879430964E+0000  6.54176230197157182E-0001  7.21237988633212810E+0001  2.83393048422589246E+0002  1.76730952527763777E+0002  4.81011710010420915E-0001  0.004517  0.981568   227.5   50.4  41.150   2009.007  2454835.0883   283.2142   0.0        1
 2.84044926897220294E+0000  6.54626187212457823E-0001  7.21313299790469192E+0001  2.83393024090585298E+0002  1.76718288666230687E+0002  4.96691917214659459E-0001  0.002997  0.981602   227.5   50.4  41.158   2009.007  2454835.1596   283.2869   0.0        1
 2.84484822074548867E+0000  6.55163886376695213E-0001  7.21401922220421233E+0001  2.83393007463457261E+0002  1.76691597378103284E+0002  5.09351939822397568E-0001  0.002141  0.981625   227.5   50.4  41.166   2009.007  2454835.2068   283.3350   0.0        1
 2.84851404875104549E+0000  6.55613685579977865E-0001  7.21473614684243863E+0001  2.83393000515928595E+0002  1.76648094100101667E+0002  5.21891179007677093E-0001  0.001733  0.981642   227.5   50.4  41.174   2009.008  2454835.2398   283.3686   0.0        1
 2.84949029572945146E+0000  6.55743654940519165E-0001  7.21486545076586378E+0001  2.83392999322511949E+0002  1.76563225475945283E+0002  5.43279625768844234E-0001  0.001658  0.981664   227.6   50.4  41.175   2009.008  2454835.2806   283.4103   0.0        1
 2.84762433189277816E+0000  6.55523703985840534E-0001  7.21445305708303504E+0001  2.83392996475038444E+0002  1.76524079341909800E+0002  5.54395263912095015E-0001  0.001836  0.981675   227.6   50.4  41.172   2009.008  2454835.3021   283.4321   0.0        1
 2.84508428997615847E+0000  6.55220314830005156E-0001  7.21391311051727848E+0001  2.83392990009200492E+0002  1.76495485372691785E+0002  5.64358669782947973E-0001  0.002144  0.981688   227.6   50.4  41.166   2009.008  2454835.3248   283.4553   0.0        1
 2.84247761187237600E+0000  6.54907012272220135E-0001  7.21336764434515200E+0001  2.83392980373570444E+0002  1.76475821387699955E+0002  5.73583908591484993E-0001  0.002587  0.981702   227.6   50.3  41.161   2009.008  2454835.3506   283.4816   0.0        1
 2.84011763525786783E+0000  6.54622173336166780E-0001  7.21287771466639026E+0001  2.83392968482996432E+0002  1.76462791675035364E+0002  5.82623917560518968E-0001  0.003179  0.981719   227.6   50.3  41.156   2009.008  2454835.3808   283.5124   0.0        1
 2.83808768625278194E+0000  6.54376404862050204E-0001  7.21245771486372697E+0001  2.83392954967705133E+0002  1.76454208667361732E+0002  5.92216345576902736E-0001  0.003955  0.981740   227.6   50.3  41.152   2009.008  2454835.4175   283.5498   0.0        1
 2.83642575635528881E+0000  6.54174711585991639E-0001  7.21211400340043105E+0001  2.83392940598232756E+0002  1.76448674928603451E+0002  6.02850462038030411E-0001  0.004941  0.981766   227.6   50.3  41.149   2009.008  2454835.4621   283.5952   0.0        1
 2.83507000633368409E+0000  6.54009870412206278E-0001  7.21183331489853127E+0001  2.83392925538394733E+0002  1.76445048636031828E+0002  6.15352137082996127E-0001  0.006202  0.981799   227.6   50.3  41.146   2009.008  2454835.5176   283.5952   0.0        1
 2.83398317477486611E+0000  6.53877532719959645E-0001  7.21160795572301035E+0001  2.83392910121087512E+0002  1.76442679164151178E+0002  6.30394418398559502E-0001  0.007800  0.981841   227.6   50.3  41.143   2009.008  2454835.5868   283.5952   0.0        1
 2.83312668858216638E+0000  6.53773123606020136E-0001  7.21143009223182759E+0001  2.83392894699008941E+0002  1.76441134461146130E+0002  6.48563123009512061E-0001  0.009791  0.981894   227.6   50.3  41.141   2009.009  2454835.6720   283.5952   0.0        1
 2.83245141504226977E+0000  6.53690731660494609E-0001  7.21128967417676413E+0001  2.83392879357009051E+0002  1.76440111095930275E+0002  6.70696310650166304E-0001  0.012259  0.981961   227.6   50.3  41.139   2009.009  2454835.7771   283.5952   0.0        1
 2.83191646559290232E+0000  6.53625415500835633E-0001  7.21117830293248779E+0001  2.83392864088474256E+0002  1.76439419178770008E+0002  6.97870053118579584E-0001  0.015323  0.982047   227.6   50.3  41.137   2009.009  2454835.9070   283.5952   0.0        1
 2.83149094807760149E+0000  6.53573432254931006E-0001  7.21108961181004865E+0001  2.83392848873846965E+0002  1.76438941918815462E+0002  7.31408055606125327E-0001  0.019130  0.982159   227.6   50.3  41.134   2009.010  2454836.0679   283.5952   0.0        1
 2.83115139209402621E+0000  6.53531932579754117E-0001  7.21101874890498773E+0001  2.83392833689442160E+0002  1.76438606085908940E+0002  7.72955089682705872E-0001  0.023864  0.982305   227.6   50.3  41.131   2009.010  2454836.2678   283.5952   0.0        1
 2.83087995226064003E+0000  6.53498746647525618E-0001  7.21096201557868801E+0001  2.83392818520693541E+0002  1.76438365067731683E+0002  8.24529699163887317E-0001  0.029756  0.982497   227.6   50.3  41.127   2009.011  2454836.5163   283.5952   0.0        1
 2.86814103430059352E+0000  6.56994239770011876E-0001  7.21106822612591079E+0001  2.83393141254379333E+0002  1.76534945262625346E+0002  3.62090707175170411E-0001  0.021755  0.984109   227.5   50.4  41.122   2009.005  2454834.2883   283.5952   0.0        2
 2.86889340238770446E+0000  6.57084134597729814E-0001  7.21125049786865604E+0001  2.83393110967523904E+0002  1.76535610193650333E+0002  4.27007323300140116E-0001  0.014169  0.984234   227.5   50.4  41.127   2009.006  2454834.6096   283.5952   0.0        2
 2.86998745384727360E+0000  6.57214712188502794E-0001  7.21154254731555094E+0001  2.83393080404982705E+0002  1.76536986994053272E+0002  4.69282202492754977E-0001  0.009231  0.984328   227.5   50.4  41.130   2009.006  2454834.8205   283.5952   0.0        2
 2.87151417297946405E+0000  6.57396617655357431E-0001  7.21201896513460812E+0001  2.83393049858815666E+0002  1.76539935663280888E+0002  4.96738795432148102E-0001  0.006022  0.984395   227.5   50.4  41.135   2009.007  2454834.9603   283.0837   0.0        2
 2.87343140478719840E+0000  6.57624382923038434E-0001  7.21280609957537840E+0001  2.83393020670642849E+0002  1.76546434736191979E+0002  5.14273921230759362E-0001  0.003963  0.984442   227.5   50.4  41.140   2009.007  2454835.0546   283.1798   0.0        2
 2.87505453009680032E+0000  6.57815897624234132E-0001  7.21398963260965737E+0001  2.83392998041156976E+0002  1.76559564997921472E+0002  5.24438138118613558E-0001  0.002755  0.984474   227.5   50.4  41.148   2009.007  2454835.1172   283.2437   0.0        2
 2.87494703311785377E+0000  6.57800045052874356E-0001  7.21544821824379958E+0001  2.83392987706821568E+0002  1.76581334060849541E+0002  5.29800162972206475E-0001  0.002141  0.984497   227.4   50.4  41.154   2009.007  2454835.1603   283.2876   0.0        2
 2.87219314000163060E+0000  6.57468121885997590E-0001  7.21675081587450198E+0001  2.83392989595571442E+0002  1.76607820351879217E+0002  5.32928673093903075E-0001  0.001926  0.984514   227.4   50.4  41.158   2009.007  2454835.1921   283.3200   0.0        2
 2.86763268570998126E+0000  6.56919797793127931E-0001  7.21758483587928229E+0001  2.83392996398713498E+0002  1.76632229120880118E+0002  5.35875817918756302E-0001  0.001963  0.984528   227.4   50.4  41.157   2009.007  2454835.2187   283.3471   0.0        2
 2.86264185353091801E+0000  6.56318835618484094E-0001  7.21796033424084939E+0001  2.83393001684285945E+0002  1.76651074513877674E+0002  5.39597799338075486E-0001  0.002176  0.984541   227.4   50.4  41.154   2009.008  2454835.2441   283.3730   0.0        2
 2.85591230931539223E+0000  6.55506184297498025E-0001  7.21797871731844636E+0001  2.83393001698507207E+0002  1.76669358578989551E+0002  5.47512902496685859E-0001  0.002806  0.984564   227.4   50.4  41.147   2009.008  2454835.2869   283.4166   0.0        2
 2.85247873212717379E+0000  6.55090422015867017E-0001  7.21781630972255995E+0001  2.83392996500565344E+0002  1.76676173616732107E+0002  5.54383841089897731E-0001  0.003434  0.984582   227.4   50.4  41.143   2009.008  2454835.3205   283.4509   0.0        2
 2.84981681278179887E+0000  6.54767563672804120E-0001  7.21761371383985002E+0001  2.83392988299917474E+0002  1.76680329480980770E+0002  5.62725075922634782E-0001  0.004252  0.984604   227.3   50.4  41.139   2009.008  2454835.3604   283.4915   0.0        2
 2.84776393311184527E+0000  6.54518258945338033E-0001  7.21740967938083906E+0001  2.83392977931611022E+0002  1.76682829651657608E+0002  5.72912043194635187E-0001  0.005305  0.984631   227.3   50.4  41.136   2009.008  2454835.4088   283.5409   0.0        2
 2.84618590586049275E+0000  6.54326438028543289E-0001  7.21722241488249434E+0001  2.83392966037732389E+0002  1.76684302312294338E+0002  5.85418053513295614E-0001  0.006644  0.984664   227.3   50.4  41.133   2009.008  2454835.4684   283.5409   0.0        2
 2.84496500990277887E+0000  6.54177922906147775E-0001  7.21705780844762100E+0001  2.83392952987282345E+0002  1.76685150339756807E+0002  6.00975125910889657E-0001  0.008353  0.984707   227.3   50.4  41.131   2009.008  2454835.5428   283.5409   0.0        2
 2.84403094039532113E+0000  6.54064238064585470E-0001  7.21691925401731062E+0001  2.83392939282610782E+0002  1.76685612236034893E+0002  6.20156469067719484E-0001  0.010495  0.984762   227.3   50.4  41.128   2009.009  2454835.6349   283.5409   0.0        2
 2.84331612919571241E+0000  6.53977204783835418E-0001  7.21680524909381935E+0001  2.83392925241038496E+0002  1.76685846808372130E+0002  6.43707879816324156E-0001  0.013156  0.984832   227.3   50.4  41.126   2009.009  2454835.7485   283.5409   0.0        2
 2.84276398457902721E+0000  6.53909957804815997E-0001  7.21671212300269481E+0001  2.83392910985196983E+0002  1.76685951563925518E+0002  6.72708431613816564E-0001  0.016456  0.984921   227.3   50.4  41.124   2009.009  2454835.8886   283.5409   0.0        2
 2.84233344545160439E+0000  6.53857510174465880E-0001  7.21663625153766988E+0001  2.83392896564560350E+0002  1.76685983214067728E+0002  7.08558726834059085E-0001  0.020555  0.985037   227.3   50.4  41.121   2009.010  2454836.0621   283.5409   0.0        2
 2.84199542756628935E+0000  6.53816326793818393E-0001  7.21657456665335548E+0001  2.83392882012419804E+0002  1.76685974693661080E+0002  7.52989257409570604E-0001  0.025650  0.985190   227.3   50.4  41.118   2009.010  2454836.2774   283.5409   0.0        2
 2.84705377693706676E+0000  6.50537646829574582E-0001  7.20510936252143981E+0001  2.83375115180287317E+0002  1.77006291932273048E+0002  5.89349099742953753E-0001  0.028311  0.995740   225.6   51.0  40.889   2033.005  2463600.3015   283.5409   0.0        2
 2.84668548748307178E+0000  6.50492254882233534E-0001  7.20516680693530061E+0001  2.83375124580299760E+0002  1.77007307699835428E+0002  6.68170447514373662E-0001  0.029563  0.995969   225.6   51.0  40.888   2033.006  2463600.6858   283.5409   0.0        2
 2.81084064283564505E+0000  6.60245722037016198E-0001  7.30141481447347140E+0001  2.83223561928206374E+0002  1.80205733829405736E+0002  7.54861879703780568E-0003  0.029218  0.954995   225.4   51.5  42.007   2251.017  2543226.8866   283.5409   0.0        2
 2.87141700145969309E+0000  6.56377533456358963E-0001  7.21890210515831986E+0001  2.83393087319061384E+0002  1.76662126538736034E+0002  3.33545118685813540E-0001  0.024100  0.986954   227.2   50.4  41.113   2009.005  2454834.1442   283.5409   0.0        3
 2.87203638005611899E+0000  6.56451508477266430E-0001  7.21907749625935594E+0001  2.83393057207227896E+0002  1.76663515979509590E+0002  4.07113048248125032E-0001  0.015729  0.987087   227.2   50.4  41.118   2009.006  2454834.5091   283.5409   0.0        3
 2.87285345731096858E+0000  6.56548869936819879E-0001  7.21936201863412460E+0001  2.83393028353754568E+0002  1.76666658012363501E+0002  4.56290090806794811E-0001  0.010356  0.987192   227.2   50.4  41.121   2009.006  2454834.7554   283.5409   0.0        3
 2.87365200484661812E+0000  6.56643515997952506E-0001  7.21977764533269658E+0001  2.83393005615030708E+0002  1.76673101940751981E+0002  4.88208327952895220E-0001  0.007207  0.987268   227.2   50.4  41.124   2009.007  2454834.9192   283.5409   0.0        3
 2.87392066689349859E+0000  6.56674191642366281E-0001  7.22026911792129812E+0001  2.83392994113193127E+0002  1.76683876100738858E+0002  5.09252452645262671E-0001  0.005607  0.987323   227.2   50.4  41.127   2009.007  2454835.0319   283.1567   0.0        3
 2.87326185183582265E+0000  6.56593647195163524E-0001  7.22068201810521230E+0001  2.83392993621824436E+0002  1.76697045562086389E+0002  5.24223029206240687E-0001  0.005050  0.987366   227.2   50.4  41.128   2009.007  2454835.1151   283.2415   0.0        3
 2.87189347374838127E+0000  6.56428274516009502E-0001  7.22091956575935541E+0001  2.83392997473644864E+0002  1.76709224557115342E+0002  5.36831358756461058E-0001  0.005151  0.987402   227.2   50.4  41.128   2009.007  2454835.1848   283.3125   0.0        3
 2.87027994069217125E+0000  6.56233732714630041E-0001  7.22099860350865549E+0001  2.83392999929833620E+0002  1.76718664916694957E+0002  5.49353461902047524E-0001  0.005715  0.987438   227.2   50.4  41.127   2009.008  2454835.2514   283.3805   0.0        3
 2.86946786644417434E+0000  6.56135877199064790E-0001  7.22099630612325655E+0001  2.83392999809883133E+0002  1.76722386342981405E+0002  5.56206388863758262E-0001  0.006160  0.987457   227.2   50.4  41.126   2009.008  2454835.2869   283.4166   0.0        3
 2.86874059063574806E+0000  6.56048251350068310E-0001  7.22097641085357412E+0001  2.83392998731630123E+0002  1.76725282466056258E+0002  5.63127991219737026E-0001  0.006680  0.987476   227.2   50.4  41.125   2009.008  2454835.3221   283.4166   0.0        3
 2.86781719502953559E+0000  6.55937001230872854E-0001  7.22092996768187712E+0001  2.83392995738407088E+0002  1.76728440820245992E+0002  5.73652717936010494E-0001  0.007566  0.987506   227.2   50.4  41.123   2009.008  2454835.3750   283.4166   0.0        3
 2.86676772486284382E+0000  6.55810560250685769E-0001  7.22085098083688026E+0001  2.83392989434051931E+0002  1.76731388514860626E+0002  5.89629536595660601E-0001  0.009061  0.987551   227.2   50.4  41.122   2009.008  2454835.4543   283.4166   0.0        3
 2.86581217887221016E+0000  6.55695430078012332E-0001  7.22075596292047554E+0001  2.83392979800996006E+0002  1.76733506238540445E+0002  6.11236994492593826E-0001  0.011253  0.987614   227.2   50.4  41.120   2009.008  2454835.5607   283.4166   0.0        3
 2.86507571072388971E+0000  6.55606692380347003E-0001  7.22066769213452333E+0001  2.83392968432292694E+0002  1.76734769426253310E+0002  6.37294401458698297E-0001  0.014037  0.987692   227.2   50.4  41.118   2009.009  2454835.6887   283.4166   0.0        3
 2.86450294655878562E+0000  6.55537678597369532E-0001  7.22058966772784356E+0001  2.83392955772237031E+0002  1.76735521168532038E+0002  6.69443598198553252E-0001  0.017585  0.987793   227.2   50.4  41.115   2009.009  2454835.8464   283.4166   0.0        3
 2.86405644046176867E+0000  6.55483878487393968E-0001  7.22052285020613150E+0001  2.83392942153504109E+0002  1.76735959097710021E+0002  7.09585396242773578E-0001  0.022106  0.987925   227.2   50.4  41.112   2009.010  2454836.0433   283.4166   0.0        3
 2.86371264386805312E+0000  6.55442455102022869E-0001  7.22046760620563875E+0001  2.83392928038266971E+0002  1.76736201903219511E+0002  7.59219548699865640E-0001  0.027769  0.988100   227.2   50.4  41.108   2009.010  2454836.2868   283.4166   0.0        3
