 0.0016868   2009.008   2454835.2459  3  283.3749        1
 0.0018949   2009.007   2454835.2244  3  283.3529        1
 0.0022319   2009.007   2454835.2011  3  283.3292        1
 0.0027074   2009.007   2454835.1745  3  283.3020        1
 0.0033380   2009.007   2454835.1429  3  283.2699        1
 0.0041582   2009.007   2454835.1046  3  283.2308        1
 0.0052001   2009.007   2454835.0578  3  283.1831        1
 0.0021139   2009.008   2454835.2399  3  283.3687        2
 0.0019161   2009.007   2454835.2103  3  283.3386        2
 0.0019472   2009.007   2454835.1840  3  283.3117        2
 0.0021547   2009.007   2454835.1587  3  283.2860        2
 0.0025154   2009.007   2454835.1320  3  283.2587        2
 0.0030341   2009.007   2454835.1018  3  283.2279        2
 0.0037277   2009.007   2454835.0663  3  283.1918        2
 0.0046372   2009.007   2454835.0232  3  283.1479        2
 0.0057932   2009.007   2454834.9709  3  283.0945        2
 0.0055888   2009.008   2454835.2399  3  283.3687        3
 0.0052759   2009.007   2454835.2046  3  283.3328        3
 0.0050362   2009.007   2454835.1518  3  283.2789        3
 0.0051758   2009.007   2454835.0843  3  283.2101        3
 0.0057657   2009.007   2454835.0176  3  283.1421        3
