 2.83230102594353268E+0000  6.52439637347543237E-0001  7.20163356733591648E+0001  2.83401350808032673E+0002  1.76634186225421236E+0002 -3.47363981597025840E+0001   1999.010  2451183.2633     1    0.0
 2.81853304399940722E+0000  6.58117139683129150E-0001  7.23832676184936358E+0001  2.83427823592497610E+0002  1.76389155991342961E+0002 -7.38633808987527768E+0001   1989.010  2447531.2632     1    0.0
 2.82398367273684269E+0000  6.57181236712619231E-0001  7.22435946400523666E+0001  2.83415072288826911E+0002  1.76361095212903656E+0002 -1.13586807375730422E+0002   1979.013  2443879.2632     1    0.0
 2.81009748797979011E+0000  6.62163591656304406E-0001  7.25322976695080160E+0001  2.83466355493732320E+0002  1.76124436611295060E+0002 -1.54044734399829376E+0002   1969.013  2440227.2631     1    0.0
 2.81395120091677373E+0000  6.61182042529672806E-0001  7.24078512253167570E+0001  2.83434436827724967E+0002  1.76036476180310739E+0002  1.62037701617797456E+0002   1959.016  2436575.2631     1    0.0
 2.80740322427756434E+0000  6.64284794045646614E-0001  7.26683898219365655E+0001  2.83446213003125173E+0002  1.75941475634455974E+0002  1.19681778358293384E+0002   1949.016  2432923.2630     1    0.0
 2.80467437589067826E+0000  6.65317990964585414E-0001  7.26244514196524927E+0001  2.83463070752929309E+0002  1.75815750564879153E+0002  7.31518263568200738E+0001   1939.019  2429271.2630     1    0.0
 2.80963027161117147E+0000  6.64247688733020474E-0001  7.24935003635649760E+0001  2.83474270695121147E+0002  1.75676380300865550E+0002  2.85926406143514653E+0001   1929.019  2425619.2629     1    0.0
 2.80070445994752148E+0000  6.67223991717063350E-0001  7.27292394757274394E+0001  2.83456222255250805E+0002  1.75591256216613171E+0002 -1.81141224965935006E+0001   1919.021  2421967.2628     1    0.0
 2.81020944701801632E+0000  6.65125688130124003E-0001  7.24582342772662861E+0001  2.83464621059523694E+0002  1.75438486723137523E+0002 -6.41343565846523840E+0001   1909.021  2418315.2628     1    0.0
 2.80340610101409779E+0000  6.67094066813380534E-0001  7.26035813926106473E+0001  2.83460611680547523E+0002  1.75331208656605957E+0002 -1.09183671162911314E+0002   1899.021  2414663.2627     1    0.0
 2.81295537987342740E+0000  6.64516750959588193E-0001  7.24474535605379381E+0001  2.83452908036891579E+0002  1.75066115777114956E+0002 -1.55363961184500370E+0002   1889.021  2411011.2627     1    0.0
 2.81221035958916611E+0000  6.64579323072546329E-0001  7.23511104368421534E+0001  2.83488310447351139E+0002  1.75061285265301375E+0002  1.61905680863915327E+0002   1879.024  2407359.2626     1    0.0
 2.80998982608987789E+0000  6.65943521560642217E-0001  7.24094964826773547E+0001  2.83457563246667482E+0002  1.74961335134946140E+0002  1.17531860557406036E+0002   1869.024  2403707.2626     1    0.0
 2.82224566064469325E+0000  6.62703231146819364E-0001  7.21016372734295808E+0001  2.83516400126374647E+0002  1.74626278730349520E+0002  7.74515378915790735E+0001   1859.027  2400055.2625     1    0.0
 2.81672763590449399E+0000  6.63849701206644788E-0001  7.22011411266229946E+0001  2.83480217823927634E+0002  1.74613535868057949E+0002  3.66873362261824042E+0001   1849.027  2396403.2624     1    0.0
 2.83234016463277748E+0000  6.59926015336874179E-0001  7.17848823404411596E+0001  2.83541744916008349E+0002  1.74224781744969605E+0002 -1.84754600387985752E+0000   1839.029  2392751.2624     1    0.0
 2.82792569957577247E+0000  6.61237885537980724E-0001  7.18768023688230799E+0001  2.83532492084855456E+0002  1.74156999979425400E+0002 -3.76769650362955204E+0001   1829.029  2389099.2623     1    0.0
 2.82967040664823757E+0000  6.60954135213358745E-0001  7.18622701098306605E+0001  2.83547290378380751E+0002  1.74094273127286191E+0002 -7.46296870207947221E+0001   1819.032  2385447.2623     1    0.0
 2.83917497789241835E+0000  6.57958386276033382E-0001  7.15483907852137778E+0001  2.83585220894502627E+0002  1.73761009618287691E+0002 -1.06309744684537512E+0002   1809.032  2381795.2622     1    0.0
 2.83595730335725523E+0000  6.59586081796659104E-0001  7.16718716485624580E+0001  2.83545249957522927E+0002  1.73715907913297790E+0002 -1.40124657030581864E+0002   1799.032  2378143.2621     1    0.0
 2.84723243987663712E+0000  6.56997135582879099E-0001  7.13784707167952528E+0001  2.83588720163991649E+0002  1.73491980807207103E+0002 -1.71133661399744586E+0002   1789.032  2374491.2621     1    0.0
 2.83955235913020905E+0000  6.59185872466972553E-0001  7.15180635948614693E+0001  2.83580886217980300E+0002  1.73416172224507018E+0002  1.58036267849339350E+0002   1779.035  2370839.2620     1    0.0
 2.84752467780177759E+0000  6.57424802260090827E-0001  7.12895243740814926E+0001  2.83571063595980890E+0002  1.73252757063794005E+0002  1.26650102255790250E+0002   1769.035  2367187.2620     1    0.0
 2.84116553460724107E+0000  6.60263899464348405E-0001  7.14649664925393691E+0001  2.83580187869338673E+0002  1.73165197152010470E+0002  9.75519200128019698E+0001   1759.038  2363535.2619     1    0.0
 2.84070501074619848E+0000  6.60814174210377915E-0001  7.14391235332005092E+0001  2.83588962559184116E+0002  1.73092750765963698E+0002  6.53035266627433610E+0001   1749.038  2359883.2619     1    0.0
 2.84572874305790191E+0000  6.59921858758647491E-0001  7.13119410185584656E+0001  2.83599932384774399E+0002  1.72968792052453790E+0002  3.51843654293503916E+0001   1739.040  2356231.2618     1    0.0
 2.83385868339512725E+0000  6.64560779035440751E-0001  7.15890887620378874E+0001  2.83609663583124628E+0002  1.72841026921813877E+0002  2.34031333854912177E+0000   1729.040  2352579.2617     1    0.0
 2.83875140773333230E+0000  6.63576323684940663E-0001  7.14307734684993460E+0001  2.83593030285941707E+0002  1.72802446423269635E+0002 -3.15173378113264414E+0001   1719.043  2348927.2617     1    0.0
 2.82628310919374969E+0000  6.69208541969973480E-0001  7.16881194108768348E+0001  2.83653983035900496E+0002  1.72595312313542358E+0002 -6.52706259434649631E+0001   1709.043  2345275.2616     1    0.0
 2.82864173884459880E+0000  6.68960566343958681E-0001  7.16521953369517007E+0001  2.83636046798164745E+0002  1.72526761967646862E+0002 -1.02946794153763737E+0002   1699.043  2341623.2616     1    0.0
 2.82864354641791897E+0000  6.68767354399967119E-0001  7.16596068224663467E+0001  2.83675728628750227E+0002  1.72498536820337333E+0002 -1.39198821426608412E+0002   1689.043  2337971.2615     1    0.0
 2.81631822545389427E+0000  6.74987376282847669E-0001  7.18797618456472611E+0001  2.83681540949498711E+0002  1.72284681336509998E+0002  1.79945190067365027E+0002   1679.046  2334319.2615     1    0.0
 2.82124414451954102E+0000  6.74488004839983093E-0001  7.17849749492213652E+0001  2.83676963359641438E+0002  1.72249194142758342E+0002  1.39394974890680472E+0002   1669.046  2330667.2614     1    0.0
 2.80797297190230297E+0000  6.80048698258629125E-0001  7.20720281601070865E+0001  2.83722438435208136E+0002  1.72086401679528612E+0002  9.69997309595417187E+0001   1659.049  2327015.2613     1    0.0
 2.81278241921578970E+0000  6.79197230463818884E-0001  7.19057628016204008E+0001  2.83700586853816427E+0002  1.72029852157873580E+0002  5.25660364943165552E+0001   1649.049  2323363.2613     1    0.0
 2.80381906520582442E+0000  6.83457717085068945E-0001  7.21103118713399074E+0001  2.83735969599408971E+0002  1.71867870415647507E+0002  9.07712448728925172E+0000   1639.051  2319711.2612     1    0.0
 2.80443273660332201E+0000  6.83590006436464142E-0001  7.20936700667857673E+0001  2.83736730243289170E+0002  1.71841671316118345E+0002 -3.78625593915125951E+0001   1629.051  2316059.2612     1    0.0
 2.80833099639720165E+0000  6.82605797928683275E-0001  7.19499282119765560E+0001  2.83749137088377409E+0002  1.71706344976119525E+0002 -8.23839303160123015E+0001   1619.054  2312407.2611     1    0.0
 2.80138399871055527E+0000  6.85696349248469879E-0001  7.21532646096034857E+0001  2.83720781248396652E+0002  1.71611322216731823E+0002 -1.29708830019977191E+0002   1609.054  2308755.2610     1    0.0
 2.81067869135040315E+0000  6.84100888967675621E-0001  7.18928057590176719E+0001  2.83746853555862741E+0002  1.71455252879274190E+0002 -1.75187703326762347E+0002   1599.057  2305103.2610     1    0.0
 2.80368172130076964E+0000  6.86286190656448546E-0001  7.20354414562054641E+0001  2.83734832535651435E+0002  1.71400043112272608E+0002  1.39291408716316643E+0002   1589.057  2301451.2609     1    0.0
 2.81517523185129876E+0000  6.83973180806092370E-0001  7.16847630926211280E+0001  2.83755352599373117E+0002  1.71125741007653423E+0002  9.40850255571010436E+0001   1579.032  2297799.2609     1    0.0
 2.81116832282948400E+0000  6.85724510569827535E-0001  7.17734487982238957E+0001  2.83753206342914394E+0002  1.71049621692982335E+0002  5.18774881702522950E+0001   1569.032  2294147.2608     1    0.0
 2.81229036940645903E+0000  6.85860197729420223E-0001  7.17528251596200322E+0001  2.83759110724502922E+0002  1.71023273833593603E+0002  8.00787309181418998E+0000   1559.035  2290495.2608     1    0.0
 2.82420376902271735E+0000  6.83351551594562647E-0001  7.14119123986412027E+0001  2.83817372478392605E+0002  1.70643131602220062E+0002 -3.02620099169879363E+0001   1549.035  2286843.2607     1    0.0
 2.82015640077279190E+0000  6.84785357179249315E-0001  7.15205548456203696E+0001  2.83774236860315609E+0002  1.70629410602328089E+0002 -7.00317067585229600E+0001   1539.038  2283191.2606     1    0.0
 2.83544922155325952E+0000  6.81828639876469691E-0001  7.10905392388657820E+0001  2.83845732879613022E+0002  1.70267935496343755E+0002 -1.06481044107373755E+0002   1529.038  2279539.2606     1    0.0
 2.83018609909324968E+0000  6.83389655372768552E-0001  7.11784765616474073E+0001  2.83832140798415847E+0002  1.70222656456021913E+0002 -1.41473327153987236E+0002   1519.040  2275887.2605     1    0.0
 2.84220574705945870E+0000  6.81025663554305739E-0001  7.08822747300076538E+0001  2.83839533059327318E+0002  1.69896613363467506E+0002 -1.76364977031605015E+0002   1509.040  2272235.2605     1    0.0
 2.84056364245861697E+0000  6.81727245999747217E-0001  7.08964975275953615E+0001  2.83870976476443021E+0002  1.69901568960448365E+0002  1.52491606394936837E+0002   1499.043  2268583.2604     1    0.0
 2.83785873953780268E+0000  6.83351037907009802E-0001  7.09279103563581709E+0001  2.83851792707976552E+0002  1.69801845332586727E+0002  1.19377630950295954E+0002   1489.043  2264931.2604     1    0.0
 2.84741472642712144E+0000  6.81842494090781250E-0001  7.06781942543751314E+0001  2.83884116864215549E+0002  1.69596869466167582E+0002  8.93960884849340667E+0001   1479.046  2261279.2603     1    0.0
 2.83888655278513704E+0000  6.84708349114008022E-0001  7.08599782302294382E+0001  2.83869953459514812E+0002  1.69544536617651976E+0002  5.81874930681860964E+0001   1469.046  2257627.2602     1    0.0
 2.84704558885230450E+0000  6.83496865581837277E-0001  7.06252318429850643E+0001  2.83870374239613622E+0002  1.69438297829362276E+0002  2.69555571155623296E+0001   1459.049  2253975.2602     1    0.0
 2.83875976455665953E+0000  6.87470355085549923E-0001  7.07868719049075087E+0001  2.83904761005686595E+0002  1.69312724067117968E+0002 -3.00643814069043722E+0000   1449.049  2250323.2601     1    0.0
 2.83899267375009864E+0000  6.87608124063301216E-0001  7.07762992837539328E+0001  2.83902891908981176E+0002  1.69292390348395916E+0002 -3.60440885964750169E+0001   1439.051  2246671.2601     1    0.0
 2.84218224712529622E+0000  6.86959025668202266E-0001  7.06597651212616958E+0001  2.83920048741205017E+0002  1.69190155196827525E+0002 -6.70668423076688798E+0001   1429.051  2243019.2600     1    0.0
 2.83113241154628327E+0000  6.92351692767975564E-0001  7.09093480781364578E+0001  2.83929833733537213E+0002  1.69077384530008995E+0002 -1.01814919242646320E+0002   1419.054  2239367.2599     1    0.0
 2.83641008200913314E+0000  6.91775864053057240E-0001  7.07816002930009832E+0001  2.83922312157530211E+0002  1.69048221527034365E+0002 -1.36520231824390303E+0002   1409.054  2235715.2599     1    0.0
 2.82342255054785571E+0000  6.97984263519829248E-0001  7.10259959809920466E+0001  2.83995522625631859E+0002  1.68935020774010653E+0002 -1.72369620421804550E+0002   1399.057  2232063.2598     1    0.0
 2.82591508425566026E+0000  6.97555608326360804E-0001  7.08973538982824738E+0001  2.83972117651344682E+0002  1.68881719099561054E+0002  1.48878862431115977E+0002   1389.057  2228411.2598     1    0.0
 2.81570272951767770E+0000  7.03369681565376652E-0001  7.11526259371105118E+0001  2.84010775474615380E+0002  1.68784561008580108E+0002  1.11234562132474945E+0002   1379.060  2224759.2597     1    0.0
 2.81491347708733396E+0000  7.04104460944812750E-0001  7.11166516238652875E+0001  2.84035886266367258E+0002  1.68720072073805768E+0002  6.88169084366403404E+0001   1369.060  2221107.2597     1    0.0
 2.81871985297400944E+0000  7.03785820279441182E-0001  7.10077454499098328E+0001  2.84044275367511092E+0002  1.68643157527420171E+0002  2.78524666254323297E+0001   1359.062  2217455.2596     1    0.0
 2.80594299677920288E+0000  7.09297471385170100E-0001  7.12889048220387217E+0001  2.84069014869511797E+0002  1.68554733479826873E+0002 -1.61869833158339043E+0001   1349.062  2213803.2595     1    0.0
 2.81236286159315058E+0000  7.08604584469831883E-0001  7.11107122884094625E+0001  2.84059131715850251E+0002  1.68502358803492295E+0002 -6.07974110354578226E+0001   1339.065  2210151.2595     1    0.0
 2.80299518630617585E+0000  7.12716058507225071E-0001  7.12835800896208898E+0001  2.84098381719060175E+0002  1.68404264968608247E+0002 -1.05315252767736024E+0002   1329.065  2206499.2594     1    0.0
 2.80858660605687256E+0000  7.11884562180534322E-0001  7.11159181286931779E+0001  2.84078390413488381E+0002  1.68263066807603440E+0002 -1.52048698611912839E+0002   1319.068  2202847.2594     1    0.0
 2.80648929986191648E+0000  7.12781004174436311E-0001  7.12016636064772204E+0001  2.84097949344264080E+0002  1.68279188996893372E+0002  1.63286318788951938E+0002   1309.068  2199195.2593     1    0.0
 2.80224203928696575E+0000  7.15135373942601935E-0001  7.12177257137311681E+0001  2.84094316564904093E+0002  1.68162795938104461E+0002  1.15887516250022953E+0002   1299.071  2195543.2593     1    0.0
 2.81128811552274453E+0000  7.14035457856188199E-0001  7.09549764416450521E+0001  2.84126468361164324E+0002  1.67972724073749676E+0002  7.15609185122679943E+0001   1289.071  2191891.2592     1    0.0
 2.80435883929825545E+0000  7.16384708841288411E-0001  7.11165190410127567E+0001  2.84096651461395023E+0002  1.67935285802369454E+0002  2.61125824990717751E+0001   1279.073  2188239.2591     1    0.0
 2.81819065466085954E+0000  7.14461577732204123E-0001  7.06882872223830651E+0001  2.84146592513060864E+0002  1.67678598650374575E+0002 -1.76500304358765520E+0001   1269.073  2184587.2591     1    0.0
 2.81334096245561407E+0000  7.16242109355163117E-0001  7.07756757552105750E+0001  2.84144195779640806E+0002  1.67610568331875442E+0002 -5.91811051354385260E+0001   1259.076  2180935.2590     1    0.0
 2.82195791978361230E+0000  7.15569694904431831E-0001  7.07746197614481546E+0001  2.84161782379061131E+0002  1.67385262281019700E+0002 -1.01590208655223484E+0002   1249.076  2177283.2590     1    0.0
 2.82634197294342028E+0000  7.14641810470154487E-0001  7.03546997118905198E+0001  2.84214653038061785E+0002  1.67230166151216543E+0002 -1.38426679790474166E+0002   1239.079  2173631.2589     1    0.0
 2.82399464857244664E+0000  7.16377117300091948E-0001  7.04427670074982970E+0001  2.84172232003553639E+0002  1.67180024661701458E+0002 -1.77170333111494895E+0002   1229.079  2169979.2588     1    0.0
 2.83890256764796231E+0000  7.14624082479002391E-0001  7.00219819026548602E+0001  2.84249918590503781E+0002  1.66854194557701434E+0002  1.48598715630746901E+0002   1219.082  2166327.2588     1    0.0
 2.83281104648552329E+0000  7.16541143018596464E-0001  7.01371634701419287E+0001  2.84231556439624629E+0002  1.66832378043598241E+0002  1.14503125590375382E+0002   1209.082  2162675.2587     1    0.0
 2.84519740149227392E+0000  7.14815288722786227E-0001  6.97304578717603157E+0001  2.84269541225572313E+0002  1.66575141270104617E+0002  8.12952120470815192E+0001   1199.084  2159023.2587     1    0.0
 2.83982622672096372E+0000  7.17396568256921557E-0001  6.98401301319682448E+0001  2.84279071528551977E+0002  1.66499397705263925E+0002  5.09775156241316976E+0001   1189.084  2155371.2586     1    0.0
 2.84051617840367148E+0000  7.17613101453355582E-0001  6.98247213158240211E+0001  2.84280915898401397E+0002  1.66483059383911730E+0002  1.84379083551961133E+0001   1179.087  2151719.2586     1    0.0
 2.84800786593303855E+0000  7.16690189852933340E-0001  6.95822559928704901E+0001  2.84314731440170705E+0002  1.66291092185103933E+0002 -1.06858897466465176E+0001   1169.087  2148067.2585     1    0.0
 2.83895296697128108E+0000  7.20219898714206038E-0001  6.97820484291120056E+0001  2.84298660433854660E+0002  1.66246404019024511E+0002 -4.22589745272423298E+0001   1159.090  2144415.2584     1    0.0
 2.84671429655609120E+0000  7.19340060151301606E-0001  6.95621138827058522E+0001  2.84303906171948226E+0002  1.66176755559278645E+0002 -7.32682843159599669E+0001   1149.090  2140763.2584     1    0.0
 2.83686327073041232E+0000  7.23818119691744409E-0001  6.97134390239156739E+0001  2.84360580691392735E+0002  1.66104668705022467E+0002 -1.04159564706046782E+0002   1139.092  2137111.2583     1    0.0
 2.84031834347857528E+0000  7.23553339369370497E-0001  6.95945830967027298E+0001  2.84338244346888905E+0002  1.66014678142561480E+0002 -1.37456487823808207E+0002   1129.092  2133459.2583     1    0.0
 2.83777636876145527E+0000  7.24937113950543008E-0001  6.97962792041886660E+0001  2.84361259647851292E+0002  1.66053215409647251E+0002 -1.69218024696177241E+0002   1119.095  2129807.2582     1    0.0
 2.82960830392691660E+0000  7.29513284872703479E-0001  6.97559916698783327E+0001  2.84405471635575440E+0002  1.65929658006619681E+0002  1.54810342096582276E+0002   1109.095  2126155.2582     1    0.0
 2.83401216970645677E+0000  7.29421808805785685E-0001  6.96506733018051019E+0001  2.84399992132787304E+0002  1.65881191036741174E+0002  1.19661375478529289E+0002   1099.098  2122503.2581     1    0.0
 2.82081468173164560E+0000  7.36011931877662810E-0001  6.99006259195930606E+0001  2.84475288756081641E+0002  1.65841435763250615E+0002  8.20844026923331739E+0001   1089.098  2118851.2580     1    0.0
 2.82427866999302649E+0000  7.35642607191409306E-0001  6.97609021501172539E+0001  2.84452960661136885E+0002  1.65822938932935500E+0002  4.26155354217291123E+0001   1079.101  2115199.2580     1    0.0
 2.81423401631607356E+0000  7.41906325382995067E-0001  6.99147267558309723E+0001  2.84550326006983154E+0002  1.65739079373466162E+0002  3.51066134841360382E+0000   1069.101  2111547.2579     1    0.0
 2.81415027573454745E+0000  7.42188740931778619E-0001  6.99164459946501888E+0001  2.84542873064943186E+0002  1.65712183226943765E+0002 -3.94969683121783466E+0001   1059.103  2107895.2579     1    0.0
 2.81614678241236524E+0000  7.41856991881748031E-0001  6.98121849965424290E+0001  2.84566413391619812E+0002  1.65652265931445922E+0002 -8.10435406872321948E+0001   1049.103  2104243.2578     1    0.0
 2.80550570921910219E+0000  7.47359979676259864E-0001  7.00125098653890616E+0001  2.84583869815747547E+0002  1.65583637579958287E+0002 -1.26319985990877831E+0002   1039.106  2100591.2577     1    0.0
 2.81173376454379960E+0000  7.46935574329518780E-0001  6.98530221875373244E+0001  2.84584390968804572E+0002  1.65535703301454894E+0002 -1.71006475426493194E+0002   1029.106  2096939.2577     1    0.0
 2.80170658352480133E+0000  7.51078788966677491E-0001  7.00367498162179781E+0001  2.84624256619011390E+0002  1.65493930084257861E+0002  1.43283333433972184E+0002   1019.109  2093287.2576     1    0.0
 2.80851102223301720E+0000  7.50334659764762138E-0001  6.97493345496130556E+0001  2.84629370230333056E+0002  1.65372072044645694E+0002  9.64977932839162638E+0001   1009.109  2089635.2576     1    0.0
 2.87037348227654444E+0000  6.56046001814380571E-0001  7.20109394312287493E+0001  2.83400387492516359E+0002  1.76429612935868768E+0002 -1.98522744529221994E+0001   1999.010  2451183.2633     2    0.0
 2.84999803081296420E+0000  6.64852944701858989E-0001  7.24828528359864518E+0001  2.83482271210918969E+0002  1.76055755916521377E+0002 -4.50373454620674997E+0001   1989.010  2447531.2632     2    0.0
 2.85366057961629483E+0000  6.64594630200513404E-0001  7.24089021959169852E+0001  2.83449378215313323E+0002  1.76071961241120807E+0002 -7.27746982329100132E+0001   1979.013  2443879.2632     2    0.0
 2.83965595712542297E+0000  6.74426733417306490E-0001  7.26999093289071087E+0001  2.83674500775959804E+0002  1.75163103185127467E+0002 -9.84428089013461069E+0001   1969.013  2440227.2631     2    0.0
 2.83860015402231084E+0000  6.74621205332314396E-0001  7.27043091234295284E+0001  2.83641690137166260E+0002  1.75125505480380033E+0002 -1.31132414279249064E+0002   1959.016  2436575.2631     2    0.0
 2.85582097137442399E+0000  6.70810290739560018E-0001  7.32037282321016511E+0001  2.83751439881848008E+0002  1.74333988172259408E+0002 -1.60922171932899748E+0002   1949.016  2432923.2630     2    0.0
 2.85167000550336366E+0000  6.73659631472684689E-0001  7.23733569111349626E+0001  2.83864731436540714E+0002  1.73974419537535170E+0002  1.73149333863410251E+0002   1939.019  2429271.2630     2    0.0
 2.85209267727620341E+0000  6.74275299088577427E-0001  7.24075243859698122E+0001  2.83830496304501703E+0002  1.73933590632172722E+0002  1.45378104013747131E+0002   1929.019  2425619.2629     2    0.0
 2.87151703184917963E+0000  6.69003572613171753E-0001  7.19383727657519673E+0001  2.83950167205132033E+0002  1.73353020611552363E+0002  1.24003823236012774E+0002   1919.021  2421967.2628     2    0.0
 2.86610346078425870E+0000  6.70408022513137373E-0001  7.20348693808287183E+0001  2.83922000982522114E+0002  1.73324259348732283E+0002  1.02896200069208999E+0002   1909.021  2418315.2628     2    0.0
 2.87621934535269157E+0000  6.68136239435359393E-0001  7.17414008157852226E+0001  2.83928445544647484E+0002  1.73110142819833121E+0002  8.23848056223572099E+0001   1899.021  2414663.2627     2    0.0
 2.86762360460138947E+0000  6.71642328290801692E-0001  7.19306714053015270E+0001  2.83945684370456538E+0002  1.72977693264602377E+0002  6.42204880170637342E+0001   1889.021  2411011.2627     2    0.0
 2.86797694356529210E+0000  6.71852834354746009E-0001  7.19124906982140194E+0001  2.83944595732383189E+0002  1.72950032198814410E+0002  4.26157446516115319E+0001   1879.024  2407359.2626     2    0.0
 2.87179747737237231E+0000  6.71242616531426391E-0001  7.18074259671043868E+0001  2.83953820241521962E+0002  1.72845955615583167E+0002  2.26689300465473241E+0001   1869.024  2403707.2626     2    0.0
 2.85338621558658008E+0000  6.79973999185452774E-0001  7.22121458851991348E+0001  2.84027330144422262E+0002  1.72617181983528915E+0002 -1.44813985719139319E+0000   1859.027  2400055.2625     2    0.0
 2.85554759105505725E+0000  6.79671067941583882E-0001  7.21380359024940127E+0001  2.83991064479871637E+0002  1.72635397262385739E+0002 -2.81095269937985889E+0001   1849.027  2396403.2624     2    0.0
 2.83979469800024061E+0000  6.92493689726983078E-0001  7.24065144413521824E+0001  2.84210678963996490E+0002  1.71986927671973422E+0002 -5.34774386035808411E+0001   1839.029  2392751.2624     2    0.0
 2.83907543778391225E+0000  6.92936416729396869E-0001  7.24236392681514485E+0001  2.84185847950685491E+0002  1.71953502041479548E+0002 -8.60487565184384905E+0001   1829.029  2389099.2623     2    0.0
 2.84279417288248665E+0000  6.92321445362265221E-0001  7.25466059504884360E+0001  2.84249167271158270E+0002  1.71829882993575937E+0002 -1.18114085589753054E+0002   1819.032  2385447.2623     2    0.0
 2.84810126031313295E+0000  6.96906710529532746E-0001  7.20966595058288368E+0001  2.84416455115679510E+0002  1.70918868421344544E+0002 -1.43418307441921596E+0002   1809.032  2381795.2622     2    0.0
 2.84840076004952441E+0000  6.97622241273602840E-0001  7.21424110420223556E+0001  2.84376500095294063E+0002  1.70904350627749293E+0002 -1.72717573034916486E+0002   1799.032  2378143.2621     2    0.0
 2.87049379006120447E+0000  6.93353124373210615E-0001  7.15525301871736042E+0001  2.84525083325630053E+0002  1.70231804464682249E+0002  1.65059489257240478E+0002   1789.032  2374491.2621     2    0.0
 2.86512815559887110E+0000  6.94864462832658894E-0001  7.16392665693815185E+0001  2.84500335485623095E+0002  1.70196964527380442E+0002  1.43605746912373808E+0002   1779.035  2370839.2620     2    0.0
 2.87601361546130012E+0000  6.92831644746259760E-0001  7.13169337376812535E+0001  2.84509533349280584E+0002  1.69958655070656460E+0002  1.22695225085325870E+0002   1769.035  2367187.2620     2    0.0
 2.86961988539283103E+0000  6.95888411281999384E-0001  7.14912743996147813E+0001  2.84516310257201269E+0002  1.69904002474279044E+0002  1.04642807578056677E+0002   1759.038  2363535.2619     2    0.0
 2.86834064529699513E+0000  6.96594313129772190E-0001  7.14595274599568592E+0001  2.84529084582930130E+0002  1.69824154466093288E+0002  8.34320578360241522E+0001   1749.038  2359883.2619     2    0.0
 2.87290011739757445E+0000  6.96138436838789861E-0001  7.13483772471410735E+0001  2.84530441082099324E+0002  1.69739906240656942E+0002  6.38064803477213438E+0001   1739.040  2356231.2618     2    0.0
 2.85607818157096430E+0000  7.04341075318568214E-0001  7.16844886204158994E+0001  2.84606710743310294E+0002  1.69619302381467352E+0002  4.06752837885926195E+0001   1729.040  2352579.2617     2    0.0
 2.85820849287778306E+0000  7.04236034656229614E-0001  7.16110594921369980E+0001  2.84570829312897341E+0002  1.69625333417093036E+0002  1.51408750925218939E+0001   1719.043  2348927.2617     2    0.0
 2.84188131219447414E+0000  7.18375757239157845E-0001  7.18370100039535314E+0001  2.84785083384585077E+0002  1.69282121668752552E+0002 -9.67417258886466633E+0000   1709.043  2345275.2616     2    0.0
 2.84053312567545534E+0000  7.18981445307386924E-0001  7.18624565183893540E+0001  2.84769702341935676E+0002  1.69249508190859048E+0002 -4.15501438355746882E+0001   1699.043  2341623.2616     2    0.0
 2.84239841933693522E+0000  7.18879040761794694E-0001  7.18397068451377021E+0001  2.84794174182719143E+0002  1.69187989298284522E+0002 -7.32300022793528688E+0001   1689.043  2337971.2615     2    0.0
 2.84725244503836668E+0000  7.26505306377496098E-0001  7.14930597982032416E+0001  2.85006039676626341E+0002  1.68427402401530462E+0002 -9.90344879024343271E+0001   1679.046  2334319.2615     2    0.0
 2.84674584398164284E+0000  7.27269526231983872E-0001  7.15445716943587773E+0001  2.84961574570204713E+0002  1.68421673565727797E+0002 -1.28856554280609734E+0002   1669.046  2330667.2614     2    0.0
 2.87055278151707158E+0000  7.24654716528198027E-0001  7.08409967048693381E+0001  2.85127689442592787E+0002  1.67761796818973968E+0002 -1.51636933011661043E+0002   1659.049  2327015.2613     2    0.0
 2.86497115176752354E+0000  7.26275545927318726E-0001  7.09253253229942264E+0001  2.85107833559949033E+0002  1.67722000449581050E+0002 -1.72991154587888351E+0002   1649.049  2323363.2613     2    0.0
 2.87562079617232832E+0000  7.24661698069078174E-0001  7.05961939124490697E+0001  2.85114848009296602E+0002  1.67483746573998809E+0002  1.65776723637818371E+0002   1639.051  2319711.2612     2    0.0
 2.87223669105303542E+0000  7.26592331579012805E-0001  7.07498819564399887E+0001  2.85123745096500469E+0002  1.67502313459194747E+0002  1.47743322939053867E+0002   1629.051  2316059.2612     2    0.0
 2.86790285225846565E+0000  7.28670320045054438E-0001  7.07166902919055357E+0001  2.85142332435344292E+0002  1.67375801993949867E+0002  1.26627036949842889E+0002   1619.054  2312407.2611     2    0.0
 2.87325299256279746E+0000  7.28382217532242925E-0001  7.06000873245704521E+0001  2.85138206320964229E+0002  1.67312010040811289E+0002  1.06869986290190916E+0002   1609.054  2308755.2610     2    0.0
 2.85779541933195285E+0000  7.36414771426041899E-0001  7.08701502213014818E+0001  2.85235888427495236E+0002  1.67268412727892688E+0002  8.42105698208067156E+0001   1599.057  2305103.2610     2    0.0
 2.85891997052959226E+0000  7.36400730261120472E-0001  7.08046974637368289E+0001  2.85198590223975383E+0002  1.67265379073505784E+0002  5.90488035415871000E+0001   1589.057  2301451.2609     2    0.0
 2.84427500501729976E+0000  7.50730556334631404E-0001  7.09321246934218450E+0001  2.85419342133070203E+0002  1.67140721287965307E+0002  3.47439111656714376E+0001   1579.032  2297799.2609     2    0.0
 2.84294813738995317E+0000  7.51555402657648433E-0001  7.09555618239323307E+0001  2.85407664294335159E+0002  1.67098055268569913E+0002  3.91964963440379996E+0000   1569.032  2294147.2608     2    0.0
 2.84416498510363829E+0000  7.51542618593815839E-0001  7.09086189833578309E+0001  2.85415401900930797E+0002  1.67066232402669160E+0002 -2.70303095701809413E+0001   1559.035  2290495.2608     2    0.0
 2.85062779696245655E+0000  7.60370832294955717E-0001  7.04475678424164268E+0001  2.85659147374878752E+0002  1.66498298873230454E+0002 -5.19834369878548491E+0001   1549.035  2286843.2607     2    0.0
 2.84911156552267358E+0000  7.61403667142338616E-0001  7.05064416653466248E+0001  2.85608381280442783E+0002  1.66486119010064139E+0002 -8.06622310822497974E+0001   1539.038  2283191.2606     2    0.0
 2.87205593308942564E+0000  7.59596788504531758E-0001  6.97486708656443875E+0001  2.85760239440981604E+0002  1.65963184561409407E+0002 -1.03334567996086572E+0002   1529.038  2279539.2606     2    0.0
 2.86568380586203617E+0000  7.61564375677057737E-0001  6.98371731108958325E+0001  2.85753930598579895E+0002  1.65911716020953341E+0002 -1.24098122177041403E+0002   1519.040  2275887.2605     2    0.0
 2.87502063300537471E+0000  7.60667480058190783E-0001  6.95656544519635949E+0001  2.85748855314984066E+0002  1.65713638134971783E+0002 -1.45423582489241601E+0002   1509.040  2272235.2605     2    0.0
 2.87346451916556283E+0000  7.61289044913234710E-0001  6.96193063135884022E+0001  2.85785819595987509E+0002  1.65736583704600999E+0002 -1.63611880406062097E+0002   1499.043  2268583.2604     2    0.0
 2.86655991714342373E+0000  7.65171012635456064E-0001  6.96586636417270257E+0001  2.85799305489028172E+0002  1.65627291619896747E+0002  1.74924836509730081E+0002   1489.043  2264931.2604     2    0.0
 2.87089135148584691E+0000  7.64974336407640568E-0001  6.95406941876394240E+0001  2.85789586436629439E+0002  1.65592586257605935E+0002  1.54228340309676744E+0002   1479.046  2261279.2603     2    0.0
 2.85623276871726694E+0000  7.73282655549793413E-0001  6.97479294607931844E+0001  2.85924044854867362E+0002  1.65629022260718890E+0002  1.30843694548277427E+0002   1469.046  2257627.2602     2    0.0
 2.85619849002123906E+0000  7.73519726873425458E-0001  6.96937512598932259E+0001  2.85891239732976628E+0002  1.65606900859187348E+0002  1.04808079645960316E+0002   1459.049  2253975.2602     2    0.0
 2.84275508850804253E+0000  7.87117667128242435E-0001  6.96747338993252595E+0001  2.86117494910146126E+0002  1.65629308971031310E+0002  7.93980992826248511E+0001   1449.049  2250323.2601     2    0.0
 2.84136605439874874E+0000  7.87992485787456625E-0001  6.97040323425942349E+0001  2.86111668806529750E+0002  1.65596558307944830E+0002  4.81587485195071612E+0001   1439.051  2246671.2601     2    0.0
 2.84278169937181470E+0000  7.88175799312307437E-0001  6.96588288551890074E+0001  2.86117513602281700E+0002  1.65562946207961160E+0002  1.66224959128704810E+0001   1429.051  2243019.2600     2    0.0
 2.84836168668139665E+0000  7.98023084680087339E-0001  6.90796886206207018E+0001  2.86381799298179292E+0002  1.65239903599026016E+0002 -9.88892379047592129E+0000   1419.054  2239367.2599     2    0.0
 2.84556265434302898E+0000  7.99101914499600811E-0001  6.91564418000297821E+0001  2.86324028482723335E+0002  1.65226647800363001E+0002 -3.96435070753975925E+0001   1409.054  2235715.2599     2    0.0
 2.86965330589774224E+0000  7.98748922805834013E-0001  6.82566600009350113E+0001  2.86502241296854652E+0002  1.64766109609502229E+0002 -6.38066688652700447E+0001   1399.057  2232063.2598     2    0.0
 2.86382412950663474E+0000  8.00798008921763823E-0001  6.83224822988651498E+0001  2.86507753475238641E+0002  1.64704420588245038E+0002 -8.52109478982479041E+0001   1389.057  2228411.2598     2    0.0
 2.87391521389794416E+0000  8.00266923564653135E-0001  6.81233409980847188E+0001  2.86500584835550659E+0002  1.64514678352308546E+0002 -1.07401777451267052E+0002   1379.060  2224759.2597     2    0.0
 2.87322997659179437E+0000  8.00389884385823430E-0001  6.79857295337713670E+0001  2.86557209016747134E+0002  1.64509211170752198E+0002 -1.25927563298774101E+0002   1369.060  2221107.2597     2    0.0
 2.86589057123362579E+0000  8.04385501057330557E-0001  6.80671669523430789E+0001  2.86574255185830636E+0002  1.64436307382894344E+0002 -1.47598354470657308E+0002   1359.062  2217455.2596     2    0.0
 2.87154372596356842E+0000  8.04202472279544046E-0001  6.79216142932594318E+0001  2.86564444757490157E+0002  1.64398680651189732E+0002 -1.68433149855506202E+0002   1349.062  2213803.2595     2    0.0
 2.85885155975513072E+0000  8.11385203844225323E-0001  6.80280571149710626E+0001  2.86721895795674417E+0002  1.64459129324176759E+0002  1.68924705725204436E+0002   1339.065  2210151.2595     2    0.0
 2.85854129696015146E+0000  8.11608560241921596E-0001  6.79512970487963266E+0001  2.86695769685293216E+0002  1.64429328031601741E+0002  1.43804752456249941E+0002   1329.065  2206499.2594     2    0.0
 2.84567205125111672E+0000  8.23304942839754182E-0001  6.78811405774780823E+0001  2.86903309033060496E+0002  1.64579307513703309E+0002  1.19113839715895051E+0002   1319.068  2202847.2594     2    0.0
 2.84460518453616327E+0000  8.24071605005495294E-0001  6.78788519021197394E+0001  2.86920850161680018E+0002  1.64557474692509376E+0002  8.91369480861522772E+0001   1309.068  2199195.2593     2    0.0
 2.84527630162384536E+0000  8.24453112464293654E-0001  6.78284964521253790E+0001  2.86919129791831348E+0002  1.64505852395878731E+0002  5.86875552076850195E+0001   1299.071  2195543.2593     2    0.0
 2.84940424354625495E+0000  8.34543006801975304E-0001  6.71273314458234878E+0001  2.87209219808599588E+0002  1.64398440046589203E+0002  3.21306091946818876E+0001   1289.071  2191891.2592     2    0.0
 2.84552292823519840E+0000  8.35847845455646684E-0001  6.72162063414094339E+0001  2.87153037464004783E+0002  1.64375534882742951E+0002  2.63092230089646795E+0000   1279.073  2188239.2591     2    0.0
 2.86953826215563745E+0000  8.36301013206476876E-0001  6.61718596759769749E+0001  2.87355069224297071E+0002  1.64011973232757772E+0002 -2.20206283748986016E+0001   1269.073  2184587.2591     2    0.0
 2.86349447450872727E+0000  8.38463282204713952E-0001  6.62322224387927330E+0001  2.87379061530459356E+0002  1.63930436713360553E+0002 -4.33674656759556226E+0001   1259.076  2180935.2590     2    0.0
 2.86944325488419648E+0000  8.38651320591590128E-0001  6.61894809978893751E+0001  2.87380274952644516E+0002  1.63838833330664098E+0002 -6.62604907059603393E+0001   1249.076  2177283.2590     2    0.0
 2.87346232208481275E+0000  8.38234889035011872E-0001  6.58097568753355514E+0001  2.87440706256698173E+0002  1.63751294442036175E+0002 -8.49130146411355857E+0001   1239.079  2173631.2589     2    0.0
 2.86569030638785147E+0000  8.42246453616627783E-0001  6.58970025662787323E+0001  2.87483930825916087E+0002  1.63692138590808433E+0002 -1.06552527310699020E+0002   1229.079  2169979.2588     2    0.0
 2.87077823533554685E+0000  8.42153898202863059E-0001  6.57234555256049801E+0001  2.87475700810878185E+0002  1.63650666227610844E+0002 -1.27644292006261411E+0002   1219.082  2166327.2588     2    0.0
 2.85975520468034745E+0000  8.48450329923070290E-0001  6.56953578841266208E+0001  2.87674910555420872E+0002  1.63727229128538084E+0002 -1.50193953267461068E+0002   1209.082  2162675.2587     2    0.0
 2.85911327341040404E+0000  8.48739503223520448E-0001  6.56097185192107447E+0001  2.87652605505252910E+0002  1.63682432105070409E+0002 -1.74971502216796042E+0002   1199.084  2159023.2587     2    0.0
 2.84776507345246095E+0000  8.58659091602655241E-0001  6.54824643569444223E+0001  2.87838059856386399E+0002  1.63886952217461829E+0002  1.60628083317059933E+0002   1189.084  2155371.2586     2    0.0
 2.84708855690954742E+0000  8.59146245243575437E-0001  6.53647166799210571E+0001  2.87911553151880060E+0002  1.63864137041536110E+0002  1.31588220881401178E+0002   1179.087  2151719.2586     2    0.0
 2.84698867042620427E+0000  8.59877485783673381E-0001  6.53393770449787666E+0001  2.87890635856939266E+0002  1.63802027698955225E+0002  1.01920759424150745E+0002   1169.087  2148067.2585     2    0.0
 2.85275118311526661E+0000  8.68613555043640058E-0001  6.44109752188821940E+0001  2.88215514045712959E+0002  1.63807202712808788E+0002  7.58529551012583191E+0001   1159.090  2144415.2584     2    0.0
 2.84758557397976057E+0000  8.70012684385547143E-0001  6.45141526384702964E+0001  2.88169114294326438E+0002  1.63768355900786928E+0002  4.74334417953149230E+0001   1149.090  2140763.2584     2    0.0
 2.86981625508896595E+0000  8.70532674884033777E-0001  6.33702097980527323E+0001  2.88387793370103515E+0002  1.63487397736421187E+0002  2.25761355039371297E+0001   1139.092  2137111.2583     2    0.0
 2.86412810021756446E+0000  8.73023322614792583E-0001  6.33925292759742510E+0001  2.88449781175116472E+0002  1.63383669952909910E+0002  1.51449390789222152E+0000   1129.092  2133459.2583     2    0.0
 2.86500502179060632E+0000  8.73218639640624777E-0001  6.33720898592414050E+0001  2.88445316232033611E+0002  1.63364165522573167E+0002 -2.15586890987328932E+0001   1119.095  2129807.2582     2    0.0
 2.87293425555061494E+0000  8.72814160995994378E-0001  6.29374653356771430E+0001  2.88517029151405439E+0002  1.63228348371678596E+0002 -4.06288984534236694E+0001   1109.095  2126155.2582     2    0.0
 2.86433987626442477E+0000  8.76904637962299447E-0001  6.29659271145068045E+0001  2.88615372887518280E+0002  1.63174952141511803E+0002 -6.26682181917049150E+0001   1099.098  2122503.2581     2    0.0
 2.86949089225657901E+0000  8.76799241073302674E-0001  6.27850118974397257E+0001  2.88599979227803372E+0002  1.63140255044657358E+0002 -8.43971878644488359E+0001   1089.098  2118851.2580     2    0.0
 2.85994525205815624E+0000  8.82341744977495376E-0001  6.25613500426558142E+0001  2.88866079417231576E+0002  1.63206820916406820E+0002 -1.06994463141545874E+0002   1079.101  2115199.2580     2    0.0
 2.85823122768044548E+0000  8.82827207318191136E-0001  6.24833127699773670E+0001  2.88846124412872257E+0002  1.63146112007221743E+0002 -1.31818669740649822E+0002   1069.101  2111547.2579     2    0.0
 2.85019255030870341E+0000  8.90628209047555754E-0001  6.24701780221570689E+0001  2.88961870232708778E+0002  1.63398609779311160E+0002 -1.56363977152220425E+0002   1059.103  2107895.2579     2    0.0
 2.84879153058388956E+0000  8.91342725974815581E-0001  6.19745802145452368E+0001  2.89163361461386438E+0002  1.63332235387046772E+0002  1.75295684664775310E+0002   1049.103  2104243.2578     2    0.0
 2.84760924968700646E+0000  8.92343810178120392E-0001  6.19838115375735507E+0001  2.89125703483210018E+0002  1.63267142968274335E+0002  1.45956378257872555E+0002   1039.106  2100591.2577     2    0.0
 2.85675122116731818E+0000  8.98822333516975040E-0001  6.07572340515610250E+0001  2.89502207490438128E+0002  1.63293050321407202E+0002  1.20393153617873868E+0002   1029.106  2096939.2577     2    0.0
 2.85016501524599576E+0000  9.00386645605185679E-0001  6.08333133081031883E+0001  2.89491469345486252E+0002  1.63225535191340022E+0002  9.32953089518641447E+0001   1019.109  2093287.2576     2    0.0
 2.86907761852812274E+0000  9.00627185683271551E-0001  5.96309441059183858E+0001  2.89727393219496896E+0002  1.62979473047278064E+0002  6.82712362003062091E+0001   1009.109  2089635.2576     2    0.0
 2.87318350996216460E+0000  6.55373610320377609E-0001  7.20906271863756428E+0001  2.83400121802883045E+0002  1.76559598725202448E+0002 -1.87820923864019524E+0001   1999.010  2451183.2633     3    0.0
 2.85219931191709194E+0000  6.64505251768490202E-0001  7.25749306284735256E+0001  2.83488171069179717E+0002  1.76164034284549751E+0002 -4.29607232314701013E+0001   1989.010  2447531.2632     3    0.0
 2.85507404693102169E+0000  6.64222617253982208E-0001  7.25078001038533434E+0001  2.83453718824842658E+0002  1.76179684760137682E+0002 -6.98992286960105084E+0001   1979.013  2443879.2632     3    0.0
 2.84640477616042438E+0000  6.71986706222614153E-0001  7.26809624427490672E+0001  2.83692488412438833E+0002  1.75147611109431976E+0002 -9.37618325277397900E+0001   1969.013  2440227.2631     3    0.0
 2.84485967099855616E+0000  6.72288719865783355E-0001  7.26972936683850745E+0001  2.83660930708626706E+0002  1.75109767363395880E+0002 -1.23837984343208811E+0002   1959.016  2436575.2631     3    0.0
 2.86361430386046991E+0000  6.66780654818741740E-0001  7.29846035245716083E+0001  2.83755497360656027E+0002  1.74470523065881834E+0002 -1.52091353737023206E+0002   1949.016  2432923.2630     3    0.0
 2.86582615013839965E+0000  6.66486068922508411E-0001  7.21765173978051031E+0001  2.83842988150052301E+0002  1.74118891148073898E+0002 -1.72564944157239487E+0002   1939.019  2429271.2630     3    0.0
 2.86507577517041400E+0000  6.67395933027398637E-0001  7.22390963937975016E+0001  2.83803961009881802E+0002  1.74068663469125471E+0002  1.64856533377677328E+0002   1929.019  2425619.2629     3    0.0
 2.87906835996306737E+0000  6.64003393159611253E-0001  7.19037635610768886E+0001  2.83865325619332046E+0002  1.73753591308500961E+0002  1.46311404428905042E+0002   1919.021  2421967.2628     3    0.0
 2.87064519903912743E+0000  6.66313567899613882E-0001  7.20570679659958937E+0001  2.83855044733280304E+0002  1.73685720348308044E+0002  1.27580657695347041E+0002   1909.021  2418315.2628     3    0.0
 2.87674757557216758E+0000  6.65033774120309968E-0001  7.18653166283362167E+0001  2.83836258452452840E+0002  1.73575395506214028E+0002  1.08171614540412707E+0002   1899.021  2414663.2627     3    0.0
 2.86426100178435144E+0000  6.71018650331952394E-0001  7.21549898694524187E+0001  2.83883781279848290E+0002  1.73382380001566175E+0002  9.04357858414811204E+0001   1889.021  2411011.2627     3    0.0
 2.86383481827336405E+0000  6.71475243056790859E-0001  7.21352774085322175E+0001  2.83890589854995533E+0002  1.73336845677636385E+0002  6.74157885401437645E+0001   1879.024  2407359.2626     3    0.0
 2.86661420168907745E+0000  6.71207312842207817E-0001  7.20663958437237850E+0001  2.83892396744180175E+0002  1.73271202754003624E+0002  4.53630217819076073E+0001   1869.024  2403707.2626     3    0.0
 2.84504990754497975E+0000  6.84194323648182473E-0001  7.25193063757215627E+0001  2.84061605887510268E+0002  1.72738914124596103E+0002  1.99151501099688163E+0001   1859.027  2400055.2625     3    0.0
 2.84595911557376372E+0000  6.84278973037653972E-0001  7.24901459710124578E+0001  2.84018335399017538E+0002  1.72770977322427744E+0002 -1.02373663627908400E+0001   1849.027  2396403.2624     3    0.0
 2.85811148793139170E+0000  6.86731373153651229E-0001  7.21267291950862517E+0001  2.84265476079630886E+0002  1.71685815080992412E+0002 -3.45069292633769593E+0001   1839.029  2392751.2624     3    0.0
 2.85537005500233465E+0000  6.87541068038282607E-0001  7.21793942365097753E+0001  2.84245692422650368E+0002  1.71645703330525275E+0002 -6.00958439135088592E+0001   1829.029  2389099.2623     3    0.0
 2.85875225100297513E+0000  6.87181528417130448E-0001  7.21795360920384485E+0001  2.84274527249001785E+0002  1.71552603719644737E+0002 -8.60139936691924243E+0001   1819.032  2385447.2623     3    0.0
 2.87329821001642149E+0000  6.83383154840479822E-0001  7.16775309497782534E+0001  2.84345738119069968E+0002  1.71037356164219340E+0002 -1.03816090156247721E+0002   1809.032  2381795.2622     3    0.0
 2.86960642033551154E+0000  6.85199576061246962E-0001  7.18072887780390037E+0001  2.84301845304423266E+0002  1.70993953213044167E+0002 -1.24324787976322735E+0002   1799.032  2378143.2621     3    0.0
 2.87978228242699260E+0000  6.83569434359270834E-0001  7.15485258373527286E+0001  2.84326104707449018E+0002  1.70855153855680829E+0002 -1.42723893154827276E+0002   1789.032  2374491.2621     3    0.0
 2.86836823755930439E+0000  6.87937519244876753E-0001  7.17531597711204152E+0001  2.84358146023165480E+0002  1.70738299664314009E+0002 -1.61304331453100351E+0002   1779.035  2370839.2620     3    0.0
 2.87114273187229899E+0000  6.87458233910975469E-0001  7.16430143013274942E+0001  2.84328547076050996E+0002  1.70680289249391782E+0002  1.77793555743184185E+0002   1769.035  2367187.2620     3    0.0
 2.85730655137414468E+0000  6.96097328138409617E-0001  7.21347881558334765E+0001  2.84377778226385963E+0002  1.70564114851768753E+0002  1.58524983632923660E+0002   1759.038  2363535.2619     3    0.0
 2.85309971151384649E+0000  6.98233102316407972E-0001  7.19691897004201533E+0001  2.84451800265346063E+0002  1.70440507948172302E+0002  1.31872073329757780E+0002   1749.038  2359883.2619     3    0.0
 2.85524626258298453E+0000  6.98433074691774493E-0001  7.19454144034450110E+0001  2.84431271732681509E+0002  1.70404459679727501E+0002  1.05307214175457460E+0002   1739.040  2356231.2618     3    0.0
 2.84737674381836115E+0000  7.10385081545449268E-0001  7.19982915918113536E+0001  2.84671501341243573E+0002  1.69731797707773991E+0002  8.03375547420116913E+0001   1729.040  2352579.2617     3    0.0
 2.84572627685764876E+0000  7.10937795268087929E-0001  7.20120561705543117E+0001  2.84628423088001401E+0002  1.69733507220401864E+0002  5.05471678067731918E+0001   1719.043  2348927.2617     3    0.0
 2.87090523491231537E+0000  7.08315389545869418E-0001  7.12970438469756670E+0001  2.84814508054206970E+0002  1.68896943805687882E+0002  2.61382505331398826E+0001   1709.043  2345275.2616     3    0.0
 2.86724979897807444E+0000  7.09772013500095741E-0001  7.13725945595907880E+0001  2.84803155450948950E+0002  1.68839861905780652E+0002  5.52766342810356970E+0000   1699.043  2341623.2616     3    0.0
 2.86824395137843790E+0000  7.09873676432449401E-0001  7.13408125526448704E+0001  2.84807265614383696E+0002  1.68819396242241006E+0002 -1.61286034036683915E+0001   1689.043  2337971.2615     3    0.0
 2.87882113873295402E+0000  7.08072422516627523E-0001  7.10288702894995419E+0001  2.84850216036365345E+0002  1.68516642685102978E+0002 -3.29106349012892764E+0001   1679.046  2334319.2615     3    0.0
 2.87027898354871282E+0000  7.11363508818714214E-0001  7.12283629642582673E+0001  2.84827430928839510E+0002  1.68466534501565026E+0002 -5.23493166009207504E+0001   1669.046  2330667.2614     3    0.0
 2.87657123591946449E+0000  7.10622308591264224E-0001  7.10454210468212149E+0001  2.84820842730051907E+0002  1.68413667852600660E+0002 -7.14004901070513711E+0001   1659.049  2327015.2613     3    0.0
 2.86216935902884996E+0000  7.18200579402280758E-0001  7.12804978209388329E+0001  2.84921402657294245E+0002  1.68319764074978528E+0002 -9.11312736691399378E+0001   1649.049  2323363.2613     3    0.0
 2.86249672861910829E+0000  7.18281844987888944E-0001  7.12413429205095353E+0001  2.84893650105068893E+0002  1.68276262896252013E+0002 -1.14803177144560105E+0002   1639.051  2319711.2612     3    0.0
 2.86486915065724155E+0000  7.19354304296931721E-0001  7.17276817164414230E+0001  2.84960434831867553E+0002  1.68163398061458583E+0002 -1.37381171287775926E+0002   1629.051  2316059.2612     3    0.0
 2.84574877298583651E+0000  7.33110310077506461E-0001  7.14266612214372257E+0001  2.85099717441082540E+0002  1.68001427399637210E+0002 -1.65491264310151334E+0002   1619.054  2312407.2611     3    0.0
 2.84607179777025504E+0000  7.33625195755597263E-0001  7.14493133747400160E+0001  2.85062848735286819E+0002  1.67979894746569022E+0002  1.64483954846331339E+0002   1609.054  2308755.2610     3    0.0
 2.86219446347404685E+0000  7.38215070745413693E-0001  7.08413393875777174E+0001  2.85316776431078445E+0002  1.67227504810363104E+0002  1.41680197499125573E+0002   1599.057  2305103.2610     3    0.0
 2.85817939405993780E+0000  7.39318958796563625E-0001  7.09027681953364201E+0001  2.85282499041084365E+0002  1.67209231315679684E+0002  1.17204298497933178E+0002   1589.057  2301451.2609     3    0.0
 2.87598169530272160E+0000  7.37010108959722755E-0001  7.03428465213860665E+0001  2.85353273336435491E+0002  1.66799444710399629E+0002  9.48377729061832364E+0001   1579.032  2297799.2609     3    0.0
 2.87160030631119735E+0000  7.39547065411473055E-0001  7.04479541030536350E+0001  2.85358036705530815E+0002  1.66742048657152062E+0002  7.67782173265035307E+0001   1569.032  2294147.2608     3    0.0
 2.87149603843290467E+0000  7.39879440869877739E-0001  7.04226155918369796E+0001  2.85363911346449412E+0002  1.66703147115481630E+0002  5.65663013153112177E+0001   1559.035  2290495.2608     3    0.0
 2.87824467953078518E+0000  7.39304632651802687E-0001  7.02292159023287436E+0001  2.85380912818735013E+0002  1.66570925315024604E+0002  3.90058068633629207E+0001   1549.035  2286843.2607     3    0.0
 2.86534837731735244E+0000  7.45061727691593244E-0001  7.04675856977467785E+0001  2.85422796827988085E+0002  1.66520685793498859E+0002  1.85662271623677723E+0001   1539.038  2283191.2606     3    0.0
 2.86869303391532350E+0000  7.44838526689417643E-0001  7.03625986911606805E+0001  2.85390834460395181E+0002  1.66522415539660455E+0002 -3.10730352526478444E+0000   1529.038  2279539.2606     3    0.0
 2.85236395563224765E+0000  7.56656638768559224E-0001  7.05480248910393448E+0001  2.85577172722950979E+0002  1.66521278457858708E+0002 -2.53063761781440683E+0001   1519.040  2275887.2605     3    0.0
 2.85110268822047903E+0000  7.57304597979683668E-0001  7.05593006987774042E+0001  2.85560538153650877E+0002  1.66477436111767497E+0002 -5.30138971616939288E+0001   1509.040  2272235.2605     3    0.0
 2.85374619128626058E+0000  7.57272860072743532E-0001  7.05737414169663874E+0001  2.85594444632911484E+0002  1.66416774797078528E+0002 -8.05113311254686150E+0001   1499.043  2268583.2604     3    0.0
 2.85100941740592711E+0000  7.69171136395681687E-0001  7.01894080263586753E+0001  2.85814289032734721E+0002  1.66074181972052220E+0002 -1.05212276689685488E+0002   1489.043  2264931.2604     3    0.0
 2.85012055988593046E+0000  7.70205152068821503E-0001  7.02440139313819311E+0001  2.85766482609336358E+0002  1.66052031798052914E+0002 -1.33668822381301697E+0002   1479.046  2261279.2603     3    0.0
 2.87398334379901444E+0000  7.69183718632724531E-0001  6.94462617908358691E+0001  2.85939501287040135E+0002  1.65515549560415678E+0002 -1.55109531198966402E+0002   1469.046  2257627.2602     3    0.0
 2.86766281739759649E+0000  7.71149645433413746E-0001  6.95392304541130860E+0001  2.85930438357804441E+0002  1.65471413619164298E+0002 -1.75304456603881407E+0002   1459.049  2253975.2602     3    0.0
 2.87710945841557072E+0000  7.70128299288779694E-0001  6.91809110739517451E+0001  2.85942498794341459E+0002  1.65279056578479530E+0002  1.64376323941284134E+0002   1449.049  2250323.2601     3    0.0
 2.87244313875896078E+0000  7.72663192921561412E-0001  6.93784206223616915E+0001  2.85940995721621840E+0002  1.65315339675914292E+0002  1.46837958017466744E+0002   1439.051  2246671.2601     3    0.0
 2.86917381773099599E+0000  7.74663841195714023E-0001  6.92907467364065505E+0001  2.85994389312545645E+0002  1.65196256668416271E+0002  1.26165894492433150E+0002   1429.051  2243019.2600     3    0.0
 2.87375980853327669E+0000  7.74602473922262202E-0001  6.91743069646164328E+0001  2.85986160615851206E+0002  1.65142395164576499E+0002  1.06654061040600696E+0002   1419.054  2239367.2599     3    0.0
 2.85859806668150458E+0000  7.83069567796432925E-0001  6.93821700029229823E+0001  2.86120481264841584E+0002  1.65195851675808049E+0002  8.40041757440961754E+0001   1409.054  2235715.2599     3    0.0
 2.85842641839183016E+0000  7.83356027306342965E-0001  6.93418697652155280E+0001  2.86080694897902171E+0002  1.65187407834385088E+0002  5.89369091346600085E+0001   1399.057  2232063.2598     3    0.0
 2.84887444754090954E+0000  7.96983703136415269E-0001  6.91682271725468195E+0001  2.86342182452444627E+0002  1.65208622135552563E+0002  3.47127560733269844E+0001   1389.057  2228411.2598     3    0.0
 2.84655452385244256E+0000  7.97984220456155169E-0001  6.92116823686692787E+0001  2.86329854370108679E+0002  1.65160197492781509E+0002  5.60371337532626149E+0000   1379.060  2224759.2597     3    0.0
 2.84786514298081931E+0000  7.98134418970564828E-0001  6.91703128766502222E+0001  2.86337156802145944E+0002  1.65133510239347297E+0002 -2.40308360138172600E+0001   1369.060  2221107.2597     3    0.0
 2.86488656775837799E+0000  8.02870299667702741E-0001  6.83057835556422835E+0001  2.86577659642735813E+0002  1.64666461073666606E+0002 -4.44411515309267054E+0001   1359.062  2217455.2596     3    0.0
 2.86094065860264079E+0000  8.04470861247299525E-0001  6.84178707571788347E+0001  2.86525673378342814E+0002  1.64638458226026745E+0002 -6.81099674350908425E+0001   1349.062  2213803.2595     3    0.0
 2.87764943274477064E+0000  8.03369973991921418E-0001  6.78358997411072140E+0001  2.86608944157825405E+0002  1.64389213251574945E+0002 -8.82904667403331363E+0001   1339.065  2210151.2595     3    0.0
 2.86949986381435375E+0000  8.06501212248944602E-0001  6.79153329439376982E+0001  2.86654626027849924E+0002  1.64331549210272467E+0002 -1.07056043384713404E+0002   1329.065  2206499.2594     3    0.0
 2.87439903118130984E+0000  8.06225470120930193E-0001  6.77316292356411874E+0001  2.86637587645644856E+0002  1.64228947924001292E+0002 -1.27424590212733582E+0002   1319.068  2202847.2594     3    0.0
 2.87278282182154236E+0000  8.07234085648126474E-0001  6.79023417809887777E+0001  2.86664661354609260E+0002  1.64269091064526571E+0002 -1.45813042440593737E+0002   1309.068  2199195.2593     3    0.0
 2.86403253096915129E+0000  8.12520373290277028E-0001  6.77877246961925228E+0001  2.86762256853622189E+0002  1.64214040049595801E+0002 -1.68249805283577802E+0002   1299.071  2195543.2593     3    0.0
 2.86669860978066864E+0000  8.12745283822746773E-0001  6.77355028113566637E+0001  2.86731771099553969E+0002  1.64190548334707453E+0002  1.69475170789078503E+0002   1289.071  2191891.2592     3    0.0
 2.85214145848050822E+0000  8.23634102322005739E-0001  6.77552699099931120E+0001  2.86959098265356790E+0002  1.64373961028683317E+0002  1.44581060971817651E+0002   1279.073  2188239.2591     3    0.0
 2.85000257829144432E+0000  8.24263415298738861E-0001  6.77531332513694158E+0001  2.86923644691761901E+0002  1.64349382635594548E+0002  1.16519478550767816E+0002   1269.073  2184587.2591     3    0.0
 2.85561375652653169E+0000  8.34013617766748941E-0001  6.69523144280147789E+0001  2.87215365774257799E+0002  1.64242827869976919E+0002  9.09911500454638265E+0001   1259.076  2180935.2590     3    0.0
 2.85318495502054495E+0000  8.35402664001586864E-0001  6.70108358588929259E+0001  2.87210976697708739E+0002  1.64205297026402032E+0002  6.49102158706228545E+0001   1249.076  2177283.2590     3    0.0
 2.85388287418096824E+0000  8.35664325068825597E-0001  6.69646168321614878E+0001  2.87220585502258494E+0002  1.64165317214035608E+0002  3.77113488666785071E+0001   1239.079  2173631.2589     3    0.0
 2.87348187846431222E+0000  8.35869854312782150E-0001  6.61123554485787405E+0001  2.87384470718247049E+0002  1.63805462233217193E+0002  1.86906224818721598E+0001   1229.079  2169979.2588     3    0.0
 2.86597557218779816E+0000  8.38469628124668126E-0001  6.62564889365135179E+0001  2.87363992868967406E+0002  1.63760909152714188E+0002 -2.36503023626979298E+0000   1219.082  2166327.2588     3    0.0
 2.87668672211305210E+0000  8.37762718248742107E-0001  6.58493834195686857E+0001  2.87392820506522630E+0002  1.63655279842464339E+0002 -2.22698332533098910E+0001   1209.082  2162675.2587     3    0.0
 2.86853907329000024E+0000  8.42063808485068897E-0001  6.58459132018342876E+0001  2.87526700164288224E+0002  1.63608660980160708E+0002 -4.11675103252476522E+0001   1199.084  2159023.2587     3    0.0
 2.86999424254802412E+0000  8.42452619392649265E-0001  6.58115421289198897E+0001  2.87508749390689127E+0002  1.63551194068328808E+0002 -6.24115085600541866E+0001   1189.084  2155371.2586     3    0.0
 2.87106160647218766E+0000  8.42513736201672488E-0001  6.57743216253879153E+0001  2.87546786592738300E+0002  1.63533955968202879E+0002 -8.24706479878133110E+0001   1179.087  2151719.2586     3    0.0
 2.85803012415502836E+0000  8.49883309484597000E-0001  6.56998355619942187E+0001  2.87706431883146778E+0002  1.63637635251067421E+0002 -1.07038725335626606E+0002   1169.087  2148067.2585     3    0.0
 2.85899085505068485E+0000  8.50500121922149302E-0001  6.56971288080963479E+0001  2.87659331522479406E+0002  1.63613833550372444E+0002 -1.32225230142607541E+0002   1159.090  2144415.2584     3    0.0
 2.85272552995601475E+0000  8.61175533370539035E-0001  6.51852821439936177E+0001  2.87977651188047800E+0002  1.63809447048415764E+0002 -1.57521762096394577E+0002   1149.090  2140763.2584     3    0.0
 2.84816958824509111E+0000  8.62178192997750879E-0001  6.52011241365774040E+0001  2.87958403171002947E+0002  1.63759649514622595E+0002  1.74317482017747909E+0002   1139.092  2137111.2583     3    0.0
 2.86762082833070364E+0000  8.65642557953302013E-0001  6.39996571127842508E+0001  2.88209369975784389E+0002  1.63496973905525050E+0002  1.48580527812718434E+0002   1129.092  2133459.2583     3    0.0
 2.86628186140703945E+0000  8.66606780407610894E-0001  6.40684114534100789E+0001  2.88215543796030806E+0002  1.63512253897303000E+0002  1.27473533409499566E+0002   1119.095  2129807.2582     3    0.0
 2.86350827691156684E+0000  8.67838942765919024E-0001  6.39969646781945066E+0001  2.88250032143667919E+0002  1.63397582465478628E+0002  1.04514879231489911E+0002   1109.095  2126155.2582     3    0.0
 2.87643691720465193E+0000  8.67565278994756397E-0001  6.34427710540095711E+0001  2.88331194621854856E+0002  1.63219435572457914E+0002  8.58110388550431762E+0001   1099.098  2122503.2581     3    0.0
 2.86763687098982088E+0000  8.71141369617147661E-0001  6.35209347401550090E+0001  2.88411930174099621E+0002  1.63175318845007276E+0002  6.56490536064012220E+0001   1089.098  2118851.2580     3    0.0
 2.87288659434211824E+0000  8.70853918687024168E-0001  6.32603668373220964E+0001  2.88409752861659791E+0002  1.63119756774216862E+0002  4.51236839553661567E+0001   1079.101  2115199.2580     3    0.0
 2.86530501254654352E+0000  8.76179790659489984E-0001  6.30570399258561523E+0001  2.88652316136979125E+0002  1.63137049243156368E+0002  2.50170461848548191E+0001   1069.101  2111547.2579     3    0.0
 2.86357976150863743E+0000  8.76790177414279584E-0001  6.30861460899541465E+0001  2.88634916016757095E+0002  1.63100138699498981E+0002  2.20757609688845680E+0000   1059.103  2107895.2579     3    0.0
 2.86605016197624851E+0000  8.76765602770082373E-0001  6.29711087900874828E+0001  2.88654995780181469E+0002  1.63068224042123372E+0002 -2.03517668472313297E+0001   1049.103  2104243.2578     3    0.0
 2.85343981978723234E+0000  8.85343370140540986E-0001  6.26247132874413063E+0001  2.88934209730003213E+0002  1.63267018233526946E+0002 -4.62042577296299566E+0001   1039.106  2100591.2577     3    0.0
 2.85162967010958370E+0000  8.86274739872065201E-0001  6.26929353494947406E+0001  2.88869669836430466E+0002  1.63236204297718968E+0002 -7.38157843048409888E+0001   1029.106  2096939.2577     3    0.0
 2.86344251061865829E+0000  8.92172978505556237E-0001  6.13704514644087971E+0001  2.89259426211270535E+0002  1.63213078299979354E+0002 -9.78371432235010821E+0001   1019.109  2093287.2576     3    0.0
 2.85714374924381784E+0000  8.93857583975926653E-0001  6.13638563601837502E+0001  2.89288975539836887E+0002  1.63116109507056030E+0002 -1.21828071859664024E+0002   1009.109  2089635.2576     3    0.0
