 0.0016868   2009.008   2454835.2459  3       1
 0.0018949   2009.007   2454835.2244  3       1
 0.0022319   2009.007   2454835.2011  3       1
 0.0027074   2009.007   2454835.1745  3       1
 0.0033380   2009.007   2454835.1429  3       1
 0.0041582   2009.007   2454835.1046  3       1
 0.0052001   2009.007   2454835.0578  3       1
 0.0065313   2009.007   2454834.9995  3       1
 0.0082109   2009.007   2454834.9270  3       1
 0.0102989   2009.006   2454834.8378  3       1
 0.0128892   2009.006   2454834.7276  3       1
 0.0161061   2009.006   2454834.5914  3       1
 0.0201053   2009.005   2454834.4224  3       1
 0.0250808   2009.005   2454834.2124  3       1
 0.0312739   2009.004   2454833.9512  3       1
 0.0389846   2009.003   2454833.6263  3       1
 0.0485865   2009.002   2454833.2216  3       1
 0.0605436   2009.001   2454832.7178  3       1
 0.0754324   2008.999   2454832.0902  3       1
 0.0939657   2008.997   2454831.3084  3       1
 0.1170330   2008.994   2454830.3345  3       1
 0.1457230   2008.991   2454829.1211  3       1
 0.1813733   2008.987   2454827.6094  3       1
 0.2256071   2008.981   2454825.7260  3       1
 0.2803665   2008.975   2454823.3793  3       1
 0.3479166   2008.967   2454820.4555  3       1
 0.3633416   1990.035   2447905.3806  3       1
 0.3651593   1990.021   2447900.1813  2       1
 0.2499856   1990.021   2447900.1813  3       1
 0.3390461   1990.011   2447896.3500  2       1
 0.1727453   1990.011   2447896.3500  3       1
 0.3390668   1990.003   2447893.6737  2       1
 0.1295084   1990.003   2447893.6737  3       1
 0.3486821   1989.998   2447891.7414  2       1
 0.1113691   1989.998   2447891.7414  3       1
 0.3617987   1989.994   2447890.1863  2       1
 0.1095032   1989.994   2447890.1863  3       1
 0.3776265   1989.990   2447888.7543  2       1
 0.1185818   1989.990   2447888.7543  3       1
 0.3971760   1989.986   2447887.2788  2       1
 0.1365519   1989.986   2447887.2788  3       1
 0.1632008   1989.981   2447885.6408  3       1
 0.1993575   1989.976   2447883.7331  3       1
 0.2468333   1989.970   2447881.4313  3       1
 0.3070659   1989.962   2447878.6394  3       1
 0.3828758   1989.953   2447875.1928  3       1
 0.3918382   1971.069   2440977.8646  3       1
 0.2769307   1971.054   2440972.1682  3       1
 0.2069905   1971.042   2440967.9675  3       1
 0.1759090   1971.034   2440964.9040  3       1
 0.1712053   1971.027   2440962.4611  3       1
 0.1841333   1971.021   2440960.2378  3       1
 0.2110841   1971.015   2440957.9657  3       1
 0.2514634   1971.008   2440955.4562  3       1
 0.3064283   1971.000   2440952.5365  3       1
 0.3782318   1970.990   2440949.0243  3       1
 0.3999397   1938.071   2428925.4540  3       1
 0.3679627   1938.057   2428920.2333  3       1
 0.3762822   1938.043   2428915.2956  3       1
 0.3399356   1923.987   2423780.8170  3       1
 0.3077819   1923.974   2423775.9253  3       1
 0.3141659   1923.962   2423771.7699  3       1
 0.3480088   1923.951   2423767.7859  3       1
 0.2949972   1919.288   2422064.6168  2       1
 0.2413761   1919.277   2422060.5659  2       1
 0.2301538   1919.268   2422057.4234  2       1
 0.2464152   1919.261   2422054.6552  2       1
 0.2832619   1919.253   2422051.8577  2       1
 0.3393103   1919.245   2422048.7646  2       1
 0.3589722   1905.159   2416904.4491  2       1
 0.2994420   1905.146   2416899.7571  2       1
 0.2867179   1905.135   2416895.8980  2       1
 0.3073731   1905.126   2416892.4581  2       1
 0.3532022   1905.116   2416888.9679  2       1
 0.3674270   1891.061   2411755.6032  3       1
 0.3512902   1891.047   2411750.5606  3       1
 0.3719669   1891.034   2411746.0759  3       1
 0.2998164   1858.046   2399697.2122  3       1
 0.1998730   1858.033   2399692.7243  3       1
 0.1356446   1858.025   2399689.6061  3       1
 0.1006461   1858.019   2399687.5017  3       1
 0.0857694   1858.015   2399686.0009  3       1
 0.0837673   1858.012   2399684.8047  3       1
 0.0903286   1858.009   2399683.7116  3       1
 0.1037671   1858.006   2399682.5912  3       1
 0.1238696   1858.002   2399681.3518  3       1
 0.1513076   1857.998   2399679.9093  3       1
 0.1874412   1857.994   2399678.1721  3       1
 0.2335286   1857.988   2399676.0645  3       1
 0.2918373   1857.981   2399673.4655  3       1
 0.3653304   1857.972   2399670.2182  3       1
 0.3304619   1848.553   2396229.7183  2       1
 0.2924934   1848.541   2396225.3503  2       1
 0.2964426   1848.531   2396221.6693  2       1
 0.3295251   1848.521   2396218.1920  2       1
 0.3868332   1848.511   2396214.4964  2       1
 0.3649822   1839.057   2392761.2989  3       1
 0.3546557   1839.043   2392756.1605  3       1
 0.3799880   1839.030   2392751.5869  3       1
 0.3831076   1839.029   2392751.2389  3       1
 0.3834319   1839.029   2392751.2036  3       1
 0.3839212   1839.029   2392751.1508  3       1
 0.3846616   1839.029   2392751.0715  3       1
 0.3857866   1839.029   2392750.9525  3       1
 0.3875059   1839.028   2392750.7741  3       1
 0.3901556   1839.027   2392750.5065  3       1
 0.3942853   1839.026   2392750.1051  3       1
 0.3111530   1820.054   2385820.1575  3       1
 0.2228008   1820.041   2385815.4509  3       1
 0.1755403   1820.032   2385812.0374  3       1
 0.1593958   1820.025   2385809.4714  3       1
 0.1635034   1820.019   2385807.3049  3       1
 0.1819434   1820.013   2385805.2189  3       1
 0.2129909   1820.007   2385802.9940  3       1
 0.2570882   1820.000   2385800.4611  3       1
 0.3153800   1819.992   2385797.4828  3       1
 0.3906748   1819.982   2385793.8605  3       1
 0.3225094   1791.332   2375330.6650  2       1
 0.2851866   1791.320   2375326.3234  2       1
 0.2893332   1791.310   2375322.7050  2       1
 0.3218453   1791.301   2375319.2833  2       1
 0.3779809   1791.291   2375315.6469  2       1
 0.3336586   1776.981   2370089.6841  3       1
 0.2983342   1776.968   2370084.7586  3       1
 0.3010617   1776.957   2370080.5948  3       1
 0.3309593   1776.946   2370076.6449  3       1
 0.3838291   1776.934   2370072.4786  3       1
 0.3641988   1767.339   2366567.3331  2       1
 0.3626553   1767.326   2366562.6623  2       1
 0.3982164   1767.315   2366558.3489  2       1
 0.3078480   1753.008   2361333.3967  3       1
 0.2240092   1752.995   2361328.6596  3       1
 0.1815641   1752.986   2361325.2166  3       1
 0.1691846   1752.978   2361322.5700  3       1
 0.1764944   1752.972   2361320.2759  3       1
 0.1983133   1752.966   2361318.0178  3       1
 0.2333502   1752.959   2361315.5775  3       1
 0.2823884   1752.952   2361312.7737  3       1
 0.3467546   1752.943   2361309.4571  3       1
 0.3679916   1729.055   2352584.4791  3       1
 0.2609874   1729.040   2352579.2382  3       1
 0.2603094   1729.040   2352579.2030  3       1
 0.2592938   1729.040   2352579.1501  3       1
 0.2577741   1729.040   2352579.0708  3       1
 0.2555027   1729.040   2352578.9519  3       1
 0.2521150   1729.039   2352578.7735  3       1
 0.2470788   1729.038   2352578.5059  3       1
 0.2396346   1729.037   2352578.1044  3       1
 0.2287447   1729.036   2352577.5023  3       1
 0.2131426   1729.033   2352576.5991  3       1
 0.1918462   1729.029   2352575.2442  3       1
 0.1666460   1729.024   2352573.2120  3       1
 0.1524591   1729.018   2352570.8988  3       1
 0.1562184   1729.012   2352568.8362  3       1
 0.1737099   1729.006   2352566.8440  3       1
 0.2032768   1729.001   2352564.7214  3       1
 0.2453385   1728.994   2352562.3066  3       1
 0.3010090   1728.986   2352559.4681  3       1
 0.3730274   1728.977   2352556.0158  3       1
 0.3822988   1724.282   2350840.6717  2       1
 0.2849863   1724.268   2350835.4643  2       1
 0.2412124   1724.257   2350831.5511  2       1
 0.2367570   1724.248   2350828.4370  2       1
 0.2581410   1724.241   2350825.5932  2       1
 0.2999388   1724.233   2350822.6495  2       1
 0.3613353   1724.224   2350819.3490  2       1
 0.3274488   1705.196   2343869.8697  2       1
 0.2600269   1705.183   2343865.3671  2       1
 0.2395052   1705.174   2343861.8829  2       1
 0.2506217   1705.166   2343858.9189  2       1
 0.2840032   1705.158   2343856.0151  2       1
 0.3372561   1705.149   2343852.8574  2       1
 0.3728081   1686.144   2336912.2019  2       1
 0.3257349   1686.132   2336907.5052  2       1
 0.3233987   1686.120   2336903.3674  2       1
 0.3546039   1686.110   2336899.5544  2       1
 0.3165195   1672.006   2331747.7061  3       1
 0.3779547   1671.993   2331742.9089  2       1
 0.2295289   1671.993   2331742.9089  3       1
 0.3033032   1671.983   2331739.4362  2       1
 0.1855437   1671.983   2331739.4362  3       1
 0.2542562   1671.976   2331736.7736  2       1
 0.1727494   1671.976   2331736.7736  3       1
 0.2223019   1671.970   2331734.4709  2       1
 0.1803222   1671.970   2331734.4709  3       1
 0.2053669   1671.964   2331732.2033  2       1
 0.2028539   1671.964   2331732.2033  3       1
 0.2072102   1671.957   2331729.8005  2       1
 0.2381742   1671.957   2331729.8005  3       1
 0.2289385   1671.950   2331727.3826  2       1
 0.2809922   1671.950   2331727.3826  3       1
 0.2680805   1671.943   2331724.8161  2       1
 0.3309673   1671.943   2331724.8161  3       1
 0.3249517   1671.935   2331721.8817  2       1
 0.3911051   1671.935   2331721.8817  3       1
 0.3914134   1657.833   2326571.4266  2       1
 0.2858214   1657.819   2326566.3119  2       1
 0.2283146   1657.808   2326562.3584  2       1
 0.2126699   1657.800   2326559.3299  2       1
 0.2242531   1657.792   2326556.7302  2       1
 0.2553398   1657.785   2326554.1568  2       1
 0.3041536   1657.778   2326551.3427  2       1
 0.3716931   1657.769   2326548.0680  2       1
 0.3312214   1643.682   2321402.5553  2       1
 0.2418638   1643.670   2321397.9918  2       1
 0.2009393   1643.661   2321394.6524  2       1
 0.1945454   1643.654   2321392.0509  2       1
 0.2103063   1643.647   2321389.7157  2       1
 0.2431815   1643.641   2321387.3250  2       1
 0.2923470   1643.633   2321384.6631  2       1
 0.3589836   1643.625   2321381.5412  2       1
 0.3546984   1638.984   2319686.6551  3       1
 0.2989027   1638.971   2319681.8347  3       1
 0.2822946   1638.959   2319677.6518  3       1
 0.2972319   1638.949   2319673.9695  3       1
 0.3357693   1638.939   2319670.3043  3       1
 0.3962369   1638.928   2319666.2824  3       1
 0.3582194   1629.539   2316237.3581  2       1
 0.3555469   1629.527   2316232.7017  2       1
 0.3897507   1629.515   2316228.5787  2       1
 0.3299275   1591.984   2302519.5789  2       1
 0.3190032   1591.984   2302519.5789  3       1
 0.2854983   1591.972   2302515.3539  2       1
 0.2723717   1591.972   2302515.3539  3       1
 0.2807022   1591.963   2302511.8359  2       1
 0.2594986   1591.963   2302511.8359  3       1
 0.3038010   1591.954   2302508.6204  2       1
 0.2720833   1591.954   2302508.6204  3       1
 0.3481158   1591.945   2302505.3652  2       1
 0.3054354   1591.945   2302505.3652  3       1
 0.3582753   1591.935   2302501.8049  3       1
 0.3512305   1577.837   2297363.1281  2       1
 0.2468877   1577.824   2297358.3156  2       1
 0.1920424   1577.815   2297354.8293  2       1
 0.1756086   1577.808   2297352.2510  2       1
 0.1831157   1577.802   2297350.0839  2       1
 0.2071902   1577.796   2297347.9724  2       1
 0.2460507   1577.790   2297345.6824  2       1
 0.3005491   1577.782   2297343.0279  2       1
 0.3722969   1577.774   2297339.8484  2       1
 0.3016270   1563.681   2292192.2426  2       1
 0.2151679   1563.670   2292188.0307  2       1
 0.1747493   1563.662   2292185.0291  2       1
 0.1663824   1563.655   2292182.7467  2       1
 0.1780058   1563.650   2292180.7422  2       1
 0.2045659   1563.644   2292178.7182  2       1
 0.2451440   1563.638   2292176.4816  2       1
 0.3008445   1563.631   2292173.8651  2       1
 0.3739997   1563.622   2292170.6900  2       1
 0.3178095   1558.983   2290476.3051  3       1
 0.2226011   1558.970   2290471.5482  3       1
 0.1700679   1558.961   2290468.1739  3       1
 0.1498224   1558.954   2290465.7062  3       1
 0.1504373   1558.948   2290463.6801  3       1
 0.1653378   1558.943   2290461.7754  3       1
 0.1922505   1558.938   2290459.7788  3       1
 0.2311920   1558.932   2290457.5335  3       1
 0.2832075   1558.924   2290454.9055  3       1
 0.3509635   1558.916   2290451.7103  3       1
 0.3819547   1540.016   2283548.3439  3       1
 0.2679965   1540.002   2283543.2846  3       1
 0.1823080   1539.991   2283539.2617  3       1
 0.1331703   1539.984   2283536.4968  3       1
 0.1109911   1539.978   2283534.5340  3       1
 0.1065437   1539.974   2283533.0013  3       1
 0.1136563   1539.970   2283531.6304  3       1
 0.1297426   1539.966   2283530.2448  3       1
 0.1543528   1539.962   2283528.7232  3       1
 0.1882884   1539.957   2283526.9564  3       1
 0.2330111   1539.952   2283524.8383  3       1
 0.2901934   1539.945   2283522.2648  3       1
 0.3621632   1539.936   2283519.1003  3       1
 0.3583057   1530.473   2280063.2071  2       1
 0.2893267   1530.460   2280058.5558  2       1
 0.2665285   1530.450   2280054.7444  2       1
 0.2783667   1530.441   2280051.4681  2       1
 0.3147547   1530.432   2280048.2571  2       1
 0.3728134   1530.423   2280044.7649  2       1
 0.3441107   1520.968   2276591.6216  3       1
 0.2647509   1520.954   2276586.5868  3       1
 0.2285600   1520.943   2276582.7067  3       1
 0.2247402   1520.935   2276579.5400  3       1
 0.2432516   1520.927   2276576.6219  3       1
 0.2797764   1520.918   2276573.6157  3       1
 0.3335664   1520.909   2276570.2787  3       1
 0.3853470   1511.407   2273099.0068  2       1
 0.3192362   1511.394   2273094.2319  2       1
 0.2983192   1511.382   2273090.0892  2       1
 0.3142236   1511.373   2273086.4668  2       1
 0.3568891   1511.363   2273082.8664  2       1
 0.3314694   1492.286   2266115.3026  2       1
 0.3118426   1492.274   2266110.8709  2       1
 0.3301140   1492.264   2266107.0381  2       1
 0.3761956   1492.253   2266103.1852  2       1
 0.3925932   1468.330   2257365.1128  2       1
 0.2822576   1468.315   2257359.9704  2       1
 0.2180485   1468.305   2257355.9955  2       1
 0.1964039   1468.297   2257353.0248  2       1
 0.2024893   1468.290   2257350.5510  2       1
 0.2274830   1468.283   2257348.1729  2       1
 0.2689109   1468.276   2257345.6166  2       1
 0.3273867   1468.268   2257342.6710  2       1
 0.3720300   1453.921   2252102.4943  3       1
 0.3795868   1453.907   2252097.6742  3       1
 0.3357499   1444.343   2248604.0458  2       1
 0.2490253   1444.331   2248599.5141  2       1
 0.2092007   1444.321   2248596.1067  2       1
 0.2040530   1444.314   2248593.4117  2       1
 0.2215221   1444.307   2248590.9668  2       1
 0.2566735   1444.300   2248588.4479  2       1
 0.3087058   1444.293   2248585.6331  2       1
 0.3786843   1444.284   2248582.3288  2       1
 0.3711433   1430.006   2243367.6301  3       1
 0.2580777   1429.992   2243362.6353  3       1
 0.1731506   1429.982   2243358.7535  3       1
 0.1216883   1429.974   2243356.0900  3       1
 0.0956438   1429.969   2243354.2339  3       1
 0.0870783   1429.965   2243352.8519  3       1
 0.0896097   1429.962   2243351.6846  3       1
 0.1000031   1429.959   2243350.5575  3       1
 0.1173821   1429.956   2243349.3523  3       1
 0.1420994   1429.952   2243347.9768  3       1
 0.1749260   1429.948   2243346.3567  3       1
 0.2176648   1429.942   2243344.3848  3       1
 0.2716422   1429.936   2243341.9826  3       1
 0.3399514   1429.927   2243338.9889  3       1
 0.3970361   1425.211   2241616.4041  2       1
 0.2987420   1387.127   2227705.8171  2       1
 0.2155795   1387.116   2227701.7212  2       1
 0.1761761   1387.108   2227698.7380  2       1
 0.1683243   1387.101   2227696.4470  2       1
 0.1804079   1387.096   2227694.4236  2       1
 0.2074948   1387.090   2227692.3742  2       1
 0.2486807   1387.084   2227690.1064  2       1
 0.3050351   1387.077   2227687.4521  2       1
 0.3788880   1387.068   2227684.2277  2       1
 0.3731224   1372.927   2222519.6429  2       1
 0.3596548   1372.914   2222514.9514  2       1
 0.3993082   1372.914   2222514.9514  3       1
 0.3837379   1372.902   2222510.7340  2       1
 0.3326101   1354.015   2215611.9278  3       1
 0.2707321   1354.003   2215607.6306  3       1
 0.2455041   1353.993   2215603.9229  3       1
 0.2521654   1353.984   2215600.7907  3       1
 0.2814329   1353.976   2215597.7839  3       1
 0.3304789   1353.967   2215594.5693  3       1
 0.3989634   1353.957   2215590.9352  3       1
 0.3990539   1344.617   2212179.3701  2       1
 0.3382335   1330.488   2207018.7379  2       1
 0.3002109   1330.476   2207014.2726  2       1
 0.3037994   1330.466   2207010.5205  2       1
 0.3371727   1330.456   2207006.9134  2       1
 0.3942856   1330.446   2207003.1436  2       1
 0.3648006   1316.390   2201869.3460  2       1
 0.2569406   1316.378   2201864.8079  2       1
 0.1867369   1316.368   2201861.2836  2       1
 0.1558107   1316.361   2201858.7439  2       1
 0.1516519   1316.356   2201856.7654  2       1
 0.1645682   1316.351   2201854.9789  2       1
 0.1908191   1316.346   2201853.1421  2       1
 0.2299087   1316.340   2201851.0906  2       1
 0.2829012   1316.334   2201848.6811  2       1
 0.3523427   1316.326   2201845.7376  2       1
 0.3664421   1306.994   2198437.4631  3       1
 0.2706707   1306.982   2198432.8287  3       1
 0.2069918   1306.971   2198428.9872  3       1
 0.1808536   1306.963   2198426.1069  3       1
 0.1808069   1306.957   2198423.7566  3       1
 0.1985674   1306.951   2198421.5616  3       1
 0.2311185   1306.945   2198419.2677  3       1
 0.2783491   1306.938   2198416.6897  3       1
 0.3415451   1306.929   2198413.6628  3       1
 0.3892400   1240.963   2174319.9693  3       1
 0.3144279   1240.950   2174315.2890  3       1
 0.2716852   1240.939   2174311.0885  3       1
 0.2642779   1240.929   2174307.4366  3       1
 0.2843594   1240.920   2174304.1058  3       1
 0.3259534   1240.910   2174300.7171  3       1
 0.3880832   1240.900   2174296.9530  3       1
 0.3352362   1231.470   2170852.1890  2       1
 0.2348389   1231.458   2170847.7732  2       1
 0.1747580   1231.449   2170844.4651  2       1
 0.1511843   1231.443   2170842.0733  2       1
 0.1513206   1231.437   2170840.1505  2       1
 0.1670670   1231.432   2170838.3590  2       1
 0.1956569   1231.427   2170836.4780  2       1
 0.2370978   1231.421   2170834.3472  2       1
 0.2924545   1231.415   2170831.8329  2       1
 0.3645882   1231.406   2170828.7437  2       1
 0.3838479   1221.945   2167373.2988  3       1
 0.3353443   1221.932   2167368.7092  3       1
 0.3204872   1221.919   2167364.0352  3       1
 0.3398553   1221.908   2167360.0220  3       1
 0.3840021   1221.897   2167356.0178  3       1
 0.3122013   1212.387   2163882.1452  2       1
 0.2396228   1212.376   2163877.9531  2       1
 0.2089478   1212.367   2163874.6888  2       1
 0.2096958   1212.359   2163872.0172  2       1
 0.2316651   1212.353   2163869.5169  2       1
 0.2710720   1212.345   2163866.8869  2       1
 0.3276666   1212.337   2163863.9071  2       1
 0.3968640   1198.025   2158636.7754  3       1
 0.3770770   1198.014   2158632.4787  3       1
 0.3884319   1198.002   2158628.2477  3       1
 0.3435146   1188.430   2155131.8152  2       1
 0.2879010   1188.419   2155127.6724  2       1
 0.2715316   1188.408   2155123.9894  2       1
 0.2878597   1188.400   2155120.7642  2       1
 0.3285316   1188.391   2155117.5089  2       1
 0.3905423   1188.381   2155113.9561  2       1
 0.3586558   1145.319   2139385.8768  2       1
 0.3049968   1145.306   2139381.2623  2       1
 0.2935881   1145.295   2139377.2451  2       1
 0.3148799   1145.285   2139373.6724  2       1
 0.3615019   1145.275   2139369.9939  2       1
 0.3224927   1130.972   2134145.1795  3       1
 0.2516386   1130.960   2134140.8036  3       1
 0.2193044   1130.950   2134137.3129  3       1
 0.2178855   1130.942   2134134.4307  3       1
 0.2381570   1130.935   2134131.7497  3       1
 0.2762045   1130.927   2134128.9645  3       1
 0.3315184   1130.919   2134125.8508  3       1
 0.3450760   1121.374   2130640.0932  2       1
 0.2676640   1121.363   2130636.0385  2       1
 0.2248433   1121.353   2130632.5259  2       1
 0.2178851   1121.346   2130629.6784  2       1
 0.2354753   1121.339   2130627.1122  2       1
 0.2720547   1121.331   2130624.4793  2       1
 0.3263208   1121.323   2130621.5542  2       1
 0.3990608   1121.314   2130618.1318  2       1
 0.3930704   1102.312   2123677.2622  2       1
 0.3277065   1102.301   2123673.2708  2       1
 0.2911902   1102.290   2123669.3169  2       1
 0.2926852   1102.280   2123665.7250  2       1
 0.3230932   1102.271   2123662.4142  2       1
 0.3784946   1102.261   2123658.8295  2       1
 0.3781396   1069.090   2111543.2404  2       1
 0.3341012   1069.084   2111541.2081  2       1
 0.2759266   1069.076   2111538.1598  2       1
 0.2316812   1069.066   2111534.7125  2       1
 0.2231560   1069.058   2111531.8481  2       1
 0.2404012   1069.051   2111529.2852  2       1
 0.2775232   1069.044   2111526.6606  2       1
 0.3325294   1069.036   2111523.7731  2       1
 0.3889079   1054.940   2106374.7807  2       1
 0.3715652   1054.940   2106374.7807  3       1
 0.2960320   1054.930   2106370.8834  2       1
 0.3392433   1054.930   2106370.8834  3       1
 0.2211506   1054.920   2106367.2995  2       1
 0.3353401   1054.920   2106367.2995  3       1
 0.1798863   1054.912   2106364.3864  2       1
 0.3515498   1054.912   2106364.3864  3       1
 0.1704063   1054.906   2106362.1160  2       1
 0.3747701   1054.906   2106362.1160  3       1
 0.1818226   1054.900   2106360.1299  2       1
 0.2087132   1054.895   2106358.1334  2       1
 0.2499701   1054.889   2106355.9320  2       1
 0.3066691   1054.882   2106353.3546  2       1
 0.3810997   1054.873   2106350.2175  2       1
 0.3973217   1040.793   2101207.8430  2       1
 0.3132963   1040.783   2101204.1291  2       1
 0.2467484   1040.774   2101200.6189  2       1
 0.2107948   1040.765   2101197.4614  2       1
 0.2082400   1040.758   2101194.9004  2       1
 0.2282550   1040.752   2101192.5496  2       1
 0.2663750   1040.745   2101190.0982  2       1
 0.3214712   1040.737   2101187.3595  2       1
 0.3947721   1040.728   2101184.1308  2       1
 0.3864947   1026.638   2096037.2957  2       1
 0.3780730   1026.628   2096033.8366  2       1
 0.3952952   1026.619   2096030.4254  2       1
 0.3770271   1021.979   2094335.6795  3       1
 0.3172019   1021.968   2094331.9317  3       1
 0.2825027   1021.958   2094328.3381  3       1
 0.2794231   1021.949   2094325.0361  3       1
 0.3058967   1021.940   2094321.7165  3       1
 0.3539593   1021.931   2094318.4759  3       1
 0.0021139   2009.008   2454835.2399  3       2
 0.0019161   2009.007   2454835.2103  3       2
 0.0019472   2009.007   2454835.1840  3       2
 0.0021547   2009.007   2454835.1587  3       2
 0.0025154   2009.007   2454835.1320  3       2
 0.0030341   2009.007   2454835.1018  3       2
 0.0037277   2009.007   2454835.0663  3       2
 0.0046372   2009.007   2454835.0232  3       2
 0.0057932   2009.007   2454834.9709  3       2
 0.0072699   2009.007   2454834.9059  3       2
 0.0091413   2009.006   2454834.8249  3       2
 0.0114732   2009.006   2454834.7249  3       2
 0.0143657   2009.006   2454834.6018  3       2
 0.0179567   2009.005   2454834.4496  3       2
 0.0224202   2009.005   2454834.2608  3       2
 0.0279726   2009.004   2454834.0263  3       2
 0.0348824   2009.003   2454833.7348  3       2
 0.0434849   2009.002   2454833.3720  3       2
 0.0541960   2009.001   2454832.9204  3       2
 0.0675330   2009.000   2454832.3581  3       2
 0.0841379   2008.998   2454831.6577  3       2
 0.1048054   2008.995   2454830.7853  3       2
 0.1305190   2008.992   2454829.6985  3       2
 0.1624870   2008.989   2454828.3445  3       2
 0.2021846   2008.984   2454826.6576  3       2
 0.2513905   2008.978   2454824.5560  3       2
 0.3122111   2008.971   2454821.9375  3       2
 0.3870593   2008.962   2454818.6750  3       2
 0.3603070   2004.182   2453071.9673  2       2
 0.3138485   2004.168   2453067.1396  2       2
 0.3140372   2004.157   2453063.1326  2       2
 0.3465535   2004.147   2453059.4001  2       2
 0.3429256   1999.272   2451278.7794  2       2
 0.3342075   1999.260   2451274.3762  2       2
 0.3622993   1999.249   2451270.3711  2       2
 0.2846540   1980.032   2444251.0486  3       2
 0.1901802   1980.020   2444246.8133  3       2
 0.1289840   1980.012   2444243.8491  3       2
 0.0954556   1980.006   2444241.8469  3       2
 0.0810335   1980.003   2444240.4203  3       2
 0.0788727   1979.999   2444239.2869  3       2
 0.0848442   1979.997   2444238.2549  3       2
 0.0973109   1979.994   2444237.2002  3       2
 0.1160482   1979.991   2444236.0353  3       2
 0.1416877   1979.987   2444234.6805  3       2
 0.1754771   1979.982   2444233.0508  3       2
 0.2186380   1979.977   2444231.0735  3       2
 0.2732715   1979.970   2444228.6373  3       2
 0.3422336   1979.962   2444225.5937  3       2
 0.3795079   1970.364   2440720.3973  2       2
 0.2750301   1970.350   2440715.2304  2       2
 0.2242229   1970.340   2440711.4292  2       2
 0.2136485   1970.332   2440708.5091  2       2
 0.2286926   1970.324   2440705.9415  2       2
 0.2628902   1970.317   2440703.3477  2       2
 0.3149883   1970.310   2440700.4804  2       2
 0.3861794   1970.300   2440697.1268  2       2
 0.3761348   1956.032   2435485.3537  3       2
 0.2626814   1956.018   2435480.0181  3       2
 0.1891156   1956.007   2435476.0515  3       2
 0.1525212   1955.999   2435473.2129  3       2
 0.1420111   1955.993   2435471.0480  3       2
 0.1483365   1955.988   2435469.1768  3       2
 0.1670094   1955.983   2435467.3345  3       2
 0.1969565   1955.978   2435465.3412  3       2
 0.2389254   1955.971   2435463.0468  3       2
 0.2941959   1955.964   2435460.3272  3       2
 0.3651991   1955.955   2435457.0172  3       2
 0.2961928   1946.365   2431954.7428  2       2
 0.2324841   1946.354   2431950.6106  2       2
 0.2135927   1946.345   2431947.5045  2       2
 0.2233890   1946.338   2431944.8787  2       2
 0.2532012   1946.331   2431942.3105  2       2
 0.3009232   1946.323   2431939.5185  2       2
 0.3674995   1946.314   2431936.2781  2       2
 0.3147822   1912.524   2419594.1215  2       2
 0.2550765   1912.512   2419589.7955  2       2
 0.2403701   1912.503   2419586.4315  2       2
 0.2553159   1912.495   2419583.5041  2       2
 0.2919654   1912.487   2419580.5758  2       2
 0.3485336   1912.478   2419577.3560  2       2
 0.3146395   1893.056   2412484.8311  3       2
 0.2319111   1893.043   2412480.1418  3       2
 0.1901360   1893.033   2412476.6602  3       2
 0.1790645   1893.026   2412473.9526  3       2
 0.1882958   1893.019   2412471.5788  3       2
 0.2127453   1893.013   2412469.2199  3       2
 0.2512281   1893.006   2412466.6556  3       2
 0.3047054   1892.998   2412463.6961  3       2
 0.3747640   1892.988   2412460.1784  3       2
 0.3799579   1863.922   2401842.9589  2       2
 0.2967830   1863.908   2401837.9503  2       2
 0.2632509   1863.897   2401833.9554  2       2
 0.2678764   1863.888   2401830.6354  2       2
 0.2986008   1863.879   2401827.4878  2       2
 0.3512562   1863.870   2401824.1390  2       2
 0.3724165   1859.067   2400070.1195  3       2
 0.3248558   1859.053   2400064.9874  3       2
 0.3198469   1859.041   2400060.5806  3       2
 0.3462977   1859.030   2400056.5589  3       2
 0.3604733   1859.027   2400055.2390  3       2
 0.3608835   1859.027   2400055.2038  3       2
 0.3615017   1859.026   2400055.1509  3       2
 0.3624355   1859.026   2400055.0716  3       2
 0.3638508   1859.026   2400054.9527  3       2
 0.3660064   1859.025   2400054.7742  3       2
 0.3693113   1859.025   2400054.5066  3       2
 0.3744246   1859.024   2400054.1052  3       2
 0.3824284   1859.022   2400053.5030  3       2
 0.3951296   1859.019   2400052.5998  3       2
 0.3918046   1835.013   2391284.3203  3       2
 0.3137322   1834.999   2391279.2501  2       2
 0.3010589   1834.999   2391279.2501  3       2
 0.2533298   1834.988   2391275.2300  2       2
 0.2492037   1834.988   2391275.2300  3       2
 0.2327555   1834.980   2391272.0444  2       2
 0.2311400   1834.980   2391272.0444  3       2
 0.2406794   1834.972   2391269.2849  2       2
 0.2366563   1834.972   2391269.2849  3       2
 0.2695382   1834.965   2391266.5882  2       2
 0.2599330   1834.965   2391266.5882  3       2
 0.3165562   1834.957   2391263.7046  2       2
 0.2994377   1834.957   2391263.7046  3       2
 0.3811564   1834.948   2391260.4540  2       2
 0.3553601   1834.948   2391260.4540  3       2
 0.3430445   1810.997   2382512.2661  2       2
 0.3324103   1810.997   2382512.2661  3       2
 0.3007558   1810.985   2382507.8837  2       2
 0.2786932   1810.985   2382507.8837  3       2
 0.2994191   1810.974   2382504.1400  2       2
 0.2607146   1810.974   2382504.1400  3       2
 0.3267693   1810.965   2382500.7501  2       2
 0.2720172   1810.965   2382500.7501  3       2
 0.3737137   1810.956   2382497.4219  2       2
 0.3057797   1810.956   2382497.4219  3       2
 0.3596993   1810.946   2382493.8206  3       2
 0.3274400   1782.002   2371923.2554  3       2
 0.2565366   1781.989   2371918.5645  3       2
 0.2265635   1781.979   2371914.8758  3       2
 0.2273506   1781.971   2371911.8121  3       2
 0.2496043   1781.963   2371908.9304  3       2
 0.2897896   1781.955   2371905.9103  3       2
 0.3475507   1781.945   2371902.5203  3       2
 0.3532161   1777.144   2370149.0220  2       2
 0.3472341   1777.131   2370144.4910  2       2
 0.3777976   1777.120   2370140.3325  2       2
 0.3821761   1772.282   2368372.7279  2       2
 0.2840950   1772.269   2368367.9709  2       2
 0.2285864   1772.259   2368364.1257  2       2
 0.2136721   1772.250   2368361.1327  2       2
 0.2257308   1772.243   2368358.5462  2       2
 0.2572424   1772.236   2368355.9760  2       2
 0.3064415   1772.229   2368353.1600  2       2
 0.3742391   1772.220   2368349.8808  2       2
 0.3993484   1743.064   2357700.9793  3       2
 0.3862423   1743.051   2357696.2696  3       2
 0.3646223   1728.542   2352396.9335  2       2
 0.3557789   1728.530   2352392.3481  2       2
 0.3840682   1728.518   2352388.1294  2       2
 0.3907782   1723.686   2350622.9193  2       2
 0.3319731   1723.674   2350618.4632  2       2
 0.3131430   1723.662   2350614.2310  2       2
 0.3318321   1723.652   2350610.5289  2       2
 0.3782659   1723.642   2350606.7956  2       2
 0.3885931   1714.055   2347105.6728  3       2
 0.2858661   1714.042   2347100.7781  3       2
 0.2136436   1714.031   2347096.7108  3       2
 0.1793902   1714.022   2347093.6660  3       2
 0.1731439   1714.016   2347091.2578  3       2
 0.1855634   1714.010   2347089.0917  3       2
 0.2125810   1714.004   2347086.8919  3       2
 0.2535128   1713.997   2347084.4655  3       2
 0.3094794   1713.989   2347081.6427  3       2
 0.3828416   1713.980   2347078.2392  3       2
 0.3542458   1699.650   2341844.5990  2       2
 0.2799868   1699.638   2341840.1895  2       2
 0.2470001   1699.627   2341836.4780  2       2
 0.2498988   1699.619   2341833.3916  2       2
 0.2775145   1699.611   2341830.4761  2       2
 0.3256115   1699.602   2341827.3903  2       2
 0.3932038   1699.593   2341823.9101  2       2
 0.3876675   1690.059   2338342.0119  3       2
 0.3186916   1690.047   2338337.6777  3       2
 0.2767205   1690.034   2338332.9266  3       2
 0.2795803   1690.024   2338329.4182  3       2
 0.3089359   1690.015   2338326.1199  3       2
 0.3612146   1690.006   2338322.6060  3       2
 0.3846574   1670.779   2331299.7805  2       2
 0.3443939   1670.768   2331295.8132  2       2
 0.3389677   1670.757   2331291.7096  2       2
 0.3667296   1670.747   2331288.0443  2       2
 0.3776711   1666.015   2329560.0259  3       2
 0.2943083   1666.003   2329555.5876  3       2
 0.2420123   1665.992   2329551.7365  3       2
 0.2248706   1665.984   2329548.5119  3       2
 0.2351413   1665.976   2329545.7211  3       2
 0.2653941   1665.968   2329542.9848  3       2
 0.3139474   1665.960   2329540.0053  3       2
 0.3801402   1665.951   2329536.6315  3       2
 0.3255819   1631.977   2317126.9755  2       2
 0.2592822   1631.965   2317122.7220  2       2
 0.3741502   1631.965   2317122.7220  3       2
 0.2345842   1631.955   2317119.2420  2       2
 0.3594035   1631.955   2317119.2420  3       2
 0.2420788   1631.947   2317116.3204  2       2
 0.3631111   1631.947   2317116.3204  3       2
 0.2718656   1631.940   2317113.4992  2       2
 0.3802850   1631.940   2317113.4992  3       2
 0.3208438   1631.931   2317110.4686  2       2
 0.3886916   1631.922   2317107.0101  2       2
 0.3170593   1627.091   2315342.8686  2       2
 0.2276903   1627.080   2315338.8488  2       2
 0.1765558   1627.072   2315335.7500  2       2
 0.1600355   1627.066   2315333.4291  2       2
 0.1659239   1627.060   2315331.4884  2       2
 0.1871874   1627.055   2315329.6120  2       2
 0.2219972   1627.050   2315327.5859  2       2
 0.2710381   1627.043   2315325.2434  2       2
 0.3357380   1627.035   2315322.4414  2       2
 0.3731460   1597.960   2304702.8049  3       2
 0.3676272   1597.949   2304698.8738  3       2
 0.3892758   1597.938   2304695.0034  3       2
 0.3073761   1588.314   2301179.4406  2       2
 0.2045702   1588.303   2301175.3622  2       2
 0.1398138   1588.295   2301172.4788  2       2
 0.1081861   1588.290   2301170.5117  2       2
 0.0990366   1588.286   2301169.0801  2       2
 0.1034508   1588.282   2301167.8791  2       2
 0.1172687   1588.279   2301166.7077  2       2
 0.1395731   1588.276   2301165.4362  2       2
 0.1709941   1588.272   2301163.9617  2       2
 0.2127228   1588.267   2301162.1946  2       2
 0.2665917   1588.261   2301160.0297  2       2
 0.3345630   1588.254   2301157.3529  2       2
 0.3986460   1569.021   2294143.2433  3       2
 0.3656362   1569.016   2294141.2110  3       2
 0.3271014   1569.007   2294138.1626  3       2
 0.3063210   1568.998   2294134.6208  3       2
 0.3996414   1568.988   2294131.1905  1       2
 0.3165848   1568.988   2294131.1905  3       2
 0.3527675   1568.979   2294127.8914  3       2
 0.3962246   1559.406   2290630.6082  2       2
 0.3714219   1559.396   2290627.1705  2       2
 0.3727889   1559.387   2290623.7628  2       2
 0.3993615   1559.378   2290620.3900  2       2
 0.3609465   1544.953   2285352.3016  3       2
 0.3413394   1544.944   2285348.8426  3       2
 0.3480114   1544.935   2285345.5287  3       2
 0.3777085   1544.926   2285342.2804  3       2
 0.3473041   1535.351   2281844.5154  2       2
 0.2986477   1535.341   2281840.8804  2       2
 0.2796729   1535.331   2281837.3147  2       2
 0.2918440   1535.322   2281834.1727  2       2
 0.3296246   1535.313   2281830.9048  2       2
 0.3839971   1535.305   2281827.6616  2       2
 0.3566501   1530.481   2280066.0292  2       2
 0.2591234   1530.471   2280062.3727  2       2
 0.1707298   1530.462   2280058.9742  2       2
 0.3975243   1530.455   2280056.6258  1       2
 0.1169587   1530.455   2280056.6258  2       2
 0.3843420   1530.451   2280055.0280  1       2
 0.0915506   1530.451   2280055.0280  2       2
 0.3839121   1530.448   2280053.8588  1       2
 0.0850005   1530.448   2280053.8588  2       2
 0.3898576   1530.445   2280052.8665  1       2
 0.0897474   1530.445   2280052.8665  2       2
 0.1025024   1530.442   2280051.8858  2       2
 0.1226474   1530.439   2280050.8125  2       2
 0.1508362   1530.436   2280049.5613  2       2
 0.1883239   1530.432   2280048.0520  2       2
 0.2366316   1530.427   2280046.2030  2       2
 0.2978635   1530.420   2280043.9080  2       2
 0.3748244   1530.412   2280041.0189  2       2
 0.3891205   1486.722   2264083.0047  2       2
 0.3896246   1486.713   2264079.5910  2       2
 0.3777817   1481.877   2262313.5917  2       2
 0.2780196   1481.867   2262309.9341  2       2
 0.1868825   1481.858   2262306.6492  2       2
 0.1197974   1481.851   2262304.2029  2       2
 0.0773773   1481.847   2262302.5431  2       2
 0.0551725   1481.844   2262301.4722  2       2
 0.0463563   1481.842   2262300.7396  2       2
 0.0456300   1481.840   2262300.1720  2       2
 0.0499871   1481.839   2262299.6544  2       2
 0.0584147   1481.837   2262299.1174  2       2
 0.0708869   1481.836   2262298.5134  2       2
 0.0878517   1481.834   2262297.8017  2       2
 0.1103568   1481.831   2262296.9300  2       2
 0.1392023   1481.828   2262295.8616  2       2
 0.1762825   1481.825   2262294.5199  2       2
 0.2233677   1481.820   2262292.8318  2       2
 0.2818566   1481.814   2262290.7298  2       2
 0.3543510   1481.807   2262288.0865  2       2
 0.3542628   1476.998   2260531.6156  3       2
 0.3143090   1476.988   2260528.1708  3       2
 0.3797806   1476.979   2260524.8184  1       2
 0.3013664   1476.979   2260524.8184  3       2
 0.3179899   1476.970   2260521.5224  3       2
 0.3930652   1476.961   2260518.4007  2       2
 0.3572751   1476.961   2260518.4007  3       2
 0.3995823   1476.953   2260515.2192  2       2
 0.3557110   1448.038   2249953.2701  2       2
 0.2708053   1448.029   2249950.1369  2       2
 0.1931717   1448.021   2249947.1744  2       2
 0.1375074   1448.014   2249944.7011  2       2
 0.1124289   1448.009   2249942.9434  2       2
 0.1084564   1448.006   2249941.6071  2       2
 0.1175649   1448.003   2249940.4219  2       2
 0.1366851   1447.999   2249939.2106  2       2
 0.1654667   1447.996   2249937.8584  2       2
 0.2048339   1447.991   2249936.2672  2       2
 0.2569564   1447.986   2249934.3168  2       2
 0.3216190   1447.979   2249931.9751  2       2
 0.3958058   1447.972   2249929.2926  2       2
 0.3918058   1438.439   2246447.8170  1       2
 0.3379069   1433.640   2244694.9287  1       2
 0.2944233   1433.632   2244692.1730  1       2
 0.2989584   1433.624   2244689.4374  1       2
 0.3477369   1433.617   2244686.7924  1       2
 0.3867893   1428.825   2242936.5959  1       2
 0.3618807   1428.818   2242933.9247  1       2
 0.3719962   1428.811   2242931.2394  1       2
 0.3714440   1424.043   2241189.1198  2       2
 0.2920178   1424.035   2241186.1277  2       2
 0.2197281   1424.027   2241183.2812  2       2
 0.1600372   1424.019   2241180.4432  2       2
 0.3645365   1424.014   2241178.4520  1       2
 0.1370121   1424.014   2241178.4520  2       2
 0.3249184   1424.009   2241176.8816  1       2
 0.1372414   1424.009   2241176.8816  2       2
 0.2958917   1424.005   2241175.4275  1       2
 0.1524212   1424.005   2241175.4275  2       2
 0.2771657   1424.001   2241173.8982  1       2
 0.1798461   1424.001   2241173.8982  2       2
 0.2746781   1423.996   2241172.1576  1       2
 0.2195951   1423.996   2241172.1576  2       2
 0.2987051   1423.991   2241170.0783  1       2
 0.2731307   1423.991   2241170.0783  2       2
 0.3540566   1423.984   2241167.6662  1       2
 0.3386138   1423.984   2241167.6662  2       2
 0.3660528   1419.196   2239419.1646  1       2
 0.3122834   1419.189   2239416.6313  1       2
 0.2888017   1419.183   2239414.1279  1       2
 0.3045690   1419.176   2239411.6315  1       2
 0.3535766   1419.169   2239409.1440  1       2
 0.3824382   1414.376   2237658.7875  1       2
 0.3613995   1414.369   2237656.3100  1       2
 0.3687968   1414.362   2237653.8119  1       2
 0.3972329   1399.932   2232382.7397  1       2
 0.3353783   1399.925   2232380.1715  1       2
 0.2979339   1399.918   2232377.6478  1       2
 0.2968108   1399.911   2232375.1297  1       2
 0.3327057   1399.904   2232372.6308  1       2
 0.3944774   1399.898   2232370.0941  1       2
 0.3698913   1395.100   2230618.0401  2       2
 0.3978347   1395.092   2230615.0449  1       2
 0.3068556   1395.092   2230615.0449  2       2
 0.2587697   1395.084   2230612.1981  2       2
 0.2324502   1395.077   2230609.4587  2       2
 0.2326424   1395.070   2230606.9272  2       2
 0.2566573   1395.063   2230604.3950  2       2
 0.2983342   1395.056   2230601.8612  2       2
 0.3493302   1395.049   2230599.3783  2       2
 0.3993979   1390.235   2228841.1022  2       2
 0.3529290   1390.227   2228838.3940  2       2
 0.3210878   1390.220   2228835.7776  2       2
 0.3079691   1390.213   2228833.2399  2       2
 0.3152357   1390.206   2228830.7483  2       2
 0.3410875   1390.199   2228828.2839  2       2
 0.3814756   1390.193   2228825.8172  2       2
 0.3545752   1370.784   2221736.7470  1       2
 0.2924157   1370.777   2221734.1370  1       2
 0.2633533   1370.770   2221731.5922  1       2
 0.2785194   1370.763   2221729.0974  1       2
 0.3306040   1370.756   2221726.6033  1       2
 0.3516370   1346.517   2212873.0798  2       2
 0.2793330   1346.509   2212870.1918  2       2
 0.2167851   1346.501   2212867.4263  2       2
 0.1751286   1346.494   2212864.9288  2       2
 0.1614153   1346.489   2212862.8218  2       2
 0.1699869   1346.484   2212861.0349  2       2
 0.1941860   1346.479   2212859.2859  2       2
 0.2328535   1346.474   2212857.3591  2       2
 0.2847089   1346.468   2212855.1874  2       2
 0.3479169   1346.461   2212852.7382  2       2
 0.3577979   1341.645   2211093.9106  1       2
 0.2976234   1341.639   2211091.5632  1       2
 0.2585602   1341.632   2211089.2668  1       2
 0.2522208   1341.626   2211086.9819  1       2
 0.2807942   1341.620   2211084.7337  1       2
 0.3346813   1341.614   2211082.4505  1       2
 0.3403597   1336.823   2209332.6408  1       2
 0.2751835   1336.816   2209330.1575  1       2
 0.2385246   1336.809   2209327.7570  1       2
 0.2436066   1336.803   2209325.4140  1       2
 0.2859247   1336.797   2209323.1237  1       2
 0.3484651   1336.791   2209320.8713  1       2
 0.3808619   1332.005   2207572.4553  1       2
 0.3192932   1331.998   2207569.8109  1       2
 0.2880416   1331.991   2207567.2891  1       2
 0.2951711   1331.985   2207564.8713  1       2
 0.3350812   1331.978   2207562.5069  1       2
 0.3931275   1331.972   2207560.2144  1       2
 0.3837580   1327.170   2205806.6147  1       2
 0.3924897   1327.163   2205804.0224  1       2
 0.3951404   1312.710   2200525.4981  2       2
 0.3428135   1312.704   2200523.0890  2       2
 0.3010386   1312.698   2200520.7986  2       2
 0.2737802   1312.692   2200518.5991  2       2
 0.2647886   1312.686   2200516.4753  2       2
 0.2751529   1312.680   2200514.3903  2       2
 0.3020941   1312.674   2200512.3533  2       2
 0.3414226   1312.669   2200510.3203  2       2
 0.3888480   1312.663   2200508.2871  2       2
 0.3422261   1307.916   2198773.9525  1       2
 0.2943548   1307.910   2198771.5573  1       2
 0.2753657   1307.904   2198769.2811  1       2
 0.2883188   1307.898   2198767.0967  1       2
 0.3261495   1307.892   2198764.9744  1       2
 0.3775468   1307.886   2198762.9115  1       2
 0.3886200   1303.115   2197020.3174  1       2
 0.3158295   1303.108   2197018.0532  1       2
 0.2510558   1303.102   2197015.8776  1       2
 0.2038781   1303.097   2197013.7709  1       2
 0.1885964   1303.091   2197011.7023  1       2
 0.2096885   1303.086   2197009.7752  1       2
 0.2594696   1303.080   2197007.7198  1       2
 0.3210393   1303.075   2197005.7073  1       2
 0.3872275   1303.069   2197003.6630  1       2
 0.3718909   1298.297   2195260.9754  1       2
 0.3218352   1298.292   2195258.9105  1       2
 0.2848452   1298.286   2195256.8779  1       2
 0.2677742   1298.280   2195254.8557  1       2
 0.2753238   1298.275   2195252.8293  1       2
 0.3057830   1298.269   2195250.7853  1       2
 0.3528722   1298.264   2195248.6964  1       2
 0.3952138   1293.482   2193502.5735  1       2
 0.3264044   1293.477   2193500.4472  1       2
 0.2619562   1293.471   2193498.4121  1       2
 0.2072692   1293.466   2193496.4466  1       2
 0.1728260   1293.460   2193494.5382  1       2
 0.1717611   1293.455   2193492.5716  1       2
 0.2011401   1293.450   2193490.8253  1       2
 0.2520581   1293.445   2193488.9410  1       2
 0.3106934   1293.440   2193487.0739  1       2
 0.3724275   1293.435   2193485.1618  1       2
 0.3791461   1288.676   2191747.0091  2       2
 0.3297279   1288.670   2191744.7467  2       2
 0.3677338   1288.664   2191742.6037  1       2
 0.2912717   1288.664   2191742.6037  2       2
 0.3029133   1288.659   2191740.5564  1       2
 0.2671698   1288.659   2191740.5564  2       2
 0.2443539   1288.653   2191738.5835  1       2
 0.2601544   1288.653   2191738.5835  2       2
 0.1988423   1288.648   2191736.6639  1       2
 0.2704515   1288.648   2191736.6639  2       2
 0.1775451   1288.643   2191734.7944  1       2
 0.2951136   1288.643   2191734.7944  2       2
 0.1885446   1288.638   2191732.9228  1       2
 0.3306530   1288.638   2191732.9228  2       2
 0.2257679   1288.633   2191731.0932  1       2
 0.3722443   1288.633   2191731.0932  2       2
 0.2787424   1288.628   2191729.2143  1       2
 0.3378018   1288.622   2191727.3219  1       2
 0.3989105   1288.617   2191725.3789  1       2
 0.3829412   1283.851   2189984.0954  1       2
 0.3351072   1283.846   2189982.1969  1       2
 0.2957861   1283.841   2189980.3385  1       2
 0.2696463   1283.836   2189978.4994  1       2
 0.2615476   1283.831   2189976.6627  1       2
 0.2736055   1283.826   2189974.8158  1       2
 0.3034694   1283.820   2189972.9413  1       2
 0.3462527   1283.815   2189971.0192  1       2
 0.3968538   1283.810   2189969.0389  1       2
 0.3933137   1279.021   2188220.0995  1       2
 0.3979615   1279.016   2188218.2010  1       2
 0.3673945   1269.396   2184704.9288  1       2
 0.3008151   1269.390   2184702.8523  1       2
 0.2399391   1269.385   2184700.8590  1       2
 0.1913752   1269.379   2184698.9297  1       2
 0.1667093   1269.374   2184697.0533  1       2
 0.1761606   1269.369   2184695.1592  1       2
 0.2126610   1269.364   2184693.3673  1       2
 0.2653280   1269.359   2184691.5161  1       2
 0.3240491   1269.354   2184689.6521  1       2
 0.3846351   1269.349   2184687.7434  1       2
 0.3917966   1254.853   2179392.6995  2       2
 0.3398643   1254.846   2179390.4558  2       2
 0.2972514   1254.841   2179388.3349  2       2
 0.2673690   1254.835   2179386.3189  2       2
 0.2534658   1254.830   2179384.3779  2       2
 0.2571500   1254.825   2179382.5055  2       2
 0.2767476   1254.820   2179380.6754  2       2
 0.3085282   1254.815   2179378.8702  2       2
 0.3485607   1254.810   2179377.0752  2       2
 0.3938446   1254.805   2179375.2745  2       2
 0.3387949   1240.252   2174059.6897  1       2
 0.2729775   1240.246   2174057.6486  1       2
 0.2143345   1240.241   2174055.6889  1       2
 0.1711166   1240.236   2174053.7926  1       2
 0.1564119   1240.231   2174051.9376  1       2
 0.1740536   1240.226   2174050.2452  1       2
 0.2168542   1240.221   2174048.4348  1       2
 0.2710615   1240.216   2174046.6335  1       2
 0.3300618   1240.211   2174044.7951  1       2
 0.3897461   1240.206   2174042.9168  1       2
 0.3946905   1211.119   2163418.8109  1       2
 0.3943276   1211.119   2163418.8109  2       2
 0.3451464   1211.114   2163417.0246  1       2
 0.3837593   1211.114   2163417.0246  2       2
 0.2999964   1211.109   2163415.2978  1       2
 0.3830568   1211.109   2163415.2978  2       2
 0.2621988   1211.104   2163413.6168  1       2
 0.3915098   1211.104   2163413.6168  2       2
 0.2357721   1211.100   2163411.9647  1       2
 0.2250996   1211.095   2163410.3229  1       2
 0.2325854   1211.091   2163408.6797  1       2
 0.2565401   1211.086   2163407.0214  1       2
 0.2927045   1211.082   2163405.3285  1       2
 0.3365643   1211.077   2163403.5895  1       2
 0.3845740   1211.072   2163401.7924  1       2
 0.3377788   1206.291   2161655.8936  1       2
 0.2719101   1206.286   2161653.9422  1       2
 0.3934131   1206.286   2161653.9422  2       2
 0.2101888   1206.281   2161652.0899  1       2
 0.3718286   1206.281   2161652.0899  2       2
 0.1575654   1206.276   2161650.3171  1       2
 0.3609202   1206.276   2161650.3171  2       2
 0.1252505   1206.272   2161648.6183  1       2
 0.3611901   1206.272   2161648.6183  2       2
 0.1260630   1206.267   2161647.0553  1       2
 0.3712500   1206.267   2161647.0553  2       2
 0.1506388   1206.264   2161645.7124  1       2
 0.3870447   1206.264   2161645.7124  2       2
 0.1915564   1206.260   2161644.2563  1       2
 0.2438159   1206.255   2161642.6480  1       2
 0.2990794   1206.251   2161641.0016  1       2
 0.3539246   1206.246   2161639.3303  1       2
 0.3395339   1201.466   2159893.5351  1       2
 0.2802653   1201.460   2159891.4641  1       2
 0.2332033   1201.455   2159889.5097  1       2
 0.2057457   1201.450   2159887.6543  1       2
 0.2036823   1201.445   2159885.8816  1       2
 0.2251967   1201.440   2159884.1631  1       2
 0.2620018   1201.436   2159882.4933  1       2
 0.3064079   1201.431   2159880.8519  1       2
 0.3536811   1201.427   2159879.2208  1       2
 0.3651371   1196.634   2158128.3650  1       2
 0.3463988   1196.628   2158126.2904  1       2
 0.3456905   1196.622   2158124.3331  1       2
 0.3603519   1196.617   2158122.4763  1       2
 0.3859120   1196.613   2158120.6989  1       2
 0.3813547   1177.365   2151090.8247  1       2
 0.3580104   1177.360   2151088.8793  1       2
 0.3491046   1177.355   2151087.0526  1       2
 0.3830217   1177.355   2151087.0526  2       2
 0.3535533   1177.350   2151085.3287  1       2
 0.3553328   1177.350   2151085.3287  2       2
 0.3685901   1177.346   2151083.6915  1       2
 0.3376242   1177.346   2151083.6915  2       2
 0.3909557   1177.341   2151082.1214  1       2
 0.3309352   1177.341   2151082.1214  2       2
 0.3354565   1177.337   2151080.6020  2       2
 0.3503195   1177.333   2151079.1210  2       2
 0.3739456   1177.329   2151077.6625  2       2
 0.3940710   1172.570   2149339.1505  1       2
 0.3325454   1172.565   2149337.1172  1       2
 0.2760968   1172.559   2149335.2166  1       2
 0.2283806   1172.554   2149333.4288  1       2
 0.1949256   1172.550   2149331.7378  1       2
 0.1817792   1172.545   2149330.1282  1       2
 0.1907515   1172.541   2149328.5840  1       2
 0.2171121   1172.537   2149327.0757  1       2
 0.2533114   1172.533   2149325.6076  1       2
 0.2941780   1172.529   2149324.1553  1       2
 0.3365999   1172.525   2149322.7058  1       2
 0.3787906   1172.521   2149321.2483  1       2
 0.3456235   1167.758   2147581.2570  1       2
 0.2831229   1167.753   2147579.4230  1       2
 0.2224153   1167.748   2147577.6926  1       2
 0.1655939   1167.744   2147576.0501  1       2
 0.1175431   1167.740   2147574.4794  1       2
 0.0915256   1167.736   2147573.0388  1       2
 0.0948169   1167.733   2147571.9180  1       2
 0.1145352   1167.730   2147570.9176  1       2
 0.1468467   1167.727   2147569.8043  1       2
 0.1924229   1167.723   2147568.4443  1       2
 0.2436622   1167.719   2147566.9739  1       2
 0.2942846   1167.715   2147565.4986  1       2
 0.3437276   1167.711   2147563.9904  1       2
 0.3913437   1167.707   2147562.4383  1       2
 0.3536999   1162.930   2145817.8336  1       2
 0.3026302   1162.925   2145815.9809  1       2
 0.2594929   1162.920   2145814.2489  1       2
 0.2278903   1162.915   2145812.6192  1       2
 0.2114846   1162.911   2145811.0785  1       2
 0.2117885   1162.907   2145809.6098  1       2
 0.2267747   1162.903   2145808.1947  1       2
 0.2520561   1162.900   2145806.8215  1       2
 0.2833337   1162.896   2145805.4774  1       2
 0.3176197   1162.892   2145804.1464  1       2
 0.3529797   1162.889   2145802.8167  1       2
 0.3882057   1162.885   2145801.4778  1       2
 0.3812775   1158.111   2144057.8522  1       2
 0.3331813   1158.105   2144055.9375  1       2
 0.2939542   1158.100   2144054.1541  1       2
 0.2664951   1158.096   2144052.4812  1       2
 0.2531162   1158.092   2144050.9035  1       2
 0.2541169   1158.087   2144049.4064  1       2
 0.2673952   1158.083   2144047.9718  1       2
 0.2895441   1158.080   2144046.5844  1       2
 0.3171744   1158.076   2144045.2327  1       2
 0.3477507   1158.072   2144043.9020  1       2
 0.3795863   1158.069   2144042.5779  1       2
 0.3822582   1153.300   2142300.8590  1       2
 0.3263069   1153.294   2142298.9619  1       2
 0.2751991   1153.290   2142297.1959  1       2
 0.2316975   1153.285   2142295.5401  1       2
 0.1997980   1153.281   2142293.9789  1       2
 0.1838932   1153.277   2142292.4988  1       2
 0.1860008   1153.273   2142291.0824  1       2
 0.2036668   1153.269   2142289.7108  1       2
 0.2315874   1153.265   2142288.3768  1       2
 0.2651041   1153.262   2142287.0646  1       2
 0.3011951   1153.258   2142285.7594  1       2
 0.3379817   1153.255   2142284.4513  1       2
 0.3744124   1153.251   2142283.1281  1       2
 0.3474496   1148.489   2140543.2920  1       2
 0.2887088   1148.484   2140541.5405  1       2
 0.2313644   1148.479   2140539.8977  1       2
 0.1767661   1148.475   2140538.3484  1       2
 0.1276811   1148.471   2140536.8792  1       2
 0.0913353   1148.467   2140535.4835  1       2
 0.0814732   1148.464   2140534.3172  1       2
 0.0924297   1148.461   2140533.3925  1       2
 0.1155861   1148.459   2140532.4568  1       2
 0.1503771   1148.456   2140531.3538  1       2
 0.1959463   1148.452   2140530.0305  1       2
 0.2414951   1148.449   2140528.7231  1       2
 0.2863366   1148.445   2140527.4003  1       2
 0.3299772   1148.441   2140526.0465  1       2
 0.3719858   1148.438   2140524.6520  1       2
 0.3879398   1143.680   2138786.7250  1       2
 0.3311872   1143.675   2138784.9622  1       2
 0.2747439   1143.671   2138783.3091  1       2
 0.2192188   1143.666   2138781.7506  1       2
 0.1655472   1143.662   2138780.2722  1       2
 0.1155397   1143.659   2138778.8551  1       2
 0.0756787   1143.655   2138777.4946  1       2
 0.0632743   1143.652   2138776.4786  1       2
 0.0702880   1143.650   2138775.7307  1       2
 0.0871334   1143.648   2138775.0117  1       2
 0.1133786   1143.646   2138774.1661  1       2
 0.1505970   1143.643   2138773.0959  1       2
 0.1997170   1143.639   2138771.7302  1       2
 0.2470027   1143.635   2138770.3964  1       2
 0.2934815   1143.632   2138769.0298  1       2
 0.3386266   1143.628   2138767.6204  1       2
 0.3821095   1143.624   2138766.1561  1       2
 0.3565062   1114.539   2128143.4070  1       2
 0.3141976   1114.535   2128141.9067  1       2
 0.2747611   1114.531   2128140.4800  1       2
 0.2395609   1114.528   2128139.1092  1       2
 0.2107355   1114.524   2128137.7808  1       2
 0.1911282   1114.521   2128136.4834  1       2
 0.1835222   1114.517   2128135.2019  1       2
 0.1892219   1114.513   2128133.9241  1       2
 0.2069228   1114.510   2128132.6398  1       2
 0.2336965   1114.506   2128131.3354  1       2
 0.2665652   1114.503   2128129.9986  1       2
 0.3031280   1114.499   2128128.6203  1       2
 0.3417069   1114.495   2128127.1888  1       2
 0.3811408   1114.491   2128125.6903  1       2
 0.3801230   1109.665   2126363.3902  2       2
 0.3594242   1109.661   2126361.8877  2       2
 0.3478422   1109.657   2126360.4596  2       2
 0.3457664   1109.654   2126359.0881  2       2
 0.3529298   1109.650   2126357.7597  2       2
 0.3683843   1109.646   2126356.4630  2       2
 0.3908424   1109.643   2126355.1831  2       2
 0.3826947   1085.399   2117500.1617  1       2
 0.3385713   1085.395   2117498.6194  1       2
 0.2961716   1085.391   2117497.1657  1       2
 0.2564748   1085.387   2117495.7873  1       2
 0.2208051   1085.383   2117494.4674  1       2
 0.1912810   1085.380   2117493.1913  1       2
 0.1709613   1085.377   2117491.9485  1       2
 0.1630074   1085.373   2117490.7252  1       2
 0.1688953   1085.370   2117489.5090  1       2
 0.1870456   1085.367   2117488.2889  1       2
 0.2140742   1085.363   2117487.0535  1       2
 0.2468053   1085.360   2117485.7904  1       2
 0.2828708   1085.356   2117484.4900  1       2
 0.3206694   1085.352   2117483.1423  1       2
 0.3591607   1085.349   2117481.7341  1       2
 0.3975253   1085.345   2117480.2535  1       2
 0.3713505   1080.571   2115736.5238  1       2
 0.3178347   1080.566   2115734.8218  1       2
 0.2653667   1080.562   2115733.2435  1       2
 0.2145288   1080.558   2115731.7690  1       2
 0.1663481   1080.554   2115730.3826  1       2
 0.1229874   1080.551   2115729.0727  1       2
 0.0895230   1080.547   2115727.8273  1       2
 0.0767438   1080.544   2115726.7144  1       2
 0.0845626   1080.542   2115725.8153  1       2
 0.1043613   1080.539   2115724.9424  1       2
 0.1346429   1080.537   2115723.9390  1       2
 0.1727136   1080.534   2115722.8018  1       2
 0.2116071   1080.531   2115721.6648  1       2
 0.2501702   1080.527   2115720.5157  1       2
 0.2879523   1080.524   2115719.3409  1       2
 0.3245939   1080.521   2115718.1314  1       2
 0.3598622   1080.517   2115716.8779  1       2
 0.3936649   1080.514   2115715.5682  1       2
 0.3671825   1075.733   2113968.9372  1       2
 0.3357203   1075.728   2113967.2992  1       2
 0.3128894   1075.724   2113965.7759  1       2
 0.2993772   1075.720   2113964.3488  1       2
 0.2950725   1075.716   2113963.0043  1       2
 0.2989433   1075.713   2113961.7298  1       2
 0.3093823   1075.710   2113960.5097  1       2
 0.3246577   1075.706   2113959.3303  1       2
 0.3431692   1075.703   2113958.1817  1       2
 0.3636804   1075.700   2113957.0513  1       2
 0.3852951   1075.697   2113955.9262  1       2
 0.3893525   1070.882   2112197.2718  2       2
 0.3855171   1070.878   2112196.0651  2       2
 0.3891170   1070.875   2112194.8968  2       2
 0.3995710   1070.872   2112193.7567  2       2
 0.3898003   1037.179   2099887.9271  1       2
 0.3800361   1037.176   2099886.6023  1       2
 0.3761166   1037.172   2099885.3604  1       2
 0.3771738   1037.169   2099884.1899  1       2
 0.3822106   1037.166   2099883.0791  1       2
 0.3902798   1037.163   2099882.0136  1       2
 0.0055888   2009.008   2454835.2399  3       3
 0.0052759   2009.007   2454835.2046  3       3
 0.0050362   2009.007   2454835.1518  3       3
 0.0051758   2009.007   2454835.0843  3       3
 0.0057657   2009.007   2454835.0176  3       3
 0.0067581   2009.007   2454834.9464  3       3
 0.0081728   2009.006   2454834.8653  3       3
 0.0100560   2009.006   2454834.7699  3       3
 0.0125177   2009.006   2454834.6540  3       3
 0.0156442   2009.006   2454834.5129  3       3
 0.0196388   2009.005   2454834.3373  3       3
 0.0246916   2009.004   2454834.1187  3       3
 0.0309795   2009.004   2454833.8494  3       3
 0.0387771   2009.003   2454833.5175  3       3
 0.0484560   2009.002   2454833.1069  3       3
 0.0604834   2009.000   2454832.5979  3       3
 0.0754389   2008.999   2454831.9656  3       3
 0.0940434   2008.996   2454831.1792  3       3
 0.1171806   2008.994   2454830.2008  3       3
 0.1459476   2008.990   2454828.9828  3       3
 0.1816848   2008.986   2454827.4661  3       3
 0.2260200   2008.981   2454825.5769  3       3
 0.2809006   2008.975   2454823.2237  3       3
 0.3485983   2008.967   2454820.2921  3       3
 0.3510702   2004.170   2453067.8390  2       3
 0.3370760   2004.158   2453063.2633  2       3
 0.3620306   2004.147   2453059.1947  2       3
 0.3589528   1999.279   2451281.2558  2       3
 0.3017941   1999.266   2451276.4546  2       3
 0.2926632   1999.255   2451272.5599  2       3
 0.3165264   1999.245   2451269.0456  2       3
 0.3658382   1999.235   2451265.4416  2       3
 0.3805486   1980.002   2444240.3893  3       3
 0.3147067   1979.988   2444235.0814  3       3
 0.2911349   1979.976   2444230.5581  3       3
 0.3018366   1979.965   2444226.6399  3       3
 0.3375531   1979.954   2444222.8129  3       3
 0.3956930   1979.943   2444218.6769  3       3
 0.3980168   1965.443   2438923.0254  2       3
 0.3855691   1951.060   2433669.4827  3       3
 0.3961258   1951.046   2433664.4680  3       3
 0.3518662   1936.528   2428361.6133  2       3
 0.2687091   1936.514   2428356.7872  2       3
 0.2368227   1936.505   2428353.1474  2       3
 0.2403482   1936.496   2428350.1584  2       3
 0.2676701   1936.489   2428347.3350  2       3
 0.3149379   1936.480   2428344.3366  2       3
 0.3823269   1936.471   2428340.9096  2       3
 0.3944193   1917.072   2421255.7316  3       3
 0.2994179   1917.057   2421250.2922  3       3
 0.2444988   1917.045   2421245.8533  3       3
 0.2279599   1917.035   2421242.3492  3       3
 0.2379203   1917.027   2421239.3023  3       3
 0.2674317   1917.019   2421236.3023  3       3
 0.3146301   1917.010   2421233.0591  3       3
 0.3803623   1917.000   2421229.3309  3       3
 0.3471920   1883.016   2408817.3854  3       3
 0.3649621   1883.002   2408812.1096  2       3
 0.2517884   1883.002   2408812.1096  3       3
 0.2915323   1882.991   2408808.2966  2       3
 0.2031740   1882.991   2408808.2966  3       3
 0.2495662   1882.983   2408805.3644  2       3
 0.1885378   1882.983   2408805.3644  3       3
 0.2301926   1882.976   2408802.8310  2       3
 0.1963511   1882.976   2408802.8310  3       3
 0.2307489   1882.969   2408800.3498  2       3
 0.2205258   1882.969   2408800.3498  3       3
 0.2524111   1882.962   2408797.6997  2       3
 0.2590326   1882.962   2408797.6997  3       3
 0.2958620   1882.954   2408794.7500  2       3
 0.3111184   1882.954   2408794.7500  3       3
 0.3588984   1882.945   2408791.4542  2       3
 0.3754215   1882.945   2408791.4542  3       3
 0.3042339   1854.011   2398223.6909  3       3
 0.2245251   1853.999   2398219.1561  3       3
 0.1868937   1853.990   2398215.8532  3       3
 0.1787910   1853.983   2398213.2642  3       3
 0.1901524   1853.977   2398210.9561  3       3
 0.2164878   1853.970   2398208.6304  3       3
 0.2568781   1853.963   2398206.0808  3       3
 0.3123866   1853.955   2398203.1239  3       3
 0.3850419   1853.945   2398199.5785  3       3
 0.3698539   1849.180   2396459.1166  2       3
 0.3009697   1849.167   2396454.4364  2       3
 0.2783391   1849.156   2396450.5321  2       3
 0.2915044   1849.147   2396447.1546  2       3
 0.3302574   1849.138   2396443.8351  2       3
 0.3917821   1849.128   2396440.2124  2       3
 0.3141203   1825.052   2387646.4312  3       3
 0.2257426   1825.039   2387641.8911  3       3
 0.1775168   1825.030   2387638.5453  3       3
 0.1610983   1825.023   2387636.0280  3       3
 0.1654891   1825.018   2387633.9068  3       3
 0.1845580   1825.012   2387631.8644  3       3
 0.2165446   1825.006   2387629.6831  3       3
 0.2619514   1824.999   2387627.1945  3       3
 0.3219963   1824.991   2387624.2611  3       3
 0.3994102   1824.981   2387620.6925  3       3
 0.3986171   1820.244   2385889.7863  2       3
 0.3072102   1820.230   2385884.7129  2       3
 0.2630533   1820.219   2385880.5838  2       3
 0.2596333   1820.210   2385877.2178  2       3
 0.2839517   1820.201   2385874.1239  2       3
 0.3303659   1820.192   2385870.9083  2       3
 0.3978337   1820.183   2385867.3010  2       3
 0.3539740   1815.342   2384099.3355  2       3
 0.2745666   1815.329   2384094.6245  2       3
 0.2437331   1815.319   2384090.9474  2       3
 0.2483064   1815.311   2384087.8909  2       3
 0.2769560   1815.303   2384084.9884  2       3
 0.3258787   1815.294   2384081.8944  2       3
 0.3951552   1815.285   2384078.3528  2       3
 0.2946477   1791.024   2375218.2256  3       3
 0.1994123   1791.012   2375213.8230  3       3
 0.1410239   1791.003   2375210.7572  3       3
 0.1115378   1790.998   2375208.6053  3       3
 0.1020710   1790.993   2375206.9933  3       3
 0.1053671   1790.989   2375205.6247  3       3
 0.1177724   1790.986   2375204.2977  3       3
 0.1383236   1790.982   2375202.8751  3       3
 0.1674604   1790.977   2375201.2486  3       3
 0.2060751   1790.972   2375199.3313  3       3
 0.2562049   1790.966   2375196.9979  3       3
 0.3193358   1790.958   2375194.1542  3       3
 0.3988166   1790.948   2375190.6126  3       3
 0.3989880   1766.678   2366325.7964  2       3
 0.3342690   1761.806   2364546.5794  2       3
 0.2399826   1761.793   2364541.9769  2       3
 0.1940945   1761.784   2364538.6257  2       3
 0.1838153   1761.777   2364536.0731  2       3
 0.1959371   1761.771   2364533.8440  2       3
 0.2246109   1761.765   2364531.6038  2       3
 0.2686824   1761.758   2364529.1344  2       3
 0.3292657   1761.750   2364526.2490  2       3
 0.3960655   1728.029   2352209.2132  3       3
 0.2941478   1728.016   2352204.4079  3       3
 0.2173101   1728.004   2352200.1394  3       3
 0.3979734   1727.996   2352197.0458  2       3
 0.1822198   1727.996   2352197.0458  3       3
 0.3507008   1727.989   2352194.6125  2       3
 0.1759509   1727.989   2352194.6125  3       3
 0.3141331   1727.983   2352192.4240  2       3
 0.1886855   1727.983   2352192.4240  3       3
 0.2854970   1727.977   2352190.1998  2       3
 0.2162637   1727.977   2352190.1998  3       3
 0.2675228   1727.971   2352187.7507  2       3
 0.2578617   1727.971   2352187.7507  3       3
 0.2680732   1727.963   2352184.9277  2       3
 0.3140646   1727.963   2352184.9277  3       3
 0.2953103   1727.954   2352181.7380  2       3
 0.3828231   1727.954   2352181.7380  3       3
 0.3447704   1727.945   2352178.4763  2       3
 0.3908243   1699.027   2341617.2118  2       3
 0.3677103   1699.027   2341617.2118  3       3
 0.3507921   1699.018   2341614.1634  2       3
 0.3020722   1699.018   2341614.1634  3       3
 0.3225804   1699.007   2341610.1053  2       3
 0.2224737   1699.007   2341610.1053  3       3
 0.3254258   1698.998   2341606.9133  2       3
 0.1756068   1698.998   2341606.9133  3       3
 0.3425392   1698.992   2341604.4595  2       3
 0.1589779   1698.992   2341604.4595  3       3
 0.3655246   1698.986   2341602.3901  2       3
 0.1630786   1698.986   2341602.3901  3       3
 0.3934439   1698.981   2341600.4022  2       3
 0.1818177   1698.981   2341600.4022  3       3
 0.2133887   1698.975   2341598.2811  3       3
 0.2582636   1698.968   2341595.8617  3       3
 0.3176315   1698.960   2341593.0091  3       3
 0.3943571   1698.951   2341589.5275  3       3
 0.3712634   1694.151   2339836.5580  2       3
 0.2745194   1694.139   2339832.0736  2       3
 0.2154297   1694.128   2339828.3771  2       3
 0.1962546   1694.121   2339825.5394  2       3
 0.2039496   1694.114   2339823.1473  2       3
 0.2302534   1694.108   2339820.8247  2       3
 0.2729609   1694.101   2339818.3114  2       3
 0.3327694   1694.093   2339815.4033  2       3
 0.3363680   1660.054   2327382.0854  3       3
 0.2769062   1660.042   2327377.7086  3       3
 0.2545495   1660.031   2327373.9375  3       3
 0.2636454   1660.022   2327370.6892  3       3
 0.2956046   1660.014   2327367.5372  3       3
 0.3478053   1660.005   2327364.1506  3       3
 0.3961650   1645.468   2322055.1687  2       3
 0.3855649   1640.632   2320288.8411  2       3
 0.2868898   1640.620   2320284.4715  2       3
 0.2185393   1640.610   2320280.6907  2       3
 0.1906029   1640.602   2320277.7959  2       3
 0.1918183   1640.595   2320275.4325  2       3
 0.2125573   1640.589   2320273.2176  2       3
 0.2494287   1640.583   2320270.8805  2       3
 0.3024039   1640.576   2320268.2232  2       3
 0.3725945   1640.567   2320265.0795  2       3
 0.3470137   1611.709   2309724.3675  2       3
 0.2337822   1611.698   2309720.1695  2       3
 0.1501554   1611.689   2309717.0161  2       3
 0.0987729   1611.683   2309714.8945  2       3
 0.0728932   1611.679   2309713.5077  2       3
 0.0637241   1611.677   2309712.5372  2       3
 0.0645387   1611.675   2309711.7553  2       3
 0.0719011   1611.673   2309711.0199  2       3
 0.0847983   1611.671   2309710.2404  2       3
 0.1034258   1611.668   2309709.3503  2       3
 0.1284321   1611.665   2309708.2954  2       3
 0.1612834   1611.662   2309707.0012  2       3
 0.2031663   1611.657   2309705.4100  2       3
 0.2567226   1611.652   2309703.4071  2       3
 0.3238484   1611.645   2309700.8966  2       3
 0.3948753   1602.044   2306194.7012  3       3
 0.3150549   1602.033   2306190.5252  3       3
 0.2596498   1602.022   2306186.6759  3       3
 0.2381411   1602.013   2306183.2509  3       3
 0.2472756   1602.005   2306180.3377  3       3
 0.2781527   1601.997   2306177.5236  3       3
 0.3287563   1601.989   2306174.4715  3       3
 0.3974430   1601.980   2306171.0625  3       3
 0.3710595   1577.801   2297349.7598  2       3
 0.3194093   1577.789   2297345.4904  2       3
 0.3041665   1577.778   2297341.4381  2       3
 0.3226120   1577.768   2297337.8601  2       3
 0.3682657   1577.758   2297334.1227  2       3
 0.3673538   1572.918   2295566.4209  2       3
 0.2520076   1572.906   2295562.0721  2       3
 0.1629262   1572.897   2295558.6972  2       3
 0.1054043   1572.890   2295556.3807  2       3
 0.0744383   1572.886   2295554.8778  2       3
 0.0613793   1572.883   2295553.8511  2       3
 0.0593801   1572.881   2295553.0675  2       3
 0.0642306   1572.879   2295552.3667  2       3
 0.0743920   1572.877   2295551.6499  2       3
 0.0896955   1572.875   2295550.8518  2       3
 0.1106805   1572.873   2295549.9156  2       3
 0.1385351   1572.870   2295548.7752  2       3
 0.1742370   1572.866   2295547.3807  2       3
 0.2198900   1572.861   2295545.6387  2       3
 0.2777387   1572.855   2295543.4463  2       3
 0.3490318   1572.848   2295540.7244  2       3
 0.3584181   1568.026   2293778.8440  3       3
 0.3646886   1568.015   2293774.9477  2       3
 0.3325191   1568.015   2293774.9477  3       3
 0.3197033   1568.005   2293771.1996  2       3
 0.3381893   1568.005   2293771.1996  3       3
 0.3066009   1567.995   2293767.5662  2       3
 0.3716895   1567.995   2293767.5662  3       3
 0.3253861   1567.985   2293764.1587  2       3
 0.3730649   1567.975   2293760.4991  2       3
 0.3868301   1533.988   2281346.9613  3       3
 0.3151752   1533.976   2281342.9094  3       3
 0.2693499   1533.966   2281339.1709  3       3
 0.2560900   1533.957   2281335.6984  3       3
 0.2725055   1533.948   2281332.6165  3       3
 0.3105707   1533.940   2281329.5837  3       3
 0.3705963   1533.931   2281326.1625  3       3
 0.3715634   1524.264   2277795.2524  2       3
 0.3510290   1524.254   2277791.2897  2       3
 0.3609145   1524.243   2277787.5460  2       3
 0.3974795   1524.233   2277783.7402  2       3
 0.3468695   1519.413   2276023.3007  2       3
 0.2678800   1519.403   2276019.7676  2       3
 0.2116795   1519.395   2276016.5366  2       3
 0.1892703   1519.387   2276013.8618  2       3
 0.1943464   1519.381   2276011.6295  2       3
 0.2182653   1519.375   2276009.4985  2       3
 0.2583290   1519.369   2276007.2156  2       3
 0.3147945   1519.362   2276004.5956  2       3
 0.3888815   1519.353   2276001.4755  2       3
 0.3681633   1504.980   2270752.1270  3       3
 0.3172793   1504.970   2270748.5126  3       3
 0.2925527   1504.960   2270744.8994  3       3
 0.2996006   1504.951   2270741.6387  3       3
 0.3321135   1504.943   2270738.4590  3       3
 0.3882863   1504.933   2270734.9999  3       3
 0.3751879   1495.293   2267213.3298  1       3
 0.3563321   1495.284   2267210.1389  1       3
 0.3944766   1495.276   2267207.0910  1       3
 0.3214231   1490.490   2265459.3693  2       3
 0.2328278   1490.481   2265456.0135  2       3
 0.3696411   1490.473   2265452.9922  1       3
 0.1594475   1490.473   2265452.9922  2       3
 0.3603619   1490.467   2265450.8643  1       3
 0.1204307   1490.467   2265450.8643  2       3
 0.3706675   1490.463   2265449.3324  1       3
 0.1076136   1490.463   2265449.3324  2       3
 0.3889828   1490.459   2265448.0757  1       3
 0.1109301   1490.459   2265448.0757  2       3
 0.1250442   1490.456   2265446.8738  2       3
 0.1485835   1490.452   2265445.5821  2       3
 0.1820957   1490.448   2265444.0906  2       3
 0.2267532   1490.443   2265442.3078  2       3
 0.2845569   1490.437   2265440.1211  2       3
 0.3564548   1490.430   2265437.4509  2       3
 0.3800872   1485.660   2263695.4842  1       3
 0.3467530   1485.652   2263692.3362  1       3
 0.3711328   1485.643   2263689.2879  1       3
 0.3547345   1480.840   2261935.0747  1       3
 0.3481061   1480.832   2261931.9921  1       3
 0.3944616   1480.824   2261929.0090  1       3
 0.3573911   1476.025   2260175.6757  1       3
 0.3552217   1476.017   2260172.6075  1       3
 0.3766169   1456.606   2253083.1698  2       3
 0.3244942   1456.596   2253079.6490  2       3
 0.2966130   1456.587   2253076.2792  2       3
 0.2966807   1456.578   2253073.1074  2       3
 0.3225640   1456.569   2253069.9134  2       3
 0.3661850   1456.561   2253066.8353  2       3
 0.3654979   1451.742   2251306.3333  2       3
 0.2804020   1451.733   2251302.9394  2       3
 0.2064236   1451.724   2251299.6921  2       3
 0.1620799   1451.717   2251297.0488  2       3
 0.1482480   1451.711   2251295.0180  2       3
 0.1550041   1451.706   2251293.3076  2       3
 0.3763645   1451.702   2251291.6415  1       3
 0.1760810   1451.702   2251291.6415  2       3
 0.3631322   1451.697   2251289.8314  1       3
 0.2099896   1451.697   2251289.8314  2       3
 0.3706819   1451.691   2251287.7274  1       3
 0.2575603   1451.691   2251287.7274  2       3
 0.3209415   1451.684   2251285.1734  2       3
 0.3971521   1451.676   2251282.2122  2       3
 0.3640924   1441.972   2247738.2118  3       3
 0.3316341   1441.963   2247734.8529  3       3
 0.3245690   1441.954   2247731.6203  3       3
 0.3432898   1441.945   2247728.4203  3       3
 0.3818462   1441.937   2247725.3542  3       3
 0.3642478   1427.373   2242405.6459  1       3
 0.3491369   1427.364   2242402.5307  1       3
 0.3880498   1427.356   2242399.5519  1       3
 0.3912449   1407.957   2235313.6436  3       3
 0.3781479   1407.948   2235310.6513  3       3
 0.3855844   1407.940   2235307.7486  3       3
 0.3195472   1403.134   2233552.5814  2       3
 0.2429265   1403.126   2233549.4796  2       3
 0.1823206   1403.118   2233546.5862  2       3
 0.1531237   1403.112   2233544.3037  2       3
 0.1500724   1403.107   2233542.4999  2       3
 0.1641716   1403.102   2233540.8634  2       3
 0.1918151   1403.098   2233539.1710  2       3
 0.2326132   1403.093   2233537.2708  2       3
 0.2881702   1403.086   2233535.0101  2       3
 0.3582951   1403.079   2233532.3272  2       3
 0.3799836   1393.413   2230002.2216  1       3
 0.3927085   1393.405   2229999.4172  1       3
 0.3487678   1388.606   2228246.3215  1       3
 0.2962760   1388.599   2228243.7552  1       3
 0.2788614   1388.592   2228241.2206  1       3
 0.3034877   1388.585   2228238.7243  1       3
 0.3605012   1388.578   2228236.2116  1       3
 0.3857610   1383.794   2226488.2781  1       3
 0.3320015   1383.787   2226485.7456  1       3
 0.3055759   1383.780   2226483.2371  1       3
 0.3157683   1383.773   2226480.7278  1       3
 0.3593899   1383.766   2226478.2190  1       3
 0.3999916   1378.969   2224726.0402  1       3
 0.3986963   1378.962   2224723.5150  1       3
 0.3277491   1374.220   2222991.7447  2       3
 0.2613974   1374.212   2222988.9370  2       3
 0.2099188   1374.205   2222986.2628  2       3
 0.1835852   1374.198   2222983.7025  2       3
 0.1867622   1374.192   2222981.6606  2       3
 0.2092991   1374.187   2222979.7318  2       3
 0.2483575   1374.181   2222977.6690  2       3
 0.3021186   1374.175   2222975.3791  2       3
 0.3681964   1374.168   2222972.8274  2       3
 0.3643396   1364.524   2219450.3341  1       3
 0.3126246   1364.517   2219447.8673  1       3
 0.2885197   1364.511   2219445.4276  1       3
 0.3005407   1364.504   2219442.9914  1       3
 0.3444724   1364.497   2219440.5596  1       3
 0.3771954   1359.698   2217687.2282  1       3
 0.3339367   1359.690   2217684.4459  1       3
 0.3305889   1359.683   2217681.7890  1       3
 0.3648593   1359.676   2217679.2153  1       3
 0.3985111   1335.426   2208821.9698  2       3
 0.3360500   1335.418   2208818.9962  2       3
 0.2866858   1335.410   2208816.1750  2       3
 0.2559690   1335.403   2208813.4858  2       3
 0.2485272   1335.396   2208810.8810  2       3
 0.2643129   1335.389   2208808.3790  2       3
 0.3725956   1335.382   2208805.9401  1       3
 0.2976926   1335.382   2208805.9401  2       3
 0.3316960   1335.375   2208803.4970  1       3
 0.3429746   1335.375   2208803.4970  2       3
 0.3177168   1335.369   2208801.0731  1       3
 0.3945143   1335.369   2208801.0731  2       3
 0.3353341   1335.362   2208798.6361  1       3
 0.3800019   1335.355   2208796.1753  1       3
 0.3660833   1330.545   2207039.4125  1       3
 0.3365738   1330.545   2207039.4125  2       3
 0.3666444   1330.538   2207036.7344  1       3
 0.2786889   1330.538   2207036.7344  2       3
 0.3996672   1330.531   2207034.1723  1       3
 0.2357344   1330.531   2207034.1723  2       3
 0.2150812   1330.524   2207031.6235  2       3
 0.2216932   1330.517   2207029.3574  2       3
 0.2493780   1330.511   2207027.1570  2       3
 0.2949660   1330.505   2207024.8145  2       3
 0.3503496   1330.499   2207022.4628  2       3
 0.3841118   1311.060   2199922.2261  1       3
 0.3177011   1311.053   2199919.7464  1       3
 0.2718205   1311.046   2199917.3280  1       3
 0.2596279   1311.040   2199914.9345  1       3
 0.2855175   1311.033   2199912.5882  1       3
 0.3399643   1311.027   2199910.2109  1       3
 0.3683059   1306.219   2198154.3114  1       3
 0.3672933   1306.212   2198151.7191  1       3
 0.3961729   1306.205   2198149.2380  1       3
 0.3436494   1286.825   2191070.5286  2       3
 0.2890591   1286.817   2191067.8643  2       3
 0.2497352   1286.811   2191065.3359  2       3
 0.2310732   1286.804   2191062.8638  2       3
 0.2363183   1286.797   2191060.5786  2       3
 0.2619336   1286.791   2191058.3040  2       3
 0.3028527   1286.785   2191056.0025  2       3
 0.3513916   1286.779   2191053.7609  2       3
 0.3805577   1257.881   2180498.9257  2       3
 0.3595072   1257.875   2180496.8246  2       3
 0.3510018   1257.869   2180494.8067  2       3
 0.3548680   1257.864   2180492.8520  2       3
 0.3697451   1257.859   2180490.9451  2       3
 0.3935651   1257.854   2180489.0663  2       3
 0.3885376   1253.041   2178731.4637  2       3
 0.3808918   1253.036   2178729.5025  2       3
 0.3852405   1253.030   2178727.5933  2       3
 0.3924239   1248.197   2176961.7258  1       3
 0.3842109   1248.192   2176959.8618  1       3
 0.3885597   1248.187   2176957.9602  1       3
 0.3966417   1243.374   2175200.0341  1       3
 0.3868009   1238.563   2173443.0233  1       3
 0.3769690   1238.558   2173441.1659  1       3
 0.3798717   1238.553   2173439.2748  1       3
 0.3958558   1238.547   2173437.3343  1       3
 0.3911025   1233.741   2171681.8917  1       3
 0.3275981   1233.734   2171679.5118  1       3
 0.2799350   1233.728   2171677.2657  1       3
 0.2563161   1233.722   2171675.1360  1       3
 0.2608933   1233.717   2171673.1001  1       3
 0.2894237   1233.711   2171671.1286  1       3
 0.3325494   1233.706   2171669.2158  1       3
 0.3824921   1233.701   2171667.3383  1       3
 0.3748082   1219.144   2166349.9251  2       3
 0.3379476   1219.138   2166347.7862  2       3
 0.3132362   1219.132   2166345.7526  2       3
 0.3024118   1219.127   2166343.8003  2       3
 0.3058748   1219.122   2166341.9108  2       3
 0.3221967   1219.117   2166340.0680  2       3
 0.3487685   1219.112   2166338.2531  2       3
 0.3828387   1219.107   2166336.4473  2       3
 0.3683741   1214.280   2164573.8779  2       3
 0.3459285   1214.275   2164571.8715  2       3
 0.3361620   1214.270   2164569.9389  2       3
 0.3397401   1214.265   2164568.0628  2       3
 0.3558391   1214.260   2164566.2274  2       3
 0.3825778   1214.255   2164564.4125  2       3
 0.3750900   1209.419   2162798.4889  1       3
 0.3054686   1209.413   2162796.2255  1       3
 0.2457894   1209.407   2162794.0847  1       3
 0.2048342   1209.401   2162792.0435  1       3
 0.1933976   1209.396   2162790.0770  1       3
 0.2131888   1209.391   2162788.2147  1       3
 0.2553278   1209.386   2162786.3431  1       3
 0.3075537   1209.381   2162784.5130  1       3
 0.3634356   1209.376   2162782.6865  1       3
 0.3911428   1185.100   2153915.9058  1       3
 0.3212741   1185.094   2153913.7758  1       3
 0.2548439   1185.088   2153911.7585  1       3
 0.1961013   1185.083   2153909.8334  1       3
 0.1539761   1185.078   2153907.9811  1       3
 0.1428242   1185.073   2153906.1625  1       3
 0.1627946   1185.069   2153904.6169  1       3
 0.2044078   1185.064   2153902.9660  1       3
 0.2576850   1185.060   2153901.2505  1       3
 0.3152166   1185.055   2153899.4967  1       3
 0.3727720   1185.050   2153897.7184  1       3
 0.3966592   1170.555   2148603.0732  2       3
 0.3563659   1170.550   2148601.0873  2       3
 0.3259326   1170.544   2148599.2088  2       3
 0.3072936   1170.540   2148597.4181  2       3
 0.3016817   1170.535   2148595.6947  2       3
 0.3089876   1170.530   2148594.0221  2       3
 0.3275968   1170.526   2148592.3871  2       3
 0.3551708   1170.521   2148590.7701  2       3
 0.3893331   1170.517   2148589.1568  2       3
 0.3997114   1122.250   2130959.5823  1       3
 0.3545813   1122.245   2130957.9610  1       3
 0.3118970   1122.241   2130956.4202  1       3
 0.2729051   1122.237   2130954.9410  1       3
 0.2395738   1122.233   2130953.5085  1       3
 0.2146852   1122.229   2130952.1108  1       3
 0.2013477   1122.225   2130950.7321  1       3
 0.2018403   1122.222   2130949.3583  1       3
 0.2159615   1122.218   2130947.9797  1       3
 0.2411478   1122.214   2130946.5818  1       3
 0.2741409   1122.210   2130945.1505  1       3
 0.3120305   1122.206   2130943.6764  1       3
 0.3526758   1122.202   2130942.1477  1       3
 0.3945846   1122.197   2130940.5495  1       3
 0.3616148   1117.412   2129193.0173  1       3
 0.3059285   1117.407   2129191.1298  1       3
 0.2560325   1117.402   2129189.3663  1       3
 0.2153633   1117.398   2129187.7078  1       3
 0.1886621   1117.394   2129186.1400  1       3
 0.1802018   1117.389   2129184.6478  1       3
 0.1902585   1117.386   2129183.2130  1       3
 0.2143855   1117.382   2129181.8180  1       3
 0.2467228   1117.378   2129180.4558  1       3
 0.2831290   1117.374   2129179.1082  1       3
 0.3210528   1117.371   2129177.7629  1       3
 0.3589752   1117.367   2129176.4095  1       3
 0.3961170   1117.363   2129175.0338  1       3
 0.3873678   1097.956   2122086.3077  2       3
 0.3634746   1097.951   2122084.7166  2       3
 0.3488284   1097.947   2122083.2030  2       3
 0.3439360   1097.943   2122081.7484  2       3
 0.3486445   1097.939   2122080.3387  2       3
 0.3620554   1097.936   2122078.9619  2       3
 0.3828437   1097.932   2122077.6022  2       3
 0.3723139   1093.100   2120313.1418  1       3
 0.3171037   1093.096   2120311.4227  1       3
 0.2624858   1093.091   2120309.8071  1       3
 0.2092036   1093.087   2120308.2811  1       3
 0.1584120   1093.083   2120306.8291  1       3
 0.1127184   1093.079   2120305.4333  1       3
 0.0805077   1093.076   2120304.1083  1       3
 0.0745689   1093.073   2120303.0590  1       3
 0.0860513   1093.070   2120302.2177  1       3
 0.1083126   1093.068   2120301.3409  1       3
 0.1414542   1093.065   2120300.2911  1       3
 0.1863343   1093.062   2120298.9799  1       3
 0.2324392   1093.058   2120297.6460  1       3
 0.2781548   1093.054   2120296.2853  1       3
 0.3229116   1093.050   2120294.8830  1       3
 0.3662660   1093.046   2120293.4276  1       3
 0.3649989   1068.780   2111430.0098  1       3
 0.3313481   1068.776   2111428.6314  1       3
 0.3012313   1068.773   2111427.3101  1       3
 0.2758388   1068.769   2111426.0318  1       3
 0.2566342   1068.766   2111424.7859  1       3
 0.2450396   1068.762   2111423.5584  1       3
 0.2421600   1068.759   2111422.3361  1       3
 0.2483162   1068.756   2111421.1096  1       3
 0.2628611   1068.752   2111419.8669  1       3
 0.2844996   1068.749   2111418.5950  1       3
 0.3116267   1068.745   2111417.2849  1       3
 0.3427057   1068.742   2111415.9262  1       3
 0.3764599   1068.738   2111414.5054  1       3
 0.3523072   1063.950   2109665.2017  1       3
 0.2970941   1063.945   2109663.4627  1       3
 0.2442736   1063.941   2109661.8421  1       3
 0.1954004   1063.936   2109660.3211  1       3
 0.1534309   1063.933   2109658.8863  1       3
 0.1237500   1063.929   2109657.5227  1       3
 0.1139900   1063.925   2109656.2007  1       3
 0.1257292   1063.922   2109654.9996  1       3
 0.1534543   1063.919   2109653.7539  1       3
 0.1883519   1063.915   2109652.5402  1       3
 0.2263594   1063.912   2109651.3249  1       3
 0.2650503   1063.909   2109650.1047  1       3
 0.3033685   1063.905   2109648.8673  1       3
 0.3407811   1063.902   2109647.6001  1       3
 0.3768823   1063.898   2109646.2942  1       3
 0.3985552   1059.103   2107895.2344  1       3
 0.3981864   1059.103   2107895.1991  1       3
 0.3976398   1059.103   2107895.1463  1       3
 0.3968349   1059.103   2107895.0670  1       3
 0.3956615   1059.103   2107894.9480  1       3
 0.3939790   1059.102   2107894.7696  1       3
 0.3916335   1059.101   2107894.5020  1       3
 0.3885286   1059.100   2107894.1006  1       3
 0.3848370   1059.099   2107893.4984  1       3
 0.3815629   1059.096   2107892.5952  1       3
 0.3818690   1059.092   2107891.2403  1       3
 0.3886572   1059.089   2107889.8256  1       3
 0.3934817   1049.395   2104349.7560  2       3
 0.3824651   1049.391   2104348.3628  2       3
 0.3797723   1049.388   2104347.0324  2       3
 0.3852463   1049.384   2104345.7489  2       3
 0.3982529   1049.381   2104344.5014  2       3
