 2.84915457119386364E+0000  6.55692762611625586E-0001  7.21485738947703137E+0001  2.83393000380625523E+0002  1.76636276632429081E+0002  5.24808792304589041E-0001  0.001687  0.981645   227.5   50.4  41.175   2009.008  2454835.2459   283.3749    0.000        1
 2.84696840899911734E+0000  6.55423473053252954E-0001  7.21443843831119004E+0001  2.83393003277445185E+0002  1.76671470039158078E+0002  5.15501812946089245E-0001  0.001895  0.981634   227.5   50.4  41.171   2009.007  2454835.2244   283.3529    0.000        1
 2.84432420487368488E+0000  6.55099765806249013E-0001  7.21391474119023195E+0001  2.83393009604148108E+0002  1.76695932051133519E+0002  5.07648750578490360E-0001  0.002232  0.981623   227.5   50.4  41.165   2009.007  2454835.2011   283.3292    0.000        1
 2.84172893467813509E+0000  6.54782564952723938E-0001  7.21339244028008575E+0001  2.83393018974683459E+0002  1.76712083284169482E+0002  5.00360212799987764E-0001  0.002707  0.981609   227.5   50.4  41.160   2009.007  2454835.1745   283.3020    0.000        1
 2.83943567398536552E+0000  6.54502355493019437E-0001  7.21292623610965961E+0001  2.83393030542241942E+0002  1.76722317866346532E+0002  4.92898466741155488E-0001  0.003338  0.981594   227.5   50.4  41.156   2009.007  2454835.1429   283.2699    0.000        1
 2.83749856046818679E+0000  6.54265621963656737E-0001  7.21252968267401017E+0001  2.83393043657895228E+0002  1.76728706348601437E+0002  4.84523875405654495E-0001  0.004158  0.981576   227.5   50.4  41.152   2009.007  2454835.1046   283.2308    0.000        1
 2.83592112573826802E+0000  6.54072785041050387E-0001  7.21220516607055238E+0001  2.83393057662224608E+0002  1.76732604115473069E+0002  4.74684812432616037E-0001  0.005200  0.981554   227.5   50.4  41.149   2009.007  2454835.0578   283.1831    0.000        1
 2.83463917599871084E+0000  6.53916019727700450E-0001  7.21194051909401584E+0001  2.83393072375385855E+0002  1.76734987415252480E+0002  4.62607351585638208E-0001  0.006531  0.981527   227.5   50.4  41.146   2009.007  2454834.9995   283.1831    0.000        1
 2.83361528417105613E+0000  6.53790774665738160E-0001  7.21172863372519063E+0001  2.83393087438475219E+0002  1.76736414835097497E+0002  4.47672492694288857E-0001  0.008211  0.981495   227.5   50.4  41.144   2009.007  2454834.9270   283.1831    0.000        1
 2.83280819867882429E+0000  6.53692025228598641E-0001  7.21156134549277362E+0001  2.83393102540115403E+0002  1.76737253437397165E+0002  4.29289436751917598E-0001  0.010299  0.981457   227.5   50.4  41.142   2009.006  2454834.8378   283.1831    0.000        1
 2.83217038403910925E+0000  6.53613970486885888E-0001  7.21142901233787030E+0001  2.83393117615921516E+0002  1.76737742517682372E+0002  4.06595983438681153E-0001  0.012889  0.981413   227.5   50.4  41.140   2009.006  2454834.7276   283.1831    0.000        1
 2.83166385491727992E+0000  6.53551971726344599E-0001  7.21132386747207304E+0001  2.83393132667011270E+0002  1.76738024448414715E+0002  3.78483405009514026E-0001  0.016106  0.981361   227.5   50.4  41.138   2009.006  2454834.5914   283.1831    0.000        1
 2.83126007989435122E+0000  6.53502543046081089E-0001  7.21124005057799038E+0001  2.83393147700216161E+0002  1.76738183529787207E+0002  3.43577366799804973E-0001  0.020105  0.981301   227.5   50.4  41.136   2009.005  2454834.4224   283.1831    0.000        1
 2.83093739169927472E+0000  6.53463036086137349E-0001  7.21117309806272356E+0001  2.83393162719094197E+0002  1.76738270321680538E+0002  3.00175790504870000E-0001  0.025081  0.981236   227.5   50.4  41.133   2009.005  2454834.2124   283.1831    0.000        1
 2.86424303901761909E+0000  6.56511579161762551E-0001  7.21789348938510580E+0001  2.83392998059049711E+0002  1.76646947038618382E+0002  5.38715393358282998E-0001  0.002114  0.984538   227.4   50.4  41.155   2009.008  2454835.2399   283.3687    0.000        2
 2.87006107595283373E+0000  6.57211464660498962E-0001  7.21732741325829600E+0001  2.83392991096915438E+0002  1.76622850338996299E+0002  5.34736134458835182E-0001  0.001916  0.984523   227.4   50.4  41.158   2009.007  2454835.2103   283.3386    0.000        2
 2.87403081749641163E+0000  6.57688571516057169E-0001  7.21637058455126648E+0001  2.83392985290324952E+0002  1.76597959256193967E+0002  5.32088623388127624E-0001  0.001947  0.984509   227.4   50.4  41.158   2009.007  2454835.1840   283.3117    0.000        2
 2.87578338982450114E+0000  6.57900103854862971E-0001  7.21531825642239432E+0001  2.83392985165682652E+0002  1.76577609717022739E+0002  5.29624254828433279E-0001  0.002155  0.984496   227.5   50.4  41.154   2009.007  2454835.1587   283.2860    0.000        2
 2.87600720732282638E+0000  6.57928834368174692E-0001  7.21435337402685137E+0001  2.83392990916776885E+0002  1.76562655302347311E+0002  5.26478934992529588E-0001  0.002515  0.984481   227.5   50.4  41.150   2009.007  2454835.1320   283.2587    0.000        2
 2.87539183874498405E+0000  6.57857057330150376E-0001  7.21354615659709575E+0001  2.83393001133715301E+0002  1.76552292708941416E+0002  5.22156774240224882E-0001  0.003034  0.984466   227.5   50.4  41.146   2009.007  2454835.1018   283.2279    0.000        2
 2.87441855507088019E+0000  6.57742139474886409E-0001  7.21290532703561228E+0001  2.83393014206552376E+0002  1.76545366532943257E+0002  5.16344136974337684E-0001  0.003728  0.984447   227.5   50.4  41.142   2009.007  2454835.0663   283.1918    0.000        2
 2.87335310207878545E+0000  6.57615829901648897E-0001  7.21240374255448472E+0001  2.83393029083036770E+0002  1.76540763019243741E+0002  5.08648795580143517E-0001  0.004637  0.984425   227.5   50.4  41.138   2009.007  2454835.0232   283.1479    0.000        2
 2.87234982189675952E+0000  6.57496616754867382E-0001  7.21202083436711508E+0001  2.83393044753583977E+0002  1.76537762329196114E+0002  4.98805390108876418E-0001  0.005793  0.984399   227.5   50.4  41.135   2009.007  2454834.9709   283.0945    0.000        2
 2.87145361511563455E+0000  6.57389957966043141E-0001  7.21172508236520917E+0001  2.83393060952487545E+0002  1.76535774193492296E+0002  4.86192430708198388E-0001  0.007270  0.984368   227.5   50.4  41.133   2009.007  2454834.9059   283.0945    0.000        2
 2.87068571052477125E+0000  6.57298460867468128E-0001  7.21149740191499396E+0001  2.83393077348168092E+0002  1.76534456687668970E+0002  4.70187051512012502E-0001  0.009141  0.984329   227.5   50.4  41.131   2009.006  2454834.8249   283.0945    0.000        2
 2.87005019069571219E+0000  6.57222669294094229E-0001  7.21132359609949577E+0001  2.83393093581132468E+0002  1.76533586713753575E+0002  4.50235571739727650E-0001  0.011473  0.984284   227.5   50.4  41.129   2009.006  2454834.7249   283.0945    0.000        2
 2.86953074211521843E+0000  6.57160676938773009E-0001  7.21119005560011388E+0001  2.83393109575254452E+0002  1.76533005027127191E+0002  4.25488158466357403E-0001  0.014366  0.984230   227.5   50.4  41.127   2009.006  2454834.6018   283.0945    0.000        2
 2.86910763550570998E+0000  6.57110154484901714E-0001  7.21108640501085260E+0001  2.83393125364595385E+0002  1.76532609912766103E+0002  3.94769882219454337E-0001  0.017957  0.984168   227.5   50.4  41.125   2009.005  2454834.4496   283.0945    0.000        2
 2.86876367360135598E+0000  6.57069064527034991E-0001  7.21100530635142047E+0001  2.83393140988991251E+0002  1.76532338148821597E+0002  3.56594387648362313E-0001  0.022420  0.984098   227.5   50.4  41.122   2009.005  2454834.2608   283.0945    0.000        2
 2.86848452711803704E+0000  6.57035705643374156E-0001  7.21094149065813297E+0001  2.83393156478116207E+0002  1.76532149629302610E+0002  3.09110364458759801E-0001  0.027973  0.984021   227.5   50.4  41.119   2009.004  2454834.0263   283.0945    0.000        2
 2.87055895459315001E+0000  6.56267362027402391E-0001  7.22099344945680257E+0001  2.83392999735708793E+0002  1.76717239543269123E+0002  5.47145761252031500E-0001  0.005589  0.987431   227.2   50.4  41.127   2009.008  2454835.2399   283.3687    0.000        3
 2.87141959702447534E+0000  6.56371117252890076E-0001  7.22095690948690759E+0001  2.83392998509154451E+0002  1.76712341747106164E+0002  5.40510018280103339E-0001  0.005276  0.987413   227.2   50.4  41.128   2009.007  2454835.2046   283.3328    0.000        3
 2.87261860282474235E+0000  6.56515822304321558E-0001  7.22082626169032663E+0001  2.83392995498405490E+0002  1.76703566972903633E+0002  5.30818373266212623E-0001  0.005036  0.987385   227.2   50.4  41.128   2009.007  2454835.1518   283.2789    0.000        3
 2.87363490979693469E+0000  6.56638974500106654E-0001  7.22053563354403574E+0001  2.83392992864276348E+0002  1.76691726994516766E+0002  5.18714164106887240E-0001  0.005176  0.987350   227.2   50.4  41.128   2009.007  2454835.0843   283.2101    0.000        3
 2.87393722575440078E+0000  6.56676417885792881E-0001  7.22019747911510384E+0001  2.83392995000016276E+0002  1.76682045570777573E+0002  5.06648912247517784E-0001  0.005766  0.987316   227.2   50.4  41.127   2009.007  2454835.0176   283.1421    0.000        3
 2.87377451763103850E+0000  6.56657908856798203E-0001  7.21987915586300295E+0001  2.83393002115736389E+0002  1.76675014517420228E+0002  4.93388838800087543E-0001  0.006758  0.987281   227.2   50.4  41.125   2009.007  2454834.9464   283.1421    0.000        3
 2.87338329590620334E+0000  6.56611775671831919E-0001  7.21960717093694986E+0001  2.83393013040217069E+0002  1.76670183434348262E+0002  4.77840623951859112E-0001  0.008173  0.987242   227.2   50.4  41.123   2009.006  2454834.8653   283.1421    0.000        3
 2.87291881198263516E+0000  6.56556645724627485E-0001  7.21938793452055980E+0001  2.83393026383005530E+0002  1.76666986824343057E+0002  4.59161671573462856E-0001  0.010056  0.987198   227.2   50.4  41.121   2009.006  2454834.7699   283.1421    0.000        3
 2.87245874487249186E+0000  6.56501879235926830E-0001  7.21921415343201291E+0001  2.83393041268217955E+0002  1.76664884139144197E+0002  4.36128809765493907E-0001  0.012518  0.987147   227.2   50.4  41.119   2009.006  2454834.6540   283.1421    0.000        3
 2.87204652907011222E+0000  6.56452722916798507E-0001  7.21907991885053848E+0001  2.83393056821101002E+0002  1.76663527714185266E+0002  4.07872101266512520E-0001  0.015644  0.987088   227.2   50.4  41.118   2009.006  2454834.5129   283.1421    0.000        3
 2.87168887602186371E+0000  6.56410022630676961E-0001  7.21897519228892985E+0001  2.83393072849963333E+0002  1.76662640112347701E+0002  3.72528445491844456E-0001  0.019639  0.987021   227.2   50.4  41.115   2009.005  2454834.3373   283.1421    0.000        3
 2.87138881770149365E+0000  6.56374167805851996E-0001  7.21889407400908432E+0001  2.83393089023445163E+0002  1.76662062255667425E+0002  3.28407011537666497E-0001  0.024692  0.986946   227.2   50.4  41.112   2009.004  2454834.1187   283.1421    0.000        3
